job started at Mon Apr 6 17:27:55 EDT 2020
0	A	1	16	292	1	3	291
1	A	2	10	580	2	3	579
2	C	3	12	336	3	5	303
3	A	4	14	348	4	7	347
4	C	1	14	182	1	13	201
5	D	2	10	713	2	3	822
6	C	3	12	553	3	5	598
7	B	4	14	27	4	7	4
8	D	1	14	50	1	13	461
9	B	2	10	306	2	3	301
10	D	3	12	86	3	5	425
11	C	4	14	686	4	7	721
12	D	1	14	428	1	13	83
13	C	2	10	817	2	3	846
14	D	3	12	19	3	5	492
15	B	4	14	331	4	7	340
16	C	1	14	347	1	13	292
17	D	2	10	850	2	3	685
18	C	3	12	255	3	5	128
19	A	4	14	669	4	7	666
20	B	1	14	787	1	13	780
21	D	2	14	253	2	9	258
22	C	3	2	122	3	15	5
23	B	4	6	591	4	9	592
24	A	1	4	922	1	1	925
25	C	2	14	93	2	9	34
26	A	3	2	280	3	15	287
27	D	4	6	218	4	9	293
28	B	1	4	957	1	1	930
29	B	2	14	657	2	9	654
30	D	3	2	653	3	15	882
31	C	4	6	433	4	9	462
32	B	1	4	661	1	1	650
33	A	2	14	5	2	9	2
34	C	3	2	47	3	15	80
35	D	4	6	797	4	9	738
36	B	1	4	222	1	1	193
37	D	2	14	898	2	9	637
38	A	3	2	499	3	15	500
39	C	4	6	322	4	9	317
40	D	1	4	955	1	1	580
41	B	2	4	509	2	5	482
42	C	3	16	699	3	11	708
43	D	4	12	74	4	13	437
44	C	1	6	39	1	7	88
45	A	2	4	250	2	5	253
46	A	3	16	987	3	11	988
47	D	4	12	595	4	13	940
48	A	1	6	123	1	7	124
49	B	2	4	733	2	5	706
50	B	3	16	990	3	11	961
51	A	4	12	511	4	13	504
52	A	1	6	325	1	7	322
53	D	2	4	305	2	5	206
54	C	3	16	36	3	11	91
55	C	4	12	352	4	13	287
56	C	1	6	398	1	7	497
57	A	2	4	945	2	5	950
58	A	3	16	547	3	11	548
59	A	4	12	631	4	13	624
60	B	1	6	648	1	7	663
61	A	2	12	318	2	15	313
62	B	3	14	304	3	1	303
63	D	4	4	293	4	11	218
64	B	1	10	816	1	3	815
65	D	2	12	853	2	15	682
66	C	3	14	160	3	1	223
67	D	4	4	124	4	11	387
68	C	1	10	937	1	3	982
69	D	2	12	314	2	15	197
70	A	3	14	676	3	1	675
71	B	4	4	423	4	11	440
72	A	1	10	706	1	3	709
73	C	2	12	397	2	15	498
74	B	3	14	961	3	1	990
75	A	4	4	236	4	11	235
76	A	1	10	940	1	3	939
77	D	2	12	387	2	15	124
78	A	3	14	662	3	1	657
79	A	4	4	965	4	11	962
80	D	1	10	799	1	3	736
81	B	2	2	579	2	11	604
82	A	3	8	134	3	3	129
83	C	4	16	884	4	5	779
84	B	1	2	812	1	5	819
85	A	2	2	586	2	11	589
86	A	3	8	688	3	3	695
87	C	4	16	22	4	5	105
88	C	1	2	685	1	5	722
89	D	2	2	900	2	11	635
90	D	3	8	353	3	3	158
91	B	4	16	151	4	5	136
92	C	1	2	63	1	5	64
93	D	2	2	919	2	11	616
94	D	3	8	446	3	3	65
95	C	4	16	684	4	5	723
96	C	1	2	895	1	5	768
97	A	2	2	552	2	11	559
98	B	3	8	609	3	3	638
99	C	4	16	488	4	5	407
100	C	1	2	1021	1	5	898
101	C	2	8	211	2	1	172
102	C	3	4	959	3	13	960
103	B	4	8	740	4	3	763
104	B	1	14	637	1	1	610
105	C	2	8	950	2	1	969
106	D	3	4	897	3	13	638
107	D	4	8	498	4	3	13
108	B	1	14	984	1	1	967
109	A	2	8	951	2	1	944
110	A	3	4	319	3	13	312
111	A	4	8	75	4	3	76
112	B	1	14	20	1	1	11
113	A	2	8	54	2	1	49
114	D	3	4	958	3	13	577
115	D	4	8	627	4	3	908
116	B	1	14	131	1	1	156
117	D	2	8	472	2	1	39
118	B	3	4	810	3	13	821
119	A	4	8	633	4	3	638
120	A	1	14	590	1	1	585
121	C	2	6	5	2	7	122
122	C	3	10	88	3	5	39
123	A	4	2	471	4	1	464
124	A	1	8	240	1	15	247
125	D	2	6	555	2	7	980
126	A	3	10	484	3	5	483
127	C	4	2	227	4	1	156
128	C	1	8	854	1	15	809
129	A	2	6	707	2	7	708
130	A	3	10	200	3	5	207
131	D	4	2	39	4	1	472
132	A	1	8	243	1	15	244
133	A	2	6	380	2	7	379
134	A	3	10	140	3	5	139
135	C	4	2	350	4	1	289
136	D	1	8	464	1	15	47
137	D	2	6	328	2	7	183
138	D	3	10	194	3	5	317
139	B	4	2	704	4	1	735
140	A	1	8	122	1	15	125
141	A	2	10	313	2	3	318
142	D	3	12	326	3	7	185
143	A	4	10	367	4	9	360
144	B	1	16	109	1	13	114
145	A	2	10	386	2	3	389
146	B	3	12	536	3	7	519
147	C	4	10	23	4	9	104
148	C	1	16	308	1	13	331
149	B	2	10	807	2	3	824
150	A	3	12	603	3	7	604
151	B	4	10	640	4	9	671
152	B	1	16	96	1	13	127
153	D	2	10	68	2	3	443
154	C	3	12	575	3	7	576
155	D	4	10	463	4	9	48
156	B	1	16	378	1	13	357
157	D	2	10	754	2	3	781
158	D	3	12	1023	3	7	512
159	A	4	10	788	4	9	787
160	D	1	16	677	1	13	858
161	D	2	16	507	2	13	4
162	C	3	6	647	3	9	760
163	A	4	12	1007	4	7	1000
164	C	1	12	774	1	11	889
165	C	2	16	169	2	13	214
166	A	3	6	206	3	9	201
167	D	4	12	222	4	7	289
168	A	1	12	595	1	11	596
169	D	2	16	109	2	13	402
170	D	3	6	739	3	9	796
171	B	4	12	687	4	7	688
172	D	1	12	593	1	11	942
173	A	2	16	847	2	13	840
174	A	3	6	699	3	9	700
175	B	4	12	481	4	7	510
176	D	1	12	573	1	11	962
177	C	2	16	679	2	13	728
178	D	3	6	247	3	9	264
179	A	4	12	686	4	7	681
180	D	1	12	345	1	11	166
181	D	2	14	381	2	9	130
182	A	3	2	218	3	15	221
183	C	4	6	392	4	13	503
184	D	1	4	964	1	9	571
185	D	2	14	1015	2	9	520
186	D	3	2	99	3	15	412
187	A	4	6	508	4	13	507
188	D	1	4	89	1	9	422
189	A	2	14	723	2	9	724
190	D	3	2	127	3	15	384
191	B	4	6	353	4	13	382
192	C	1	4	599	1	9	552
193	B	2	14	266	2	9	277
194	D	3	2	72	3	15	439
195	D	4	6	977	4	13	558
196	B	1	4	755	1	9	748
197	B	2	14	156	2	9	131
198	B	3	2	173	3	15	178
199	B	4	6	973	4	13	978
200	B	1	4	562	1	9	557
201	B	2	4	276	2	5	267
202	C	3	16	238	3	11	145
203	D	4	14	707	4	15	828
204	A	1	6	89	1	7	94
205	B	2	4	642	2	5	669
206	C	3	16	363	3	11	276
207	D	4	14	831	4	15	704
208	C	1	6	182	1	7	201
209	C	2	4	52	2	5	75
210	C	3	16	461	3	11	434
211	C	4	14	665	4	15	742
212	D	1	6	760	1	7	775
213	D	2	4	619	2	5	916
214	C	3	16	241	3	11	142
215	C	4	14	433	4	15	462
216	D	1	6	569	1	7	966
217	D	2	4	1003	2	5	532
218	A	3	16	554	3	11	557
219	A	4	14	122	4	15	125
220	B	1	6	273	1	7	270
221	D	2	12	160	2	15	351
222	C	3	14	865	3	1	798
223	D	4	4	410	4	11	101
224	B	1	2	814	1	11	817
225	D	2	12	379	2	15	132
226	A	3	14	145	3	1	150
227	B	4	4	602	4	11	581
228	C	1	2	91	1	11	36
229	A	2	12	238	2	15	233
230	D	3	14	932	3	1	603
231	D	4	4	335	4	11	176
232	A	1	2	7	1	11	0
233	A	2	12	189	2	15	186
234	D	3	14	911	3	1	624
235	A	4	4	629	4	11	626
236	A	1	2	253	1	11	250
237	A	2	12	613	2	15	610
238	B	3	14	413	3	1	386
239	A	4	4	482	4	11	485
240	A	1	2	440	1	11	447
241	C	2	6	919	2	11	1000
242	A	3	8	679	3	9	672
243	B	4	8	909	4	3	914
244	A	1	8	476	1	13	475
245	A	2	6	632	2	11	639
246	C	3	8	731	3	9	676
247	A	4	8	728	4	3	735
248	B	1	8	215	1	13	200
249	B	2	6	648	2	11	663
250	A	3	8	2	3	9	5
251	D	4	8	620	4	3	915
252	A	1	8	915	1	13	916
253	D	2	6	35	2	11	476
254	C	3	8	145	3	9	238
255	A	4	8	491	4	3	492
256	A	1	8	972	1	13	971
257	B	2	6	276	2	11	267
258	B	3	8	906	3	9	917
259	B	4	8	906	4	3	917
260	D	1	8	146	1	13	365
261	D	2	8	184	2	1	327
262	D	3	4	831	3	5	704
263	B	4	16	695	4	5	680
264	C	1	10	938	1	5	981
265	C	2	8	120	2	1	7
266	B	3	4	850	3	5	845
267	A	4	16	153	4	5	158
268	D	1	10	292	1	5	219
269	C	2	8	792	2	1	871
270	B	3	4	303	3	5	304
271	D	4	16	633	4	5	902
272	A	1	10	937	1	5	942
273	A	2	8	452	2	1	451
274	C	3	4	623	3	5	528
275	D	4	16	114	4	5	397
276	A	1	10	614	1	5	609
277	D	2	8	544	2	1	991
278	B	3	4	689	3	5	686
279	B	4	16	397	4	5	402
280	B	1	10	730	1	5	709
281	D	2	2	189	2	7	322
282	A	3	6	676	3	7	675
283	B	4	2	249	4	1	230
284	A	1	14	436	1	3	435
285	B	2	2	441	2	7	422
286	D	3	6	647	3	7	888
287	A	4	2	919	4	1	912
288	D	1	14	290	1	3	221
289	C	2	2	161	2	7	222
290	C	3	6	197	3	7	186
291	D	4	2	364	4	1	147
292	A	1	14	62	1	3	57
293	D	2	2	716	2	7	819
294	A	3	6	483	3	7	484
295	A	4	2	605	4	1	602
296	C	1	14	244	1	3	139
297	D	2	2	727	2	7	808
298	A	3	6	815	3	7	808
299	A	4	2	257	4	1	262
300	C	1	14	783	1	3	880
301	C	2	10	959	2	13	960
302	C	3	12	606	3	3	545
303	D	4	10	993	4	15	542
304	A	1	12	22	1	7	17
305	A	2	10	169	2	13	174
306	D	3	12	995	3	3	540
307	B	4	10	898	4	15	925
308	B	1	12	985	1	7	966
309	C	2	10	135	2	13	248
310	D	3	12	1001	3	3	534
311	A	4	10	518	4	15	513
312	B	1	12	307	1	7	300
313	C	2	10	10	2	13	117
314	A	3	12	746	3	3	749
315	A	4	10	859	4	15	860
316	D	1	12	974	1	7	561
317	C	2	10	307	2	13	332
318	B	3	12	159	3	3	128
319	B	4	10	527	4	15	528
320	B	1	12	204	1	7	211
321	A	2	16	11	2	3	12
322	C	3	10	932	3	13	987
323	A	4	12	955	4	13	956
324	A	1	16	927	1	15	920
325	C	2	16	880	2	3	783
326	C	3	10	59	3	13	68
327	C	4	12	811	4	13	852
328	C	1	16	147	1	15	236
329	D	2	16	729	2	3	806
330	D	3	10	149	3	13	362
331	B	4	12	862	4	13	833
332	A	1	16	682	1	15	685
333	D	2	16	293	2	3	218
334	B	3	10	935	3	13	952
335	D	4	12	64	4	13	447
336	D	1	16	242	1	15	269
337	A	2	16	975	2	3	968
338	C	3	10	315	3	13	324
339	B	4	12	887	4	13	872
340	D	1	16	365	1	15	146
341	C	2	14	729	2	9	678
342	C	3	2	15	3	15	112
343	B	4	6	658	4	9	653
344	A	1	6	366	1	9	361
345	D	2	14	13	2	9	498
346	A	3	2	770	3	15	773
347	A	4	6	298	4	9	301
348	C	1	6	2	1	9	125
349	C	2	14	667	2	9	740
350	B	3	2	973	3	15	978
351	D	4	6	393	4	9	118
352	C	1	6	180	1	9	203
353	B	2	14	145	2	9	142
354	A	3	2	299	3	15	300
355	C	4	6	678	4	9	729
356	D	1	6	204	1	9	307
357	A	2	14	807	2	9	800
358	C	3	2	722	3	15	685
359	C	4	6	745	4	9	662
360	C	1	6	296	1	9	343
361	D	2	4	697	2	5	838
362	D	3	16	110	3	11	401
363	D	4	14	898	4	7	637
364	B	1	4	526	1	1	529
365	C	2	4	705	2	5	702
366	D	3	16	951	3	11	584
367	C	4	14	1015	4	7	904
368	D	1	4	848	1	1	687
369	A	2	4	907	2	5	908
370	A	3	16	584	3	11	591
371	A	4	14	563	4	7	564
372	D	1	4	809	1	1	726
373	A	2	4	531	2	5	532
374	A	3	16	176	3	11	183
375	A	4	14	629	4	7	626
376	D	1	4	332	1	1	179
377	B	2	4	703	2	5	672
378	C	3	16	171	3	11	212
379	C	4	14	92	4	7	35
380	D	1	4	403	1	1	108
381	B	2	12	331	2	15	340
382	A	3	14	13	3	1	10
383	B	4	4	73	4	11	86
384	D	1	8	15	1	15	496
385	A	2	12	635	2	15	636
386	C	3	14	139	3	1	244
387	D	4	4	707	4	11	828
388	B	1	8	940	1	15	947
389	D	2	12	294	2	15	217
390	A	3	14	687	3	1	680
391	B	4	4	185	4	11	166
392	A	1	8	987	1	15	988
393	A	2	12	324	2	15	323
394	A	3	14	647	3	1	640
395	B	4	4	555	4	11	564
396	B	1	8	966	1	15	985
397	D	2	12	428	2	15	83
398	D	3	14	989	3	1	546
399	D	4	4	666	4	11	869
400	B	1	8	782	1	15	785
401	A	2	6	448	2	7	455
402	B	3	8	854	3	13	841
403	B	4	8	750	4	5	753
404	D	1	2	307	1	11	204
405	C	2	6	46	2	7	81
406	B	3	8	625	3	13	622
407	C	4	8	544	4	5	607
408	C	1	2	341	1	11	298
409	C	2	6	299	2	7	340
410	A	3	8	104	3	13	111
411	D	4	8	129	4	5	382
412	D	1	2	615	1	11	920
413	D	2	6	465	2	7	46
414	C	3	8	767	3	13	640
415	B	4	8	450	4	5	477
416	B	1	2	583	1	11	600
417	B	2	6	555	2	7	564
418	C	3	8	600	3	13	551
419	C	4	8	488	4	5	407
420	A	1	2	840	1	11	847
421	D	2	8	948	2	13	587
422	D	3	4	354	3	5	157
423	B	4	2	753	4	15	750
424	B	1	16	934	1	7	953
425	B	2	8	478	2	13	449
426	A	3	4	886	3	5	881
427	A	4	2	290	4	15	293
428	A	1	16	793	1	7	798
429	A	2	8	686	2	13	681
430	D	3	4	334	3	5	177
431	D	4	2	840	4	15	695
432	A	1	16	660	1	7	659
433	A	2	8	91	2	13	92
434	B	3	4	382	3	5	353
435	A	4	2	772	4	15	771
436	C	1	16	419	1	7	476
437	B	2	8	95	2	13	64
438	A	3	4	639	3	5	632
439	B	4	2	87	4	15	72
440	C	1	16	650	1	7	757
441	D	2	2	220	2	1	291
442	B	3	12	333	3	15	338
443	D	4	16	161	4	3	350
444	C	1	10	854	1	3	809
445	C	2	2	609	2	1	542
446	D	3	12	661	3	15	874
447	C	4	16	882	4	3	781
448	D	1	10	761	1	3	774
449	B	2	2	276	2	1	267
450	B	3	12	168	3	15	183
451	A	4	16	383	4	3	376
452	D	1	10	805	1	3	730
453	B	2	2	349	2	1	322
454	B	3	12	134	3	15	153
455	D	4	16	807	4	3	728
456	B	1	10	804	1	3	827
457	B	2	2	409	2	1	390
458	A	3	12	957	3	15	954
459	A	4	16	918	4	3	913
460	A	1	10	897	1	3	902
461	B	2	16	658	2	9	653
462	C	3	6	504	3	9	391
463	B	4	10	718	4	9	721
464	D	1	12	547	1	13	988
465	C	2	16	466	2	9	429
466	D	3	6	585	3	9	950
467	B	4	10	151	4	9	136
468	B	1	12	72	1	13	87
469	B	2	16	274	2	9	269
470	B	3	6	300	3	9	307
471	A	4	10	26	4	9	29
472	D	1	12	787	1	13	748
473	D	2	16	29	2	9	482
474	C	3	6	26	3	9	101
475	A	4	10	354	4	9	357
476	D	1	12	258	1	13	253
477	A	2	16	664	2	9	671
478	D	3	6	243	3	9	268
479	B	4	10	815	4	9	816
480	C	1	12	767	1	13	640
481	A	2	10	703	2	11	696
482	C	3	10	674	3	3	733
483	B	4	6	889	4	13	870
484	D	1	14	261	1	5	250
485	C	2	10	823	2	11	840
486	B	3	10	121	3	3	102
487	C	4	6	361	4	13	278
488	D	1	14	982	1	5	553
489	A	2	10	84	2	11	83
490	D	3	10	658	3	3	877
491	A	4	6	422	4	13	417
492	D	1	14	796	1	5	739
493	D	2	10	689	2	11	846
494	D	3	10	595	3	3	940
495	D	4	6	763	4	13	772
496	D	1	14	689	1	5	846
497	C	2	10	63	2	11	64
498	D	3	10	426	3	3	85
499	A	4	6	963	4	13	964
500	D	1	14	978	1	5	557
501	A	2	14	229	2	5	226
502	A	3	16	765	3	11	762
503	D	4	12	872	4	1	663
504	A	1	4	658	1	9	661
505	D	2	14	704	2	5	831
506	B	3	16	697	3	11	678
507	B	4	12	915	4	1	908
508	A	1	4	954	1	9	957
509	B	2	14	259	2	5	284
510	B	3	16	916	3	11	907
511	A	4	12	862	4	1	857
512	B	1	4	434	1	9	429
513	D	2	14	990	2	5	545
514	C	3	16	289	3	11	350
515	A	4	12	646	4	1	641
516	C	1	4	496	1	9	399
517	B	2	14	54	2	5	41
518	D	3	16	843	3	11	692
519	D	4	12	465	4	1	46
520	A	1	4	680	1	9	687
521	C	2	4	795	2	3	868
522	B	3	2	660	3	7	651
523	C	4	14	855	4	7	808
524	A	1	6	141	1	1	138
525	D	2	4	161	2	3	350
526	A	3	2	375	3	7	368
527	A	4	14	713	4	7	718
528	B	1	6	934	1	1	953
529	C	2	4	169	2	3	214
530	C	3	2	684	3	7	723
531	D	4	14	576	4	7	959
532	D	1	6	732	1	1	803
533	C	2	4	761	2	3	646
534	C	3	2	240	3	7	143
535	B	4	14	285	4	7	258
536	C	1	6	772	1	1	891
537	D	2	4	594	2	3	941
538	C	3	2	68	3	7	59
539	A	4	14	485	4	7	482
540	B	1	6	349	1	1	322
541	B	2	6	382	2	1	353
542	C	3	14	830	3	1	833
543	A	4	8	482	4	3	485
544	A	1	8	683	1	11	684
545	A	2	6	199	2	1	192
546	B	3	14	188	3	1	163
547	B	4	8	954	4	3	933
548	A	1	8	412	1	11	411
549	B	2	6	94	2	1	65
550	B	3	14	635	3	1	612
551	A	4	8	887	4	3	880
552	A	1	8	879	1	11	872
553	A	2	6	803	2	1	804
554	D	3	14	212	3	1	299
555	A	4	8	467	4	3	468
556	B	1	8	169	1	11	182
557	A	2	6	723	2	1	724
558	B	3	14	15	3	1	16
559	B	4	8	679	4	3	696
560	B	1	8	830	1	11	801
561	C	2	12	599	2	7	552
562	B	3	8	885	3	5	874
563	A	4	16	104	4	1	111
564	B	1	2	50	1	15	45
565	A	2	12	58	2	7	61
566	A	3	8	40	3	5	47
567	C	4	16	926	4	1	993
568	A	1	2	146	1	15	149
569	A	2	12	177	2	7	182
570	C	3	8	888	3	5	775
571	A	4	16	445	4	1	442
572	A	1	2	456	1	15	463
573	D	2	12	250	2	7	261
574	A	3	8	775	3	5	768
575	B	4	16	595	4	1	588
576	D	1	2	338	1	15	173
577	A	2	12	941	2	7	938
578	B	3	8	346	3	5	325
579	B	4	16	311	4	1	296
580	C	1	2	635	1	15	516
581	B	2	16	552	2	5	567
582	A	3	4	902	3	13	897
583	C	4	4	576	4	11	575
584	B	1	16	639	1	3	608
585	A	2	16	115	2	5	116
586	D	3	4	26	3	13	485
587	C	4	4	402	4	11	493
588	C	1	16	697	1	3	710
589	B	2	16	476	2	5	451
590	C	3	4	802	3	13	861
591	C	4	4	105	4	11	22
592	A	1	16	381	1	3	378
593	B	2	16	368	2	5	367
594	A	3	4	391	3	13	384
595	B	4	4	127	4	11	96
596	D	1	16	672	1	3	863
597	A	2	16	460	2	5	459
598	D	3	4	992	3	13	543
599	C	4	4	861	4	11	802
600	C	1	16	782	1	3	881
601	C	2	2	841	2	13	822
602	C	3	12	430	3	9	465
603	D	4	2	438	4	5	73
604	C	1	10	919	1	5	1000
605	D	2	2	446	2	13	65
606	B	3	12	288	3	9	319
607	C	4	2	409	4	5	486
608	D	1	10	947	1	5	588
609	B	2	2	621	2	13	626
610	D	3	12	876	3	9	659
611	C	4	2	653	4	5	754
612	D	1	10	348	1	5	163
613	B	2	2	880	2	13	879
614	D	3	12	935	3	9	600
615	B	4	2	937	4	5	950
616	A	1	10	331	1	5	332
617	C	2	2	475	2	13	420
618	A	3	12	316	3	9	315
619	B	4	2	800	4	5	831
620	C	1	10	252	1	5	131
621	A	2	10	654	2	9	649
622	D	3	6	807	3	3	728
623	C	4	10	178	4	15	205
624	C	1	12	435	1	13	460
625	B	2	10	95	2	9	64
626	B	3	6	264	3	3	279
627	D	4	10	1001	4	15	534
628	D	1	12	85	1	13	426
629	A	2	10	476	2	9	475
630	A	3	6	184	3	3	191
631	B	4	10	414	4	15	385
632	B	1	12	245	1	13	234
633	D	2	10	601	2	9	934
634	D	3	6	815	3	3	720
635	D	4	10	139	4	15	372
636	A	1	12	699	1	13	700
637	C	2	10	485	2	9	410
638	A	3	6	513	3	3	518
639	A	4	10	301	4	15	298
640	B	1	12	657	1	13	654
641	D	2	8	454	2	15	57
642	B	3	2	650	3	1	661
643	C	4	6	658	4	9	749
644	B	1	14	865	1	9	894
645	C	2	8	328	2	15	311
646	C	3	2	31	3	1	96
647	A	4	6	625	4	9	630
648	A	1	14	82	1	9	85
649	C	2	8	558	2	15	593
650	B	3	2	979	3	1	972
651	B	4	6	617	4	9	630
652	B	1	14	4	1	9	27
653	D	2	8	182	2	15	329
654	B	3	2	185	3	1	166
655	B	4	6	260	4	9	283
656	A	1	14	320	1	9	327
657	C	2	8	828	2	15	835
658	C	3	2	982	3	1	937
659	D	4	6	725	4	9	810
660	C	1	14	111	1	9	16
661	B	2	4	203	2	1	212
662	D	3	10	260	3	7	251
663	D	4	12	216	4	13	295
664	A	1	4	903	1	1	896
665	C	2	4	739	2	1	668
666	B	3	10	815	3	7	816
667	C	4	12	834	4	13	829
668	C	1	4	56	1	1	71
669	A	2	4	935	2	1	928
670	A	3	10	43	3	7	44
671	B	4	12	326	4	13	345
672	C	1	4	119	1	1	8
673	A	2	4	908	2	1	907
674	D	3	10	63	3	7	448
675	D	4	12	875	4	13	660
676	B	1	4	606	1	1	577
677	B	2	4	727	2	1	712
678	A	3	10	587	3	7	588
679	A	4	12	191	4	13	184
680	D	1	4	227	1	1	284
681	D	2	14	77	2	11	434
682	D	3	14	916	3	11	619
683	C	4	14	755	4	7	652
684	A	1	8	590	1	11	585
685	D	2	14	810	2	11	725
686	C	3	14	196	3	11	187
687	C	4	14	213	4	7	170
688	B	1	8	10	1	11	21
689	D	2	14	899	2	11	636
690	B	3	14	689	3	11	686
691	B	4	14	645	4	7	666
692	A	1	8	945	1	11	950
693	C	2	14	11	2	11	116
694	D	3	14	824	3	11	711
695	C	4	14	981	4	7	938
696	D	1	8	316	1	11	195
697	D	2	14	541	2	11	994
698	C	3	14	705	3	11	702
699	B	4	14	253	4	7	226
700	D	1	8	191	1	11	320
701	A	2	6	755	2	7	756
702	D	3	16	365	3	15	146
703	A	4	8	175	4	11	168
704	D	1	6	949	1	7	586
705	C	2	6	502	2	7	393
706	C	3	16	186	3	15	197
707	A	4	8	153	4	11	158
708	C	1	6	363	1	7	276
709	A	2	6	757	2	7	754
710	D	3	16	600	3	15	935
711	B	4	8	304	4	11	303
712	D	1	6	548	1	7	987
713	A	2	6	816	2	7	823
714	D	3	16	378	3	15	133
715	C	4	8	934	4	11	985
716	D	1	6	439	1	7	72
717	D	2	6	660	2	7	875
718	C	3	16	987	3	15	932
719	C	4	8	216	4	11	167
720	A	1	6	918	1	7	913
721	C	2	16	1015	2	15	904
722	B	3	8	848	3	5	847
723	A	4	4	657	4	1	662
724	B	1	2	651	1	15	660
725	A	2	16	807	2	15	800
726	D	3	8	672	3	5	863
727	B	4	4	542	4	1	513
728	A	1	2	357	1	15	354
729	D	2	16	805	2	15	730
730	C	3	8	788	3	5	875
731	A	4	4	122	4	1	125
732	B	1	2	31	1	15	0
733	C	2	16	613	2	15	538
734	D	3	8	1020	3	5	515
735	C	4	4	803	4	1	860
736	D	1	2	721	1	15	814
737	B	2	16	478	2	15	449
738	A	3	8	908	3	5	907
739	C	4	4	1021	4	1	898
740	C	1	2	765	1	15	642
741	C	2	12	249	2	3	134
742	A	3	12	960	3	3	967
743	D	4	16	694	4	3	841
744	A	1	10	422	1	5	417
745	D	2	12	154	2	3	357
746	B	3	12	648	3	3	663
747	B	4	16	201	4	3	214
748	A	1	10	335	1	5	328
749	A	2	12	348	2	3	347
750	A	3	12	966	3	3	961
751	D	4	16	302	4	3	209
752	D	1	10	416	1	5	95
753	B	2	12	793	2	3	774
754	D	3	12	442	3	3	69
755	C	4	16	950	4	3	969
756	B	1	10	855	1	5	840
757	D	2	12	121	2	3	390
758	D	3	12	74	3	3	437
759	D	4	16	626	4	3	909
760	C	1	10	223	1	5	160
761	A	2	8	229	2	11	226
762	D	3	4	250	3	13	261
763	D	4	10	206	4	15	305
764	C	1	16	458	1	3	437
765	A	2	8	673	2	11	678
766	A	3	4	361	3	13	366
767	B	4	10	193	4	15	222
768	D	1	16	59	1	3	452
769	A	2	8	620	2	11	619
770	C	3	4	345	3	13	294
771	B	4	10	449	4	15	478
772	A	1	16	837	1	3	834
773	A	2	8	907	2	11	908
774	D	3	4	252	3	13	259
775	C	4	10	756	4	15	651
776	D	1	16	773	1	3	762
777	C	2	8	966	2	11	953
778	D	3	4	739	3	13	796
779	B	4	10	223	4	15	192
780	C	1	16	223	1	3	160
781	B	2	10	612	2	5	635
782	C	3	6	588	3	9	563
783	C	4	2	334	4	5	305
784	C	1	12	142	1	13	241
785	D	2	10	883	2	5	652
786	A	3	6	701	3	9	698
787	D	4	2	698	4	5	837
788	B	1	12	980	1	13	971
789	D	2	10	74	2	5	437
790	D	3	6	442	3	9	69
791	A	4	2	578	4	5	581
792	B	1	12	278	1	13	265
793	B	2	10	818	2	5	813
794	C	3	6	888	3	9	775
795	C	4	2	521	4	5	630
796	C	1	12	15	1	13	112
797	C	2	10	359	2	5	280
798	D	3	6	216	3	9	295
799	B	4	2	21	4	5	10
800	C	1	12	520	1	13	631
801	D	2	2	761	2	13	774
802	B	3	10	360	3	11	375
803	D	4	6	192	4	9	319
804	D	1	14	736	1	1	799
805	B	2	2	437	2	13	426
806	C	3	10	1020	3	11	899
807	D	4	6	406	4	9	105
808	A	1	14	800	1	1	807
809	C	2	2	69	2	13	58
810	C	3	10	999	3	11	920
811	B	4	6	230	4	9	249
812	B	1	14	614	1	1	633
813	C	2	2	818	2	13	845
814	A	3	10	530	3	11	533
815	C	4	6	344	4	9	295
816	C	1	14	204	1	1	179
817	D	2	2	389	2	13	122
818	B	3	10	685	3	11	690
819	B	4	6	445	4	9	418
820	B	1	14	766	1	1	737
821	B	2	4	851	2	7	844
822	D	3	2	427	3	7	84
823	B	4	12	978	4	13	973
824	C	1	4	717	1	7	690
825	C	2	4	1015	2	7	904
826	C	3	2	195	3	7	188
827	C	4	12	613	4	13	538
828	B	1	4	719	1	7	720
829	A	2	4	201	2	7	206
830	B	3	2	644	3	7	667
831	C	4	12	146	4	13	237
832	A	1	4	57	1	7	62
833	B	2	4	557	2	7	562
834	D	3	2	172	3	7	339
835	D	4	12	321	4	13	190
836	A	1	4	4	1	7	3
837	B	2	4	889	2	7	870
838	C	3	2	1	3	7	126
839	B	4	12	733	4	13	706
840	C	1	4	16	1	7	111
841	D	2	14	363	2	9	148
842	B	3	8	18	3	5	13
843	C	4	14	716	4	7	691
844	C	1	8	271	1	9	368
845	D	2	14	107	2	9	404
846	C	3	8	931	3	5	988
847	C	4	14	37	4	7	90
848	D	1	8	251	1	9	260
849	B	2	14	517	2	9	538
850	C	3	8	670	3	5	737
851	B	4	14	477	4	7	450
852	A	1	8	522	1	9	525
853	C	2	14	572	2	9	579
854	A	3	8	675	3	5	676
855	C	4	14	285	4	7	354
856	D	1	8	335	1	9	176
857	D	2	14	31	2	9	480
858	A	3	8	420	3	5	419
859	C	4	14	252	4	7	131
860	D	1	8	968	1	9	567
861	D	2	16	813	2	15	722
862	A	3	14	509	3	15	506
863	D	4	8	709	4	11	826
864	A	1	6	121	1	11	126
865	A	2	16	514	2	15	517
866	C	3	14	4	3	15	123
867	C	4	8	62	4	11	65
868	D	1	6	869	1	11	666
869	A	2	16	71	2	15	64
870	D	3	14	496	3	15	15
871	D	4	8	588	4	11	947
872	C	1	6	159	1	11	224
873	C	2	16	209	2	15	174
874	C	3	14	490	3	15	405
875	A	4	8	101	4	11	98
876	D	1	6	313	1	11	198
877	B	2	16	1016	2	15	999
878	C	3	14	724	3	15	683
879	B	4	8	244	4	11	235
880	C	1	6	352	1	11	287
881	D	2	6	982	2	1	553
882	A	3	16	358	3	1	353
883	C	4	4	643	4	15	764
884	D	1	2	766	1	15	769
885	D	2	6	325	2	1	186
886	D	3	16	367	3	1	144
887	A	4	4	395	4	15	396
888	B	1	2	439	1	15	424
889	C	2	6	454	2	1	441
890	D	3	16	661	3	1	874
891	B	4	4	694	4	15	681
892	C	1	2	619	1	15	532
893	B	2	6	378	2	1	357
894	B	3	16	39	3	1	56
895	B	4	4	865	4	15	894
896	A	1	2	527	1	15	520
897	D	2	6	223	2	1	288
898	D	3	16	391	3	1	120
899	C	4	4	401	4	15	494
900	A	1	2	302	1	15	297
901	B	2	10	71	2	5	88
902	B	3	12	944	3	13	943
903	B	4	2	744	4	13	759
904	A	1	10	987	1	5	988
905	C	2	10	461	2	5	434
906	B	3	12	229	3	13	250
907	B	4	2	181	4	13	170
908	B	1	10	265	1	5	278
909	B	2	10	241	2	5	238
910	D	3	12	272	3	13	239
911	C	4	2	961	4	13	958
912	A	1	10	629	1	5	626
913	A	2	10	116	2	5	115
914	A	3	12	193	3	13	198
915	B	4	2	619	4	13	628
916	B	1	10	674	1	5	701
917	A	2	10	966	2	5	961
918	A	3	12	534	3	13	529
919	A	4	2	320	4	13	327
920	C	1	10	685	1	5	722
921	B	2	4	58	2	7	37
922	A	3	4	479	3	9	472
923	D	4	16	591	4	3	944
924	A	1	16	626	1	13	629
925	B	2	4	849	2	7	846
926	B	3	4	602	3	9	581
927	B	4	16	62	4	3	33
928	C	1	16	1013	1	13	906
929	B	2	4	590	2	7	593
930	C	3	4	761	3	9	646
931	B	4	16	571	4	3	548
932	A	1	16	277	1	13	274
933	A	2	4	620	2	7	619
934	A	3	4	745	3	9	750
935	D	4	16	583	4	3	952
936	B	1	16	457	1	13	470
937	A	2	4	26	2	7	29
938	D	3	4	213	3	9	298
939	D	4	16	809	4	3	726
940	A	1	16	229	1	13	226
941	A	2	2	251	2	11	252
942	B	3	10	772	3	11	795
943	C	4	10	966	4	5	953
944	C	1	14	1017	1	1	902
945	D	2	2	246	2	11	265
946	C	3	10	31	3	11	96
947	D	4	10	726	4	5	809
948	A	1	14	396	1	1	395
949	B	2	2	438	2	11	425
950	A	3	10	539	3	11	540
951	C	4	10	434	4	5	461
952	B	1	14	711	1	1	728
953	A	2	2	952	2	11	959
954	D	3	10	29	3	11	482
955	A	4	10	33	4	5	38
956	B	1	14	484	1	1	507
957	B	2	2	790	2	11	777
958	B	3	10	535	3	11	520
959	A	4	10	716	4	5	715
960	D	1	14	673	1	1	862
961	D	2	12	74	2	3	437
962	B	3	6	653	3	3	658
963	B	4	6	561	4	9	558
964	D	1	12	47	1	3	464
965	D	2	12	98	2	3	413
966	C	3	6	627	3	3	524
967	D	4	6	345	4	9	166
968	D	1	12	591	1	3	944
969	C	2	12	486	2	3	409
970	D	3	6	436	3	3	75
971	C	4	6	540	4	9	611
972	A	1	12	944	1	3	951
973	D	2	12	879	2	3	656
974	C	3	6	406	3	3	489
975	B	4	6	636	4	9	611
976	B	1	12	201	1	3	214
977	A	2	12	301	2	3	298
978	B	3	6	956	3	3	931
979	B	4	6	183	4	9	168
980	D	1	12	804	1	3	731
981	D	2	8	263	2	13	248
982	B	3	2	804	3	7	827
983	C	4	14	262	4	7	377
984	D	1	4	193	1	9	318
985	C	2	8	938	2	13	981
986	C	3	2	410	3	7	485
987	D	4	14	607	4	7	928
988	B	1	4	684	1	9	691
989	B	2	8	786	2	13	781
990	B	3	2	918	3	7	905
991	C	4	14	546	4	7	605
992	A	1	4	731	1	9	732
993	C	2	8	369	2	13	270
994	C	3	2	990	3	7	929
995	A	4	14	876	4	7	875
996	B	1	4	283	1	9	260
997	A	2	8	682	2	13	685
998	C	3	2	621	3	7	530
999	B	4	14	787	4	7	780
1000	C	1	4	837	1	9	826
1001	B	2	14	69	2	1	90
1002	A	3	16	713	3	13	718
1003	D	4	12	645	4	1	890
1004	B	1	6	485	1	15	506
1005	C	2	14	1003	2	1	916
1006	A	3	16	46	3	13	41
1007	C	4	12	607	4	1	544
1008	D	1	6	991	1	15	544
1009	C	2	14	300	2	1	339
1010	B	3	16	648	3	13	663
1011	D	4	12	33	4	1	478
1012	A	1	6	843	1	15	844
1013	B	2	14	145	2	1	142
1014	C	3	16	925	3	13	994
1015	D	4	12	278	4	1	233
1016	B	1	6	941	1	15	946
1017	D	2	14	646	2	1	889
1018	B	3	16	887	3	13	872
1019	D	4	12	773	4	1	762
1020	D	1	6	272	1	15	239
1021	B	2	16	261	2	3	282
1022	A	3	8	978	3	15	981
1023	C	4	8	115	4	11	12
1024	B	1	10	551	1	13	568
1025	B	2	16	746	2	3	757
1026	C	3	8	510	3	15	385
1027	D	4	8	590	4	11	945
1028	D	1	10	183	1	13	328
1029	B	2	16	752	2	3	751
1030	C	3	8	429	3	15	466
1031	C	4	8	632	4	11	519
1032	A	1	10	101	1	13	98
1033	C	2	16	562	2	3	589
1034	D	3	8	947	3	15	588
1035	D	4	8	777	4	11	758
1036	A	1	10	321	1	13	326
1037	C	2	16	455	2	3	440
1038	D	3	8	370	3	15	141
1039	A	4	8	416	4	11	423
1040	B	1	10	881	1	13	878
1041	B	2	2	943	2	7	944
1042	B	3	14	100	3	1	123
1043	D	4	2	409	4	5	102
1044	C	1	2	964	1	11	955
1045	B	2	2	141	2	7	146
1046	D	3	14	246	3	1	265
1047	B	4	2	496	4	5	495
1048	C	1	2	690	1	11	717
1049	A	2	2	94	2	7	89
1050	C	3	14	763	3	1	644
1051	A	4	2	202	4	5	205
1052	D	1	2	70	1	11	441
1053	C	2	2	1	2	7	126
1054	A	3	14	173	3	1	170
1055	B	4	2	150	4	5	137
1056	D	1	2	298	1	11	213
1057	A	2	2	840	2	7	847
1058	D	3	14	464	3	1	47
1059	B	4	2	681	4	5	694
1060	B	1	2	202	1	11	213
1061	C	2	4	456	2	5	439
1062	A	3	4	530	3	3	533
1063	B	4	4	735	4	15	704
1064	D	1	8	600	1	7	935
1065	A	2	4	995	2	5	996
1066	A	3	4	117	3	3	114
1067	C	4	4	423	4	15	472
1068	C	1	8	452	1	7	443
1069	C	2	4	163	2	5	220
1070	B	3	4	295	3	3	312
1071	D	4	4	996	4	15	539
1072	C	1	8	223	1	7	160
1073	A	2	4	985	2	5	990
1074	D	3	4	619	3	3	916
1075	C	4	4	160	4	15	223
1076	C	1	8	878	1	7	785
1077	B	2	4	557	2	5	562
1078	B	3	4	891	3	3	868
1079	A	4	4	120	4	15	127
1080	D	1	8	344	1	7	167
1081	D	2	6	772	2	9	763
1082	C	3	12	145	3	5	238
1083	D	4	10	760	4	9	775
1084	C	1	14	139	1	3	244
1085	D	2	6	50	2	9	461
1086	D	3	12	605	3	5	930
1087	B	4	10	948	4	9	939
1088	D	1	14	26	1	3	485
1089	D	2	6	820	2	9	715
1090	C	3	12	42	3	5	85
1091	B	4	10	104	4	9	119
1092	B	1	14	72	1	3	87
1093	D	2	6	59	2	9	452
1094	D	3	12	901	3	5	634
1095	B	4	10	943	4	9	944
1096	B	1	14	179	1	3	172
1097	B	2	6	813	2	9	818
1098	B	3	12	325	3	5	346
1099	D	4	10	1001	4	9	534
1100	A	1	14	540	1	3	539
1101	D	2	10	239	2	15	272
1102	B	3	6	800	3	11	831
1103	D	4	16	65	4	3	446
1104	C	1	16	393	1	5	502
1105	D	2	10	293	2	15	218
1106	C	3	6	746	3	11	661
1107	C	4	16	950	4	3	969
1108	D	1	16	718	1	5	817
1109	D	2	10	934	2	15	601
1110	D	3	6	652	3	11	883
1111	D	4	16	813	4	3	722
1112	A	1	16	404	1	5	403
1113	A	2	10	181	2	15	178
1114	B	3	6	956	3	11	931
1115	C	4	16	578	4	3	573
1116	A	1	16	21	1	5	18
1117	A	2	10	525	2	15	522
1118	B	3	6	247	3	11	232
1119	B	4	16	750	4	3	753
1120	C	1	16	850	1	5	813
1121	C	2	8	872	2	11	791
1122	D	3	10	867	3	9	668
1123	A	4	6	107	4	13	108
1124	B	1	12	921	1	1	902
1125	A	2	8	183	2	11	176
1126	D	3	10	576	3	9	959
1127	D	4	6	984	4	13	551
1128	D	1	12	277	1	1	234
1129	B	2	8	287	2	11	256
1130	A	3	10	3	3	9	4
1131	C	4	6	183	4	13	200
1132	B	1	12	32	1	1	63
1133	C	2	8	220	2	11	163
1134	C	3	10	19	3	9	108
1135	B	4	6	917	4	13	906
1136	A	1	12	680	1	1	687
1137	C	2	8	56	2	11	71
1138	B	3	10	249	3	9	230
1139	D	4	6	793	4	13	742
1140	D	1	12	136	1	1	375
1141	C	2	12	687	2	13	720
1142	C	3	2	160	3	7	223
1143	A	4	14	575	4	1	568
1144	B	1	4	203	1	9	212
1145	C	2	12	438	2	13	457
1146	C	3	2	416	3	7	479
1147	D	4	14	616	4	1	919
1148	D	1	4	418	1	9	93
1149	A	2	12	29	2	13	26
1150	B	3	2	5	3	7	26
1151	B	4	14	568	4	1	551
1152	B	1	4	339	1	9	332
1153	C	2	12	432	2	13	463
1154	A	3	2	343	3	7	336
1155	C	4	14	618	4	1	533
1156	D	1	4	410	1	9	101
1157	C	2	12	626	2	13	525
1158	C	3	2	18	3	7	109
1159	D	4	14	716	4	1	819
1160	B	1	4	858	1	9	837
1161	A	2	14	908	2	3	907
1162	A	3	16	601	3	15	606
1163	B	4	12	837	4	7	858
1164	A	1	10	447	1	3	440
1165	C	2	14	1011	2	3	908
1166	B	3	16	785	3	15	782
1167	B	4	12	268	4	7	275
1168	A	1	10	953	1	3	958
1169	A	2	14	488	2	3	495
1170	B	3	16	391	3	15	408
1171	A	4	12	21	4	7	18
1172	A	1	10	567	1	3	560
1173	A	2	14	356	2	3	355
1174	D	3	16	6	3	15	505
1175	C	4	12	574	4	7	577
1176	A	1	10	31	1	3	24
1177	A	2	14	233	2	3	238
1178	D	3	16	351	3	15	160
1179	A	4	12	847	4	7	840
1180	B	1	10	917	1	3	906
1181	C	2	16	189	2	9	194
1182	A	3	4	857	3	3	862
1183	A	4	8	174	4	11	169
1184	A	1	6	48	1	7	55
1185	D	2	16	823	2	9	712
1186	A	3	4	773	3	3	770
1187	B	4	8	487	4	11	504
1188	A	1	6	210	1	7	213
1189	A	2	16	722	2	9	725
1190	B	3	4	171	3	3	180
1191	B	4	8	727	4	11	712
1192	D	1	6	888	1	7	647
1193	B	2	16	494	2	9	497
1194	A	3	4	11	3	3	12
1195	B	4	8	449	4	11	478
1196	B	1	6	607	1	7	576
1197	A	2	16	332	2	9	331
1198	B	3	4	314	3	3	293
1199	C	4	8	493	4	11	402
1200	D	1	6	95	1	7	416
1201	B	2	4	10	2	5	21
1202	A	3	8	873	3	13	878
1203	B	4	2	742	4	15	761
1204	A	1	2	272	1	15	279
1205	B	2	4	587	2	5	596
1206	A	3	8	588	3	13	587
1207	A	4	2	604	4	15	603
1208	D	1	2	676	1	15	859
1209	D	2	4	45	2	5	466
1210	D	3	8	304	3	13	207
1211	B	4	2	345	4	15	326
1212	D	1	2	761	1	15	774
1213	A	2	4	434	2	5	437
1214	A	3	8	810	3	13	813
1215	D	4	2	286	4	15	225
1216	B	1	2	805	1	15	826
1217	C	2	4	1008	2	5	911
1218	D	3	8	889	3	13	646
1219	A	4	2	658	4	15	661
1220	B	1	2	430	1	15	433
1221	A	2	2	443	2	1	444
1222	D	3	14	708	3	1	827
1223	A	4	4	192	4	3	199
1224	D	1	8	352	1	13	159
1225	C	2	2	742	2	1	665
1226	D	3	14	641	3	1	894
1227	B	4	4	154	4	3	133
1228	B	1	8	408	1	13	391
1229	A	2	2	970	2	1	973
1230	B	3	14	346	3	1	325
1231	D	4	4	24	4	3	487
1232	B	1	8	819	1	13	812
1233	D	2	2	836	2	1	699
1234	B	3	14	191	3	1	160
1235	B	4	4	131	4	3	156
1236	D	1	8	869	1	13	666
1237	C	2	2	13	2	1	114
1238	C	3	14	155	3	1	228
1239	B	4	4	447	4	3	416
1240	C	1	8	114	1	13	13
1241	C	2	6	694	2	15	713
1242	B	3	6	50	3	9	45
1243	C	4	10	404	4	9	491
1244	B	1	12	848	1	9	847
1245	B	2	6	619	2	15	628
1246	C	3	6	186	3	9	197
1247	C	4	10	744	4	9	663
1248	A	1	12	380	1	9	379
1249	B	2	6	241	2	15	238
1250	B	3	6	362	3	9	373
1251	B	4	10	359	4	9	376
1252	B	1	12	88	1	9	71
1253	A	2	6	369	2	15	374
1254	D	3	6	758	3	9	777
1255	A	4	10	663	4	9	656
1256	D	1	12	885	1	9	650
1257	D	2	6	438	2	15	73
1258	A	3	6	681	3	9	686
1259	B	4	10	819	4	9	812
1260	A	1	12	427	1	9	428
1261	A	2	8	597	2	11	594
1262	D	3	12	97	3	5	414
1263	D	4	6	231	4	13	280
1264	D	1	14	348	1	5	163
1265	B	2	8	113	2	11	110
1266	B	3	12	516	3	5	539
1267	C	4	6	202	4	13	181
1268	A	1	14	320	1	5	327
1269	B	2	8	803	2	11	828
1270	D	3	12	365	3	5	146
1271	C	4	6	166	4	13	217
1272	C	1	14	661	1	5	746
1273	C	2	8	69	2	11	58
1274	C	3	12	124	3	5	3
1275	B	4	6	931	4	13	956
1276	D	1	14	746	1	5	789
1277	C	2	8	570	2	11	581
1278	D	3	12	697	3	5	838
1279	D	4	6	198	4	13	313
1280	A	1	14	276	1	5	275
1281	C	2	10	126	2	13	1
1282	A	3	10	930	3	7	933
1283	C	4	16	1006	4	5	913
1284	D	1	16	935	1	11	600
1285	B	2	10	607	2	13	576
1286	B	3	10	515	3	7	540
1287	C	4	16	689	4	5	718
1288	C	1	16	781	1	11	882
1289	D	2	10	151	2	13	360
1290	B	3	10	269	3	7	274
1291	C	4	16	326	4	5	313
1292	D	1	16	997	1	11	538
1293	A	2	10	139	2	13	140
1294	B	3	10	635	3	7	612
1295	D	4	16	543	4	5	992
1296	D	1	16	844	1	11	691
1297	B	2	10	177	2	13	174
1298	D	3	10	869	3	7	666
1299	D	4	16	664	4	5	871
1300	C	1	16	56	1	11	71
1301	D	2	12	128	2	7	383
1302	D	3	2	317	3	11	194
1303	B	4	14	138	4	7	149
1304	C	1	4	703	1	1	704
1305	A	2	12	466	2	7	469
1306	C	3	2	808	3	11	855
1307	D	4	14	155	4	7	356
1308	D	1	4	747	1	1	788
1309	C	2	12	727	2	7	680
1310	C	3	2	37	3	11	90
1311	B	4	14	20	4	7	11
1312	D	1	4	401	1	1	110
1313	C	2	12	365	2	7	274
1314	B	3	2	621	3	11	626
1315	D	4	14	132	4	7	379
1316	C	1	4	103	1	1	24
1317	D	2	12	638	2	7	897
1318	B	3	2	277	3	11	266
1319	B	4	14	338	4	7	333
1320	C	1	4	208	1	1	175
1321	D	2	14	600	2	3	935
1322	C	3	16	967	3	13	952
1323	D	4	12	675	4	1	860
1324	A	1	6	335	1	3	328
1325	A	2	14	643	2	3	644
1326	A	3	16	731	3	13	732
1327	C	4	12	989	4	1	930
1328	C	1	6	410	1	3	485
1329	C	2	14	402	2	3	493
1330	C	3	16	830	3	13	833
1331	C	4	12	120	4	1	7
1332	A	1	6	833	1	3	838
1333	A	2	14	494	2	3	489
1334	B	3	16	576	3	13	607
1335	C	4	12	364	4	1	275
1336	A	1	6	191	1	3	184
1337	A	2	14	559	2	3	552
1338	A	3	16	540	3	13	539
1339	B	4	12	171	4	1	180
1340	D	1	6	371	1	3	140
1341	D	2	16	765	2	9	770
1342	A	3	4	637	3	15	634
1343	A	4	2	338	4	3	341
1344	B	1	2	325	1	15	346
1345	C	2	16	686	2	9	721
1346	D	3	4	206	3	15	305
1347	A	4	2	854	4	3	849
1348	C	1	2	614	1	15	537
1349	C	2	16	82	2	9	45
1350	B	3	4	530	3	15	525
1351	C	4	2	467	4	3	428
1352	B	1	2	517	1	15	538
1353	A	2	16	938	2	9	941
1354	D	3	4	986	3	15	549
1355	C	4	2	397	4	3	498
1356	C	1	2	118	1	15	9
1357	C	2	16	87	2	9	40
1358	B	3	4	206	3	15	209
1359	B	4	2	552	4	3	567
1360	A	1	2	645	1	15	642
1361	B	2	8	901	2	7	922
1362	B	3	8	194	3	5	221
1363	D	4	8	838	4	11	697
1364	A	1	8	414	1	5	409
1365	A	2	8	994	2	7	997
1366	A	3	8	701	3	5	698
1367	A	4	8	523	4	11	524
1368	D	1	8	399	1	5	112
1369	C	2	8	777	2	7	886
1370	A	3	8	541	3	5	538
1371	D	4	8	949	4	11	586
1372	B	1	8	638	1	5	609
1373	B	2	8	503	2	7	488
1374	C	3	8	858	3	5	805
1375	A	4	8	993	4	11	998
1376	A	1	8	972	1	5	971
1377	C	2	8	114	2	7	13
1378	A	3	8	966	3	5	961
1379	D	4	8	243	4	11	268
1380	B	1	8	613	1	5	634
1381	A	2	6	102	2	15	97
1382	B	3	14	144	3	3	143
1383	D	4	10	559	4	9	976
1384	D	1	10	757	1	7	778
1385	C	2	6	591	2	15	560
1386	B	3	14	813	3	3	818
1387	C	4	10	958	4	9	961
1388	D	1	10	791	1	7	744
1389	D	2	6	591	2	15	944
1390	C	3	14	637	3	3	514
1391	C	4	10	853	4	9	810
1392	D	1	10	431	1	7	80
1393	B	2	6	274	2	15	269
1394	C	3	14	101	3	3	26
1395	B	4	10	570	4	9	549
1396	D	1	10	349	1	7	162
1397	D	2	6	281	2	15	230
1398	B	3	14	685	3	3	690
1399	B	4	10	971	4	9	980
1400	A	1	10	739	1	7	740
1401	A	2	4	528	2	1	535
1402	D	3	12	340	3	7	171
1403	C	4	4	1000	4	15	919
1404	A	1	12	683	1	13	684
1405	D	2	4	951	2	1	584
1406	A	3	12	328	3	7	335
1407	C	4	4	45	4	15	82
1408	C	1	12	968	1	13	951
1409	D	2	4	89	2	1	422
1410	A	3	12	549	3	7	546
1411	C	4	4	242	4	15	141
1412	A	1	12	5	1	13	2
1413	D	2	4	352	2	1	159
1414	A	3	12	696	3	7	703
1415	C	4	4	407	4	15	488
1416	B	1	12	639	1	13	608
1417	D	2	4	957	2	1	578
1418	A	3	12	303	3	7	296
1419	D	4	4	599	4	15	936
1420	D	1	12	898	1	13	637
1421	A	2	10	216	2	13	223
1422	A	3	10	225	3	11	230
1423	B	4	16	915	4	7	908
1424	A	1	16	225	1	9	230
1425	C	2	10	273	2	13	366
1426	B	3	10	788	3	11	779
1427	D	4	16	860	4	7	675
1428	B	1	16	159	1	9	128
1429	D	2	10	786	2	13	749
1430	C	3	10	935	3	11	984
1431	A	4	16	612	4	7	611
1432	A	1	16	767	1	9	760
1433	D	2	10	896	2	13	639
1434	C	3	10	828	3	11	835
1435	B	4	16	512	4	7	543
1436	A	1	16	704	1	9	711
1437	A	2	10	502	2	13	497
1438	A	3	10	211	3	11	212
1439	A	4	16	719	4	7	712
1440	C	1	16	498	1	9	397
1441	C	2	2	224	2	5	159
1442	C	3	6	262	3	1	377
1443	A	4	14	595	4	1	596
1444	B	1	14	193	1	11	222
1445	D	2	2	576	2	5	959
1446	D	3	6	919	3	1	616
1447	B	4	14	956	4	1	931
1448	B	1	14	80	1	11	79
1449	C	2	2	870	2	5	793
1450	C	3	6	621	3	1	530
1451	A	4	14	923	4	1	924
1452	D	1	14	451	1	11	60
1453	D	2	2	898	2	5	637
1454	C	3	6	398	3	1	497
1455	C	4	14	542	4	1	609
1456	C	1	14	606	1	11	545
1457	A	2	2	246	2	5	241
1458	C	3	6	644	3	1	763
1459	C	4	14	559	4	1	592
1460	C	1	14	847	1	11	816
1461	D	2	14	654	2	3	881
1462	A	3	16	356	3	13	355
1463	B	4	6	393	4	5	406
1464	A	1	2	468	1	15	467
1465	A	2	14	157	2	3	154
1466	B	3	16	495	3	13	496
1467	A	4	6	555	4	5	556
1468	B	1	2	920	1	15	903
1469	B	2	14	302	2	3	305
1470	C	3	16	663	3	13	744
1471	D	4	6	200	4	5	311
1472	B	1	2	487	1	15	504
1473	B	2	14	405	2	3	394
1474	C	3	16	893	3	13	770
1475	C	4	6	44	4	5	83
1476	A	1	2	297	1	15	302
1477	D	2	14	10	2	3	501
1478	A	3	16	965	3	13	962
1479	C	4	6	944	4	5	975
1480	A	1	2	508	1	15	507
1481	A	2	16	527	2	5	520
1482	C	3	2	387	3	9	508
1483	D	4	12	174	4	13	337
1484	A	1	4	741	1	1	738
1485	B	2	16	182	2	5	169
1486	D	3	2	33	3	9	478
1487	A	4	12	16	4	13	23
1488	D	1	4	659	1	1	876
1489	B	2	16	459	2	5	468
1490	B	3	2	593	3	9	590
1491	D	4	12	992	4	13	543
1492	C	1	4	521	1	1	630
1493	A	2	16	109	2	5	106
1494	B	3	2	5	3	9	26
1495	D	4	12	839	4	13	696
1496	D	1	4	723	1	1	812
1497	A	2	16	133	2	5	130
1498	D	3	2	297	3	9	214
1499	A	4	12	316	4	13	315
1500	A	1	4	980	1	1	979
1501	D	2	12	262	2	11	249
1502	A	3	8	491	3	5	492
1503	D	4	2	837	4	11	698
1504	B	1	8	32	1	13	63
1505	D	2	12	475	2	11	36
1506	A	3	8	624	3	5	631
1507	A	4	2	828	4	11	827
1508	B	1	8	786	1	13	781
1509	A	2	12	426	2	11	429
1510	A	3	8	477	3	5	474
1511	A	4	2	737	4	11	742
1512	B	1	8	351	1	13	320
1513	D	2	12	896	2	11	639
1514	C	3	8	887	3	5	776
1515	C	4	2	257	4	11	382
1516	A	1	8	582	1	13	577
1517	D	2	12	350	2	11	161
1518	C	3	8	28	3	5	99
1519	A	4	2	527	4	11	520
1520	B	1	8	515	1	13	540
1521	D	2	8	759	2	9	776
1522	A	3	4	418	3	15	421
1523	B	4	8	35	4	3	60
1524	B	1	6	367	1	7	368
1525	A	2	8	555	2	9	556
1526	B	3	4	520	3	15	535
1527	B	4	8	892	4	3	867
1528	B	1	6	149	1	7	138
1529	B	2	8	305	2	9	302
1530	C	3	4	807	3	15	856
1531	D	4	8	269	4	3	242
1532	D	1	6	477	1	7	34
1533	C	2	8	971	2	9	948
1534	D	3	4	276	3	15	235
1535	D	4	8	576	4	3	959
1536	C	1	6	554	1	7	597
1537	D	2	8	799	2	9	736
1538	B	3	4	916	3	15	907
1539	C	4	8	980	4	3	939
1540	B	1	6	148	1	7	139
1541	C	2	4	441	2	13	454
1542	D	3	14	189	3	3	322
1543	A	4	4	436	4	9	435
1544	C	1	10	133	1	5	250
1545	A	2	4	530	2	13	533
1546	D	3	14	949	3	3	586
1547	A	4	4	920	4	9	927
1548	B	1	10	580	1	5	603
1549	C	2	4	213	2	13	170
1550	A	3	14	317	3	3	314
1551	B	4	4	659	4	9	652
1552	A	1	10	362	1	5	365
1553	C	2	4	968	2	13	951
1554	A	3	14	334	3	3	329
1555	C	4	4	749	4	9	658
1556	D	1	10	538	1	5	997
1557	B	2	4	262	2	13	281
1558	B	3	14	947	3	3	940
1559	D	4	4	126	4	9	385
1560	A	1	10	626	1	5	629
1561	B	2	6	760	2	1	743
1562	A	3	12	277	3	1	274
1563	C	4	10	307	4	15	332
1564	D	1	12	257	1	3	254
1565	D	2	6	494	2	1	17
1566	C	3	12	946	3	1	973
1567	D	4	10	309	4	15	202
1568	A	1	12	55	1	3	48
1569	D	2	6	649	2	1	886
1570	A	3	12	559	3	1	552
1571	A	4	10	397	4	15	394
1572	C	1	12	979	1	3	940
1573	D	2	6	79	2	1	432
1574	A	3	12	208	3	1	215
1575	D	4	10	763	4	15	772
1576	D	1	12	438	1	3	73
1577	B	2	6	973	2	1	978
1578	D	3	12	93	3	1	418
1579	B	4	10	332	4	15	339
1580	D	1	12	86	1	3	425
1581	A	2	10	870	2	15	865
1582	A	3	10	735	3	9	728
1583	C	4	14	808	4	1	855
1584	D	1	16	89	1	11	422
1585	D	2	10	73	2	15	438
1586	B	3	10	357	3	9	378
1587	A	4	14	989	4	1	986
1588	C	1	16	303	1	11	336
1589	B	2	10	20	2	15	11
1590	A	3	10	420	3	9	419
1591	B	4	14	347	4	1	324
1592	A	1	16	460	1	11	459
1593	C	2	10	357	2	15	282
1594	C	3	10	779	3	9	884
1595	C	4	14	423	4	1	472
1596	D	1	16	905	1	11	630
1597	D	2	10	995	2	15	540
1598	B	3	10	1021	3	9	994
1599	A	4	14	342	4	1	337
1600	C	1	16	837	1	11	826
1601	C	2	2	831	2	7	832
1602	D	3	6	537	3	11	998
1603	B	4	16	453	4	5	474
1604	B	1	4	264	1	13	279
1605	D	2	2	655	2	7	880
1606	A	3	6	136	3	11	143
1607	A	4	16	187	4	5	188
1608	C	1	4	593	1	13	558
1609	A	2	2	685	2	7	682
1610	C	3	6	448	3	11	447
1611	C	4	16	298	4	5	341
1612	A	1	4	60	1	13	59
1613	D	2	2	401	2	7	110
1614	A	3	6	217	3	11	222
1615	D	4	16	489	4	5	22
1616	A	1	4	771	1	13	772
1617	D	2	2	29	2	7	482
1618	C	3	6	789	3	11	874
1619	D	4	16	848	4	5	687
1620	B	1	4	316	1	13	291
1621	B	2	12	335	2	5	336
1622	B	3	2	553	3	13	566
1623	C	4	6	629	4	13	522
1624	C	1	14	786	1	9	877
1625	A	2	12	560	2	5	567
1626	B	3	2	592	3	13	591
1627	B	4	6	429	4	13	434
1628	C	1	14	346	1	9	293
1629	B	2	12	365	2	5	370
1630	C	3	2	245	3	13	138
1631	A	4	6	845	4	13	842
1632	D	1	14	42	1	9	469
1633	D	2	12	478	2	5	33
1634	D	3	2	293	3	13	218
1635	C	4	6	450	4	13	445
1636	C	1	14	744	1	9	663
1637	A	2	12	783	2	5	776
1638	A	3	2	967	3	13	960
1639	D	4	6	271	4	13	240
1640	D	1	14	689	1	9	846
1641	C	2	14	866	2	11	797
1642	C	3	16	348	3	7	291
1643	B	4	12	355	4	7	380
1644	D	1	2	881	1	1	654
1645	A	2	14	614	2	11	609
1646	D	3	16	616	3	7	919
1647	C	4	12	482	4	7	413
1648	C	1	2	648	1	1	759
1649	A	2	14	348	2	11	347
1650	C	3	16	798	3	7	865
1651	D	4	12	322	4	7	189
1652	A	1	2	810	1	1	813
1653	D	2	14	400	2	11	111
1654	B	3	16	442	3	7	421
1655	B	4	12	413	4	7	386
1656	C	1	2	524	1	1	627
1657	B	2	14	83	2	11	76
1658	C	3	16	919	3	7	1000
1659	D	4	12	500	4	7	11
1660	A	1	2	933	1	1	930
1661	B	2	16	891	2	3	868
1662	A	3	8	605	3	5	602
1663	D	4	2	767	4	11	768
1664	C	1	8	472	1	15	423
1665	C	2	16	1013	2	3	906
1666	D	3	8	442	3	5	69
1667	A	4	2	756	4	11	755
1668	C	1	8	378	1	15	261
1669	D	2	16	503	2	3	8
1670	B	3	8	696	3	5	679
1671	C	4	2	677	4	11	730
1672	B	1	8	796	1	15	771
1673	C	2	16	442	2	3	453
1674	D	3	8	233	3	5	278
1675	A	4	2	745	4	11	750
1676	D	1	8	37	1	15	474
1677	C	2	16	985	2	3	934
1678	C	3	8	465	3	5	430
1679	D	4	2	59	4	11	452
1680	B	1	8	828	1	15	803
1681	A	2	6	313	2	7	318
1682	C	3	4	733	3	15	674
1683	C	4	8	3	4	3	124
1684	B	1	10	662	1	3	649
1685	B	2	6	842	2	7	853
1686	B	3	4	546	3	15	573
1687	C	4	8	485	4	3	410
1688	B	1	10	166	1	3	185
1689	B	2	6	455	2	7	472
1690	D	3	4	377	3	15	134
1691	C	4	8	146	4	3	237
1692	B	1	10	39	1	3	56
1693	A	2	6	321	2	7	326
1694	A	3	4	871	3	15	864
1695	C	4	8	326	4	3	313
1696	B	1	10	693	1	3	682
1697	A	2	6	860	2	7	859
1698	D	3	4	488	3	15	23
1699	A	4	8	994	4	3	997
1700	C	1	10	765	1	3	642
1701	A	2	4	499	2	13	500
1702	A	3	12	853	3	1	850
1703	B	4	4	703	4	15	672
1704	D	1	6	91	1	7	420
1705	A	2	4	404	2	13	403
1706	C	3	12	285	3	1	354
1707	C	4	4	170	4	15	213
1708	D	1	6	330	1	7	181
1709	B	2	4	918	2	13	905
1710	B	3	12	372	3	1	363
1711	A	4	4	224	4	15	231
1712	B	1	6	432	1	7	431
1713	C	2	4	438	2	13	457
1714	A	3	12	819	3	1	820
1715	C	4	4	8	4	15	119
1716	D	1	6	997	1	7	538
1717	D	2	4	599	2	13	936
1718	D	3	12	254	3	1	257
1719	A	4	4	109	4	15	106
1720	B	1	6	727	1	7	712
1721	A	2	8	566	2	9	561
1722	C	3	10	638	3	9	513
1723	B	4	10	345	4	9	326
1724	B	1	16	722	1	11	717
1725	C	2	8	711	2	9	696
1726	B	3	10	858	3	9	837
1727	D	4	10	308	4	9	203
1728	A	1	16	623	1	11	616
1729	D	2	8	78	2	9	433
1730	D	3	10	759	3	9	776
1731	B	4	10	121	4	9	102
1732	D	1	16	710	1	11	825
1733	A	2	8	921	2	9	926
1734	B	3	10	373	3	9	362
1735	B	4	10	176	4	9	175
1736	C	1	16	183	1	11	200
1737	D	2	8	1010	2	9	525
1738	A	3	10	130	3	9	133
1739	C	4	10	713	4	9	694
1740	A	1	16	788	1	11	787
1741	D	2	10	579	2	15	956
1742	D	3	14	479	3	3	32
1743	C	4	16	57	4	13	70
1744	A	1	4	622	1	1	617
1745	D	2	10	405	2	15	106
1746	B	3	14	38	3	3	57
1747	A	4	16	623	4	13	616
1748	A	1	4	837	1	1	834
1749	A	2	10	271	2	15	264
1750	C	3	14	489	3	3	406
1751	C	4	16	970	4	13	949
1752	B	1	4	123	1	1	100
1753	A	2	10	731	2	15	732
1754	C	3	14	529	3	3	622
1755	B	4	16	515	4	13	540
1756	D	1	4	330	1	1	181
1757	B	2	10	794	2	15	773
1758	D	3	14	970	3	3	565
1759	A	4	16	790	4	13	785
1760	C	1	4	355	1	1	284
1761	B	2	16	985	2	9	966
1762	A	3	6	883	3	7	884
1763	A	4	14	403	4	5	404
1764	C	1	12	726	1	5	681
1765	A	2	16	278	2	9	273
1766	A	3	6	901	3	7	898
1767	A	4	14	119	4	5	112
1768	A	1	12	310	1	5	305
1769	A	2	16	202	2	9	205
1770	A	3	6	8	3	7	15
1771	C	4	14	692	4	5	715
1772	D	1	12	774	1	5	761
1773	B	2	16	515	2	9	540
1774	B	3	6	781	3	7	786
1775	C	4	14	56	4	5	71
1776	C	1	12	542	1	5	609
1777	A	2	16	738	2	9	741
1778	A	3	6	511	3	7	504
1779	C	4	14	414	4	5	481
1780	D	1	12	876	1	5	659
1781	B	2	14	823	2	3	808
1782	B	3	16	628	3	13	619
1783	A	4	6	238	4	1	233
1784	C	1	14	675	1	9	732
1785	D	2	14	210	2	3	301
1786	C	3	16	357	3	13	282
1787	D	4	6	866	4	1	669
1788	D	1	14	618	1	9	917
1789	A	2	14	30	2	3	25
1790	B	3	16	717	3	13	722
1791	C	4	6	251	4	1	132
1792	A	1	14	248	1	9	255
1793	B	2	14	226	2	3	253
1794	C	3	16	462	3	13	433
1795	C	4	6	919	4	1	1000
1796	A	1	14	502	1	9	497
1797	D	2	14	969	2	3	566
1798	B	3	16	555	3	13	564
1799	C	4	6	327	4	1	312
1800	C	1	14	230	1	9	153
1801	C	2	2	720	2	1	687
1802	B	3	2	205	3	11	210
1803	A	4	12	625	4	7	630
1804	A	1	2	225	1	13	230
1805	D	2	2	767	2	1	768
1806	D	3	2	455	3	11	56
1807	D	4	12	925	4	7	610
1808	C	1	2	1000	1	13	919
1809	C	2	2	92	2	1	35
1810	C	3	2	871	3	11	792
1811	C	4	12	739	4	7	668
1812	C	1	2	780	1	13	883
1813	A	2	2	212	2	1	211
1814	D	3	2	718	3	11	817
1815	A	4	12	362	4	7	365
1816	D	1	2	74	1	13	437
1817	D	2	2	633	2	1	902
1818	D	3	2	571	3	11	964
1819	C	4	12	938	4	7	981
1820	A	1	2	267	1	13	268
1821	C	2	12	852	2	11	811
1822	A	3	4	25	3	9	30
1823	A	4	8	909	4	9	906
1824	D	1	8	294	1	7	217
1825	B	2	12	319	2	11	288
1826	A	3	4	864	3	9	871
1827	D	4	8	702	4	9	833
1828	B	1	8	947	1	7	940
1829	D	2	12	68	2	11	443
1830	C	3	4	442	3	9	453
1831	C	4	8	543	4	9	608
1832	D	1	8	637	1	7	898
1833	C	2	12	121	2	11	6
1834	B	3	4	160	3	9	191
1835	A	4	8	24	4	9	31
1836	B	1	8	353	1	7	382
1837	D	2	12	192	2	11	319
1838	A	3	4	148	3	9	147
1839	B	4	8	352	4	9	383
1840	A	1	8	361	1	7	366
1841	B	2	6	215	2	5	200
1842	B	3	8	868	3	5	891
1843	C	4	4	208	4	3	175
1844	C	1	10	579	1	15	572
1845	B	2	6	46	2	5	49
1846	C	3	8	863	3	5	800
1847	B	4	4	653	4	3	658
1848	A	1	10	724	1	15	723
1849	D	2	6	212	2	5	299
1850	A	3	8	251	3	5	252
1851	C	4	4	932	4	3	987
1852	C	1	10	456	1	15	439
1853	B	2	6	874	2	5	885
1854	D	3	8	577	3	5	958
1855	D	4	4	334	4	3	177
1856	A	1	10	474	1	15	477
1857	B	2	6	537	2	5	518
1858	A	3	8	758	3	5	753
1859	C	4	4	613	4	3	538
1860	C	1	10	0	1	15	127
1861	C	2	4	421	2	15	474
1862	A	3	12	97	3	1	102
1863	D	4	2	638	4	11	897
1864	B	1	6	358	1	3	377
1865	C	2	4	774	2	15	889
1866	A	3	12	430	3	1	425
1867	C	4	2	169	4	11	214
1868	D	1	6	864	1	3	671
1869	A	2	4	867	2	15	868
1870	C	3	12	926	3	1	993
1871	C	4	2	785	4	11	878
1872	D	1	6	157	1	3	354
1873	B	2	4	889	2	15	870
1874	B	3	12	72	3	1	87
1875	D	4	2	723	4	11	812
1876	A	1	6	508	1	3	507
1877	B	2	4	824	2	15	807
1878	A	3	12	544	3	1	551
1879	C	4	2	360	4	11	279
1880	B	1	6	848	1	3	847
1881	C	2	8	138	2	13	245
1882	B	3	14	182	3	7	169
1883	B	4	10	60	4	15	35
1884	B	1	12	336	1	13	335
1885	A	2	8	68	2	13	67
1886	B	3	14	187	3	7	164
1887	D	4	10	223	4	15	288
1888	A	1	12	375	1	13	368
1889	C	2	8	847	2	13	816
1890	D	3	14	965	3	7	570
1891	C	4	10	286	4	15	353
1892	A	1	12	501	1	13	498
1893	C	2	8	418	2	13	477
1894	A	3	14	675	3	7	676
1895	C	4	10	331	4	15	308
1896	B	1	12	754	1	13	749
1897	D	2	8	451	2	13	60
1898	B	3	14	751	3	7	752
1899	D	4	10	771	4	15	764
1900	A	1	12	424	1	13	431
1901	B	2	14	942	2	11	945
1902	D	3	10	963	3	15	572
1903	A	4	16	594	4	5	597
1904	B	1	16	464	1	5	463
1905	A	2	14	356	2	11	355
1906	B	3	10	375	3	15	360
1907	A	4	16	134	4	5	129
1908	A	1	16	806	1	5	801
1909	A	2	14	580	2	11	579
1910	C	3	10	718	3	15	689
1911	C	4	16	478	4	5	417
1912	D	1	16	815	1	5	720
1913	D	2	14	604	2	11	931
1914	A	3	10	503	3	15	496
1915	C	4	16	762	4	5	645
1916	C	1	16	815	1	5	848
1917	A	2	14	827	2	11	828
1918	D	3	10	592	3	15	943
1919	A	4	16	118	4	5	113
1920	A	1	16	63	1	5	56
1921	C	2	10	382	2	7	257
1922	C	3	6	286	3	3	353
1923	C	4	6	260	4	1	379
1924	D	1	4	231	1	11	280
1925	A	2	10	375	2	7	368
1926	D	3	6	461	3	3	50
1927	A	4	6	789	4	1	786
1928	A	1	4	925	1	11	922
1929	D	2	10	649	2	7	886
1930	C	3	6	79	3	3	48
1931	C	4	6	878	4	1	785
1932	B	1	4	546	1	11	573
1933	B	2	10	272	2	7	271
1934	C	3	6	780	3	3	883
1935	B	4	6	789	4	1	778
1936	D	1	4	759	1	11	776
1937	D	2	10	266	2	7	245
1938	A	3	6	449	3	3	454
1939	A	4	6	980	4	1	979
1940	D	1	4	364	1	11	147
1941	A	2	12	750	2	5	745
1942	B	3	16	378	3	13	357
1943	D	4	14	17	4	13	494
1944	A	1	14	409	1	9	414
1945	A	2	12	231	2	5	224
1946	D	3	16	33	3	13	478
1947	A	4	14	881	4	13	886
1948	D	1	14	961	1	9	574
1949	D	2	12	594	2	5	941
1950	C	3	16	394	3	13	501
1951	C	4	14	830	4	13	833
1952	D	1	14	297	1	9	214
1953	B	2	12	203	2	5	212
1954	B	3	16	382	3	13	353
1955	D	4	14	79	4	13	432
1956	A	1	14	878	1	9	873
1957	B	2	12	208	2	5	207
1958	C	3	16	796	3	13	867
1959	A	4	14	180	4	13	179
1960	A	1	14	290	1	9	293
1961	C	2	2	153	2	3	230
1962	B	3	4	616	3	1	631
1963	A	4	8	717	4	9	714
1964	B	1	6	621	1	5	626
1965	C	2	2	115	2	3	12
1966	B	3	4	509	3	1	482
1967	B	4	8	342	4	9	329
1968	B	1	6	884	1	5	875
1969	A	2	2	225	2	3	230
1970	A	3	4	174	3	1	169
1971	C	4	8	111	4	9	16
1972	C	1	6	923	1	5	996
1973	A	2	2	601	2	3	606
1974	B	3	4	809	3	1	822
1975	D	4	8	442	4	9	69
1976	A	1	6	937	1	5	942
1977	A	2	2	559	2	3	552
1978	C	3	4	782	3	1	881
1979	A	4	8	873	4	9	878
1980	B	1	6	4	1	5	27
1981	C	2	16	440	2	1	455
1982	A	3	8	175	3	9	168
1983	D	4	12	477	4	7	34
1984	B	1	8	247	1	7	232
1985	D	2	16	372	2	1	139
1986	C	3	8	925	3	9	994
1987	D	4	12	282	4	7	229
1988	D	1	8	237	1	7	274
1989	A	2	16	660	2	1	659
1990	B	3	8	172	3	9	179
1991	A	4	12	262	4	7	257
1992	C	1	8	536	1	7	615
1993	C	2	16	877	2	1	786
1994	B	3	8	868	3	9	891
1995	D	4	12	911	4	7	624
1996	B	1	8	603	1	7	580
1997	D	2	16	691	2	1	844
1998	C	3	8	842	3	9	821
1999	D	4	12	381	4	7	130
2000	B	1	8	871	1	7	888
2001	A	2	4	377	2	7	382
2002	A	3	2	801	3	11	806
2003	C	4	2	743	4	3	664
2004	D	1	2	698	1	1	837
2005	B	2	4	28	2	7	3
2006	D	3	2	842	3	11	693
2007	B	4	2	32	4	3	63
2008	C	1	2	518	1	1	633
2009	A	2	4	658	2	7	661
2010	D	3	2	20	3	11	491
2011	D	4	2	283	4	3	228
2012	B	1	2	120	1	1	103
2013	B	2	4	243	2	7	236
2014	B	3	2	667	3	11	644
2015	B	4	2	442	4	3	421
2016	A	1	2	381	1	1	378
2017	B	2	4	906	2	7	917
2018	D	3	2	757	3	11	778
2019	C	4	2	812	4	3	851
2020	D	1	2	94	1	1	417
2021	A	2	6	42	2	9	45
2022	C	3	12	819	3	5	844
2023	D	4	4	418	4	11	93
2024	D	1	10	225	1	15	286
2025	D	2	6	892	2	9	643
2026	A	3	12	262	3	5	257
2027	D	4	4	651	4	11	884
2028	A	1	10	403	1	15	404
2029	C	2	6	124	2	9	3
2030	A	3	12	725	3	5	722
2031	C	4	4	390	4	11	505
2032	C	1	10	276	1	15	363
2033	C	2	6	981	2	9	938
2034	D	3	12	557	3	5	978
2035	A	4	4	400	4	11	407
2036	D	1	10	803	1	15	732
2037	A	2	6	137	2	9	142
2038	D	3	12	283	3	5	228
2039	A	4	4	324	4	11	323
2040	A	1	10	855	1	15	848
2041	A	2	8	986	2	13	989
2042	D	3	14	1016	3	7	519
2043	D	4	10	370	4	15	141
2044	A	1	16	483	1	9	484
2045	D	2	8	139	2	13	372
2046	B	3	14	673	3	7	702
2047	B	4	10	172	4	15	179
2048	A	1	16	636	1	9	635
2049	B	2	8	901	2	13	922
2050	B	3	14	952	3	7	935
2051	D	4	10	75	4	15	436
2052	A	1	16	354	1	9	357
2053	C	2	8	789	2	13	874
2054	A	3	14	468	3	7	467
2055	B	4	10	432	4	15	431
2056	C	1	16	631	1	9	520
2057	A	2	8	495	2	13	488
2058	A	3	14	534	3	7	529
2059	C	4	10	483	4	15	412
2060	A	1	16	671	1	9	664
2061	B	2	12	122	2	5	101
2062	C	3	10	676	3	3	731
2063	D	4	16	973	4	5	562
2064	A	1	4	31	1	1	24
2065	C	2	12	324	2	5	315
2066	B	3	10	315	3	3	292
2067	D	4	16	199	4	5	312
2068	B	1	4	443	1	1	420
2069	A	2	12	42	2	5	45
2070	A	3	10	212	3	3	211
2071	C	4	16	797	4	5	866
2072	D	1	4	556	1	1	979
2073	B	2	12	85	2	5	74
2074	C	3	10	2	3	3	125
2075	B	4	16	286	4	5	257
2076	C	1	4	207	1	1	176
2077	B	2	12	932	2	5	955
2078	C	3	10	68	3	3	59
2079	A	4	16	456	4	5	463
2080	B	1	4	440	1	1	423
2081	B	2	14	703	2	15	672
2082	A	3	16	625	3	13	630
2083	A	4	8	611	4	7	612
2084	D	1	12	349	1	3	162
2085	C	2	14	389	2	15	506
2086	C	3	16	100	3	13	27
2087	B	4	8	640	4	7	671
2088	D	1	12	508	1	3	3
2089	A	2	14	992	2	15	999
2090	C	3	16	868	3	13	795
2091	B	4	8	663	4	7	648
2092	C	1	12	541	1	3	610
2093	D	2	14	664	2	15	871
2094	B	3	16	250	3	13	229
2095	C	4	8	192	4	7	191
2096	D	1	12	647	1	3	888
2097	D	2	14	65	2	15	446
2098	B	3	16	789	3	13	778
2099	B	4	8	980	4	7	971
2100	D	1	12	260	1	3	251
2101	D	2	10	258	2	1	253
2102	C	3	6	318	3	15	321
2103	B	4	6	761	4	1	742
2104	A	1	8	254	1	15	249
2105	B	2	10	518	2	1	537
2106	D	3	6	535	3	15	1000
2107	D	4	6	686	4	1	849
2108	B	1	8	150	1	15	137
2109	C	2	10	115	2	1	12
2110	D	3	6	138	3	15	373
2111	C	4	6	771	4	1	892
2112	A	1	8	162	1	15	165
2113	C	2	10	35	2	1	92
2114	B	3	6	336	3	15	335
2115	B	4	6	541	4	1	514
2116	B	1	8	34	1	15	61
2117	C	2	10	11	2	1	116
2118	A	3	6	468	3	15	467
2119	C	4	6	643	4	1	764
2120	C	1	8	937	1	15	982
2121	A	2	2	972	2	3	971
2122	A	3	8	637	3	1	634
2123	A	4	12	664	4	3	671
2124	C	1	14	947	1	13	972
2125	C	2	2	394	2	3	501
2126	A	3	8	995	3	1	996
2127	B	4	12	445	4	3	418
2128	D	1	14	935	1	13	600
2129	D	2	2	924	2	3	611
2130	B	3	8	571	3	1	548
2131	B	4	12	481	4	3	510
2132	A	1	14	125	1	13	122
2133	B	2	2	890	2	3	869
2134	C	3	8	99	3	1	28
2135	B	4	12	875	4	3	884
2136	A	1	14	202	1	13	205
2137	C	2	2	38	2	3	89
2138	C	3	8	475	3	1	420
2139	D	4	12	168	4	3	343
2140	D	1	14	470	1	13	41
2141	A	2	16	946	2	11	949
2142	A	3	4	908	3	11	907
2143	C	4	14	947	4	13	972
2144	D	1	6	434	1	11	77
2145	A	2	16	441	2	11	446
2146	C	3	4	126	3	11	1
2147	A	4	14	254	4	13	249
2148	D	1	6	387	1	11	124
2149	D	2	16	787	2	11	748
2150	D	3	4	959	3	11	576
2151	D	4	14	922	4	13	613
2152	C	1	6	652	1	11	755
2153	D	2	16	909	2	11	626
2154	B	3	4	534	3	11	521
2155	D	4	14	853	4	13	682
2156	B	1	6	581	1	11	602
2157	C	2	16	489	2	11	406
2158	D	3	4	297	3	11	214
2159	C	4	14	668	4	13	739
2160	C	1	6	215	1	11	168
2161	A	2	6	910	2	13	905
2162	A	3	2	612	3	5	611
2163	D	4	2	237	4	9	274
2164	A	1	10	355	1	5	356
2165	B	2	6	213	2	13	202
2166	B	3	2	284	3	5	259
2167	C	4	2	741	4	9	666
2168	B	1	10	848	1	5	847
2169	A	2	6	993	2	13	998
2170	A	3	2	456	3	5	463
2171	B	4	2	428	4	9	435
2172	C	1	10	23	1	5	104
2173	B	2	6	273	2	13	270
2174	D	3	2	139	3	5	372
2175	D	4	2	666	4	9	869
2176	B	1	10	118	1	5	105
2177	C	2	6	826	2	13	837
2178	B	3	2	3	3	5	28
2179	A	4	2	362	4	9	365
2180	D	1	10	152	1	5	359
2181	C	2	4	55	2	9	72
2182	B	3	14	733	3	3	706
2183	D	4	4	736	4	11	799
2184	D	1	2	710	1	7	825
2185	D	2	4	395	2	9	116
2186	D	3	14	424	3	3	87
2187	D	4	4	262	4	11	249
2188	A	1	2	423	1	7	416
2189	D	2	4	589	2	9	946
2190	A	3	14	938	3	3	941
2191	A	4	4	508	4	11	507
2192	D	1	2	34	1	7	477
2193	B	2	4	278	2	9	265
2194	B	3	14	948	3	3	939
2195	D	4	4	956	4	11	579
2196	D	1	2	16	1	7	495
2197	A	2	4	133	2	9	130
2198	B	3	14	517	3	3	538
2199	B	4	4	198	4	11	217
2200	A	1	2	695	1	7	688
2201	A	2	12	77	2	1	74
2202	D	3	12	817	3	9	718
2203	C	4	10	226	4	15	157
2204	B	1	4	901	1	13	922
2205	B	2	12	60	2	1	35
2206	D	3	12	291	3	9	220
2207	D	4	10	381	4	15	130
2208	A	1	4	775	1	13	768
2209	C	2	12	484	2	1	411
2210	B	3	12	478	3	9	449
2211	D	4	10	475	4	15	36
2212	C	1	4	5	1	13	122
2213	D	2	12	614	2	1	921
2214	D	3	12	779	3	9	756
2215	B	4	10	352	4	15	383
2216	B	1	4	311	1	13	296
2217	B	2	12	983	2	1	968
2218	A	3	12	911	3	9	904
2219	B	4	10	57	4	15	38
2220	A	1	4	449	1	13	454
2221	A	2	8	768	2	7	775
2222	B	3	10	372	3	7	363
2223	C	4	16	347	4	5	292
2224	A	1	16	988	1	3	987
2225	C	2	8	374	2	7	265
2226	C	3	10	127	3	7	0
2227	C	4	16	252	4	5	131
2228	C	1	16	815	1	3	848
2229	A	2	8	979	2	7	980
2230	C	3	10	109	3	7	18
2231	B	4	16	968	4	5	983
2232	C	1	16	849	1	3	814
2233	C	2	8	259	2	7	380
2234	A	3	10	309	3	7	306
2235	D	4	16	647	4	5	888
2236	D	1	16	691	1	3	844
2237	D	2	8	716	2	7	819
2238	C	3	10	830	3	7	833
2239	C	4	16	716	4	5	691
2240	B	1	16	914	1	3	909
2241	A	2	14	278	2	5	273
2242	A	3	8	645	3	9	642
2243	C	4	8	560	4	1	591
2244	B	1	8	635	1	11	612
2245	C	2	14	614	2	5	537
2246	A	3	8	328	3	9	335
2247	D	4	8	147	4	1	364
2248	A	1	8	309	1	11	306
2249	D	2	14	627	2	5	908
2250	B	3	8	252	3	9	227
2251	B	4	8	153	4	1	134
2252	A	1	8	813	1	11	810
2253	B	2	14	227	2	5	252
2254	A	3	8	379	3	9	380
2255	A	4	8	814	4	1	809
2256	A	1	8	296	1	11	303
2257	B	2	14	55	2	5	40
2258	B	3	8	619	3	9	628
2259	A	4	8	602	4	1	605
2260	D	1	8	721	1	11	814
2261	A	2	2	486	2	3	481
2262	B	3	16	203	3	15	212
2263	B	4	6	627	4	7	620
2264	A	1	2	197	1	3	194
2265	C	2	2	733	2	3	674
2266	C	3	16	208	3	15	175
2267	D	4	6	810	4	7	725
2268	A	1	2	532	1	3	531
2269	B	2	2	644	2	3	667
2270	D	3	16	375	3	15	136
2271	D	4	6	93	4	7	418
2272	B	1	2	798	1	3	769
2273	B	2	2	60	2	3	35
2274	C	3	16	666	3	15	741
2275	B	4	6	905	4	7	918
2276	A	1	2	178	1	3	181
2277	D	2	2	141	2	3	370
2278	A	3	16	871	3	15	864
2279	B	4	6	97	4	7	126
2280	B	1	2	719	1	3	720
2281	B	2	16	645	2	11	666
2282	A	3	4	113	3	11	118
2283	B	4	14	742	4	3	761
2284	D	1	12	257	1	1	254
2285	A	2	16	331	2	11	332
2286	D	3	4	886	3	11	649
2287	D	4	14	592	4	3	943
2288	A	1	12	572	1	1	571
2289	C	2	16	817	2	11	846
2290	B	3	4	684	3	11	691
2291	A	4	14	108	4	3	107
2292	D	1	12	779	1	1	756
2293	C	2	16	474	2	11	421
2294	A	3	4	399	3	11	392
2295	B	4	14	881	4	3	878
2296	A	1	12	421	1	1	418
2297	C	2	16	147	2	11	236
2298	C	3	4	639	3	11	512
2299	C	4	14	150	4	3	233
2300	A	1	12	712	1	1	719
2301	C	2	10	982	2	15	937
2302	C	3	6	62	3	13	65
2303	D	4	12	966	4	13	569
2304	D	1	10	798	1	7	737
2305	D	2	10	326	2	15	185
2306	A	3	6	286	3	13	281
2307	D	4	12	95	4	13	416
2308	B	1	10	149	1	7	138
2309	C	2	10	298	2	15	341
2310	C	3	6	698	3	13	709
2311	D	4	12	203	4	13	308
2312	A	1	10	129	1	7	134
2313	D	2	10	655	2	15	880
2314	D	3	6	76	3	13	435
2315	A	4	12	957	4	13	954
2316	A	1	10	344	1	7	351
2317	C	2	10	453	2	15	442
2318	B	3	6	841	3	13	854
2319	C	4	12	681	4	13	726
2320	B	1	10	147	1	7	140
2321	C	2	6	431	2	9	464
2322	A	3	14	35	3	7	36
2323	C	4	2	425	4	9	470
2324	B	1	6	312	1	15	295
2325	B	2	6	628	2	9	619
2326	B	3	14	706	3	7	733
2327	C	4	2	282	4	9	357
2328	A	1	6	935	1	15	928
2329	B	2	6	368	2	9	367
2330	A	3	14	286	3	7	281
2331	A	4	2	719	4	9	712
2332	C	1	6	104	1	15	23
2333	D	2	6	120	2	9	391
2334	A	3	14	847	3	7	840
2335	D	4	2	314	4	9	197
2336	D	1	6	80	1	15	431
2337	B	2	6	31	2	9	0
2338	B	3	14	321	3	7	350
2339	A	4	2	492	4	9	491
2340	B	1	6	541	1	15	514
2341	A	2	4	13	2	13	10
2342	A	3	2	202	3	1	205
2343	C	4	4	744	4	15	663
2344	D	1	14	202	1	9	309
2345	D	2	4	356	2	13	155
2346	C	3	2	715	3	1	692
2347	D	4	4	494	4	15	17
2348	C	1	14	30	1	9	97
2349	D	2	4	202	2	13	309
2350	A	3	2	774	3	1	769
2351	A	4	4	352	4	15	359
2352	B	1	14	844	1	9	851
2353	C	2	4	1023	2	13	896
2354	B	3	2	449	3	1	478
2355	C	4	4	54	4	15	73
2356	B	1	14	491	1	9	500
2357	A	2	4	393	2	13	398
2358	D	3	2	624	3	1	911
2359	A	4	4	824	4	15	831
2360	D	1	14	103	1	9	408
2361	C	2	8	107	2	5	20
2362	D	3	12	127	3	5	384
2363	A	4	10	190	4	5	185
2364	D	1	4	553	1	5	982
2365	A	2	8	153	2	5	158
2366	C	3	12	389	3	5	506
2367	C	4	10	214	4	5	169
2368	A	1	4	707	1	5	708
2369	A	2	8	868	2	5	867
2370	D	3	12	262	3	5	249
2371	C	4	10	183	4	5	200
2372	B	1	4	817	1	5	814
2373	C	2	8	282	2	5	357
2374	C	3	12	327	3	5	312
2375	A	4	10	459	4	5	460
2376	C	1	4	161	1	5	222
2377	B	2	8	810	2	5	821
2378	B	3	12	816	3	5	815
2379	D	4	10	834	4	5	701
2380	B	1	4	213	1	5	202
2381	D	2	12	636	2	7	899
2382	C	3	10	219	3	3	164
2383	B	4	8	234	4	1	245
2384	C	1	16	689	1	13	718
2385	D	2	12	256	2	7	255
2386	D	3	10	81	3	3	430
2387	D	4	8	988	4	1	547
2388	D	1	16	548	1	13	987
2389	C	2	12	373	2	7	266
2390	D	3	10	474	3	3	37
2391	A	4	8	429	4	1	426
2392	A	1	16	934	1	13	929
2393	C	2	12	110	2	7	17
2394	B	3	10	660	3	3	651
2395	A	4	8	209	4	1	214
2396	B	1	16	832	1	13	863
2397	C	2	12	701	2	7	706
2398	B	3	10	106	3	3	117
2399	C	4	8	58	4	1	69
2400	A	1	16	112	1	13	119
2401	C	2	14	681	2	1	726
2402	B	3	6	832	3	1	863
2403	B	4	6	1017	4	7	998
2404	A	1	12	887	1	7	880
2405	A	2	14	954	2	1	957
2406	A	3	6	535	3	1	528
2407	D	4	6	50	4	7	461
2408	A	1	12	561	1	7	566
2409	C	2	14	927	2	1	992
2410	B	3	6	699	3	1	676
2411	B	4	6	678	4	7	697
2412	C	1	12	297	1	7	342
2413	D	2	14	504	2	1	7
2414	B	3	6	611	3	1	636
2415	C	4	6	59	4	7	68
2416	B	1	12	41	1	7	54
2417	B	2	14	50	2	1	45
2418	D	3	6	712	3	1	823
2419	B	4	6	1	4	7	30
2420	B	1	12	42	1	7	53
2421	C	2	2	839	2	3	824
2422	B	3	4	86	3	11	73
2423	C	4	16	707	4	11	700
2424	D	1	8	485	1	1	26
2425	C	2	2	851	2	3	812
2426	B	3	4	515	3	11	540
2427	B	4	16	374	4	11	361
2428	B	1	8	270	1	1	273
2429	B	2	2	653	2	3	658
2430	D	3	4	262	3	11	249
2431	C	4	16	322	4	11	317
2432	B	1	8	978	1	1	973
2433	B	2	2	78	2	3	81
2434	B	3	4	260	3	11	283
2435	D	4	16	1016	4	11	519
2436	A	1	8	607	1	1	600
2437	B	2	2	201	2	3	214
2438	C	3	4	724	3	11	683
2439	D	4	16	97	4	11	414
2440	D	1	8	50	1	1	461
2441	C	2	10	140	2	9	243
2442	D	3	8	747	3	15	788
2443	C	4	14	438	4	13	457
2444	C	1	2	538	1	11	613
2445	B	2	10	814	2	9	817
2446	D	3	8	875	3	15	660
2447	C	4	14	750	4	13	657
2448	C	1	2	595	1	11	556
2449	A	2	10	943	2	9	936
2450	C	3	8	398	3	15	497
2451	C	4	14	969	4	13	950
2452	B	1	2	313	1	11	294
2453	B	2	10	311	2	9	296
2454	D	3	8	286	3	15	225
2455	D	4	14	459	4	13	52
2456	D	1	2	225	1	11	286
2457	C	2	10	809	2	9	854
2458	A	3	8	522	3	15	525
2459	C	4	14	1005	4	13	914
2460	B	1	2	122	1	11	101
2461	C	2	16	315	2	15	324
2462	C	3	16	528	3	13	623
2463	C	4	2	753	4	15	654
2464	A	1	14	735	1	3	728
2465	D	2	16	669	2	15	866
2466	B	3	16	620	3	13	627
2467	C	4	2	653	4	15	754
2468	D	1	14	668	1	3	867
2469	C	2	16	56	2	15	71
2470	D	3	16	801	3	13	734
2471	B	4	2	533	4	15	522
2472	D	1	14	996	1	3	539
2473	B	2	16	432	2	15	431
2474	B	3	16	774	3	13	793
2475	B	4	2	632	4	15	615
2476	A	1	14	793	1	3	798
2477	C	2	16	522	2	15	629
2478	C	3	16	696	3	13	711
2479	A	4	2	294	4	15	289
2480	A	1	14	120	1	3	127
2481	B	2	6	1022	2	11	993
2482	A	3	2	634	3	7	637
2483	C	4	12	24	4	3	103
2484	A	1	10	18	1	15	21
2485	D	2	6	673	2	11	862
2486	D	3	2	228	3	7	283
2487	C	4	12	1002	4	3	917
2488	B	1	10	453	1	15	474
2489	D	2	6	106	2	11	405
2490	C	3	2	845	3	7	818
2491	C	4	12	49	4	3	78
2492	D	1	10	742	1	15	793
2493	B	2	6	178	2	11	173
2494	A	3	2	698	3	7	701
2495	D	4	12	399	4	3	112
2496	D	1	10	120	1	15	391
2497	C	2	6	1018	2	11	901
2498	C	3	2	445	3	7	450
2499	C	4	12	260	4	3	379
2500	C	1	10	952	1	15	967
2501	A	2	4	12	2	7	11
2502	A	3	14	18	3	9	21
2503	C	4	4	529	4	9	622
2504	D	1	6	825	1	9	710
2505	A	2	4	205	2	7	202
2506	D	3	14	25	3	9	486
2507	D	4	4	73	4	9	438
2508	B	1	6	392	1	9	407
2509	A	2	4	872	2	7	879
2510	B	3	14	980	3	9	971
2511	D	4	4	1009	4	9	526
2512	D	1	6	902	1	9	633
2513	C	2	4	415	2	7	480
2514	D	3	14	852	3	9	683
2515	B	4	4	326	4	9	345
2516	D	1	6	740	1	9	795
2517	C	2	4	883	2	7	780
2518	D	3	14	384	3	9	127
2519	D	4	4	869	4	9	666
2520	D	1	6	718	1	9	817
2521	C	2	8	784	2	13	879
2522	C	3	12	118	3	5	9
2523	A	4	10	710	4	11	705
2524	A	1	16	193	1	13	198
2525	D	2	8	648	2	13	887
2526	C	3	12	16	3	5	111
2527	B	4	10	847	4	11	848
2528	C	1	16	112	1	13	15
2529	C	2	8	556	2	13	595
2530	A	3	12	139	3	5	140
2531	D	4	10	782	4	11	753
2532	C	1	16	200	1	13	183
2533	C	2	8	819	2	13	844
2534	B	3	12	386	3	5	413
2535	A	4	10	651	4	11	652
2536	A	1	16	969	1	13	974
2537	C	2	8	383	2	13	256
2538	C	3	12	329	3	5	310
2539	D	4	10	571	4	11	964
2540	B	1	16	109	1	13	114
2541	B	2	14	814	2	15	817
2542	B	3	10	344	3	3	327
2543	D	4	6	113	4	7	398
2544	A	1	4	27	1	5	28
2545	A	2	14	627	2	15	628
2546	C	3	10	947	3	3	972
2547	B	4	6	132	4	7	155
2548	D	1	4	270	1	5	241
2549	B	2	14	892	2	15	867
2550	C	3	10	1023	3	3	896
2551	A	4	6	374	4	7	369
2552	A	1	4	785	1	5	790
2553	C	2	14	332	2	15	307
2554	D	3	10	441	3	3	70
2555	A	4	6	512	4	7	519
2556	D	1	4	12	1	5	499
2557	C	2	14	727	2	15	680
2558	C	3	10	496	3	3	399
2559	A	4	6	434	4	7	437
2560	C	1	4	842	1	5	821
2561	D	2	12	227	2	1	284
2562	D	3	6	250	3	15	261
2563	D	4	8	565	4	5	970
2564	A	1	12	664	1	1	671
2565	A	2	12	490	2	1	493
2566	C	3	6	3	3	15	124
2567	A	4	8	131	4	5	132
2568	A	1	12	174	1	1	169
2569	D	2	12	970	2	1	565
2570	B	3	6	90	3	15	69
2571	C	4	8	415	4	5	480
2572	A	1	12	507	1	1	508
2573	D	2	12	437	2	1	74
2574	A	3	6	231	3	15	224
2575	D	4	8	233	4	5	278
2576	D	1	12	870	1	1	665
2577	A	2	12	814	2	1	809
2578	A	3	6	148	3	15	147
2579	C	4	8	822	4	5	841
2580	C	1	12	802	1	1	861
2581	A	2	4	340	2	13	339
2582	A	3	8	145	3	1	150
2583	D	4	16	920	4	1	615
2584	C	1	8	924	1	7	995
2585	B	2	4	270	2	13	273
2586	B	3	8	479	3	1	448
2587	C	4	16	1001	4	1	918
2588	B	1	8	853	1	7	842
2589	A	2	4	91	2	13	92
2590	B	3	8	592	3	1	591
2591	D	4	16	329	4	1	182
2592	D	1	8	27	1	7	484
2593	B	2	4	781	2	13	786
2594	C	3	8	134	3	1	249
2595	C	4	16	414	4	1	481
2596	A	1	8	462	1	7	457
2597	B	2	4	566	2	13	553
2598	C	3	8	102	3	1	25
2599	B	4	16	125	4	1	98
2600	B	1	8	669	1	7	642
2601	B	2	6	206	2	11	209
2602	B	3	4	95	3	13	64
2603	B	4	14	45	4	13	50
2604	C	1	2	275	1	11	364
2605	A	2	6	304	2	11	311
2606	C	3	4	825	3	13	838
2607	B	4	14	628	4	13	619
2608	D	1	2	403	1	11	108
2609	B	2	6	889	2	11	870
2610	C	3	4	320	3	13	319
2611	D	4	14	509	4	13	2
2612	A	1	2	285	1	11	282
2613	C	2	6	231	2	11	152
2614	B	3	4	1017	3	13	998
2615	C	4	14	283	4	13	356
2616	C	1	2	989	1	11	930
2617	D	2	6	112	2	11	399
2618	D	3	4	11	3	13	500
2619	A	4	14	912	4	13	919
2620	B	1	2	931	1	11	956
2621	C	2	2	1018	2	5	901
2622	B	3	2	45	3	7	50
2623	C	4	2	669	4	15	738
2624	C	1	10	755	1	9	652
2625	D	2	2	613	2	5	922
2626	D	3	2	703	3	7	832
2627	B	4	2	721	4	15	718
2628	D	1	10	487	1	9	24
2629	D	2	2	549	2	5	986
2630	D	3	2	755	3	7	780
2631	A	4	2	937	4	15	942
2632	B	1	10	365	1	9	370
2633	D	2	2	143	2	5	368
2634	B	3	2	589	3	7	594
2635	B	4	2	597	4	15	586
2636	C	1	10	926	1	9	993
2637	C	2	2	701	2	5	706
2638	A	3	2	635	3	7	636
2639	D	4	2	808	4	15	727
2640	B	1	10	8	1	9	23
2641	D	2	10	767	2	3	768
2642	D	3	16	252	3	11	259
2643	B	4	4	267	4	11	276
2644	B	1	14	925	1	15	898
2645	C	2	10	695	2	3	712
2646	B	3	16	256	3	11	287
2647	A	4	4	600	4	11	607
2648	D	1	14	612	1	15	923
2649	C	2	10	126	2	3	1
2650	C	3	16	549	3	11	602
2651	C	4	4	306	4	11	333
2652	C	1	14	887	1	15	776
2653	C	2	10	987	2	3	932
2654	D	3	16	742	3	11	793
2655	C	4	4	780	4	11	883
2656	D	1	14	41	1	15	470
2657	D	2	10	71	2	3	440
2658	A	3	16	76	3	11	75
2659	B	4	4	323	4	11	348
2660	C	1	14	243	1	15	140
2661	B	2	16	464	2	9	463
2662	D	3	14	683	3	9	852
2663	D	4	12	753	4	3	782
2664	D	1	6	822	1	3	713
2665	C	2	16	871	2	9	792
2666	D	3	14	918	3	9	617
2667	C	4	12	431	4	3	464
2668	A	1	6	710	1	3	705
2669	C	2	16	189	2	9	194
2670	C	3	14	329	3	9	310
2671	D	4	12	427	4	3	84
2672	C	1	6	559	1	3	592
2673	D	2	16	736	2	9	799
2674	A	3	14	347	3	9	348
2675	A	4	12	289	4	3	294
2676	B	1	6	49	1	3	46
2677	C	2	16	778	2	9	885
2678	A	3	14	598	3	9	593
2679	D	4	12	259	4	3	252
2680	D	1	6	6	1	3	505
2681	C	2	14	300	2	1	339
2682	A	3	12	79	3	5	72
2683	D	4	10	923	4	5	612
2684	B	1	4	220	1	1	195
2685	B	2	14	406	2	1	393
2686	A	3	12	506	3	5	509
2687	C	4	10	513	4	5	638
2688	B	1	4	289	1	1	318
2689	B	2	14	772	2	1	795
2690	D	3	12	190	3	5	321
2691	A	4	10	767	4	5	760
2692	B	1	4	67	1	1	92
2693	D	2	14	334	2	1	177
2694	D	3	12	127	3	5	384
2695	D	4	10	888	4	5	647
2696	C	1	4	647	1	1	760
2697	B	2	14	607	2	1	576
2698	A	3	12	561	3	5	566
2699	A	4	10	741	4	5	738
2700	B	1	4	502	1	1	489
2701	D	2	8	677	2	7	858
2702	C	3	6	254	3	15	129
2703	B	4	8	184	4	7	167
2704	C	1	16	415	1	5	480
2705	C	2	8	752	2	7	655
2706	B	3	6	111	3	15	112
2707	D	4	8	140	4	7	371
2708	C	1	16	773	1	5	890
2709	D	2	8	911	2	7	624
2710	D	3	6	511	3	15	0
2711	A	4	8	156	4	7	155
2712	D	1	16	582	1	5	953
2713	D	2	8	601	2	7	934
2714	A	3	6	746	3	15	749
2715	C	4	8	539	4	7	612
2716	A	1	16	595	1	5	596
2717	A	2	8	153	2	7	158
2718	B	3	6	982	3	15	969
2719	D	4	8	64	4	7	447
2720	C	1	16	465	1	5	430
2721	A	2	12	612	2	5	611
2722	A	3	8	442	3	13	445
2723	D	4	6	39	4	9	472
2724	A	1	12	817	1	13	822
2725	D	2	12	948	2	5	587
2726	C	3	8	134	3	13	249
2727	D	4	6	633	4	9	902
2728	C	1	12	317	1	13	322
2729	D	2	12	140	2	5	371
2730	C	3	8	548	3	13	603
2731	D	4	6	127	4	9	384
2732	D	1	12	599	1	13	936
2733	B	2	12	385	2	5	414
2734	A	3	8	141	3	13	138
2735	D	4	6	126	4	9	385
2736	D	1	12	913	1	13	622
2737	A	2	12	17	2	5	22
2738	C	3	8	710	3	13	697
2739	D	4	6	228	4	9	283
2740	B	1	12	787	1	13	780
2741	A	2	4	149	2	15	146
2742	D	3	10	420	3	3	91
2743	A	4	14	592	4	13	599
2744	B	1	10	518	1	9	537
2745	D	2	4	7	2	15	504
2746	D	3	10	716	3	3	819
2747	A	4	14	415	4	13	408
2748	A	1	10	554	1	9	557
2749	A	2	4	359	2	15	352
2750	C	3	10	624	3	3	527
2751	B	4	14	865	4	13	894
2752	B	1	10	881	1	9	878
2753	D	2	4	402	2	15	109
2754	C	3	10	214	3	3	169
2755	A	4	14	892	4	13	891
2756	B	1	10	204	1	9	211
2757	C	2	4	453	2	15	442
2758	B	3	10	25	3	3	6
2759	D	4	14	344	4	13	167
2760	A	1	10	879	1	9	872
2761	C	2	10	712	2	11	695
2762	D	3	4	277	3	1	234
2763	A	4	16	407	4	1	400
2764	A	1	8	544	1	11	551
2765	C	2	10	766	2	11	641
2766	A	3	4	173	3	1	170
2767	C	4	16	992	4	1	927
2768	B	1	8	107	1	11	116
2769	B	2	10	867	2	11	892
2770	C	3	4	555	3	1	596
2771	D	4	16	654	4	1	881
2772	A	1	8	204	1	11	203
2773	A	2	10	182	2	11	177
2774	A	3	4	358	3	1	353
2775	D	4	16	1023	4	1	512
2776	D	1	8	469	1	11	42
2777	C	2	10	636	2	11	515
2778	B	3	4	625	3	1	622
2779	A	4	16	374	4	1	369
2780	B	1	8	438	1	11	425
2781	C	2	2	841	2	9	822
2782	C	3	2	237	3	7	146
2783	D	4	2	748	4	15	787
2784	D	1	2	284	1	7	227
2785	C	2	2	254	2	9	129
2786	D	3	2	498	3	7	13
2787	A	4	2	262	4	15	257
2788	B	1	2	928	1	7	959
2789	C	2	2	111	2	9	16
2790	B	3	2	1016	3	7	999
2791	C	4	2	814	4	15	849
2792	D	1	2	412	1	7	99
2793	B	2	2	711	2	9	728
2794	C	3	2	280	3	7	359
2795	A	4	2	111	4	15	104
2796	A	1	2	171	1	7	172
2797	D	2	2	155	2	9	356
2798	B	3	2	651	3	7	660
2799	C	4	2	401	4	15	494
2800	B	1	2	320	1	7	351
2801	D	2	6	767	2	3	768
2802	C	3	16	472	3	11	423
2803	D	4	4	545	4	11	990
2804	A	1	14	877	1	3	874
2805	C	2	6	758	2	3	649
2806	C	3	16	268	3	11	371
2807	A	4	4	715	4	11	716
2808	B	1	14	55	1	3	40
2809	D	2	6	288	2	3	223
2810	C	3	16	270	3	11	369
2811	C	4	4	597	4	11	554
2812	A	1	14	203	1	3	204
2813	B	2	6	676	2	3	699
2814	D	3	16	775	3	11	760
2815	B	4	4	303	4	11	304
2816	B	1	14	298	1	3	309
2817	D	2	6	25	2	3	486
2818	B	3	16	334	3	11	337
2819	B	4	4	685	4	11	690
2820	D	1	14	395	1	3	116
2821	B	2	16	973	2	13	978
2822	D	3	14	641	3	9	894
2823	B	4	10	574	4	9	545
2824	B	1	6	437	1	15	426
2825	C	2	16	1009	2	13	910
2826	D	3	14	509	3	9	2
2827	C	4	10	16	4	9	111
2828	A	1	6	894	1	15	889
2829	D	2	16	926	2	13	609
2830	D	3	14	968	3	9	567
2831	B	4	10	87	4	9	72
2832	D	1	6	672	1	15	863
2833	B	2	16	323	2	13	348
2834	B	3	14	92	3	9	67
2835	C	4	10	170	4	9	213
2836	C	1	6	340	1	15	299
2837	D	2	16	28	2	13	483
2838	C	3	14	398	3	9	497
2839	C	4	10	937	4	9	982
2840	A	1	6	426	1	15	429
2841	D	2	14	658	2	1	877
2842	D	3	6	238	3	15	273
2843	D	4	12	122	4	3	389
2844	A	1	4	969	1	5	974
2845	C	2	14	41	2	1	86
2846	A	3	6	932	3	15	931
2847	D	4	12	995	4	3	540
2848	C	1	4	2	1	5	125
2849	B	2	14	880	2	1	879
2850	A	3	6	502	3	15	497
2851	D	4	12	150	4	3	361
2852	A	1	4	433	1	5	438
2853	B	2	14	1023	2	1	992
2854	B	3	6	216	3	15	199
2855	C	4	12	134	4	3	249
2856	D	1	4	474	1	5	37
2857	A	2	14	786	2	1	789
2858	D	3	6	235	3	15	276
2859	B	4	12	989	4	3	962
2860	C	1	4	598	1	5	553
2861	A	2	8	638	2	7	633
2862	D	3	12	215	3	5	296
2863	C	4	6	405	4	13	490
2864	B	1	12	450	1	7	477
2865	C	2	8	6	2	7	121
2866	C	3	12	11	3	5	116
2867	B	4	6	269	4	13	274
2868	D	1	12	605	1	7	930
2869	C	2	8	782	2	7	881
2870	D	3	12	146	3	5	365
2871	B	4	6	569	4	13	550
2872	B	1	12	912	1	7	911
2873	B	2	8	590	2	7	593
2874	D	3	12	781	3	5	754
2875	A	4	6	36	4	13	35
2876	A	1	12	184	1	7	191
2877	D	2	8	862	2	7	673
2878	C	3	12	508	3	5	387
2879	D	4	6	855	4	13	680
2880	B	1	12	668	1	7	643
2881	C	2	12	706	2	15	701
2882	D	3	10	412	3	13	99
2883	A	4	8	467	4	5	468
2884	C	1	16	483	1	1	412
2885	D	2	12	1007	2	15	528
2886	B	3	10	497	3	13	494
2887	D	4	8	44	4	5	467
2888	C	1	16	331	1	1	308
2889	B	2	12	86	2	15	73
2890	C	3	10	299	3	13	340
2891	B	4	8	861	4	5	834
2892	B	1	16	908	1	1	915
2893	C	2	12	730	2	15	677
2894	A	3	10	827	3	13	828
2895	D	4	8	893	4	5	642
2896	D	1	16	356	1	1	155
2897	A	2	12	800	2	15	807
2898	C	3	10	845	3	13	818
2899	C	4	8	662	4	5	745
2900	A	1	16	528	1	1	535
2901	B	2	6	416	2	13	447
2902	A	3	4	733	3	1	730
2903	B	4	14	970	4	7	981
2904	B	1	8	401	1	11	398
2905	B	2	6	187	2	13	164
2906	B	3	4	1017	3	1	998
2907	C	4	14	772	4	7	891
2908	B	1	8	108	1	11	115
2909	A	2	6	781	2	13	778
2910	D	3	4	289	3	1	222
2911	A	4	14	682	4	7	685
2912	D	1	8	803	1	11	732
2913	B	2	6	792	2	13	775
2914	C	3	4	343	3	1	296
2915	D	4	14	724	4	7	811
2916	A	1	8	449	1	11	454
2917	C	2	6	361	2	13	278
2918	C	3	4	96	3	1	31
2919	D	4	14	808	4	7	727
2920	D	1	8	495	1	11	16
2921	D	2	4	813	2	5	722
2922	C	3	8	459	3	3	436
2923	D	4	2	124	4	15	387
2924	D	1	2	730	1	9	805
2925	C	2	4	195	2	5	188
2926	D	3	8	603	3	3	932
2927	A	4	2	199	4	15	192
2928	B	1	2	506	1	9	485
2929	C	2	4	924	2	5	995
2930	B	3	8	909	3	3	914
2931	B	4	2	799	4	15	768
2932	B	1	2	661	1	9	650
2933	C	2	4	42	2	5	85
2934	C	3	8	596	3	3	555
2935	D	4	2	372	4	15	139
2936	C	1	2	209	1	9	174
2937	B	2	4	197	2	5	218
2938	D	3	8	960	3	3	575
2939	B	4	2	545	4	15	574
2940	B	1	2	82	1	9	77
2941	B	2	2	32	2	11	63
2942	A	3	2	371	3	11	372
2943	C	4	16	416	4	1	479
2944	D	1	10	865	1	13	670
2945	C	2	2	851	2	11	812
2946	D	3	2	352	3	11	159
2947	C	4	16	290	4	1	349
2948	A	1	10	928	1	13	935
2949	B	2	2	764	2	11	739
2950	A	3	2	402	3	11	405
2951	D	4	16	615	4	1	920
2952	C	1	10	135	1	13	248
2953	A	2	2	453	2	11	450
2954	A	3	2	797	3	11	794
2955	D	4	16	285	4	1	226
2956	D	1	10	621	1	13	914
2957	C	2	2	684	2	11	723
2958	A	3	2	721	3	11	726
2959	B	4	16	350	4	1	321
2960	C	1	10	818	1	13	845
2961	C	2	10	858	2	3	805
2962	B	3	16	138	3	7	149
2963	D	4	4	395	4	11	116
2964	B	1	14	878	1	3	881
2965	C	2	10	641	2	3	766
2966	D	3	16	317	3	7	194
2967	C	4	4	84	4	11	43
2968	D	1	14	273	1	3	238
2969	A	2	10	996	2	3	995
2970	B	3	16	778	3	7	789
2971	A	4	4	880	4	11	887
2972	C	1	14	634	1	3	517
2973	C	2	10	1015	2	3	904
2974	D	3	16	353	3	7	158
2975	A	4	4	827	4	11	828
2976	B	1	14	568	1	3	551
2977	B	2	10	391	2	3	408
2978	B	3	16	764	3	7	739
2979	B	4	4	637	4	11	610
2980	A	1	14	936	1	3	943
2981	B	2	16	874	2	9	885
2982	B	3	14	872	3	9	887
2983	B	4	10	772	4	9	795
2984	B	1	6	964	1	15	987
2985	A	2	16	181	2	9	178
2986	A	3	14	336	3	9	343
2987	A	4	10	152	4	9	159
2988	D	1	6	830	1	15	705
2989	D	2	16	286	2	9	225
2990	C	3	14	730	3	9	677
2991	C	4	10	70	4	9	57
2992	D	1	6	860	1	15	675
2993	C	2	16	324	2	9	315
2994	B	3	14	514	3	9	541
2995	A	4	10	924	4	9	923
2996	C	1	6	645	1	15	762
2997	B	2	16	478	2	9	449
2998	B	3	14	414	3	9	385
2999	C	4	10	774	4	9	889
3000	B	1	6	604	1	15	579
3001	A	2	14	794	2	1	797
3002	C	3	6	245	3	3	138
3003	A	4	12	438	4	13	433
3004	A	1	4	12	1	5	11
3005	C	2	14	722	2	1	685
3006	A	3	6	357	3	3	354
3007	B	4	12	423	4	13	440
3008	C	1	4	875	1	5	788
3009	A	2	14	964	2	1	963
3010	A	3	6	979	3	3	980
3011	A	4	12	115	4	13	116
3012	C	1	4	235	1	5	148
3013	B	2	14	784	2	1	783
3014	B	3	6	0	3	3	31
3015	A	4	12	913	4	13	918
3016	B	1	4	514	1	5	541
3017	A	2	14	216	2	1	223
3018	C	3	6	117	3	3	10
3019	A	4	12	213	4	13	210
3020	A	1	4	284	1	5	283
3021	A	2	8	388	2	7	387
3022	D	3	10	479	3	1	32
3023	C	4	6	352	4	3	287
3024	B	1	12	594	1	1	589
3025	A	2	8	468	2	7	467
3026	B	3	10	538	3	1	517
3027	D	4	6	552	4	3	983
3028	A	1	12	263	1	1	256
3029	D	2	8	630	2	7	905
3030	D	3	10	682	3	1	853
3031	B	4	6	424	4	3	439
3032	C	1	12	1018	1	1	901
3033	B	2	8	115	2	7	108
3034	A	3	10	785	3	1	790
3035	D	4	6	432	4	3	79
3036	A	1	12	342	1	1	337
3037	D	2	8	627	2	7	908
3038	B	3	10	1019	3	1	996
3039	B	4	6	541	4	3	514
3040	C	1	12	381	1	1	258
3041	C	2	12	474	2	15	421
3042	A	3	4	555	3	13	556
3043	D	4	8	634	4	5	901
3044	B	1	8	661	1	11	650
3045	C	2	12	142	2	15	241
3046	D	3	4	399	3	13	112
3047	A	4	8	493	4	5	490
3048	A	1	8	7	1	11	0
3049	C	2	12	708	2	15	699
3050	C	3	4	73	3	13	54
3051	A	4	8	97	4	5	102
3052	D	1	8	397	1	11	114
3053	B	2	12	152	2	15	135
3054	A	3	4	868	3	13	867
3055	D	4	8	938	4	5	597
3056	C	1	8	31	1	11	96
3057	A	2	12	378	2	15	381
3058	D	3	4	1018	3	13	517
3059	C	4	8	650	4	5	757
3060	A	1	8	204	1	11	203
3061	B	2	10	187	2	13	164
3062	D	3	12	60	3	5	451
3063	C	4	14	160	4	1	223
3064	C	1	16	100	1	7	27
3065	A	2	10	892	2	13	891
3066	C	3	12	692	3	5	715
3067	C	4	14	805	4	1	858
3068	B	1	16	723	1	7	716
3069	A	2	10	227	2	13	228
3070	D	3	12	27	3	5	484
3071	C	4	14	874	4	1	789
3072	C	1	16	83	1	7	44
3073	C	2	10	378	2	13	261
3074	A	3	12	861	3	5	858
3075	A	4	14	343	4	1	336
3076	D	1	16	511	1	7	0
3077	B	2	10	784	2	13	783
3078	C	3	12	54	3	5	73
3079	A	4	14	950	4	1	945
3080	A	1	16	373	1	7	370
3081	B	2	4	269	2	11	274
3082	C	3	2	396	3	11	499
3083	D	4	2	951	4	7	584
3084	C	1	14	1009	1	3	910
3085	C	2	4	397	2	11	498
3086	B	3	2	887	3	11	872
3087	D	4	2	379	4	7	132
3088	B	1	14	768	1	3	799
3089	A	2	4	400	2	11	407
3090	A	3	2	792	3	11	799
3091	A	4	2	645	4	7	642
3092	A	1	14	949	1	3	946
3093	C	2	4	259	2	11	380
3094	C	3	2	680	3	11	727
3095	C	4	2	319	4	7	320
3096	A	1	14	736	1	3	743
3097	B	2	4	764	2	11	739
3098	B	3	2	321	3	11	350
3099	B	4	2	144	4	7	143
3100	C	1	14	840	1	3	823
3101	D	2	6	194	2	5	317
3102	D	3	8	296	3	15	215
3103	B	4	4	628	4	9	619
3104	C	1	10	13	1	9	114
3105	A	2	6	820	2	5	819
3106	C	3	8	826	3	15	837
3107	A	4	4	237	4	9	234
3108	B	1	10	712	1	9	727
3109	C	2	6	144	2	5	239
3110	D	3	8	710	3	15	825
3111	A	4	4	712	4	9	719
3112	D	1	10	553	1	9	982
3113	C	2	6	538	2	5	613
3114	C	3	8	17	3	15	110
3115	A	4	4	502	4	9	497
3116	B	1	10	825	1	9	806
3117	A	2	6	42	2	5	45
3118	D	3	8	179	3	15	332
3119	A	4	4	788	4	9	787
3120	D	1	10	583	1	9	952
3121	B	2	16	805	2	9	826
3122	A	3	16	939	3	7	940
3123	B	4	16	798	4	15	769
3124	B	1	2	509	1	13	482
3125	A	2	16	899	2	9	900
3126	D	3	16	168	3	7	343
3127	B	4	16	842	4	15	853
3128	C	1	2	468	1	13	427
3129	A	2	16	488	2	9	495
3130	B	3	16	179	3	7	172
3131	D	4	16	432	4	15	79
3132	C	1	2	837	1	13	826
3133	B	2	16	415	2	9	384
3134	D	3	16	45	3	7	466
3135	B	4	16	722	4	15	717
3136	D	1	2	295	1	13	216
3137	B	2	16	191	2	9	160
3138	A	3	16	197	3	7	194
3139	D	4	16	839	4	15	696
3140	C	1	2	602	1	13	549
3141	A	2	14	598	2	1	593
3142	C	3	14	277	3	9	362
3143	D	4	10	649	4	11	886
3144	D	1	6	825	1	5	710
3145	C	2	14	77	2	1	50
3146	B	3	14	824	3	9	807
3147	B	4	10	359	4	11	376
3148	B	1	6	963	1	5	988
3149	A	2	14	988	2	1	987
3150	B	3	14	77	3	9	82
3151	B	4	10	26	4	11	5
3152	C	1	6	653	1	5	754
3153	A	2	14	55	2	1	48
3154	C	3	14	1005	3	9	914
3155	B	4	10	130	4	11	157
3156	B	1	6	204	1	5	211
3157	B	2	14	84	2	1	75
3158	B	3	14	366	3	9	369
3159	B	4	10	834	4	11	861
3160	A	1	6	196	1	5	195
3161	B	2	2	493	2	3	498
3162	A	3	6	316	3	3	315
3163	C	4	12	46	4	3	81
3164	A	1	4	491	1	15	492
3165	C	2	2	76	2	3	51
3166	C	3	6	342	3	3	297
3167	A	4	12	130	4	3	133
3168	C	1	4	662	1	15	745
3169	A	2	2	925	2	3	922
3170	D	3	6	986	3	3	549
3171	B	4	12	70	4	3	89
3172	D	1	4	435	1	15	76
3173	D	2	2	260	2	3	251
3174	C	3	6	188	3	3	195
3175	A	4	12	553	4	3	558
3176	B	1	4	780	1	15	787
3177	C	2	2	43	2	3	84
3178	B	3	6	632	3	3	615
3179	C	4	12	199	4	3	184
3180	C	1	4	482	1	15	413
3181	A	2	8	423	2	7	416
3182	C	3	10	516	3	5	635
3183	A	4	8	785	4	1	790
3184	D	1	12	123	1	1	388
3185	B	2	8	392	2	7	407
3186	A	3	10	381	3	5	378
3187	D	4	8	615	4	1	920
3188	C	1	12	61	1	1	66
3189	A	2	8	252	2	7	251
3190	C	3	10	613	3	5	538
3191	A	4	8	127	4	1	120
3192	C	1	12	47	1	1	80
3193	D	2	8	298	2	7	213
3194	D	3	10	99	3	5	412
3195	B	4	8	192	4	1	223
3196	C	1	12	878	1	1	785
3197	D	2	8	287	2	7	224
3198	C	3	10	949	3	5	970
3199	C	4	8	784	4	1	879
3200	C	1	12	824	1	1	839
3201	B	2	6	286	2	13	257
3202	B	3	12	254	3	15	225
3203	D	4	4	480	4	11	31
3204	D	1	8	954	1	7	581
3205	A	2	6	974	2	13	969
3206	C	3	12	895	3	15	768
3207	B	4	4	236	4	11	243
3208	D	1	8	960	1	7	575
3209	C	2	6	442	2	13	453
3210	A	3	12	203	3	15	204
3211	B	4	4	516	4	11	539
3212	A	1	8	590	1	7	585
3213	C	2	6	351	2	13	288
3214	C	3	12	293	3	15	346
3215	B	4	4	410	4	11	389
3216	B	1	8	881	1	7	878
3217	B	2	6	954	2	13	933
3218	C	3	12	317	3	15	322
3219	A	4	4	494	4	11	489
3220	D	1	8	976	1	7	559
3221	A	2	4	360	2	3	367
3222	D	3	4	372	3	1	139
3223	C	4	6	78	4	13	49
3224	C	1	10	59	1	9	68
3225	C	2	4	358	2	3	281
3226	B	3	4	100	3	1	123
3227	D	4	6	205	4	13	306
3228	B	1	10	44	1	9	51
3229	D	2	4	699	2	3	836
3230	A	3	4	875	3	1	876
3231	D	4	6	861	4	13	674
3232	D	1	10	630	1	9	905
3233	A	2	4	192	2	3	199
3234	D	3	4	454	3	1	57
3235	C	4	6	826	4	13	837
3236	B	1	10	351	1	9	320
3237	A	2	4	922	2	3	925
3238	D	3	4	485	3	1	26
3239	C	4	6	216	4	13	167
3240	B	1	10	918	1	9	905
3241	C	2	12	674	2	15	733
3242	B	3	2	359	3	13	376
3243	A	4	16	122	4	9	125
3244	D	1	14	748	1	11	787
3245	A	2	12	546	2	15	549
3246	C	3	2	21	3	13	106
3247	D	4	16	989	4	9	546
3248	D	1	14	565	1	11	970
3249	C	2	12	293	2	15	346
3250	B	3	2	206	3	13	209
3251	B	4	16	348	4	9	323
3252	B	1	14	963	1	11	988
3253	C	2	12	729	2	15	678
3254	C	3	2	465	3	13	430
3255	D	4	16	708	4	9	827
3256	C	1	14	705	1	11	702
3257	C	2	12	1013	2	15	906
3258	C	3	2	236	3	13	147
3259	A	4	16	363	4	9	364
3260	A	1	14	328	1	11	335
3261	A	2	10	532	2	5	531
3262	D	3	16	888	3	7	647
3263	C	4	14	801	4	5	862
3264	D	1	16	420	1	13	91
3265	D	2	10	739	2	5	796
3266	C	3	16	22	3	7	105
3267	D	4	14	788	4	5	747
3268	B	1	16	558	1	13	561
3269	B	2	10	988	2	5	963
3270	B	3	16	183	3	7	168
3271	C	4	14	997	4	5	922
3272	A	1	16	589	1	13	586
3273	C	2	10	284	2	5	355
3274	B	3	16	876	3	7	883
3275	D	4	14	594	4	5	941
3276	C	1	16	320	1	13	319
3277	D	2	10	542	2	5	993
3278	A	3	16	594	3	7	597
3279	D	4	14	805	4	5	730
3280	D	1	16	983	1	13	552
3281	B	2	14	233	2	1	246
3282	B	3	8	848	3	11	847
3283	C	4	2	247	4	7	136
3284	B	1	2	302	1	3	305
3285	D	2	14	459	2	1	52
3286	A	3	8	875	3	11	876
3287	D	4	2	89	4	7	422
3288	A	1	2	210	1	3	213
3289	B	2	14	276	2	1	267
3290	D	3	8	978	3	11	557
3291	C	4	2	499	4	7	396
3292	D	1	2	436	1	3	75
3293	A	2	14	417	2	1	422
3294	D	3	8	653	3	11	882
3295	B	4	2	157	4	7	130
3296	D	1	2	836	1	3	699
3297	A	2	14	104	2	1	111
3298	A	3	8	58	3	11	61
3299	C	4	2	128	4	7	255
3300	B	1	2	388	1	3	411
3301	C	2	16	594	2	11	557
3302	B	3	14	249	3	9	230
3303	B	4	12	308	4	3	299
3304	B	1	6	65	1	5	94
3305	D	2	16	814	2	11	721
3306	C	3	14	631	3	9	520
3307	C	4	12	960	4	3	959
3308	B	1	6	628	1	5	619
3309	C	2	16	207	2	11	176
3310	C	3	14	512	3	9	639
3311	B	4	12	209	4	3	206
3312	A	1	6	761	1	5	766
3313	A	2	16	422	2	11	417
3314	B	3	14	2	3	9	29
3315	A	4	12	635	4	3	636
3316	D	1	6	38	1	5	473
3317	B	2	16	277	2	11	266
3318	B	3	14	613	3	9	634
3319	D	4	12	87	4	3	424
3320	C	1	6	189	1	5	194
3321	C	2	2	832	2	9	831
3322	B	3	6	643	3	3	668
3323	A	4	10	732	4	15	731
3324	D	1	4	503	1	15	8
3325	C	2	2	202	2	9	181
3326	C	3	6	959	3	3	960
3327	D	4	10	308	4	15	203
3328	A	1	4	408	1	15	415
3329	B	2	2	478	2	9	449
3330	B	3	6	794	3	3	773
3331	D	4	10	44	4	15	467
3332	A	1	4	164	1	15	163
3333	A	2	2	157	2	9	154
3334	B	3	6	841	3	3	854
3335	C	4	10	241	4	15	142
3336	B	1	4	36	1	15	59
3337	C	2	2	813	2	9	850
3338	C	3	6	390	3	3	505
3339	D	4	10	993	4	15	542
3340	D	1	4	15	1	15	496
3341	C	2	8	533	2	7	618
3342	C	3	10	95	3	1	32
3343	B	4	4	701	4	1	674
3344	D	1	8	144	1	7	367
3345	B	2	8	943	2	7	944
3346	C	3	10	361	3	1	278
3347	D	4	4	304	4	1	207
3348	B	1	8	465	1	7	462
3349	C	2	8	938	2	7	981
3350	C	3	10	216	3	1	167
3351	C	4	4	580	4	1	571
3352	B	1	8	597	1	7	586
3353	B	2	8	906	2	7	917
3354	B	3	10	318	3	1	289
3355	D	4	4	960	4	1	575
3356	C	1	8	827	1	7	836
3357	D	2	8	494	2	7	17
3358	B	3	10	586	3	1	597
3359	C	4	4	843	4	1	820
3360	B	1	8	28	1	7	3
3361	C	2	12	651	2	13	756
3362	C	3	4	110	3	15	17
3363	B	4	12	940	4	3	947
3364	B	1	14	507	1	9	484
3365	C	2	12	621	2	13	530
3366	B	3	4	323	3	15	348
3367	C	4	12	594	4	3	557
3368	B	1	14	335	1	9	336
3369	B	2	12	814	2	13	817
3370	D	3	4	36	3	15	475
3371	B	4	12	627	4	3	620
3372	B	1	14	438	1	9	425
3373	C	2	12	718	2	13	689
3374	B	3	4	428	3	15	435
3375	B	4	12	769	4	3	798
3376	A	1	14	843	1	9	844
3377	A	2	12	845	2	13	842
3378	D	3	4	683	3	15	852
3379	A	4	12	193	4	3	198
3380	D	1	14	961	1	9	574
3381	B	2	4	380	2	5	355
3382	D	3	2	134	3	13	377
3383	C	4	16	852	4	7	811
3384	C	1	10	75	1	11	52
3385	D	2	4	476	2	5	35
3386	D	3	2	337	3	13	174
3387	A	4	16	188	4	7	187
3388	B	1	10	755	1	11	748
3389	D	2	4	490	2	5	21
3390	B	3	2	486	3	13	505
3391	D	4	16	134	4	7	377
3392	A	1	10	363	1	11	364
3393	C	2	4	52	2	5	75
3394	A	3	2	798	3	13	793
3395	A	4	16	339	4	7	340
3396	B	1	10	316	1	11	291
3397	B	2	4	178	2	5	173
3398	B	3	2	747	3	13	756
3399	D	4	16	84	4	7	427
3400	D	1	10	36	1	11	475
3401	A	2	6	493	2	15	490
3402	C	3	16	139	3	11	244
3403	C	4	2	156	4	15	227
3404	A	1	2	632	1	3	639
3405	C	2	6	123	2	15	4
3406	A	3	16	872	3	11	879
3407	C	4	2	763	4	15	644
3408	C	1	2	360	1	3	279
3409	C	2	6	611	2	15	540
3410	B	3	16	906	3	11	917
3411	B	4	2	494	4	15	497
3412	D	1	2	793	1	3	742
3413	C	2	6	358	2	15	281
3414	C	3	16	128	3	11	255
3415	B	4	2	790	4	15	777
3416	B	1	2	942	1	3	945
3417	D	2	6	322	2	15	189
3418	C	3	16	133	3	11	250
3419	A	4	2	239	4	15	232
3420	B	1	2	253	1	3	226
3421	C	2	14	769	2	11	894
3422	A	3	8	285	3	7	282
3423	B	4	6	776	4	5	791
3424	D	1	12	57	1	1	454
3425	D	2	14	323	2	11	188
3426	A	3	8	386	3	7	389
3427	C	4	6	197	4	5	186
3428	C	1	12	167	1	1	216
3429	B	2	14	778	2	11	789
3430	B	3	8	599	3	7	584
3431	D	4	6	267	4	5	244
3432	D	1	12	555	1	1	980
3433	A	2	14	864	2	11	871
3434	D	3	8	926	3	7	609
3435	C	4	6	218	4	5	165
3436	B	1	12	801	1	1	830
3437	A	2	14	662	2	11	657
3438	D	3	8	466	3	7	45
3439	D	4	6	992	4	5	543
3440	A	1	12	353	1	1	358
3441	A	2	16	266	2	1	269
3442	B	3	14	104	3	9	119
3443	C	4	14	473	4	11	422
3444	B	1	16	845	1	13	850
3445	A	2	16	230	2	1	225
3446	A	3	14	701	3	9	698
3447	D	4	14	355	4	11	156
3448	C	1	16	333	1	13	306
3449	B	2	16	743	2	1	760
3450	C	3	14	603	3	9	548
3451	A	4	14	978	4	11	981
3452	D	1	16	444	1	13	67
3453	D	2	16	856	2	1	679
3454	B	3	14	647	3	9	664
3455	B	4	14	743	4	11	760
3456	A	1	16	646	1	13	641
3457	C	2	16	258	2	1	381
3458	C	3	14	464	3	9	431
3459	C	4	14	876	4	11	787
3460	C	1	16	893	1	13	770
3461	C	2	10	142	2	3	241
3462	D	3	12	319	3	5	192
3463	D	4	8	19	4	13	492
3464	C	1	6	167	1	5	216
3465	C	2	10	976	2	3	943
3466	D	3	12	685	3	5	850
3467	C	4	8	396	4	13	499
3468	B	1	6	521	1	5	534
3469	C	2	10	995	2	3	924
3470	A	3	12	738	3	5	741
3471	D	4	8	861	4	13	674
3472	A	1	6	939	1	5	940
3473	D	2	10	626	2	3	909
3474	D	3	12	585	3	5	950
3475	D	4	8	373	4	13	138
3476	D	1	6	378	1	5	133
3477	B	2	10	620	2	3	627
3478	C	3	12	25	3	5	102
3479	D	4	8	676	4	13	859
3480	B	1	6	483	1	5	508
3481	A	2	2	584	2	9	591
3482	B	3	6	219	3	3	196
3483	B	4	10	218	4	9	197
3484	C	1	4	61	1	15	66
3485	D	2	2	98	2	9	413
3486	A	3	6	67	3	3	68
3487	B	4	10	224	4	9	255
3488	A	1	4	255	1	15	248
3489	D	2	2	575	2	9	960
3490	A	3	6	209	3	3	214
3491	A	4	10	460	4	9	459
3492	A	1	4	619	1	15	620
3493	B	2	2	195	2	9	220
3494	C	3	6	862	3	3	801
3495	A	4	10	303	4	9	296
3496	A	1	4	287	1	15	280
3497	B	2	2	575	2	9	544
3498	B	3	6	522	3	3	533
3499	C	4	10	715	4	9	692
3500	A	1	4	998	1	15	993
3501	A	2	2	506	2	9	509
3502	C	3	2	875	3	11	788
3503	D	4	2	153	4	15	358
3504	C	1	2	842	1	9	821
3505	A	2	2	18	2	9	21
3506	C	3	2	622	3	11	529
3507	A	4	2	588	4	15	587
3508	A	1	2	614	1	9	609
3509	A	2	2	960	2	9	967
3510	B	3	2	816	3	11	815
3511	A	4	2	520	4	15	527
3512	B	1	2	843	1	9	852
3513	A	2	2	149	2	9	146
3514	C	3	2	849	3	11	814
3515	C	4	2	837	4	15	826
3516	D	1	2	682	1	9	853
3517	A	2	2	484	2	9	483
3518	C	3	2	172	3	11	211
3519	A	4	2	872	4	15	879
3520	C	1	2	610	1	9	541
3521	C	2	6	839	2	5	824
3522	B	3	6	935	3	3	952
3523	C	4	6	22	4	11	105
3524	C	1	6	653	1	3	754
3525	C	2	6	262	2	5	377
3526	A	3	6	405	3	3	402
3527	C	4	6	740	4	11	667
3528	A	1	6	743	1	3	736
3529	A	2	6	29	2	5	26
3530	B	3	6	278	3	3	265
3531	A	4	6	429	4	11	426
3532	C	1	6	545	1	3	606
3533	A	2	6	14	2	5	9
3534	A	3	6	162	3	3	165
3535	A	4	6	407	4	11	400
3536	A	1	6	625	1	3	630
3537	D	2	6	408	2	5	103
3538	C	3	6	572	3	3	579
3539	B	4	6	961	4	11	990
3540	B	1	6	554	1	3	565
3541	D	2	4	733	2	13	802
3542	C	3	4	71	3	5	56
3543	D	4	4	294	4	1	217
3544	A	1	4	923	1	15	924
3545	C	2	4	997	2	13	922
3546	D	3	4	448	3	5	63
3547	C	4	4	587	4	1	564
3548	B	1	4	735	1	15	704
3549	A	2	4	345	2	13	350
3550	A	3	4	494	3	5	489
3551	D	4	4	151	4	1	360
3552	B	1	4	167	1	15	184
3553	A	2	4	808	2	13	815
3554	C	3	4	628	3	5	523
3555	A	4	4	467	4	1	468
3556	D	1	4	302	1	15	209
3557	C	2	4	773	2	13	890
3558	D	3	4	137	3	5	374
3559	A	4	4	108	4	1	107
3560	B	1	4	84	1	15	75
3561	A	2	16	984	2	3	991
3562	B	3	16	271	3	15	272
3563	C	4	16	111	4	13	16
3564	C	1	16	640	1	5	767
3565	C	2	16	79	2	3	48
3566	B	3	16	268	3	15	275
3567	A	4	16	322	4	13	325
3568	A	1	16	826	1	5	829
3569	C	2	16	1020	2	3	899
3570	D	3	16	124	3	15	387
3571	A	4	16	859	4	13	860
3572	A	1	16	523	1	5	524
3573	C	2	16	129	2	3	254
3574	D	3	16	566	3	15	969
3575	C	4	16	1023	4	13	896
3576	C	1	16	223	1	5	160
3577	B	2	16	88	2	3	71
3578	D	3	16	662	3	15	873
3579	C	4	16	269	4	13	370
3580	B	1	16	734	1	5	705
3581	A	2	14	51	2	11	52
3582	D	3	14	601	3	7	934
3583	C	4	14	970	4	5	949
3584	C	1	14	553	1	1	598
3585	D	2	14	310	2	11	201
3586	C	3	14	264	3	7	375
3587	A	4	14	677	4	5	674
3588	D	1	14	925	1	1	610
3589	B	2	14	693	2	11	682
3590	C	3	14	41	3	7	86
3591	A	4	14	753	4	5	758
3592	B	1	14	388	1	1	411
3593	C	2	14	235	2	11	148
3594	A	3	14	841	3	7	846
3595	A	4	14	741	4	5	738
3596	D	1	14	844	1	1	691
3597	A	2	14	954	2	11	957
3598	A	3	14	441	3	7	446
3599	C	4	14	180	4	5	203
3600	C	1	14	289	1	1	350
3601	D	2	12	692	2	15	843
3602	A	3	12	496	3	9	503
3603	C	4	12	750	4	7	657
3604	A	1	12	430	1	13	425
3605	A	2	12	657	2	15	662
3606	D	3	12	341	3	9	170
3607	B	4	12	493	4	7	498
3608	A	1	12	790	1	13	785
3609	D	2	12	701	2	15	834
3610	B	3	12	819	3	9	812
3611	C	4	12	630	4	7	521
3612	C	1	12	665	1	13	742
3613	C	2	12	546	2	15	605
3614	A	3	12	427	3	9	428
3615	D	4	12	656	4	7	879
3616	C	1	12	236	1	13	147
3617	A	2	12	92	2	15	91
3618	C	3	12	209	3	9	174
3619	B	4	12	105	4	7	118
3620	D	1	12	440	1	13	71
3621	D	2	10	796	2	1	739
3622	C	3	10	620	3	1	531
3623	B	4	10	886	4	9	873
3624	A	1	10	800	1	11	807
3625	B	2	10	960	2	1	991
3626	B	3	10	364	3	1	371
3627	B	4	10	127	4	9	96
3628	D	1	10	688	1	11	847
3629	B	2	10	746	2	1	757
3630	D	3	10	249	3	1	262
3631	B	4	10	613	4	9	634
3632	B	1	10	926	1	11	897
3633	A	2	10	454	2	1	449
3634	D	3	10	436	3	1	75
3635	C	4	10	1005	4	9	914
3636	C	1	10	650	1	11	757
3637	A	2	10	88	2	1	95
3638	C	3	10	664	3	1	743
3639	A	4	10	1007	4	9	1000
3640	D	1	10	351	1	11	160
3641	C	2	8	518	2	7	633
3642	C	3	8	351	3	13	288
3643	A	4	8	445	4	3	442
3644	D	1	8	245	1	7	266
3645	D	2	8	912	2	7	623
3646	A	3	8	788	3	13	787
3647	B	4	8	799	4	3	768
3648	B	1	8	502	1	7	489
3649	C	2	8	172	2	7	211
3650	C	3	8	33	3	13	94
3651	B	4	8	666	4	3	645
3652	D	1	8	74	1	7	437
3653	D	2	8	693	2	7	842
3654	D	3	8	586	3	13	949
3655	B	4	8	83	4	3	76
3656	C	1	8	878	1	7	785
3657	B	2	8	260	2	7	283
3658	C	3	8	822	3	13	841
3659	C	4	8	1	4	3	126
3660	C	1	8	945	1	7	974
Total producer execution time using time(2) = 9358.000000
Total consumer execution time using time(2) = 9586.000000
job ended at Mon Apr 6 17:33:00 EDT 2020
