job started at Mon Apr 6 17:12:11 EDT 2020
0	A	1	8	292	1	7	291
1	A	2	6	580	2	3	579
2	C	3	4	336	3	7	303
3	A	4	4	348	4	5	347
4	C	1	6	182	1	5	201
5	D	2	6	713	2	3	822
6	C	3	4	553	3	7	598
7	B	4	4	27	4	5	4
8	D	1	6	50	1	5	461
9	B	2	6	306	2	3	301
10	D	3	4	86	3	7	425
11	C	4	4	686	4	5	721
12	D	1	6	428	1	5	83
13	C	2	6	817	2	3	846
14	D	3	4	19	3	7	492
15	B	4	4	331	4	5	340
16	C	1	6	347	1	5	292
17	D	2	6	850	2	3	685
18	C	3	4	255	3	7	128
19	A	4	4	669	4	5	666
20	B	1	6	787	1	5	780
21	D	2	8	253	2	5	258
22	C	3	2	122	3	3	5
23	B	4	2	591	4	7	592
24	A	1	2	922	1	7	925
25	C	2	8	93	2	5	34
26	A	3	2	280	3	3	287
27	D	4	2	218	4	7	293
28	B	1	2	957	1	7	930
29	B	2	8	657	2	5	654
30	D	3	2	653	3	3	882
31	C	4	2	433	4	7	462
32	B	1	2	661	1	7	650
33	A	2	8	5	2	5	2
34	C	3	2	47	3	3	80
35	D	4	2	797	4	7	738
36	B	1	2	222	1	7	193
37	D	2	8	898	2	5	637
38	A	3	2	499	3	3	500
39	C	4	2	322	4	7	317
40	D	1	2	955	1	7	580
41	B	2	2	509	2	7	482
42	C	3	6	699	3	5	708
43	D	4	8	74	4	1	437
44	C	1	4	39	1	3	88
45	A	2	2	250	2	7	253
46	A	3	6	987	3	5	988
47	D	4	8	595	4	1	940
48	A	1	4	123	1	3	124
49	B	2	2	733	2	7	706
50	B	3	6	990	3	5	961
51	A	4	8	511	4	1	504
52	A	1	4	325	1	3	322
53	D	2	2	305	2	7	206
54	C	3	6	36	3	5	91
55	C	4	8	352	4	1	287
56	C	1	4	398	1	3	497
57	A	2	2	945	2	7	950
58	A	3	6	547	3	5	548
59	A	4	8	631	4	1	624
60	B	1	4	648	1	3	663
61	A	2	4	318	2	1	313
62	B	3	8	304	3	1	303
63	D	4	6	293	4	7	218
64	B	1	8	816	1	5	815
65	D	2	4	853	2	1	682
66	C	3	8	160	3	1	223
67	D	4	6	124	4	7	387
68	C	1	8	937	1	5	982
69	D	2	4	314	2	1	197
70	A	3	8	676	3	1	675
71	B	4	6	423	4	7	440
72	A	1	8	706	1	5	709
73	C	2	4	397	2	1	498
74	B	3	8	961	3	1	990
75	A	4	6	236	4	7	235
76	A	1	8	940	1	5	939
77	D	2	4	387	2	1	124
78	A	3	8	662	3	1	657
79	A	4	6	965	4	7	962
80	D	1	8	799	1	5	736
81	B	2	6	579	2	3	604
82	A	3	4	134	3	3	129
83	C	4	4	884	4	3	779
84	B	1	6	812	1	1	819
85	A	2	6	586	2	3	589
86	A	3	4	688	3	3	695
87	C	4	4	22	4	3	105
88	C	1	6	685	1	1	722
89	D	2	6	900	2	3	635
90	D	3	4	353	3	3	158
91	B	4	4	151	4	3	136
92	C	1	6	63	1	1	64
93	D	2	6	919	2	3	616
94	D	3	4	446	3	3	65
95	C	4	4	684	4	3	723
96	C	1	6	895	1	1	768
97	A	2	6	552	2	3	559
98	B	3	4	609	3	3	638
99	C	4	4	488	4	3	407
100	C	1	6	1021	1	1	898
101	C	2	8	211	2	7	172
102	C	3	2	959	3	7	960
103	B	4	8	740	4	1	763
104	B	1	4	637	1	3	610
105	C	2	8	950	2	7	969
106	D	3	2	897	3	7	638
107	D	4	8	498	4	1	13
108	B	1	4	984	1	3	967
109	A	2	8	951	2	7	944
110	A	3	2	319	3	7	312
111	A	4	8	75	4	1	76
112	B	1	4	20	1	3	11
113	A	2	8	54	2	7	49
114	D	3	2	958	3	7	577
115	D	4	8	627	4	1	908
116	B	1	4	131	1	3	156
117	D	2	8	472	2	7	39
118	B	3	2	810	3	7	821
119	A	4	8	633	4	1	638
120	A	1	4	590	1	3	585
121	C	2	2	5	2	5	122
122	C	3	8	88	3	1	39
123	A	4	2	471	4	5	464
124	A	1	2	240	1	7	247
125	D	2	2	555	2	5	980
126	A	3	8	484	3	1	483
127	C	4	2	227	4	5	156
128	C	1	2	854	1	7	809
129	A	2	2	707	2	5	708
130	A	3	8	200	3	1	207
131	D	4	2	39	4	5	472
132	A	1	2	243	1	7	244
133	A	2	2	380	2	5	379
134	A	3	8	140	3	1	139
135	C	4	2	350	4	5	289
136	D	1	2	464	1	7	47
137	D	2	2	328	2	5	183
138	D	3	8	194	3	1	317
139	B	4	2	704	4	5	735
140	A	1	2	122	1	7	125
141	A	2	6	313	2	3	318
142	D	3	6	326	3	5	185
143	A	4	6	367	4	3	360
144	B	1	8	109	1	1	114
145	A	2	6	386	2	3	389
146	B	3	6	536	3	5	519
147	C	4	6	23	4	3	104
148	C	1	8	308	1	1	331
149	B	2	6	807	2	3	824
150	A	3	6	603	3	5	604
151	B	4	6	640	4	3	671
152	B	1	8	96	1	1	127
153	D	2	6	68	2	3	443
154	C	3	6	575	3	5	576
155	D	4	6	463	4	3	48
156	B	1	8	378	1	1	357
157	D	2	6	754	2	3	781
158	D	3	6	1023	3	5	512
159	A	4	6	788	4	3	787
160	D	1	8	677	1	1	858
161	D	2	4	507	2	1	4
162	C	3	4	647	3	3	760
163	A	4	8	1007	4	5	1000
164	C	1	6	774	1	5	889
165	C	2	4	169	2	1	214
166	A	3	4	206	3	3	201
167	D	4	8	222	4	5	289
168	A	1	6	595	1	5	596
169	D	2	4	109	2	1	402
170	D	3	4	739	3	3	796
171	B	4	8	687	4	5	688
172	D	1	6	593	1	5	942
173	A	2	4	847	2	1	840
174	A	3	4	699	3	3	700
175	B	4	8	481	4	5	510
176	D	1	6	573	1	5	962
177	C	2	4	679	2	1	728
178	D	3	4	247	3	3	264
179	A	4	8	686	4	5	681
180	D	1	6	345	1	5	166
181	D	2	8	381	2	7	130
182	A	3	2	218	3	7	221
183	C	4	2	392	4	1	503
184	D	1	4	964	1	7	571
185	D	2	8	1015	2	7	520
186	D	3	2	99	3	7	412
187	A	4	2	508	4	1	507
188	D	1	4	89	1	7	422
189	A	2	8	723	2	7	724
190	D	3	2	127	3	7	384
191	B	4	2	353	4	1	382
192	C	1	4	599	1	7	552
193	B	2	8	266	2	7	277
194	D	3	2	72	3	7	439
195	D	4	2	977	4	1	558
196	B	1	4	755	1	7	748
197	B	2	8	156	2	7	131
198	B	3	2	173	3	7	178
199	B	4	2	973	4	1	978
200	B	1	4	562	1	7	557
201	B	2	2	276	2	5	267
202	C	3	8	238	3	5	145
203	D	4	4	707	4	7	828
204	A	1	2	89	1	3	94
205	B	2	2	642	2	5	669
206	C	3	8	363	3	5	276
207	D	4	4	831	4	7	704
208	C	1	2	182	1	3	201
209	C	2	2	52	2	5	75
210	C	3	8	461	3	5	434
211	C	4	4	665	4	7	742
212	D	1	2	760	1	3	775
213	D	2	2	619	2	5	916
214	C	3	8	241	3	5	142
215	C	4	4	433	4	7	462
216	D	1	2	569	1	3	966
217	D	2	2	1003	2	5	532
218	A	3	8	554	3	5	557
219	A	4	4	122	4	7	125
220	B	1	2	273	1	3	270
221	D	2	6	160	2	1	351
222	C	3	6	865	3	1	798
223	D	4	6	410	4	3	101
224	B	1	8	814	1	1	817
225	D	2	6	379	2	1	132
226	A	3	6	145	3	1	150
227	B	4	6	602	4	3	581
228	C	1	8	91	1	1	36
229	A	2	6	238	2	1	233
230	D	3	6	932	3	1	603
231	D	4	6	335	4	3	176
232	A	1	8	7	1	1	0
233	A	2	6	189	2	1	186
234	D	3	6	911	3	1	624
235	A	4	6	629	4	3	626
236	A	1	8	253	1	1	250
237	A	2	6	613	2	1	610
238	B	3	6	413	3	1	386
239	A	4	6	482	4	3	485
240	A	1	8	440	1	1	447
241	C	2	4	919	2	7	1000
242	A	3	4	679	3	3	672
243	B	4	8	909	4	7	914
244	A	1	6	476	1	5	475
245	A	2	4	632	2	7	639
246	C	3	4	731	3	3	676
247	A	4	8	728	4	7	735
248	B	1	6	215	1	5	200
249	B	2	4	648	2	7	663
250	A	3	4	2	3	3	5
251	D	4	8	620	4	7	915
252	A	1	6	915	1	5	916
253	D	2	4	35	2	7	476
254	C	3	4	145	3	3	238
255	A	4	8	491	4	7	492
256	A	1	6	972	1	5	971
257	B	2	4	276	2	7	267
258	B	3	4	906	3	3	917
259	B	4	8	906	4	7	917
260	D	1	6	146	1	5	365
261	D	2	8	184	2	3	327
262	D	3	2	831	3	7	704
263	B	4	2	695	4	5	680
264	C	1	4	938	1	7	981
265	C	2	8	120	2	3	7
266	B	3	2	850	3	7	845
267	A	4	2	153	4	5	158
268	D	1	4	292	1	7	219
269	C	2	8	792	2	3	871
270	B	3	2	303	3	7	304
271	D	4	2	633	4	5	902
272	A	1	4	937	1	7	942
273	A	2	8	452	2	3	451
274	C	3	2	623	3	7	528
275	D	4	2	114	4	5	397
276	A	1	4	614	1	7	609
277	D	2	8	544	2	3	991
278	B	3	2	689	3	7	686
279	B	4	2	397	4	5	402
280	B	1	4	730	1	7	709
281	D	2	2	189	2	5	322
282	A	3	8	676	3	5	675
283	B	4	4	249	4	1	230
284	A	1	2	436	1	3	435
285	B	2	2	441	2	5	422
286	D	3	8	647	3	5	888
287	A	4	4	919	4	1	912
288	D	1	2	290	1	3	221
289	C	2	2	161	2	5	222
290	C	3	8	197	3	5	186
291	D	4	4	364	4	1	147
292	A	1	2	62	1	3	57
293	D	2	2	716	2	5	819
294	A	3	8	483	3	5	484
295	A	4	4	605	4	1	602
296	C	1	2	244	1	3	139
297	D	2	2	727	2	5	808
298	A	3	8	815	3	5	808
299	A	4	4	257	4	1	262
300	C	1	2	783	1	3	880
301	C	2	6	959	2	7	960
302	C	3	6	606	3	1	545
303	D	4	6	993	4	3	542
304	A	1	8	22	1	1	17
305	A	2	6	169	2	7	174
306	D	3	6	995	3	1	540
307	B	4	6	898	4	3	925
308	B	1	8	985	1	1	966
309	C	2	6	135	2	7	248
310	D	3	6	1001	3	1	534
311	A	4	6	518	4	3	513
312	B	1	8	307	1	1	300
313	C	2	6	10	2	7	117
314	A	3	6	746	3	1	749
315	A	4	6	859	4	3	860
316	D	1	8	974	1	1	561
317	C	2	6	307	2	7	332
318	B	3	6	159	3	1	128
319	B	4	6	527	4	3	528
320	B	1	8	204	1	1	211
321	A	2	4	11	2	1	12
322	C	3	4	932	3	3	987
323	A	4	8	955	4	7	956
324	A	1	6	927	1	5	920
325	C	2	4	880	2	1	783
326	C	3	4	59	3	3	68
327	C	4	8	811	4	7	852
328	C	1	6	147	1	5	236
329	D	2	4	729	2	1	806
330	D	3	4	149	3	3	362
331	B	4	8	862	4	7	833
332	A	1	6	682	1	5	685
333	D	2	4	293	2	1	218
334	B	3	4	935	3	3	952
335	D	4	8	64	4	7	447
336	D	1	6	242	1	5	269
337	A	2	4	975	2	1	968
338	C	3	4	315	3	3	324
339	B	4	8	887	4	7	872
340	D	1	6	365	1	5	146
341	C	2	8	729	2	3	678
342	C	3	8	15	3	5	112
343	B	4	2	658	4	5	653
344	A	1	2	366	1	3	361
345	D	2	8	13	2	3	498
346	A	3	8	770	3	5	773
347	A	4	2	298	4	5	301
348	C	1	2	2	1	3	125
349	C	2	8	667	2	3	740
350	B	3	8	973	3	5	978
351	D	4	2	393	4	5	118
352	C	1	2	180	1	3	203
353	B	2	8	145	2	3	142
354	A	3	8	299	3	5	300
355	C	4	2	678	4	5	729
356	D	1	2	204	1	3	307
357	A	2	8	807	2	3	800
358	C	3	8	722	3	5	685
359	C	4	2	745	4	5	662
360	C	1	2	296	1	3	343
361	D	2	2	697	2	5	838
362	D	3	2	110	3	7	401
363	D	4	4	898	4	1	637
364	B	1	4	526	1	7	529
365	C	2	2	705	2	5	702
366	D	3	2	951	3	7	584
367	C	4	4	1015	4	1	904
368	D	1	4	848	1	7	687
369	A	2	2	907	2	5	908
370	A	3	2	584	3	7	591
371	A	4	4	563	4	1	564
372	D	1	4	809	1	7	726
373	A	2	2	531	2	5	532
374	A	3	2	176	3	7	183
375	A	4	4	629	4	1	626
376	D	1	4	332	1	7	179
377	B	2	2	703	2	5	672
378	C	3	2	171	3	7	212
379	C	4	4	92	4	1	35
380	D	1	4	403	1	7	108
381	B	2	6	331	2	1	340
382	A	3	6	13	3	1	10
383	B	4	6	73	4	3	86
384	D	1	6	15	1	5	496
385	A	2	6	635	2	1	636
386	C	3	6	139	3	1	244
387	D	4	6	707	4	3	828
388	B	1	6	940	1	5	947
389	D	2	6	294	2	1	217
390	A	3	6	687	3	1	680
391	B	4	6	185	4	3	166
392	A	1	6	987	1	5	988
393	A	2	6	324	2	1	323
394	A	3	6	647	3	1	640
395	B	4	6	555	4	3	564
396	B	1	6	966	1	5	985
397	D	2	6	428	2	1	83
398	D	3	6	989	3	1	546
399	D	4	6	666	4	3	869
400	B	1	6	782	1	5	785
401	A	2	4	448	2	7	455
402	B	3	4	854	3	3	841
403	B	4	8	750	4	7	753
404	D	1	8	307	1	1	204
405	C	2	4	46	2	7	81
406	B	3	4	625	3	3	622
407	C	4	8	544	4	7	607
408	C	1	8	341	1	1	298
409	C	2	4	299	2	7	340
410	A	3	4	104	3	3	111
411	D	4	8	129	4	7	382
412	D	1	8	615	1	1	920
413	D	2	4	465	2	7	46
414	C	3	4	767	3	3	640
415	B	4	8	450	4	7	477
416	B	1	8	583	1	1	600
417	B	2	4	555	2	7	564
418	C	3	4	600	3	3	551
419	C	4	8	488	4	7	407
420	A	1	8	840	1	1	847
421	D	2	8	948	2	3	587
422	D	3	8	354	3	5	157
423	B	4	4	753	4	1	750
424	B	1	4	934	1	1	953
425	B	2	8	478	2	3	449
426	A	3	8	886	3	5	881
427	A	4	4	290	4	1	293
428	A	1	4	793	1	1	798
429	A	2	8	686	2	3	681
430	D	3	8	334	3	5	177
431	D	4	4	840	4	1	695
432	A	1	4	660	1	1	659
433	A	2	8	91	2	3	92
434	B	3	8	382	3	5	353
435	A	4	4	772	4	1	771
436	C	1	4	419	1	1	476
437	B	2	8	95	2	3	64
438	A	3	8	639	3	5	632
439	B	4	4	87	4	1	72
440	C	1	4	650	1	1	757
441	D	2	2	220	2	5	291
442	B	3	6	333	3	1	338
443	D	4	2	161	4	5	350
444	C	1	2	854	1	7	809
445	C	2	2	609	2	5	542
446	D	3	6	661	3	1	874
447	C	4	2	882	4	5	781
448	D	1	2	761	1	7	774
449	B	2	2	276	2	5	267
450	B	3	6	168	3	1	183
451	A	4	2	383	4	5	376
452	D	1	2	805	1	7	730
453	B	2	2	349	2	5	322
454	B	3	6	134	3	1	153
455	D	4	2	807	4	5	728
456	B	1	2	804	1	7	827
457	B	2	2	409	2	5	390
458	A	3	6	957	3	1	954
459	A	4	2	918	4	5	913
460	A	1	2	897	1	7	902
461	B	2	6	658	2	3	653
462	C	3	2	504	3	7	391
463	B	4	6	718	4	7	721
464	D	1	6	547	1	5	988
465	C	2	6	466	2	3	429
466	D	3	2	585	3	7	950
467	B	4	6	151	4	7	136
468	B	1	6	72	1	5	87
469	B	2	6	274	2	3	269
470	B	3	2	300	3	7	307
471	A	4	6	26	4	7	29
472	D	1	6	787	1	5	748
473	D	2	6	29	2	3	482
474	C	3	2	26	3	7	101
475	A	4	6	354	4	7	357
476	D	1	6	258	1	5	253
477	A	2	6	664	2	3	671
478	D	3	2	243	3	7	268
479	B	4	6	815	4	7	816
480	C	1	6	767	1	5	640
481	A	2	4	703	2	1	696
482	C	3	4	674	3	3	733
483	B	4	4	889	4	5	870
484	D	1	8	261	1	3	250
485	C	2	4	823	2	1	840
486	B	3	4	121	3	3	102
487	C	4	4	361	4	5	278
488	D	1	8	982	1	3	553
489	A	2	4	84	2	1	83
490	D	3	4	658	3	3	877
491	A	4	4	422	4	5	417
492	D	1	8	796	1	3	739
493	D	2	4	689	2	1	846
494	D	3	4	595	3	3	940
495	D	4	4	763	4	5	772
496	D	1	8	689	1	3	846
497	C	2	4	63	2	1	64
498	D	3	4	426	3	3	85
499	A	4	4	963	4	5	964
500	D	1	8	978	1	3	557
501	A	2	2	229	2	5	226
502	A	3	6	765	3	7	762
503	D	4	8	872	4	3	663
504	A	1	2	658	1	1	661
505	D	2	2	704	2	5	831
506	B	3	6	697	3	7	678
507	B	4	8	915	4	3	908
508	A	1	2	954	1	1	957
509	B	2	2	259	2	5	284
510	B	3	6	916	3	7	907
511	A	4	8	862	4	3	857
512	B	1	2	434	1	1	429
513	D	2	2	990	2	5	545
514	C	3	6	289	3	7	350
515	A	4	8	646	4	3	641
516	C	1	2	496	1	1	399
517	B	2	2	54	2	5	41
518	D	3	6	843	3	7	692
519	D	4	8	465	4	3	46
520	A	1	2	680	1	1	687
521	C	2	8	795	2	7	868
522	B	3	8	660	3	5	651
523	C	4	2	855	4	1	808
524	A	1	4	141	1	7	138
525	D	2	8	161	2	7	350
526	A	3	8	375	3	5	368
527	A	4	2	713	4	1	718
528	B	1	4	934	1	7	953
529	C	2	8	169	2	7	214
530	C	3	8	684	3	5	723
531	D	4	2	576	4	1	959
532	D	1	4	732	1	7	803
533	C	2	8	761	2	7	646
534	C	3	8	240	3	5	143
535	B	4	2	285	4	1	258
536	C	1	4	772	1	7	891
537	D	2	8	594	2	7	941
538	C	3	8	68	3	5	59
539	A	4	2	485	4	1	482
540	B	1	4	349	1	7	322
541	B	2	6	382	2	3	353
542	C	3	2	830	3	1	833
543	A	4	6	482	4	3	485
544	A	1	6	683	1	5	684
545	A	2	6	199	2	3	192
546	B	3	2	188	3	1	163
547	B	4	6	954	4	3	933
548	A	1	6	412	1	5	411
549	B	2	6	94	2	3	65
550	B	3	2	635	3	1	612
551	A	4	6	887	4	3	880
552	A	1	6	879	1	5	872
553	A	2	6	803	2	3	804
554	D	3	2	212	3	1	299
555	A	4	6	467	4	3	468
556	B	1	6	169	1	5	182
557	A	2	6	723	2	3	724
558	B	3	2	15	3	1	16
559	B	4	6	679	4	3	696
560	B	1	6	830	1	5	801
561	C	2	4	599	2	1	552
562	B	3	4	885	3	5	874
563	A	4	8	104	4	1	111
564	B	1	8	50	1	7	45
565	A	2	4	58	2	1	61
566	A	3	4	40	3	5	47
567	C	4	8	926	4	1	993
568	A	1	8	146	1	7	149
569	A	2	4	177	2	1	182
570	C	3	4	888	3	5	775
571	A	4	8	445	4	1	442
572	A	1	8	456	1	7	463
573	D	2	4	250	2	1	261
574	A	3	4	775	3	5	768
575	B	4	8	595	4	1	588
576	D	1	8	338	1	7	173
577	A	2	4	941	2	1	938
578	B	3	4	346	3	5	325
579	B	4	8	311	4	1	296
580	C	1	8	635	1	7	516
581	B	2	8	552	2	3	567
582	A	3	8	902	3	7	897
583	C	4	4	576	4	7	575
584	B	1	2	639	1	1	608
585	A	2	8	115	2	3	116
586	D	3	8	26	3	7	485
587	C	4	4	402	4	7	493
588	C	1	2	697	1	1	710
589	B	2	8	476	2	3	451
590	C	3	8	802	3	7	861
591	C	4	4	105	4	7	22
592	A	1	2	381	1	1	378
593	B	2	8	368	2	3	367
594	A	3	8	391	3	7	384
595	B	4	4	127	4	7	96
596	D	1	2	672	1	1	863
597	A	2	8	460	2	3	459
598	D	3	8	992	3	7	543
599	C	4	4	861	4	7	802
600	C	1	2	782	1	1	881
601	C	2	2	841	2	7	822
602	C	3	6	430	3	3	465
603	D	4	2	438	4	5	73
604	C	1	4	919	1	3	1000
605	D	2	2	446	2	7	65
606	B	3	6	288	3	3	319
607	C	4	2	409	4	5	486
608	D	1	4	947	1	3	588
609	B	2	2	621	2	7	626
610	D	3	6	876	3	3	659
611	C	4	2	653	4	5	754
612	D	1	4	348	1	3	163
613	B	2	2	880	2	7	879
614	D	3	6	935	3	3	600
615	B	4	2	937	4	5	950
616	A	1	4	331	1	3	332
617	C	2	2	475	2	7	420
618	A	3	6	316	3	3	315
619	B	4	2	800	4	5	831
620	C	1	4	252	1	3	131
621	A	2	4	654	2	7	649
622	D	3	2	807	3	1	728
623	C	4	6	178	4	3	205
624	C	1	6	435	1	5	460
625	B	2	4	95	2	7	64
626	B	3	2	264	3	1	279
627	D	4	6	1001	4	3	534
628	D	1	6	85	1	5	426
629	A	2	4	476	2	7	475
630	A	3	2	184	3	1	191
631	B	4	6	414	4	3	385
632	B	1	6	245	1	5	234
633	D	2	4	601	2	7	934
634	D	3	2	815	3	1	720
635	D	4	6	139	4	3	372
636	A	1	6	699	1	5	700
637	C	2	4	485	2	7	410
638	A	3	2	513	3	1	518
639	A	4	6	301	4	3	298
640	B	1	6	657	1	5	654
641	D	2	6	454	2	5	57
642	B	3	4	650	3	5	661
643	C	4	8	658	4	7	749
644	B	1	8	865	1	7	894
645	C	2	6	328	2	5	311
646	C	3	4	31	3	5	96
647	A	4	8	625	4	7	630
648	A	1	8	82	1	7	85
649	C	2	6	558	2	5	593
650	B	3	4	979	3	5	972
651	B	4	8	617	4	7	630
652	B	1	8	4	1	7	27
653	D	2	6	182	2	5	329
654	B	3	4	185	3	5	166
655	B	4	8	260	4	7	283
656	A	1	8	320	1	7	327
657	C	2	6	828	2	5	835
658	C	3	4	982	3	5	937
659	D	4	8	725	4	7	810
660	C	1	8	111	1	7	16
661	B	2	2	203	2	5	212
662	D	3	2	260	3	1	251
663	D	4	4	216	4	1	295
664	A	1	2	903	1	1	896
665	C	2	2	739	2	5	668
666	B	3	2	815	3	1	816
667	C	4	4	834	4	1	829
668	C	1	2	56	1	1	71
669	A	2	2	935	2	5	928
670	A	3	2	43	3	1	44
671	B	4	4	326	4	1	345
672	C	1	2	119	1	1	8
673	A	2	2	908	2	5	907
674	D	3	2	63	3	1	448
675	D	4	4	875	4	1	660
676	B	1	2	606	1	1	577
677	B	2	2	727	2	5	712
678	A	3	2	587	3	1	588
679	A	4	4	191	4	1	184
680	D	1	2	227	1	1	284
681	D	2	8	77	2	1	434
682	D	3	6	916	3	7	619
683	C	4	2	755	4	5	652
684	A	1	4	590	1	3	585
685	D	2	8	810	2	1	725
686	C	3	6	196	3	7	187
687	C	4	2	213	4	5	170
688	B	1	4	10	1	3	21
689	D	2	8	899	2	1	636
690	B	3	6	689	3	7	686
691	B	4	2	645	4	5	666
692	A	1	4	945	1	3	950
693	C	2	8	11	2	1	116
694	D	3	6	824	3	7	711
695	C	4	2	981	4	5	938
696	D	1	4	316	1	3	195
697	D	2	8	541	2	1	994
698	C	3	6	705	3	7	702
699	B	4	2	253	4	5	226
700	D	1	4	191	1	3	320
701	A	2	6	755	2	7	756
702	D	3	8	365	3	3	146
703	A	4	6	175	4	7	168
704	D	1	6	949	1	5	586
705	C	2	6	502	2	7	393
706	C	3	8	186	3	3	197
707	A	4	6	153	4	7	158
708	C	1	6	363	1	5	276
709	A	2	6	757	2	7	754
710	D	3	8	600	3	3	935
711	B	4	6	304	4	7	303
712	D	1	6	548	1	5	987
713	A	2	6	816	2	7	823
714	D	3	8	378	3	3	133
715	C	4	6	934	4	7	985
716	D	1	6	439	1	5	72
717	D	2	6	660	2	7	875
718	C	3	8	987	3	3	932
719	C	4	6	216	4	7	167
720	A	1	6	918	1	5	913
721	C	2	4	1015	2	3	904
722	B	3	4	848	3	5	847
723	A	4	4	657	4	1	662
724	B	1	8	651	1	7	660
725	A	2	4	807	2	3	800
726	D	3	4	672	3	5	863
727	B	4	4	542	4	1	513
728	A	1	8	357	1	7	354
729	D	2	4	805	2	3	730
730	C	3	4	788	3	5	875
731	A	4	4	122	4	1	125
732	B	1	8	31	1	7	0
733	C	2	4	613	2	3	538
734	D	3	4	1020	3	5	515
735	C	4	4	803	4	1	860
736	D	1	8	721	1	7	814
737	B	2	4	478	2	3	449
738	A	3	4	908	3	5	907
739	C	4	4	1021	4	1	898
740	C	1	8	765	1	7	642
741	C	2	2	249	2	1	134
742	A	3	2	960	3	3	967
743	D	4	8	694	4	3	841
744	A	1	2	422	1	3	417
745	D	2	2	154	2	1	357
746	B	3	2	648	3	3	663
747	B	4	8	201	4	3	214
748	A	1	2	335	1	3	328
749	A	2	2	348	2	1	347
750	A	3	2	966	3	3	961
751	D	4	8	302	4	3	209
752	D	1	2	416	1	3	95
753	B	2	2	793	2	1	774
754	D	3	2	442	3	3	69
755	C	4	8	950	4	3	969
756	B	1	2	855	1	3	840
757	D	2	2	121	2	1	390
758	D	3	2	74	3	3	437
759	D	4	8	626	4	3	909
760	C	1	2	223	1	3	160
761	A	2	8	229	2	3	226
762	D	3	6	250	3	7	261
763	D	4	2	206	4	5	305
764	C	1	4	458	1	1	437
765	A	2	8	673	2	3	678
766	A	3	6	361	3	7	366
767	B	4	2	193	4	5	222
768	D	1	4	59	1	1	452
769	A	2	8	620	2	3	619
770	C	3	6	345	3	7	294
771	B	4	2	449	4	5	478
772	A	1	4	837	1	1	834
773	A	2	8	907	2	3	908
774	D	3	6	252	3	7	259
775	C	4	2	756	4	5	651
776	D	1	4	773	1	1	762
777	C	2	8	966	2	3	953
778	D	3	6	739	3	7	796
779	B	4	2	223	4	5	192
780	C	1	4	223	1	1	160
781	B	2	4	612	2	7	635
782	C	3	8	588	3	1	563
783	C	4	6	334	4	7	305
784	C	1	6	142	1	5	241
785	D	2	4	883	2	7	652
786	A	3	8	701	3	1	698
787	D	4	6	698	4	7	837
788	B	1	6	980	1	5	971
789	D	2	4	74	2	7	437
790	D	3	8	442	3	1	69
791	A	4	6	578	4	7	581
792	B	1	6	278	1	5	265
793	B	2	4	818	2	7	813
794	C	3	8	888	3	1	775
795	C	4	6	521	4	7	630
796	C	1	6	15	1	5	112
797	C	2	4	359	2	7	280
798	D	3	8	216	3	1	295
799	B	4	6	21	4	7	10
800	C	1	6	520	1	5	631
801	D	2	6	761	2	5	774
802	B	3	4	360	3	5	375
803	D	4	4	192	4	3	319
804	D	1	8	736	1	7	799
805	B	2	6	437	2	5	426
806	C	3	4	1020	3	5	899
807	D	4	4	406	4	3	105
808	A	1	8	800	1	7	807
809	C	2	6	69	2	5	58
810	C	3	4	999	3	5	920
811	B	4	4	230	4	3	249
812	B	1	8	614	1	7	633
813	C	2	6	818	2	5	845
814	A	3	4	530	3	5	533
815	C	4	4	344	4	3	295
816	C	1	8	204	1	7	179
817	D	2	6	389	2	5	122
818	B	3	4	685	3	5	690
819	B	4	4	445	4	3	418
820	B	1	8	766	1	7	737
821	B	2	2	851	2	5	844
822	D	3	2	427	3	3	84
823	B	4	2	978	4	5	973
824	C	1	2	717	1	1	690
825	C	2	2	1015	2	5	904
826	C	3	2	195	3	3	188
827	C	4	2	613	4	5	538
828	B	1	2	719	1	1	720
829	A	2	2	201	2	5	206
830	B	3	2	644	3	3	667
831	C	4	2	146	4	5	237
832	A	1	2	57	1	1	62
833	B	2	2	557	2	5	562
834	D	3	2	172	3	3	339
835	D	4	2	321	4	5	190
836	A	1	2	4	1	1	3
837	B	2	2	889	2	5	870
838	C	3	2	1	3	3	126
839	B	4	2	733	4	5	706
840	C	1	2	16	1	1	111
841	D	2	8	363	2	1	148
842	B	3	6	18	3	7	13
843	C	4	8	716	4	1	691
844	C	1	4	271	1	3	368
845	D	2	8	107	2	1	404
846	C	3	6	931	3	7	988
847	C	4	8	37	4	1	90
848	D	1	4	251	1	3	260
849	B	2	8	517	2	1	538
850	C	3	6	670	3	7	737
851	B	4	8	477	4	1	450
852	A	1	4	522	1	3	525
853	C	2	8	572	2	1	579
854	A	3	6	675	3	7	676
855	C	4	8	285	4	1	354
856	D	1	4	335	1	3	176
857	D	2	8	31	2	1	480
858	A	3	6	420	3	7	419
859	C	4	8	252	4	1	131
860	D	1	4	968	1	3	567
861	D	2	6	813	2	7	722
862	A	3	4	509	3	5	506
863	D	4	6	709	4	7	826
864	A	1	6	121	1	5	126
865	A	2	6	514	2	7	517
866	C	3	4	4	3	5	123
867	C	4	6	62	4	7	65
868	D	1	6	869	1	5	666
869	A	2	6	71	2	7	64
870	D	3	4	496	3	5	15
871	D	4	6	588	4	7	947
872	C	1	6	159	1	5	224
873	C	2	6	209	2	7	174
874	C	3	4	490	3	5	405
875	A	4	6	101	4	7	98
876	D	1	6	313	1	5	198
877	B	2	6	1016	2	7	999
878	C	3	4	724	3	5	683
879	B	4	6	244	4	7	235
880	C	1	6	352	1	5	287
881	D	2	4	982	2	3	553
882	A	3	8	358	3	1	353
883	C	4	2	643	4	1	764
884	D	1	8	766	1	7	769
885	D	2	4	325	2	3	186
886	D	3	8	367	3	1	144
887	A	4	2	395	4	1	396
888	B	1	8	439	1	7	424
889	C	2	4	454	2	3	441
890	D	3	8	661	3	1	874
891	B	4	2	694	4	1	681
892	C	1	8	619	1	7	532
893	B	2	4	378	2	3	357
894	B	3	8	39	3	1	56
895	B	4	2	865	4	1	894
896	A	1	8	527	1	7	520
897	D	2	4	223	2	3	288
898	D	3	8	391	3	1	120
899	C	4	2	401	4	1	494
900	A	1	8	302	1	7	297
901	B	2	2	71	2	5	88
902	B	3	2	944	3	3	943
903	B	4	8	744	4	7	759
904	A	1	2	987	1	1	988
905	C	2	2	461	2	5	434
906	B	3	2	229	3	3	250
907	B	4	8	181	4	7	170
908	B	1	2	265	1	1	278
909	B	2	2	241	2	5	238
910	D	3	2	272	3	3	239
911	C	4	8	961	4	7	958
912	A	1	2	629	1	1	626
913	A	2	2	116	2	5	115
914	A	3	2	193	3	3	198
915	B	4	8	619	4	7	628
916	B	1	2	674	1	1	701
917	A	2	2	966	2	5	961
918	A	3	2	534	3	3	529
919	A	4	8	320	4	7	327
920	C	1	2	685	1	1	722
921	B	2	8	58	2	1	37
922	A	3	6	479	3	7	472
923	D	4	4	591	4	3	944
924	A	1	8	626	1	7	629
925	B	2	8	849	2	1	846
926	B	3	6	602	3	7	581
927	B	4	4	62	4	3	33
928	C	1	8	1013	1	7	906
929	B	2	8	590	2	1	593
930	C	3	6	761	3	7	646
931	B	4	4	571	4	3	548
932	A	1	8	277	1	7	274
933	A	2	8	620	2	1	619
934	A	3	6	745	3	7	750
935	D	4	4	583	4	3	952
936	B	1	8	457	1	7	470
937	A	2	8	26	2	1	29
938	D	3	6	213	3	7	298
939	D	4	4	809	4	3	726
940	A	1	8	229	1	7	226
941	A	2	4	251	2	1	252
942	B	3	4	772	3	1	795
943	C	4	6	966	4	5	953
944	C	1	6	1017	1	5	902
945	D	2	4	246	2	1	265
946	C	3	4	31	3	1	96
947	D	4	6	726	4	5	809
948	A	1	6	396	1	5	395
949	B	2	4	438	2	1	425
950	A	3	4	539	3	1	540
951	C	4	6	434	4	5	461
952	B	1	6	711	1	5	728
953	A	2	4	952	2	1	959
954	D	3	4	29	3	1	482
955	A	4	6	33	4	5	38
956	B	1	6	484	1	5	507
957	B	2	4	790	2	1	777
958	B	3	4	535	3	1	520
959	A	4	6	716	4	5	715
960	D	1	6	673	1	5	862
961	D	2	6	74	2	3	437
962	B	3	8	653	3	5	658
963	B	4	8	561	4	1	558
964	D	1	4	47	1	3	464
965	D	2	6	98	2	3	413
966	C	3	8	627	3	5	524
967	D	4	8	345	4	1	166
968	D	1	4	591	1	3	944
969	C	2	6	486	2	3	409
970	D	3	8	436	3	5	75
971	C	4	8	540	4	1	611
972	A	1	4	944	1	3	951
973	D	2	6	879	2	3	656
974	C	3	8	406	3	5	489
975	B	4	8	636	4	1	611
976	B	1	4	201	1	3	214
977	A	2	6	301	2	3	298
978	B	3	8	956	3	5	931
979	B	4	8	183	4	1	168
980	D	1	4	804	1	3	731
981	D	2	2	263	2	7	248
982	B	3	2	804	3	3	827
983	C	4	4	262	4	7	377
984	D	1	2	193	1	1	318
985	C	2	2	938	2	7	981
986	C	3	2	410	3	3	485
987	D	4	4	607	4	7	928
988	B	1	2	684	1	1	691
989	B	2	2	786	2	7	781
990	B	3	2	918	3	3	905
991	C	4	4	546	4	7	605
992	A	1	2	731	1	1	732
993	C	2	2	369	2	7	270
994	C	3	2	990	3	3	929
995	A	4	4	876	4	7	875
996	B	1	2	283	1	1	260
997	A	2	2	682	2	7	685
998	C	3	2	621	3	3	530
999	B	4	4	787	4	7	780
1000	C	1	2	837	1	1	826
1001	B	2	8	69	2	5	90
1002	A	3	6	713	3	1	718
1003	D	4	2	645	4	3	890
1004	B	1	8	485	1	7	506
1005	C	2	8	1003	2	5	916
1006	A	3	6	46	3	1	41
1007	C	4	2	607	4	3	544
1008	D	1	8	991	1	7	544
1009	C	2	8	300	2	5	339
1010	B	3	6	648	3	1	663
1011	D	4	2	33	4	3	478
1012	A	1	8	843	1	7	844
1013	B	2	8	145	2	5	142
1014	C	3	6	925	3	1	994
1015	D	4	2	278	4	3	233
1016	B	1	8	941	1	7	946
1017	D	2	8	646	2	5	889
1018	B	3	6	887	3	1	872
1019	D	4	2	773	4	3	762
1020	D	1	8	272	1	7	239
1021	B	2	4	261	2	3	282
1022	A	3	4	978	3	7	981
1023	C	4	6	115	4	5	12
1024	B	1	2	551	1	1	568
1025	B	2	4	746	2	3	757
1026	C	3	4	510	3	7	385
1027	D	4	6	590	4	5	945
1028	D	1	2	183	1	1	328
1029	B	2	4	752	2	3	751
1030	C	3	4	429	3	7	466
1031	C	4	6	632	4	5	519
1032	A	1	2	101	1	1	98
1033	C	2	4	562	2	3	589
1034	D	3	4	947	3	7	588
1035	D	4	6	777	4	5	758
1036	A	1	2	321	1	1	326
1037	C	2	4	455	2	3	440
1038	D	3	4	370	3	7	141
1039	A	4	6	416	4	5	423
1040	B	1	2	881	1	1	878
1041	B	2	6	943	2	1	944
1042	B	3	8	100	3	5	123
1043	D	4	4	409	4	7	102
1044	C	1	6	964	1	3	955
1045	B	2	6	141	2	1	146
1046	D	3	8	246	3	5	265
1047	B	4	4	496	4	7	495
1048	C	1	6	690	1	3	717
1049	A	2	6	94	2	1	89
1050	C	3	8	763	3	5	644
1051	A	4	4	202	4	7	205
1052	D	1	6	70	1	3	441
1053	C	2	6	1	2	1	126
1054	A	3	8	173	3	5	170
1055	B	4	4	150	4	7	137
1056	D	1	6	298	1	3	213
1057	A	2	6	840	2	1	847
1058	D	3	8	464	3	5	47
1059	B	4	4	681	4	7	694
1060	B	1	6	202	1	3	213
1061	C	2	2	456	2	7	439
1062	A	3	6	530	3	1	533
1063	B	4	8	735	4	3	704
1064	D	1	4	600	1	5	935
1065	A	2	2	995	2	7	996
1066	A	3	6	117	3	1	114
1067	C	4	8	423	4	3	472
1068	C	1	4	452	1	5	443
1069	C	2	2	163	2	7	220
1070	B	3	6	295	3	1	312
1071	D	4	8	996	4	3	539
1072	C	1	4	223	1	5	160
1073	A	2	2	985	2	7	990
1074	D	3	6	619	3	1	916
1075	C	4	8	160	4	3	223
1076	C	1	4	878	1	5	785
1077	B	2	2	557	2	7	562
1078	B	3	6	891	3	1	868
1079	A	4	8	120	4	3	127
1080	D	1	4	344	1	5	167
1081	D	2	8	772	2	5	763
1082	C	3	2	145	3	3	238
1083	D	4	2	760	4	5	775
1084	C	1	2	139	1	3	244
1085	D	2	8	50	2	5	461
1086	D	3	2	605	3	3	930
1087	B	4	2	948	4	5	939
1088	D	1	2	26	1	3	485
1089	D	2	8	820	2	5	715
1090	C	3	2	42	3	3	85
1091	B	4	2	104	4	5	119
1092	B	1	2	72	1	3	87
1093	D	2	8	59	2	5	452
1094	D	3	2	901	3	3	634
1095	B	4	2	943	4	5	944
1096	B	1	2	179	1	3	172
1097	B	2	8	813	2	5	818
1098	B	3	2	325	3	3	346
1099	D	4	2	1001	4	5	534
1100	A	1	2	540	1	3	539
1101	D	2	4	239	2	3	272
1102	B	3	4	800	3	7	831
1103	D	4	6	65	4	1	446
1104	C	1	8	393	1	7	502
1105	D	2	4	293	2	3	218
1106	C	3	4	746	3	7	661
1107	C	4	6	950	4	1	969
1108	D	1	8	718	1	7	817
1109	D	2	4	934	2	3	601
1110	D	3	4	652	3	7	883
1111	D	4	6	813	4	1	722
1112	A	1	8	404	1	7	403
1113	A	2	4	181	2	3	178
1114	B	3	4	956	3	7	931
1115	C	4	6	578	4	1	573
1116	A	1	8	21	1	7	18
1117	A	2	4	525	2	3	522
1118	B	3	4	247	3	7	232
1119	B	4	6	750	4	1	753
1120	C	1	8	850	1	7	813
1121	C	2	6	872	2	1	791
1122	D	3	8	867	3	5	668
1123	A	4	4	107	4	3	108
1124	B	1	6	921	1	5	902
1125	A	2	6	183	2	1	176
1126	D	3	8	576	3	5	959
1127	D	4	4	984	4	3	551
1128	D	1	6	277	1	5	234
1129	B	2	6	287	2	1	256
1130	A	3	8	3	3	5	4
1131	C	4	4	183	4	3	200
1132	B	1	6	32	1	5	63
1133	C	2	6	220	2	1	163
1134	C	3	8	19	3	5	108
1135	B	4	4	917	4	3	906
1136	A	1	6	680	1	5	687
1137	C	2	6	56	2	1	71
1138	B	3	8	249	3	5	230
1139	D	4	4	793	4	3	742
1140	D	1	6	136	1	5	375
1141	C	2	2	687	2	7	720
1142	C	3	6	160	3	3	223
1143	A	4	8	575	4	7	568
1144	B	1	4	203	1	1	212
1145	C	2	2	438	2	7	457
1146	C	3	6	416	3	3	479
1147	D	4	8	616	4	7	919
1148	D	1	4	418	1	1	93
1149	A	2	2	29	2	7	26
1150	B	3	6	5	3	3	26
1151	B	4	8	568	4	7	551
1152	B	1	4	339	1	1	332
1153	C	2	2	432	2	7	463
1154	A	3	6	343	3	3	336
1155	C	4	8	618	4	7	533
1156	D	1	4	410	1	1	101
1157	C	2	2	626	2	7	525
1158	C	3	6	18	3	3	109
1159	D	4	8	716	4	7	819
1160	B	1	4	858	1	1	837
1161	A	2	8	908	2	5	907
1162	A	3	2	601	3	1	606
1163	B	4	2	837	4	5	858
1164	A	1	2	447	1	1	440
1165	C	2	8	1011	2	5	908
1166	B	3	2	785	3	1	782
1167	B	4	2	268	4	5	275
1168	A	1	2	953	1	1	958
1169	A	2	8	488	2	5	495
1170	B	3	2	391	3	1	408
1171	A	4	2	21	4	5	18
1172	A	1	2	567	1	1	560
1173	A	2	8	356	2	5	355
1174	D	3	2	6	3	1	505
1175	C	4	2	574	4	5	577
1176	A	1	2	31	1	1	24
1177	A	2	8	233	2	5	238
1178	D	3	2	351	3	1	160
1179	A	4	2	847	4	5	840
1180	B	1	2	917	1	1	906
1181	C	2	4	189	2	3	194
1182	A	3	4	857	3	7	862
1183	A	4	6	174	4	1	169
1184	A	1	8	48	1	3	55
1185	D	2	4	823	2	3	712
1186	A	3	4	773	3	7	770
1187	B	4	6	487	4	1	504
1188	A	1	8	210	1	3	213
1189	A	2	4	722	2	3	725
1190	B	3	4	171	3	7	180
1191	B	4	6	727	4	1	712
1192	D	1	8	888	1	3	647
1193	B	2	4	494	2	3	497
1194	A	3	4	11	3	7	12
1195	B	4	6	449	4	1	478
1196	B	1	8	607	1	3	576
1197	A	2	4	332	2	3	331
1198	B	3	4	314	3	7	293
1199	C	4	6	493	4	1	402
1200	D	1	8	95	1	3	416
1201	B	2	6	10	2	1	21
1202	A	3	8	873	3	3	878
1203	B	4	4	742	4	3	761
1204	A	1	4	272	1	5	279
1205	B	2	6	587	2	1	596
1206	A	3	8	588	3	3	587
1207	A	4	4	604	4	3	603
1208	D	1	4	676	1	5	859
1209	D	2	6	45	2	1	466
1210	D	3	8	304	3	3	207
1211	B	4	4	345	4	3	326
1212	D	1	4	761	1	5	774
1213	A	2	6	434	2	1	437
1214	A	3	8	810	3	3	813
1215	D	4	4	286	4	3	225
1216	B	1	4	805	1	5	826
1217	C	2	6	1008	2	1	911
1218	D	3	8	889	3	3	646
1219	A	4	4	658	4	3	661
1220	B	1	4	430	1	5	433
1221	A	2	2	443	2	7	444
1222	D	3	6	708	3	5	827
1223	A	4	2	192	4	1	199
1224	D	1	6	352	1	7	159
1225	C	2	2	742	2	7	665
1226	D	3	6	641	3	5	894
1227	B	4	2	154	4	1	133
1228	B	1	6	408	1	7	391
1229	A	2	2	970	2	7	973
1230	B	3	6	346	3	5	325
1231	D	4	2	24	4	1	487
1232	B	1	6	819	1	7	812
1233	D	2	2	836	2	7	699
1234	B	3	6	191	3	5	160
1235	B	4	2	131	4	1	156
1236	D	1	6	869	1	7	666
1237	C	2	2	13	2	7	114
1238	C	3	6	155	3	5	228
1239	B	4	2	447	4	1	416
1240	C	1	6	114	1	7	13
1241	C	2	8	694	2	5	713
1242	B	3	2	50	3	7	45
1243	C	4	8	404	4	5	491
1244	B	1	2	848	1	3	847
1245	B	2	8	619	2	5	628
1246	C	3	2	186	3	7	197
1247	C	4	8	744	4	5	663
1248	A	1	2	380	1	3	379
1249	B	2	8	241	2	5	238
1250	B	3	2	362	3	7	373
1251	B	4	8	359	4	5	376
1252	B	1	2	88	1	3	71
1253	A	2	8	369	2	5	374
1254	D	3	2	758	3	7	777
1255	A	4	8	663	4	5	656
1256	D	1	2	885	1	3	650
1257	D	2	8	438	2	5	73
1258	A	3	2	681	3	7	686
1259	B	4	8	819	4	5	812
1260	A	1	2	427	1	3	428
1261	A	2	4	597	2	3	594
1262	D	3	4	97	3	1	414
1263	D	4	6	231	4	7	280
1264	D	1	8	348	1	1	163
1265	B	2	4	113	2	3	110
1266	B	3	4	516	3	1	539
1267	C	4	6	202	4	7	181
1268	A	1	8	320	1	1	327
1269	B	2	4	803	2	3	828
1270	D	3	4	365	3	1	146
1271	C	4	6	166	4	7	217
1272	C	1	8	661	1	1	746
1273	C	2	4	69	2	3	58
1274	C	3	4	124	3	1	3
1275	B	4	6	931	4	7	956
1276	D	1	8	746	1	1	789
1277	C	2	4	570	2	3	581
1278	D	3	4	697	3	1	838
1279	D	4	6	198	4	7	313
1280	A	1	8	276	1	1	275
1281	C	2	6	126	2	1	1
1282	A	3	6	930	3	5	933
1283	C	4	4	1006	4	3	913
1284	D	1	4	935	1	7	600
1285	B	2	6	607	2	1	576
1286	B	3	6	515	3	5	540
1287	C	4	4	689	4	3	718
1288	C	1	4	781	1	7	882
1289	D	2	6	151	2	1	360
1290	B	3	6	269	3	5	274
1291	C	4	4	326	4	3	313
1292	D	1	4	997	1	7	538
1293	A	2	6	139	2	1	140
1294	B	3	6	635	3	5	612
1295	D	4	4	543	4	3	992
1296	D	1	4	844	1	7	691
1297	B	2	6	177	2	1	174
1298	D	3	6	869	3	5	666
1299	D	4	4	664	4	3	871
1300	C	1	4	56	1	7	71
1301	D	2	2	128	2	7	383
1302	D	3	8	317	3	3	194
1303	B	4	2	138	4	1	149
1304	C	1	6	703	1	5	704
1305	A	2	2	466	2	7	469
1306	C	3	8	808	3	3	855
1307	D	4	2	155	4	1	356
1308	D	1	6	747	1	5	788
1309	C	2	2	727	2	7	680
1310	C	3	8	37	3	3	90
1311	B	4	2	20	4	1	11
1312	D	1	6	401	1	5	110
1313	C	2	2	365	2	7	274
1314	B	3	8	621	3	3	626
1315	D	4	2	132	4	1	379
1316	C	1	6	103	1	5	24
1317	D	2	2	638	2	7	897
1318	B	3	8	277	3	3	266
1319	B	4	2	338	4	1	333
1320	C	1	6	208	1	5	175
1321	D	2	8	600	2	5	935
1322	C	3	2	967	3	1	952
1323	D	4	8	675	4	5	860
1324	A	1	2	335	1	3	328
1325	A	2	8	643	2	5	644
1326	A	3	2	731	3	1	732
1327	C	4	8	989	4	5	930
1328	C	1	2	410	1	3	485
1329	C	2	8	402	2	5	493
1330	C	3	2	830	3	1	833
1331	C	4	8	120	4	5	7
1332	A	1	2	833	1	3	838
1333	A	2	8	494	2	5	489
1334	B	3	2	576	3	1	607
1335	C	4	8	364	4	5	275
1336	A	1	2	191	1	3	184
1337	A	2	8	559	2	5	552
1338	A	3	2	540	3	1	539
1339	B	4	8	171	4	5	180
1340	D	1	2	371	1	3	140
1341	D	2	4	765	2	3	770
1342	A	3	4	637	3	7	634
1343	A	4	4	338	4	5	341
1344	B	1	8	325	1	7	346
1345	C	2	4	686	2	3	721
1346	D	3	4	206	3	7	305
1347	A	4	4	854	4	5	849
1348	C	1	8	614	1	7	537
1349	C	2	4	82	2	3	45
1350	B	3	4	530	3	7	525
1351	C	4	4	467	4	5	428
1352	B	1	8	517	1	7	538
1353	A	2	4	938	2	3	941
1354	D	3	4	986	3	7	549
1355	C	4	4	397	4	5	498
1356	C	1	8	118	1	7	9
1357	C	2	4	87	2	3	40
1358	B	3	4	206	3	7	209
1359	B	4	4	552	4	5	567
1360	A	1	8	645	1	7	642
1361	B	2	6	901	2	1	922
1362	B	3	6	194	3	3	221
1363	D	4	6	838	4	7	697
1364	A	1	6	414	1	5	409
1365	A	2	6	994	2	1	997
1366	A	3	6	701	3	3	698
1367	A	4	6	523	4	7	524
1368	D	1	6	399	1	5	112
1369	C	2	6	777	2	1	886
1370	A	3	6	541	3	3	538
1371	D	4	6	949	4	7	586
1372	B	1	6	638	1	5	609
1373	B	2	6	503	2	1	488
1374	C	3	6	858	3	3	805
1375	A	4	6	993	4	7	998
1376	A	1	6	972	1	5	971
1377	C	2	6	114	2	1	13
1378	A	3	6	966	3	3	961
1379	D	4	6	243	4	7	268
1380	B	1	6	613	1	5	634
1381	A	2	8	102	2	5	97
1382	B	3	8	144	3	5	143
1383	D	4	2	559	4	1	976
1384	D	1	4	757	1	1	778
1385	C	2	8	591	2	5	560
1386	B	3	8	813	3	5	818
1387	C	4	2	958	4	1	961
1388	D	1	4	791	1	1	744
1389	D	2	8	591	2	5	944
1390	C	3	8	637	3	5	514
1391	C	4	2	853	4	1	810
1392	D	1	4	431	1	1	80
1393	B	2	8	274	2	5	269
1394	C	3	8	101	3	5	26
1395	B	4	2	570	4	1	549
1396	D	1	4	349	1	1	162
1397	D	2	8	281	2	5	230
1398	B	3	8	685	3	5	690
1399	B	4	2	971	4	1	980
1400	A	1	4	739	1	1	740
1401	A	2	2	528	2	7	535
1402	D	3	2	340	3	1	171
1403	C	4	8	1000	4	3	919
1404	A	1	2	683	1	3	684
1405	D	2	2	951	2	7	584
1406	A	3	2	328	3	1	335
1407	C	4	8	45	4	3	82
1408	C	1	2	968	1	3	951
1409	D	2	2	89	2	7	422
1410	A	3	2	549	3	1	546
1411	C	4	8	242	4	3	141
1412	A	1	2	5	1	3	2
1413	D	2	2	352	2	7	159
1414	A	3	2	696	3	1	703
1415	C	4	8	407	4	3	488
1416	B	1	2	639	1	3	608
1417	D	2	2	957	2	7	578
1418	A	3	2	303	3	1	296
1419	D	4	8	599	4	3	936
1420	D	1	2	898	1	3	637
1421	A	2	4	216	2	3	223
1422	A	3	6	225	3	3	230
1423	B	4	6	915	4	3	908
1424	A	1	8	225	1	1	230
1425	C	2	4	273	2	3	366
1426	B	3	6	788	3	3	779
1427	D	4	6	860	4	3	675
1428	B	1	8	159	1	1	128
1429	D	2	4	786	2	3	749
1430	C	3	6	935	3	3	984
1431	A	4	6	612	4	3	611
1432	A	1	8	767	1	1	760
1433	D	2	4	896	2	3	639
1434	C	3	6	828	3	3	835
1435	B	4	6	512	4	3	543
1436	A	1	8	704	1	1	711
1437	A	2	4	502	2	3	497
1438	A	3	6	211	3	3	212
1439	A	4	6	719	4	3	712
1440	C	1	8	498	1	1	397
1441	C	2	6	224	2	1	159
1442	C	3	4	262	3	7	377
1443	A	4	4	595	4	7	596
1444	B	1	6	193	1	7	222
1445	D	2	6	576	2	1	959
1446	D	3	4	919	3	7	616
1447	B	4	4	956	4	7	931
1448	B	1	6	80	1	7	79
1449	C	2	6	870	2	1	793
1450	C	3	4	621	3	7	530
1451	A	4	4	923	4	7	924
1452	D	1	6	451	1	7	60
1453	D	2	6	898	2	1	637
1454	C	3	4	398	3	7	497
1455	C	4	4	542	4	7	609
1456	C	1	6	606	1	7	545
1457	A	2	6	246	2	1	241
1458	C	3	4	644	3	7	763
1459	C	4	4	559	4	7	592
1460	C	1	6	847	1	7	816
1461	D	2	8	654	2	5	881
1462	A	3	8	356	3	1	355
1463	B	4	2	393	4	1	406
1464	A	1	2	468	1	3	467
1465	A	2	8	157	2	5	154
1466	B	3	8	495	3	1	496
1467	A	4	2	555	4	1	556
1468	B	1	2	920	1	3	903
1469	B	2	8	302	2	5	305
1470	C	3	8	663	3	1	744
1471	D	4	2	200	4	1	311
1472	B	1	2	487	1	3	504
1473	B	2	8	405	2	5	394
1474	C	3	8	893	3	1	770
1475	C	4	2	44	4	1	83
1476	A	1	2	297	1	3	302
1477	D	2	8	10	2	5	501
1478	A	3	8	965	3	1	962
1479	C	4	2	944	4	1	975
1480	A	1	2	508	1	3	507
1481	A	2	4	527	2	3	520
1482	C	3	2	387	3	5	508
1483	D	4	8	174	4	5	337
1484	A	1	4	741	1	5	738
1485	B	2	4	182	2	3	169
1486	D	3	2	33	3	5	478
1487	A	4	8	16	4	5	23
1488	D	1	4	659	1	5	876
1489	B	2	4	459	2	3	468
1490	B	3	2	593	3	5	590
1491	D	4	8	992	4	5	543
1492	C	1	4	521	1	5	630
1493	A	2	4	109	2	3	106
1494	B	3	2	5	3	5	26
1495	D	4	8	839	4	5	696
1496	D	1	4	723	1	5	812
1497	A	2	4	133	2	3	130
1498	D	3	2	297	3	5	214
1499	A	4	8	316	4	5	315
1500	A	1	4	980	1	5	979
1501	D	2	2	262	2	7	249
1502	A	3	6	491	3	7	492
1503	D	4	4	837	4	3	698
1504	B	1	8	32	1	1	63
1505	D	2	2	475	2	7	36
1506	A	3	6	624	3	7	631
1507	A	4	4	828	4	3	827
1508	B	1	8	786	1	1	781
1509	A	2	2	426	2	7	429
1510	A	3	6	477	3	7	474
1511	A	4	4	737	4	3	742
1512	B	1	8	351	1	1	320
1513	D	2	2	896	2	7	639
1514	C	3	6	887	3	7	776
1515	C	4	4	257	4	3	382
1516	A	1	8	582	1	1	577
1517	D	2	2	350	2	7	161
1518	C	3	6	28	3	7	99
1519	A	4	4	527	4	3	520
1520	B	1	8	515	1	1	540
1521	D	2	6	759	2	1	776
1522	A	3	4	418	3	3	421
1523	B	4	6	35	4	7	60
1524	B	1	6	367	1	7	368
1525	A	2	6	555	2	1	556
1526	B	3	4	520	3	3	535
1527	B	4	6	892	4	7	867
1528	B	1	6	149	1	7	138
1529	B	2	6	305	2	1	302
1530	C	3	4	807	3	3	856
1531	D	4	6	269	4	7	242
1532	D	1	6	477	1	7	34
1533	C	2	6	971	2	1	948
1534	D	3	4	276	3	3	235
1535	D	4	6	576	4	7	959
1536	C	1	6	554	1	7	597
1537	D	2	6	799	2	1	736
1538	B	3	4	916	3	3	907
1539	C	4	6	980	4	7	939
1540	B	1	6	148	1	7	139
1541	C	2	8	441	2	7	454
1542	D	3	8	189	3	1	322
1543	A	4	2	436	4	1	435
1544	C	1	2	133	1	3	250
1545	A	2	8	530	2	7	533
1546	D	3	8	949	3	1	586
1547	A	4	2	920	4	1	927
1548	B	1	2	580	1	3	603
1549	C	2	8	213	2	7	170
1550	A	3	8	317	3	1	314
1551	B	4	2	659	4	1	652
1552	A	1	2	362	1	3	365
1553	C	2	8	968	2	7	951
1554	A	3	8	334	3	1	329
1555	C	4	2	749	4	1	658
1556	D	1	2	538	1	3	997
1557	B	2	8	262	2	7	281
1558	B	3	8	947	3	1	940
1559	D	4	2	126	4	1	385
1560	A	1	2	626	1	3	629
1561	B	2	4	760	2	5	743
1562	A	3	2	277	3	5	274
1563	C	4	8	307	4	5	332
1564	D	1	4	257	1	5	254
1565	D	2	4	494	2	5	17
1566	C	3	2	946	3	5	973
1567	D	4	8	309	4	5	202
1568	A	1	4	55	1	5	48
1569	D	2	4	649	2	5	886
1570	A	3	2	559	3	5	552
1571	A	4	8	397	4	5	394
1572	C	1	4	979	1	5	940
1573	D	2	4	79	2	5	432
1574	A	3	2	208	3	5	215
1575	D	4	8	763	4	5	772
1576	D	1	4	438	1	5	73
1577	B	2	4	973	2	5	978
1578	D	3	2	93	3	5	418
1579	B	4	8	332	4	5	339
1580	D	1	4	86	1	5	425
1581	A	2	2	870	2	3	865
1582	A	3	6	735	3	7	728
1583	C	4	6	808	4	3	855
1584	D	1	8	89	1	1	422
1585	D	2	2	73	2	3	438
1586	B	3	6	357	3	7	378
1587	A	4	6	989	4	3	986
1588	C	1	8	303	1	1	336
1589	B	2	2	20	2	3	11
1590	A	3	6	420	3	7	419
1591	B	4	6	347	4	3	324
1592	A	1	8	460	1	1	459
1593	C	2	2	357	2	3	282
1594	C	3	6	779	3	7	884
1595	C	4	6	423	4	3	472
1596	D	1	8	905	1	1	630
1597	D	2	2	995	2	3	540
1598	B	3	6	1021	3	7	994
1599	A	4	6	342	4	3	337
1600	C	1	8	837	1	1	826
1601	C	2	6	831	2	1	832
1602	D	3	4	537	3	3	998
1603	B	4	4	453	4	7	474
1604	B	1	2	264	1	3	279
1605	D	2	6	655	2	1	880
1606	A	3	4	136	3	3	143
1607	A	4	4	187	4	7	188
1608	C	1	2	593	1	3	558
1609	A	2	6	685	2	1	682
1610	C	3	4	448	3	3	447
1611	C	4	4	298	4	7	341
1612	A	1	2	60	1	3	59
1613	D	2	6	401	2	1	110
1614	A	3	4	217	3	3	222
1615	D	4	4	489	4	7	22
1616	A	1	2	771	1	3	772
1617	D	2	6	29	2	1	482
1618	C	3	4	789	3	3	874
1619	D	4	4	848	4	7	687
1620	B	1	2	316	1	3	291
1621	B	2	8	335	2	7	336
1622	B	3	8	553	3	1	566
1623	C	4	2	629	4	1	522
1624	C	1	6	786	1	7	877
1625	A	2	8	560	2	7	567
1626	B	3	8	592	3	1	591
1627	B	4	2	429	4	1	434
1628	C	1	6	346	1	7	293
1629	B	2	8	365	2	7	370
1630	C	3	8	245	3	1	138
1631	A	4	2	845	4	1	842
1632	D	1	6	42	1	7	469
1633	D	2	8	478	2	7	33
1634	D	3	8	293	3	1	218
1635	C	4	2	450	4	1	445
1636	C	1	6	744	1	7	663
1637	A	2	8	783	2	7	776
1638	A	3	8	967	3	1	960
1639	D	4	2	271	4	1	240
1640	D	1	6	689	1	7	846
1641	C	2	4	866	2	3	797
1642	C	3	2	348	3	5	291
1643	B	4	8	355	4	5	380
1644	D	1	4	881	1	5	654
1645	A	2	4	614	2	3	609
1646	D	3	2	616	3	5	919
1647	C	4	8	482	4	5	413
1648	C	1	4	648	1	5	759
1649	A	2	4	348	2	3	347
1650	C	3	2	798	3	5	865
1651	D	4	8	322	4	5	189
1652	A	1	4	810	1	5	813
1653	D	2	4	400	2	3	111
1654	B	3	2	442	3	5	421
1655	B	4	8	413	4	5	386
1656	C	1	4	524	1	5	627
1657	B	2	4	83	2	3	76
1658	C	3	2	919	3	5	1000
1659	D	4	8	500	4	5	11
1660	A	1	4	933	1	5	930
1661	B	2	2	891	2	5	868
1662	A	3	6	605	3	7	602
1663	D	4	6	767	4	7	768
1664	C	1	8	472	1	1	423
1665	C	2	2	1013	2	5	906
1666	D	3	6	442	3	7	69
1667	A	4	6	756	4	7	755
1668	C	1	8	378	1	1	261
1669	D	2	2	503	2	5	8
1670	B	3	6	696	3	7	679
1671	C	4	6	677	4	7	730
1672	B	1	8	796	1	1	771
1673	C	2	2	442	2	5	453
1674	D	3	6	233	3	7	278
1675	A	4	6	745	4	7	750
1676	D	1	8	37	1	1	474
1677	C	2	2	985	2	5	934
1678	C	3	6	465	3	7	430
1679	D	4	6	59	4	7	452
1680	B	1	8	828	1	1	803
1681	A	2	8	313	2	3	318
1682	C	3	4	733	3	3	674
1683	C	4	4	3	4	3	124
1684	B	1	6	662	1	3	649
1685	B	2	8	842	2	3	853
1686	B	3	4	546	3	3	573
1687	C	4	4	485	4	3	410
1688	B	1	6	166	1	3	185
1689	B	2	8	455	2	3	472
1690	D	3	4	377	3	3	134
1691	C	4	4	146	4	3	237
1692	B	1	6	39	1	3	56
1693	A	2	8	321	2	3	326
1694	A	3	4	871	3	3	864
1695	C	4	4	326	4	3	313
1696	B	1	6	693	1	3	682
1697	A	2	8	860	2	3	859
1698	D	3	4	488	3	3	23
1699	A	4	4	994	4	3	997
1700	C	1	6	765	1	3	642
1701	A	2	6	499	2	7	500
1702	A	3	8	853	3	1	850
1703	B	4	2	703	4	1	672
1704	D	1	2	91	1	7	420
1705	A	2	6	404	2	7	403
1706	C	3	8	285	3	1	354
1707	C	4	2	170	4	1	213
1708	D	1	2	330	1	7	181
1709	B	2	6	918	2	7	905
1710	B	3	8	372	3	1	363
1711	A	4	2	224	4	1	231
1712	B	1	2	432	1	7	431
1713	C	2	6	438	2	7	457
1714	A	3	8	819	3	1	820
1715	C	4	2	8	4	1	119
1716	D	1	2	997	1	7	538
1717	D	2	6	599	2	7	936
1718	D	3	8	254	3	1	257
1719	A	4	2	109	4	1	106
1720	B	1	2	727	1	7	712
1721	A	2	4	566	2	1	561
1722	C	3	2	638	3	5	513
1723	B	4	8	345	4	5	326
1724	B	1	4	722	1	1	717
1725	C	2	4	711	2	1	696
1726	B	3	2	858	3	5	837
1727	D	4	8	308	4	5	203
1728	A	1	4	623	1	1	616
1729	D	2	4	78	2	1	433
1730	D	3	2	759	3	5	776
1731	B	4	8	121	4	5	102
1732	D	1	4	710	1	1	825
1733	A	2	4	921	2	1	926
1734	B	3	2	373	3	5	362
1735	B	4	8	176	4	5	175
1736	C	1	4	183	1	1	200
1737	D	2	4	1010	2	1	525
1738	A	3	2	130	3	5	133
1739	C	4	8	713	4	5	694
1740	A	1	4	788	1	1	787
1741	D	2	2	579	2	5	956
1742	D	3	6	479	3	7	32
1743	C	4	6	57	4	7	70
1744	A	1	6	622	1	7	617
1745	D	2	2	405	2	5	106
1746	B	3	6	38	3	7	57
1747	A	4	6	623	4	7	616
1748	A	1	6	837	1	7	834
1749	A	2	2	271	2	5	264
1750	C	3	6	489	3	7	406
1751	C	4	6	970	4	7	949
1752	B	1	6	123	1	7	100
1753	A	2	2	731	2	5	732
1754	C	3	6	529	3	7	622
1755	B	4	6	515	4	7	540
1756	D	1	6	330	1	7	181
1757	B	2	2	794	2	5	773
1758	D	3	6	970	3	7	565
1759	A	4	6	790	4	7	785
1760	C	1	6	355	1	7	284
1761	B	2	8	985	2	1	966
1762	A	3	4	883	3	1	884
1763	A	4	4	403	4	3	404
1764	C	1	8	726	1	5	681
1765	A	2	8	278	2	1	273
1766	A	3	4	901	3	1	898
1767	A	4	4	119	4	3	112
1768	A	1	8	310	1	5	305
1769	A	2	8	202	2	1	205
1770	A	3	4	8	3	1	15
1771	C	4	4	692	4	3	715
1772	D	1	8	774	1	5	761
1773	B	2	8	515	2	1	540
1774	B	3	4	781	3	1	786
1775	C	4	4	56	4	3	71
1776	C	1	8	542	1	5	609
1777	A	2	8	738	2	1	741
1778	A	3	4	511	3	1	504
1779	C	4	4	414	4	3	481
1780	D	1	8	876	1	5	659
1781	B	2	6	823	2	3	808
1782	B	3	8	628	3	3	619
1783	A	4	2	238	4	1	233
1784	C	1	2	675	1	3	732
1785	D	2	6	210	2	3	301
1786	C	3	8	357	3	3	282
1787	D	4	2	866	4	1	669
1788	D	1	2	618	1	3	917
1789	A	2	6	30	2	3	25
1790	B	3	8	717	3	3	722
1791	C	4	2	251	4	1	132
1792	A	1	2	248	1	3	255
1793	B	2	6	226	2	3	253
1794	C	3	8	462	3	3	433
1795	C	4	2	919	4	1	1000
1796	A	1	2	502	1	3	497
1797	D	2	6	969	2	3	566
1798	B	3	8	555	3	3	564
1799	C	4	2	327	4	1	312
1800	C	1	2	230	1	3	153
1801	C	2	4	720	2	7	687
1802	B	3	2	205	3	5	210
1803	A	4	8	625	4	5	630
1804	A	1	4	225	1	1	230
1805	D	2	4	767	2	7	768
1806	D	3	2	455	3	5	56
1807	D	4	8	925	4	5	610
1808	C	1	4	1000	1	1	919
1809	C	2	4	92	2	7	35
1810	C	3	2	871	3	5	792
1811	C	4	8	739	4	5	668
1812	C	1	4	780	1	1	883
1813	A	2	4	212	2	7	211
1814	D	3	2	718	3	5	817
1815	A	4	8	362	4	5	365
1816	D	1	4	74	1	1	437
1817	D	2	4	633	2	7	902
1818	D	3	2	571	3	5	964
1819	C	4	8	938	4	5	981
1820	A	1	4	267	1	1	268
1821	C	2	2	852	2	5	811
1822	A	3	6	25	3	7	30
1823	A	4	6	909	4	3	906
1824	D	1	6	294	1	5	217
1825	B	2	2	319	2	5	288
1826	A	3	6	864	3	7	871
1827	D	4	6	702	4	3	833
1828	B	1	6	947	1	5	940
1829	D	2	2	68	2	5	443
1830	C	3	6	442	3	7	453
1831	C	4	6	543	4	3	608
1832	D	1	6	637	1	5	898
1833	C	2	2	121	2	5	6
1834	B	3	6	160	3	7	191
1835	A	4	6	24	4	3	31
1836	B	1	6	353	1	5	382
1837	D	2	2	192	2	5	319
1838	A	3	6	148	3	7	147
1839	B	4	6	352	4	3	383
1840	A	1	6	361	1	5	366
1841	B	2	8	215	2	1	200
1842	B	3	4	868	3	1	891
1843	C	4	2	208	4	1	175
1844	C	1	8	579	1	7	572
1845	B	2	8	46	2	1	49
1846	C	3	4	863	3	1	800
1847	B	4	2	653	4	1	658
1848	A	1	8	724	1	7	723
1849	D	2	8	212	2	1	299
1850	A	3	4	251	3	1	252
1851	C	4	2	932	4	1	987
1852	C	1	8	456	1	7	439
1853	B	2	8	874	2	1	885
1854	D	3	4	577	3	1	958
1855	D	4	2	334	4	1	177
1856	A	1	8	474	1	7	477
1857	B	2	8	537	2	1	518
1858	A	3	4	758	3	1	753
1859	C	4	2	613	4	1	538
1860	C	1	8	0	1	7	127
1861	C	2	6	421	2	7	474
1862	A	3	8	97	3	3	102
1863	D	4	4	638	4	7	897
1864	B	1	2	358	1	3	377
1865	C	2	6	774	2	7	889
1866	A	3	8	430	3	3	425
1867	C	4	4	169	4	7	214
1868	D	1	2	864	1	3	671
1869	A	2	6	867	2	7	868
1870	C	3	8	926	3	3	993
1871	C	4	4	785	4	7	878
1872	D	1	2	157	1	3	354
1873	B	2	6	889	2	7	870
1874	B	3	8	72	3	3	87
1875	D	4	4	723	4	7	812
1876	A	1	2	508	1	3	507
1877	B	2	6	824	2	7	807
1878	A	3	8	544	3	3	551
1879	C	4	4	360	4	7	279
1880	B	1	2	848	1	3	847
1881	C	2	4	138	2	3	245
1882	B	3	6	182	3	1	169
1883	B	4	8	60	4	5	35
1884	B	1	4	336	1	1	335
1885	A	2	4	68	2	3	67
1886	B	3	6	187	3	1	164
1887	D	4	8	223	4	5	288
1888	A	1	4	375	1	1	368
1889	C	2	4	847	2	3	816
1890	D	3	6	965	3	1	570
1891	C	4	8	286	4	5	353
1892	A	1	4	501	1	1	498
1893	C	2	4	418	2	3	477
1894	A	3	6	675	3	1	676
1895	C	4	8	331	4	5	308
1896	B	1	4	754	1	1	749
1897	D	2	4	451	2	3	60
1898	B	3	6	751	3	1	752
1899	D	4	8	771	4	5	764
1900	A	1	4	424	1	1	431
1901	B	2	2	942	2	1	945
1902	D	3	2	963	3	5	572
1903	A	4	6	594	4	7	597
1904	B	1	8	464	1	7	463
1905	A	2	2	356	2	1	355
1906	B	3	2	375	3	5	360
1907	A	4	6	134	4	7	129
1908	A	1	8	806	1	7	801
1909	A	2	2	580	2	1	579
1910	C	3	2	718	3	5	689
1911	C	4	6	478	4	7	417
1912	D	1	8	815	1	7	720
1913	D	2	2	604	2	1	931
1914	A	3	2	503	3	5	496
1915	C	4	6	762	4	7	645
1916	C	1	8	815	1	7	848
1917	A	2	2	827	2	1	828
1918	D	3	2	592	3	5	943
1919	A	4	6	118	4	7	113
1920	A	1	8	63	1	7	56
1921	C	2	8	382	2	5	257
1922	C	3	4	286	3	7	353
1923	C	4	4	260	4	1	379
1924	D	1	6	231	1	5	280
1925	A	2	8	375	2	5	368
1926	D	3	4	461	3	7	50
1927	A	4	4	789	4	1	786
1928	A	1	6	925	1	5	922
1929	D	2	8	649	2	5	886
1930	C	3	4	79	3	7	48
1931	C	4	4	878	4	1	785
1932	B	1	6	546	1	5	573
1933	B	2	8	272	2	5	271
1934	C	3	4	780	3	7	883
1935	B	4	4	789	4	1	778
1936	D	1	6	759	1	5	776
1937	D	2	8	266	2	5	245
1938	A	3	4	449	3	7	454
1939	A	4	4	980	4	1	979
1940	D	1	6	364	1	5	147
1941	A	2	6	750	2	3	745
1942	B	3	8	378	3	3	357
1943	D	4	2	17	4	3	494
1944	A	1	2	409	1	1	414
1945	A	2	6	231	2	3	224
1946	D	3	8	33	3	3	478
1947	A	4	2	881	4	3	886
1948	D	1	2	961	1	1	574
1949	D	2	6	594	2	3	941
1950	C	3	8	394	3	3	501
1951	C	4	2	830	4	3	833
1952	D	1	2	297	1	1	214
1953	B	2	6	203	2	3	212
1954	B	3	8	382	3	3	353
1955	D	4	2	79	4	3	432
1956	A	1	2	878	1	1	873
1957	B	2	6	208	2	3	207
1958	C	3	8	796	3	3	867
1959	A	4	2	180	4	3	179
1960	A	1	2	290	1	1	293
1961	C	2	2	153	2	5	230
1962	B	3	2	616	3	1	631
1963	A	4	6	717	4	7	714
1964	B	1	8	621	1	5	626
1965	C	2	2	115	2	5	12
1966	B	3	2	509	3	1	482
1967	B	4	6	342	4	7	329
1968	B	1	8	884	1	5	875
1969	A	2	2	225	2	5	230
1970	A	3	2	174	3	1	169
1971	C	4	6	111	4	7	16
1972	C	1	8	923	1	5	996
1973	A	2	2	601	2	5	606
1974	B	3	2	809	3	1	822
1975	D	4	6	442	4	7	69
1976	A	1	8	937	1	5	942
1977	A	2	2	559	2	5	552
1978	C	3	2	782	3	1	881
1979	A	4	6	873	4	7	878
1980	B	1	8	4	1	5	27
1981	C	2	4	440	2	7	455
1982	A	3	6	175	3	5	168
1983	D	4	8	477	4	5	34
1984	B	1	6	247	1	7	232
1985	D	2	4	372	2	7	139
1986	C	3	6	925	3	5	994
1987	D	4	8	282	4	5	229
1988	D	1	6	237	1	7	274
1989	A	2	4	660	2	7	659
1990	B	3	6	172	3	5	179
1991	A	4	8	262	4	5	257
1992	C	1	6	536	1	7	615
1993	C	2	4	877	2	7	786
1994	B	3	6	868	3	5	891
1995	D	4	8	911	4	5	624
1996	B	1	6	603	1	7	580
1997	D	2	4	691	2	7	844
1998	C	3	6	842	3	5	821
1999	D	4	8	381	4	5	130
2000	B	1	6	871	1	7	888
2001	A	2	6	377	2	3	382
2002	A	3	4	801	3	7	806
2003	C	4	4	743	4	3	664
2004	D	1	4	698	1	3	837
2005	B	2	6	28	2	3	3
2006	D	3	4	842	3	7	693
2007	B	4	4	32	4	3	63
2008	C	1	4	518	1	3	633
2009	A	2	6	658	2	3	661
2010	D	3	4	20	3	7	491
2011	D	4	4	283	4	3	228
2012	B	1	4	120	1	3	103
2013	B	2	6	243	2	3	236
2014	B	3	4	667	3	7	644
2015	B	4	4	442	4	3	421
2016	A	1	4	381	1	3	378
2017	B	2	6	906	2	3	917
2018	D	3	4	757	3	7	778
2019	C	4	4	812	4	3	851
2020	D	1	4	94	1	3	417
2021	A	2	8	42	2	1	45
2022	C	3	8	819	3	3	844
2023	D	4	2	418	4	1	93
2024	D	1	2	225	1	1	286
2025	D	2	8	892	2	1	643
2026	A	3	8	262	3	3	257
2027	D	4	2	651	4	1	884
2028	A	1	2	403	1	1	404
2029	C	2	8	124	2	1	3
2030	A	3	8	725	3	3	722
2031	C	4	2	390	4	1	505
2032	C	1	2	276	1	1	363
2033	C	2	8	981	2	1	938
2034	D	3	8	557	3	3	978
2035	A	4	2	400	4	1	407
2036	D	1	2	803	1	1	732
2037	A	2	8	137	2	1	142
2038	D	3	8	283	3	3	228
2039	A	4	2	324	4	1	323
2040	A	1	2	855	1	1	848
2041	A	2	2	986	2	7	989
2042	D	3	2	1016	3	1	519
2043	D	4	6	370	4	5	141
2044	A	1	8	483	1	5	484
2045	D	2	2	139	2	7	372
2046	B	3	2	673	3	1	702
2047	B	4	6	172	4	5	179
2048	A	1	8	636	1	5	635
2049	B	2	2	901	2	7	922
2050	B	3	2	952	3	1	935
2051	D	4	6	75	4	5	436
2052	A	1	8	354	1	5	357
2053	C	2	2	789	2	7	874
2054	A	3	2	468	3	1	467
2055	B	4	6	432	4	5	431
2056	C	1	8	631	1	5	520
2057	A	2	2	495	2	7	488
2058	A	3	2	534	3	1	529
2059	C	4	6	483	4	5	412
2060	A	1	8	671	1	5	664
2061	B	2	4	122	2	1	101
2062	C	3	6	676	3	5	731
2063	D	4	8	973	4	7	562
2064	A	1	4	31	1	7	24
2065	C	2	4	324	2	1	315
2066	B	3	6	315	3	5	292
2067	D	4	8	199	4	7	312
2068	B	1	4	443	1	7	420
2069	A	2	4	42	2	1	45
2070	A	3	6	212	3	5	211
2071	C	4	8	797	4	7	866
2072	D	1	4	556	1	7	979
2073	B	2	4	85	2	1	74
2074	C	3	6	2	3	5	125
2075	B	4	8	286	4	7	257
2076	C	1	4	207	1	7	176
2077	B	2	4	932	2	1	955
2078	C	3	6	68	3	5	59
2079	A	4	8	456	4	7	463
2080	B	1	4	440	1	7	423
2081	B	2	6	703	2	5	672
2082	A	3	8	625	3	3	630
2083	A	4	2	611	4	1	612
2084	D	1	6	349	1	3	162
2085	C	2	6	389	2	5	506
2086	C	3	8	100	3	3	27
2087	B	4	2	640	4	1	671
2088	D	1	6	508	1	3	3
2089	A	2	6	992	2	5	999
2090	C	3	8	868	3	3	795
2091	B	4	2	663	4	1	648
2092	C	1	6	541	1	3	610
2093	D	2	6	664	2	5	871
2094	B	3	8	250	3	3	229
2095	C	4	2	192	4	1	191
2096	D	1	6	647	1	3	888
2097	D	2	6	65	2	5	446
2098	B	3	8	789	3	3	778
2099	B	4	2	980	4	1	971
2100	D	1	6	260	1	3	251
2101	D	2	8	258	2	3	253
2102	C	3	4	318	3	7	321
2103	B	4	4	761	4	3	742
2104	A	1	2	254	1	5	249
2105	B	2	8	518	2	3	537
2106	D	3	4	535	3	7	1000
2107	D	4	4	686	4	3	849
2108	B	1	2	150	1	5	137
2109	C	2	8	115	2	3	12
2110	D	3	4	138	3	7	373
2111	C	4	4	771	4	3	892
2112	A	1	2	162	1	5	165
2113	C	2	8	35	2	3	92
2114	B	3	4	336	3	7	335
2115	B	4	4	541	4	3	514
2116	B	1	2	34	1	5	61
2117	C	2	8	11	2	3	116
2118	A	3	4	468	3	7	467
2119	C	4	4	643	4	3	764
2120	C	1	2	937	1	5	982
2121	A	2	4	972	2	1	971
2122	A	3	2	637	3	5	634
2123	A	4	8	664	4	3	671
2124	C	1	8	947	1	1	972
2125	C	2	4	394	2	1	501
2126	A	3	2	995	3	5	996
2127	B	4	8	445	4	3	418
2128	D	1	8	935	1	1	600
2129	D	2	4	924	2	1	611
2130	B	3	2	571	3	5	548
2131	B	4	8	481	4	3	510
2132	A	1	8	125	1	1	122
2133	B	2	4	890	2	1	869
2134	C	3	2	99	3	5	28
2135	B	4	8	875	4	3	884
2136	A	1	8	202	1	1	205
2137	C	2	4	38	2	1	89
2138	C	3	2	475	3	5	420
2139	D	4	8	168	4	3	343
2140	D	1	8	470	1	1	41
2141	A	2	2	946	2	7	949
2142	A	3	6	908	3	1	907
2143	C	4	6	947	4	5	972
2144	D	1	4	434	1	3	77
2145	A	2	2	441	2	7	446
2146	C	3	6	126	3	1	1
2147	A	4	6	254	4	5	249
2148	D	1	4	387	1	3	124
2149	D	2	2	787	2	7	748
2150	D	3	6	959	3	1	576
2151	D	4	6	922	4	5	613
2152	C	1	4	652	1	3	755
2153	D	2	2	909	2	7	626
2154	B	3	6	534	3	1	521
2155	D	4	6	853	4	5	682
2156	B	1	4	581	1	3	602
2157	C	2	2	489	2	7	406
2158	D	3	6	297	3	1	214
2159	C	4	6	668	4	5	739
2160	C	1	4	215	1	3	168
2161	A	2	8	910	2	7	905
2162	A	3	8	612	3	7	611
2163	D	4	2	237	4	7	274
2164	A	1	6	355	1	5	356
2165	B	2	8	213	2	7	202
2166	B	3	8	284	3	7	259
2167	C	4	2	741	4	7	666
2168	B	1	6	848	1	5	847
2169	A	2	8	993	2	7	998
2170	A	3	8	456	3	7	463
2171	B	4	2	428	4	7	435
2172	C	1	6	23	1	5	104
2173	B	2	8	273	2	7	270
2174	D	3	8	139	3	7	372
2175	D	4	2	666	4	7	869
2176	B	1	6	118	1	5	105
2177	C	2	8	826	2	7	837
2178	B	3	8	3	3	7	28
2179	A	4	2	362	4	7	365
2180	D	1	6	152	1	5	359
2181	C	2	6	55	2	5	72
2182	B	3	2	733	3	5	706
2183	D	4	4	736	4	1	799
2184	D	1	2	710	1	7	825
2185	D	2	6	395	2	5	116
2186	D	3	2	424	3	5	87
2187	D	4	4	262	4	1	249
2188	A	1	2	423	1	7	416
2189	D	2	6	589	2	5	946
2190	A	3	2	938	3	5	941
2191	A	4	4	508	4	1	507
2192	D	1	2	34	1	7	477
2193	B	2	6	278	2	5	265
2194	B	3	2	948	3	5	939
2195	D	4	4	956	4	1	579
2196	D	1	2	16	1	7	495
2197	A	2	6	133	2	5	130
2198	B	3	2	517	3	5	538
2199	B	4	4	198	4	1	217
2200	A	1	2	695	1	7	688
2201	A	2	2	77	2	1	74
2202	D	3	4	817	3	3	718
2203	C	4	8	226	4	5	157
2204	B	1	4	901	1	3	922
2205	B	2	2	60	2	1	35
2206	D	3	4	291	3	3	220
2207	D	4	8	381	4	5	130
2208	A	1	4	775	1	3	768
2209	C	2	2	484	2	1	411
2210	B	3	4	478	3	3	449
2211	D	4	8	475	4	5	36
2212	C	1	4	5	1	3	122
2213	D	2	2	614	2	1	921
2214	D	3	4	779	3	3	756
2215	B	4	8	352	4	5	383
2216	B	1	4	311	1	3	296
2217	B	2	2	983	2	1	968
2218	A	3	4	911	3	3	904
2219	B	4	8	57	4	5	38
2220	A	1	4	449	1	3	454
2221	A	2	4	768	2	3	775
2222	B	3	6	372	3	1	363
2223	C	4	6	347	4	3	292
2224	A	1	8	988	1	1	987
2225	C	2	4	374	2	3	265
2226	C	3	6	127	3	1	0
2227	C	4	6	252	4	3	131
2228	C	1	8	815	1	1	848
2229	A	2	4	979	2	3	980
2230	C	3	6	109	3	1	18
2231	B	4	6	968	4	3	983
2232	C	1	8	849	1	1	814
2233	C	2	4	259	2	3	380
2234	A	3	6	309	3	1	306
2235	D	4	6	647	4	3	888
2236	D	1	8	691	1	1	844
2237	D	2	4	716	2	3	819
2238	C	3	6	830	3	1	833
2239	C	4	6	716	4	3	691
2240	B	1	8	914	1	1	909
2241	A	2	8	278	2	5	273
2242	A	3	2	645	3	5	642
2243	C	4	2	560	4	7	591
2244	B	1	6	635	1	5	612
2245	C	2	8	614	2	5	537
2246	A	3	2	328	3	5	335
2247	D	4	2	147	4	7	364
2248	A	1	6	309	1	5	306
2249	D	2	8	627	2	5	908
2250	B	3	2	252	3	5	227
2251	B	4	2	153	4	7	134
2252	A	1	6	813	1	5	810
2253	B	2	8	227	2	5	252
2254	A	3	2	379	3	5	380
2255	A	4	2	814	4	7	809
2256	A	1	6	296	1	5	303
2257	B	2	8	55	2	5	40
2258	B	3	2	619	3	5	628
2259	A	4	2	602	4	7	605
2260	D	1	6	721	1	5	814
2261	A	2	6	486	2	3	481
2262	B	3	8	203	3	7	212
2263	B	4	4	627	4	1	620
2264	A	1	2	197	1	7	194
2265	C	2	6	733	2	3	674
2266	C	3	8	208	3	7	175
2267	D	4	4	810	4	1	725
2268	A	1	2	532	1	7	531
2269	B	2	6	644	2	3	667
2270	D	3	8	375	3	7	136
2271	D	4	4	93	4	1	418
2272	B	1	2	798	1	7	769
2273	B	2	6	60	2	3	35
2274	C	3	8	666	3	7	741
2275	B	4	4	905	4	1	918
2276	A	1	2	178	1	7	181
2277	D	2	6	141	2	3	370
2278	A	3	8	871	3	7	864
2279	B	4	4	97	4	1	126
2280	B	1	2	719	1	7	720
2281	B	2	4	645	2	1	666
2282	A	3	4	113	3	3	118
2283	B	4	8	742	4	5	761
2284	D	1	4	257	1	1	254
2285	A	2	4	331	2	1	332
2286	D	3	4	886	3	3	649
2287	D	4	8	592	4	5	943
2288	A	1	4	572	1	1	571
2289	C	2	4	817	2	1	846
2290	B	3	4	684	3	3	691
2291	A	4	8	108	4	5	107
2292	D	1	4	779	1	1	756
2293	C	2	4	474	2	1	421
2294	A	3	4	399	3	3	392
2295	B	4	8	881	4	5	878
2296	A	1	4	421	1	1	418
2297	C	2	4	147	2	1	236
2298	C	3	4	639	3	3	512
2299	C	4	8	150	4	5	233
2300	A	1	4	712	1	1	719
2301	C	2	2	982	2	7	937
2302	C	3	6	62	3	1	65
2303	D	4	6	966	4	3	569
2304	D	1	8	798	1	3	737
2305	D	2	2	326	2	7	185
2306	A	3	6	286	3	1	281
2307	D	4	6	95	4	3	416
2308	B	1	8	149	1	3	138
2309	C	2	2	298	2	7	341
2310	C	3	6	698	3	1	709
2311	D	4	6	203	4	3	308
2312	A	1	8	129	1	3	134
2313	D	2	2	655	2	7	880
2314	D	3	6	76	3	1	435
2315	A	4	6	957	4	3	954
2316	A	1	8	344	1	3	351
2317	C	2	2	453	2	7	442
2318	B	3	6	841	3	1	854
2319	C	4	6	681	4	3	726
2320	B	1	8	147	1	3	140
2321	C	2	8	431	2	5	464
2322	A	3	8	35	3	3	36
2323	C	4	2	425	4	7	470
2324	B	1	6	312	1	5	295
2325	B	2	8	628	2	5	619
2326	B	3	8	706	3	3	733
2327	C	4	2	282	4	7	357
2328	A	1	6	935	1	5	928
2329	B	2	8	368	2	5	367
2330	A	3	8	286	3	3	281
2331	A	4	2	719	4	7	712
2332	C	1	6	104	1	5	23
2333	D	2	8	120	2	5	391
2334	A	3	8	847	3	3	840
2335	D	4	2	314	4	7	197
2336	D	1	6	80	1	5	431
2337	B	2	8	31	2	5	0
2338	B	3	8	321	3	3	350
2339	A	4	2	492	4	7	491
2340	B	1	6	541	1	5	514
2341	A	2	6	13	2	7	10
2342	A	3	4	202	3	5	205
2343	C	4	4	744	4	1	663
2344	D	1	2	202	1	7	309
2345	D	2	6	356	2	7	155
2346	C	3	4	715	3	5	692
2347	D	4	4	494	4	1	17
2348	C	1	2	30	1	7	97
2349	D	2	6	202	2	7	309
2350	A	3	4	774	3	5	769
2351	A	4	4	352	4	1	359
2352	B	1	2	844	1	7	851
2353	C	2	6	1023	2	7	896
2354	B	3	4	449	3	5	478
2355	C	4	4	54	4	1	73
2356	B	1	2	491	1	7	500
2357	A	2	6	393	2	7	398
2358	D	3	4	624	3	5	911
2359	A	4	4	824	4	1	831
2360	D	1	2	103	1	7	408
2361	C	2	2	107	2	5	20
2362	D	3	2	127	3	7	384
2363	A	4	8	190	4	5	185
2364	D	1	4	553	1	1	982
2365	A	2	2	153	2	5	158
2366	C	3	2	389	3	7	506
2367	C	4	8	214	4	5	169
2368	A	1	4	707	1	1	708
2369	A	2	2	868	2	5	867
2370	D	3	2	262	3	7	249
2371	C	4	8	183	4	5	200
2372	B	1	4	817	1	1	814
2373	C	2	2	282	2	5	357
2374	C	3	2	327	3	7	312
2375	A	4	8	459	4	5	460
2376	C	1	4	161	1	1	222
2377	B	2	2	810	2	5	821
2378	B	3	2	816	3	7	815
2379	D	4	8	834	4	5	701
2380	B	1	4	213	1	1	202
2381	D	2	4	636	2	3	899
2382	C	3	6	219	3	1	164
2383	B	4	6	234	4	3	245
2384	C	1	8	689	1	3	718
2385	D	2	4	256	2	3	255
2386	D	3	6	81	3	1	430
2387	D	4	6	988	4	3	547
2388	D	1	8	548	1	3	987
2389	C	2	4	373	2	3	266
2390	D	3	6	474	3	1	37
2391	A	4	6	429	4	3	426
2392	A	1	8	934	1	3	929
2393	C	2	4	110	2	3	17
2394	B	3	6	660	3	1	651
2395	A	4	6	209	4	3	214
2396	B	1	8	832	1	3	863
2397	C	2	4	701	2	3	706
2398	B	3	6	106	3	1	117
2399	C	4	6	58	4	3	69
2400	A	1	8	112	1	3	119
2401	C	2	8	681	2	1	726
2402	B	3	8	832	3	7	863
2403	B	4	4	1017	4	1	998
2404	A	1	2	887	1	7	880
2405	A	2	8	954	2	1	957
2406	A	3	8	535	3	7	528
2407	D	4	4	50	4	1	461
2408	A	1	2	561	1	7	566
2409	C	2	8	927	2	1	992
2410	B	3	8	699	3	7	676
2411	B	4	4	678	4	1	697
2412	C	1	2	297	1	7	342
2413	D	2	8	504	2	1	7
2414	B	3	8	611	3	7	636
2415	C	4	4	59	4	1	68
2416	B	1	2	41	1	7	54
2417	B	2	8	50	2	1	45
2418	D	3	8	712	3	7	823
2419	B	4	4	1	4	1	30
2420	B	1	2	42	1	7	53
2421	C	2	6	839	2	7	824
2422	B	3	4	86	3	3	73
2423	C	4	2	707	4	7	700
2424	D	1	6	485	1	5	26
2425	C	2	6	851	2	7	812
2426	B	3	4	515	3	3	540
2427	B	4	2	374	4	7	361
2428	B	1	6	270	1	5	273
2429	B	2	6	653	2	7	658
2430	D	3	4	262	3	3	249
2431	C	4	2	322	4	7	317
2432	B	1	6	978	1	5	973
2433	B	2	6	78	2	7	81
2434	B	3	4	260	3	3	283
2435	D	4	2	1016	4	7	519
2436	A	1	6	607	1	5	600
2437	B	2	6	201	2	7	214
2438	C	3	4	724	3	3	683
2439	D	4	2	97	4	7	414
2440	D	1	6	50	1	5	461
2441	C	2	2	140	2	3	243
2442	D	3	2	747	3	5	788
2443	C	4	8	438	4	5	457
2444	C	1	4	538	1	1	613
2445	B	2	2	814	2	3	817
2446	D	3	2	875	3	5	660
2447	C	4	8	750	4	5	657
2448	C	1	4	595	1	1	556
2449	A	2	2	943	2	3	936
2450	C	3	2	398	3	5	497
2451	C	4	8	969	4	5	950
2452	B	1	4	313	1	1	294
2453	B	2	2	311	2	3	296
2454	D	3	2	286	3	5	225
2455	D	4	8	459	4	5	52
2456	D	1	4	225	1	1	286
2457	C	2	2	809	2	3	854
2458	A	3	2	522	3	5	525
2459	C	4	8	1005	4	5	914
2460	B	1	4	122	1	1	101
2461	C	2	4	315	2	5	324
2462	C	3	6	528	3	1	623
2463	C	4	4	753	4	7	654
2464	A	1	8	735	1	3	728
2465	D	2	4	669	2	5	866
2466	B	3	6	620	3	1	627
2467	C	4	4	653	4	7	754
2468	D	1	8	668	1	3	867
2469	C	2	4	56	2	5	71
2470	D	3	6	801	3	1	734
2471	B	4	4	533	4	7	522
2472	D	1	8	996	1	3	539
2473	B	2	4	432	2	5	431
2474	B	3	6	774	3	1	793
2475	B	4	4	632	4	7	615
2476	A	1	8	793	1	3	798
2477	C	2	4	522	2	5	629
2478	C	3	6	696	3	1	711
2479	A	4	4	294	4	7	289
2480	A	1	8	120	1	3	127
2481	B	2	8	1022	2	1	993
2482	A	3	8	634	3	7	637
2483	C	4	6	24	4	3	103
2484	A	1	2	18	1	7	21
2485	D	2	8	673	2	1	862
2486	D	3	8	228	3	7	283
2487	C	4	6	1002	4	3	917
2488	B	1	2	453	1	7	474
2489	D	2	8	106	2	1	405
2490	C	3	8	845	3	7	818
2491	C	4	6	49	4	3	78
2492	D	1	2	742	1	7	793
2493	B	2	8	178	2	1	173
2494	A	3	8	698	3	7	701
2495	D	4	6	399	4	3	112
2496	D	1	2	120	1	7	391
2497	C	2	8	1018	2	1	901
2498	C	3	8	445	3	7	450
2499	C	4	6	260	4	3	379
2500	C	1	2	952	1	7	967
2501	A	2	6	12	2	7	11
2502	A	3	4	18	3	3	21
2503	C	4	2	529	4	1	622
2504	D	1	6	825	1	5	710
2505	A	2	6	205	2	7	202
2506	D	3	4	25	3	3	486
2507	D	4	2	73	4	1	438
2508	B	1	6	392	1	5	407
2509	A	2	6	872	2	7	879
2510	B	3	4	980	3	3	971
2511	D	4	2	1009	4	1	526
2512	D	1	6	902	1	5	633
2513	C	2	6	415	2	7	480
2514	D	3	4	852	3	3	683
2515	B	4	2	326	4	1	345
2516	D	1	6	740	1	5	795
2517	C	2	6	883	2	7	780
2518	D	3	4	384	3	3	127
2519	D	4	2	869	4	1	666
2520	D	1	6	718	1	5	817
2521	C	2	2	784	2	3	879
2522	C	3	2	118	3	5	9
2523	A	4	8	710	4	5	705
2524	A	1	8	193	1	3	198
2525	D	2	2	648	2	3	887
2526	C	3	2	16	3	5	111
2527	B	4	8	847	4	5	848
2528	C	1	8	112	1	3	15
2529	C	2	2	556	2	3	595
2530	A	3	2	139	3	5	140
2531	D	4	8	782	4	5	753
2532	C	1	8	200	1	3	183
2533	C	2	2	819	2	3	844
2534	B	3	2	386	3	5	413
2535	A	4	8	651	4	5	652
2536	A	1	8	969	1	3	974
2537	C	2	2	383	2	3	256
2538	C	3	2	329	3	5	310
2539	D	4	8	571	4	5	964
2540	B	1	8	109	1	3	114
2541	B	2	4	814	2	7	817
2542	B	3	6	344	3	1	327
2543	D	4	4	113	4	7	398
2544	A	1	4	27	1	1	28
2545	A	2	4	627	2	7	628
2546	C	3	6	947	3	1	972
2547	B	4	4	132	4	7	155
2548	D	1	4	270	1	1	241
2549	B	2	4	892	2	7	867
2550	C	3	6	1023	3	1	896
2551	A	4	4	374	4	7	369
2552	A	1	4	785	1	1	790
2553	C	2	4	332	2	7	307
2554	D	3	6	441	3	1	70
2555	A	4	4	512	4	7	519
2556	D	1	4	12	1	1	499
2557	C	2	4	727	2	7	680
2558	C	3	6	496	3	1	399
2559	A	4	4	434	4	7	437
2560	C	1	4	842	1	1	821
2561	D	2	8	227	2	5	284
2562	D	3	8	250	3	7	261
2563	D	4	6	565	4	3	970
2564	A	1	2	664	1	7	671
2565	A	2	8	490	2	5	493
2566	C	3	8	3	3	7	124
2567	A	4	6	131	4	3	132
2568	A	1	2	174	1	7	169
2569	D	2	8	970	2	5	565
2570	B	3	8	90	3	7	69
2571	C	4	6	415	4	3	480
2572	A	1	2	507	1	7	508
2573	D	2	8	437	2	5	74
2574	A	3	8	231	3	7	224
2575	D	4	6	233	4	3	278
2576	D	1	2	870	1	7	665
2577	A	2	8	814	2	5	809
2578	A	3	8	148	3	7	147
2579	C	4	6	822	4	3	841
2580	C	1	2	802	1	7	861
2581	A	2	4	340	2	5	339
2582	A	3	4	145	3	3	150
2583	D	4	2	920	4	1	615
2584	C	1	6	924	1	5	995
2585	B	2	4	270	2	5	273
2586	B	3	4	479	3	3	448
2587	C	4	2	1001	4	1	918
2588	B	1	6	853	1	5	842
2589	A	2	4	91	2	5	92
2590	B	3	4	592	3	3	591
2591	D	4	2	329	4	1	182
2592	D	1	6	27	1	5	484
2593	B	2	4	781	2	5	786
2594	C	3	4	134	3	3	249
2595	C	4	2	414	4	1	481
2596	A	1	6	462	1	5	457
2597	B	2	4	566	2	5	553
2598	C	3	4	102	3	3	25
2599	B	4	2	125	4	1	98
2600	B	1	6	669	1	5	642
2601	B	2	2	206	2	3	209
2602	B	3	2	95	3	5	64
2603	B	4	8	45	4	5	50
2604	C	1	8	275	1	1	364
2605	A	2	2	304	2	3	311
2606	C	3	2	825	3	5	838
2607	B	4	8	628	4	5	619
2608	D	1	8	403	1	1	108
2609	B	2	2	889	2	3	870
2610	C	3	2	320	3	5	319
2611	D	4	8	509	4	5	2
2612	A	1	8	285	1	1	282
2613	C	2	2	231	2	3	152
2614	B	3	2	1017	3	5	998
2615	C	4	8	283	4	5	356
2616	C	1	8	989	1	1	930
2617	D	2	2	112	2	3	399
2618	D	3	2	11	3	5	500
2619	A	4	8	912	4	5	919
2620	B	1	8	931	1	1	956
2621	C	2	6	1018	2	1	901
2622	B	3	6	45	3	1	50
2623	C	4	4	669	4	7	738
2624	C	1	4	755	1	3	652
2625	D	2	6	613	2	1	922
2626	D	3	6	703	3	1	832
2627	B	4	4	721	4	7	718
2628	D	1	4	487	1	3	24
2629	D	2	6	549	2	1	986
2630	D	3	6	755	3	1	780
2631	A	4	4	937	4	7	942
2632	B	1	4	365	1	3	370
2633	D	2	6	143	2	1	368
2634	B	3	6	589	3	1	594
2635	B	4	4	597	4	7	586
2636	C	1	4	926	1	3	993
2637	C	2	6	701	2	1	706
2638	A	3	6	635	3	1	636
2639	D	4	4	808	4	7	727
2640	B	1	4	8	1	3	23
2641	D	2	8	767	2	7	768
2642	D	3	8	252	3	7	259
2643	B	4	6	267	4	3	276
2644	B	1	2	925	1	7	898
2645	C	2	8	695	2	7	712
2646	B	3	8	256	3	7	287
2647	A	4	6	600	4	3	607
2648	D	1	2	612	1	7	923
2649	C	2	8	126	2	7	1
2650	C	3	8	549	3	7	602
2651	C	4	6	306	4	3	333
2652	C	1	2	887	1	7	776
2653	C	2	8	987	2	7	932
2654	D	3	8	742	3	7	793
2655	C	4	6	780	4	3	883
2656	D	1	2	41	1	7	470
2657	D	2	8	71	2	7	440
2658	A	3	8	76	3	7	75
2659	B	4	6	323	4	3	348
2660	C	1	2	243	1	7	140
2661	B	2	4	464	2	1	463
2662	D	3	4	683	3	3	852
2663	D	4	2	753	4	1	782
2664	D	1	6	822	1	5	713
2665	C	2	4	871	2	1	792
2666	D	3	4	918	3	3	617
2667	C	4	2	431	4	1	464
2668	A	1	6	710	1	5	705
2669	C	2	4	189	2	1	194
2670	C	3	4	329	3	3	310
2671	D	4	2	427	4	1	84
2672	C	1	6	559	1	5	592
2673	D	2	4	736	2	1	799
2674	A	3	4	347	3	3	348
2675	A	4	2	289	4	1	294
2676	B	1	6	49	1	5	46
2677	C	2	4	778	2	1	885
2678	A	3	4	598	3	3	593
2679	D	4	2	259	4	1	252
2680	D	1	6	6	1	5	505
2681	C	2	6	300	2	5	339
2682	A	3	2	79	3	5	72
2683	D	4	8	923	4	5	612
2684	B	1	4	220	1	3	195
2685	B	2	6	406	2	5	393
2686	A	3	2	506	3	5	509
2687	C	4	8	513	4	5	638
2688	B	1	4	289	1	3	318
2689	B	2	6	772	2	5	795
2690	D	3	2	190	3	5	321
2691	A	4	8	767	4	5	760
2692	B	1	4	67	1	3	92
2693	D	2	6	334	2	5	177
2694	D	3	2	127	3	5	384
2695	D	4	8	888	4	5	647
2696	C	1	4	647	1	3	760
2697	B	2	6	607	2	5	576
2698	A	3	2	561	3	5	566
2699	A	4	8	741	4	5	738
2700	B	1	4	502	1	3	489
2701	D	2	2	677	2	3	858
2702	C	3	6	254	3	1	129
2703	B	4	4	184	4	7	167
2704	C	1	8	415	1	1	480
2705	C	2	2	752	2	3	655
2706	B	3	6	111	3	1	112
2707	D	4	4	140	4	7	371
2708	C	1	8	773	1	1	890
2709	D	2	2	911	2	3	624
2710	D	3	6	511	3	1	0
2711	A	4	4	156	4	7	155
2712	D	1	8	582	1	1	953
2713	D	2	2	601	2	3	934
2714	A	3	6	746	3	1	749
2715	C	4	4	539	4	7	612
2716	A	1	8	595	1	1	596
2717	A	2	2	153	2	3	158
2718	B	3	6	982	3	1	969
2719	D	4	4	64	4	7	447
2720	C	1	8	465	1	1	430
2721	A	2	8	612	2	7	611
2722	A	3	8	442	3	7	445
2723	D	4	6	39	4	3	472
2724	A	1	2	817	1	7	822
2725	D	2	8	948	2	7	587
2726	C	3	8	134	3	7	249
2727	D	4	6	633	4	3	902
2728	C	1	2	317	1	7	322
2729	D	2	8	140	2	7	371
2730	C	3	8	548	3	7	603
2731	D	4	6	127	4	3	384
2732	D	1	2	599	1	7	936
2733	B	2	8	385	2	7	414
2734	A	3	8	141	3	7	138
2735	D	4	6	126	4	3	385
2736	D	1	2	913	1	7	622
2737	A	2	8	17	2	7	22
2738	C	3	8	710	3	7	697
2739	D	4	6	228	4	3	283
2740	B	1	2	787	1	7	780
2741	A	2	4	149	2	1	146
2742	D	3	4	420	3	3	91
2743	A	4	8	592	4	5	599
2744	B	1	6	518	1	5	537
2745	D	2	4	7	2	1	504
2746	D	3	4	716	3	3	819
2747	A	4	8	415	4	5	408
2748	A	1	6	554	1	5	557
2749	A	2	4	359	2	1	352
2750	C	3	4	624	3	3	527
2751	B	4	8	865	4	5	894
2752	B	1	6	881	1	5	878
2753	D	2	4	402	2	1	109
2754	C	3	4	214	3	3	169
2755	A	4	8	892	4	5	891
2756	B	1	6	204	1	5	211
2757	C	2	4	453	2	1	442
2758	B	3	4	25	3	3	6
2759	D	4	8	344	4	5	167
2760	A	1	6	879	1	5	872
2761	C	2	2	712	2	5	695
2762	D	3	2	277	3	5	234
2763	A	4	2	407	4	1	400
2764	A	1	4	544	1	1	551
2765	C	2	2	766	2	5	641
2766	A	3	2	173	3	5	170
2767	C	4	2	992	4	1	927
2768	B	1	4	107	1	1	116
2769	B	2	2	867	2	5	892
2770	C	3	2	555	3	5	596
2771	D	4	2	654	4	1	881
2772	A	1	4	204	1	1	203
2773	A	2	2	182	2	5	177
2774	A	3	2	358	3	5	353
2775	D	4	2	1023	4	1	512
2776	D	1	4	469	1	1	42
2777	C	2	2	636	2	5	515
2778	B	3	2	625	3	5	622
2779	A	4	2	374	4	1	369
2780	B	1	4	438	1	1	425
2781	C	2	6	841	2	3	822
2782	C	3	6	237	3	1	146
2783	D	4	4	748	4	7	787
2784	D	1	8	284	1	3	227
2785	C	2	6	254	2	3	129
2786	D	3	6	498	3	1	13
2787	A	4	4	262	4	7	257
2788	B	1	8	928	1	3	959
2789	C	2	6	111	2	3	16
2790	B	3	6	1016	3	1	999
2791	C	4	4	814	4	7	849
2792	D	1	8	412	1	3	99
2793	B	2	6	711	2	3	728
2794	C	3	6	280	3	1	359
2795	A	4	4	111	4	7	104
2796	A	1	8	171	1	3	172
2797	D	2	6	155	2	3	356
2798	B	3	6	651	3	1	660
2799	C	4	4	401	4	7	494
2800	B	1	8	320	1	3	351
2801	D	2	8	767	2	7	768
2802	C	3	8	472	3	7	423
2803	D	4	6	545	4	3	990
2804	A	1	2	877	1	7	874
2805	C	2	8	758	2	7	649
2806	C	3	8	268	3	7	371
2807	A	4	6	715	4	3	716
2808	B	1	2	55	1	7	40
2809	D	2	8	288	2	7	223
2810	C	3	8	270	3	7	369
2811	C	4	6	597	4	3	554
2812	A	1	2	203	1	7	204
2813	B	2	8	676	2	7	699
2814	D	3	8	775	3	7	760
2815	B	4	6	303	4	3	304
2816	B	1	2	298	1	7	309
2817	D	2	8	25	2	7	486
2818	B	3	8	334	3	7	337
2819	B	4	6	685	4	3	690
2820	D	1	2	395	1	7	116
2821	B	2	4	973	2	1	978
2822	D	3	4	641	3	3	894
2823	B	4	2	574	4	5	545
2824	B	1	6	437	1	1	426
2825	C	2	4	1009	2	1	910
2826	D	3	4	509	3	3	2
2827	C	4	2	16	4	5	111
2828	A	1	6	894	1	1	889
2829	D	2	4	926	2	1	609
2830	D	3	4	968	3	3	567
2831	B	4	2	87	4	5	72
2832	D	1	6	672	1	1	863
2833	B	2	4	323	2	1	348
2834	B	3	4	92	3	3	67
2835	C	4	2	170	4	5	213
2836	C	1	6	340	1	1	299
2837	D	2	4	28	2	1	483
2838	C	3	4	398	3	3	497
2839	C	4	2	937	4	5	982
2840	A	1	6	426	1	1	429
2841	D	2	2	658	2	5	877
2842	D	3	6	238	3	1	273
2843	D	4	8	122	4	1	389
2844	A	1	4	969	1	5	974
2845	C	2	2	41	2	5	86
2846	A	3	6	932	3	1	931
2847	D	4	8	995	4	1	540
2848	C	1	4	2	1	5	125
2849	B	2	2	880	2	5	879
2850	A	3	6	502	3	1	497
2851	D	4	8	150	4	1	361
2852	A	1	4	433	1	5	438
2853	B	2	2	1023	2	5	992
2854	B	3	6	216	3	1	199
2855	C	4	8	134	4	1	249
2856	D	1	4	474	1	5	37
2857	A	2	2	786	2	5	789
2858	D	3	6	235	3	1	276
2859	B	4	8	989	4	1	962
2860	C	1	4	598	1	5	553
2861	A	2	6	638	2	3	633
2862	D	3	2	215	3	5	296
2863	C	4	4	405	4	7	490
2864	B	1	8	450	1	3	477
2865	C	2	6	6	2	3	121
2866	C	3	2	11	3	5	116
2867	B	4	4	269	4	7	274
2868	D	1	8	605	1	3	930
2869	C	2	6	782	2	3	881
2870	D	3	2	146	3	5	365
2871	B	4	4	569	4	7	550
2872	B	1	8	912	1	3	911
2873	B	2	6	590	2	3	593
2874	D	3	2	781	3	5	754
2875	A	4	4	36	4	7	35
2876	A	1	8	184	1	3	191
2877	D	2	6	862	2	3	673
2878	C	3	2	508	3	5	387
2879	D	4	4	855	4	7	680
2880	B	1	8	668	1	3	643
2881	C	2	8	706	2	7	701
2882	D	3	8	412	3	7	99
2883	A	4	6	467	4	3	468
2884	C	1	2	483	1	7	412
2885	D	2	8	1007	2	7	528
2886	B	3	8	497	3	7	494
2887	D	4	6	44	4	3	467
2888	C	1	2	331	1	7	308
2889	B	2	8	86	2	7	73
2890	C	3	8	299	3	7	340
2891	B	4	6	861	4	3	834
2892	B	1	2	908	1	7	915
2893	C	2	8	730	2	7	677
2894	A	3	8	827	3	7	828
2895	D	4	6	893	4	3	642
2896	D	1	2	356	1	7	155
2897	A	2	8	800	2	7	807
2898	C	3	8	845	3	7	818
2899	C	4	6	662	4	3	745
2900	A	1	2	528	1	7	535
2901	B	2	2	416	2	3	447
2902	A	3	4	733	3	3	730
2903	B	4	2	970	4	5	981
2904	B	1	6	401	1	1	398
2905	B	2	2	187	2	3	164
2906	B	3	4	1017	3	3	998
2907	C	4	2	772	4	5	891
2908	B	1	6	108	1	1	115
2909	A	2	2	781	2	3	778
2910	D	3	4	289	3	3	222
2911	A	4	2	682	4	5	685
2912	D	1	6	803	1	1	732
2913	B	2	2	792	2	3	775
2914	C	3	4	343	3	3	296
2915	D	4	2	724	4	5	811
2916	A	1	6	449	1	1	454
2917	C	2	2	361	2	3	278
2918	C	3	4	96	3	3	31
2919	D	4	2	808	4	5	727
2920	D	1	6	495	1	1	16
2921	D	2	4	813	2	1	722
2922	C	3	6	459	3	5	436
2923	D	4	4	124	4	7	387
2924	D	1	4	730	1	3	805
2925	C	2	4	195	2	1	188
2926	D	3	6	603	3	5	932
2927	A	4	4	199	4	7	192
2928	B	1	4	506	1	3	485
2929	C	2	4	924	2	1	995
2930	B	3	6	909	3	5	914
2931	B	4	4	799	4	7	768
2932	B	1	4	661	1	3	650
2933	C	2	4	42	2	1	85
2934	C	3	6	596	3	5	555
2935	D	4	4	372	4	7	139
2936	C	1	4	209	1	3	174
2937	B	2	4	197	2	1	218
2938	D	3	6	960	3	5	575
2939	B	4	4	545	4	7	574
2940	B	1	4	82	1	3	77
2941	B	2	6	32	2	5	63
2942	A	3	8	371	3	7	372
2943	C	4	8	416	4	1	479
2944	D	1	8	865	1	5	670
2945	C	2	6	851	2	5	812
2946	D	3	8	352	3	7	159
2947	C	4	8	290	4	1	349
2948	A	1	8	928	1	5	935
2949	B	2	6	764	2	5	739
2950	A	3	8	402	3	7	405
2951	D	4	8	615	4	1	920
2952	C	1	8	135	1	5	248
2953	A	2	6	453	2	5	450
2954	A	3	8	797	3	7	794
2955	D	4	8	285	4	1	226
2956	D	1	8	621	1	5	914
2957	C	2	6	684	2	5	723
2958	A	3	8	721	3	7	726
2959	B	4	8	350	4	1	321
2960	C	1	8	818	1	5	845
2961	C	2	8	858	2	7	805
2962	B	3	2	138	3	1	149
2963	D	4	6	395	4	3	116
2964	B	1	2	878	1	7	881
2965	C	2	8	641	2	7	766
2966	D	3	2	317	3	1	194
2967	C	4	6	84	4	3	43
2968	D	1	2	273	1	7	238
2969	A	2	8	996	2	7	995
2970	B	3	2	778	3	1	789
2971	A	4	6	880	4	3	887
2972	C	1	2	634	1	7	517
2973	C	2	8	1015	2	7	904
2974	D	3	2	353	3	1	158
2975	A	4	6	827	4	3	828
2976	B	1	2	568	1	7	551
2977	B	2	8	391	2	7	408
2978	B	3	2	764	3	1	739
2979	B	4	6	637	4	3	610
2980	A	1	2	936	1	7	943
2981	B	2	2	874	2	1	885
2982	B	3	4	872	3	3	887
2983	B	4	2	772	4	1	795
2984	B	1	6	964	1	1	987
2985	A	2	2	181	2	1	178
2986	A	3	4	336	3	3	343
2987	A	4	2	152	4	1	159
2988	D	1	6	830	1	1	705
2989	D	2	2	286	2	1	225
2990	C	3	4	730	3	3	677
2991	C	4	2	70	4	1	57
2992	D	1	6	860	1	1	675
2993	C	2	2	324	2	1	315
2994	B	3	4	514	3	3	541
2995	A	4	2	924	4	1	923
2996	C	1	6	645	1	1	762
2997	B	2	2	478	2	1	449
2998	B	3	4	414	3	3	385
2999	C	4	2	774	4	1	889
3000	B	1	6	604	1	1	579
3001	A	2	4	794	2	3	797
3002	C	3	6	245	3	5	138
3003	A	4	8	438	4	3	433
3004	A	1	4	12	1	3	11
3005	C	2	4	722	2	3	685
3006	A	3	6	357	3	5	354
3007	B	4	8	423	4	3	440
3008	C	1	4	875	1	3	788
3009	A	2	4	964	2	3	963
3010	A	3	6	979	3	5	980
3011	A	4	8	115	4	3	116
3012	C	1	4	235	1	3	148
3013	B	2	4	784	2	3	783
3014	B	3	6	0	3	5	31
3015	A	4	8	913	4	3	918
3016	B	1	4	514	1	3	541
3017	A	2	4	216	2	3	223
3018	C	3	6	117	3	5	10
3019	A	4	8	213	4	3	210
3020	A	1	4	284	1	3	283
3021	A	2	6	388	2	5	387
3022	D	3	8	479	3	1	32
3023	C	4	4	352	4	5	287
3024	B	1	8	594	1	5	589
3025	A	2	6	468	2	5	467
3026	B	3	8	538	3	1	517
3027	D	4	4	552	4	5	983
3028	A	1	8	263	1	5	256
3029	D	2	6	630	2	5	905
3030	D	3	8	682	3	1	853
3031	B	4	4	424	4	5	439
3032	C	1	8	1018	1	5	901
3033	B	2	6	115	2	5	108
3034	A	3	8	785	3	1	790
3035	D	4	4	432	4	5	79
3036	A	1	8	342	1	5	337
3037	D	2	6	627	2	5	908
3038	B	3	8	1019	3	1	996
3039	B	4	4	541	4	5	514
3040	C	1	8	381	1	5	258
3041	C	2	8	474	2	7	421
3042	A	3	2	555	3	7	556
3043	D	4	6	634	4	7	901
3044	B	1	2	661	1	7	650
3045	C	2	8	142	2	7	241
3046	D	3	2	399	3	7	112
3047	A	4	6	493	4	7	490
3048	A	1	2	7	1	7	0
3049	C	2	8	708	2	7	699
3050	C	3	2	73	3	7	54
3051	A	4	6	97	4	7	102
3052	D	1	2	397	1	7	114
3053	B	2	8	152	2	7	135
3054	A	3	2	868	3	7	867
3055	D	4	6	938	4	7	597
3056	C	1	2	31	1	7	96
3057	A	2	8	378	2	7	381
3058	D	3	2	1018	3	7	517
3059	C	4	6	650	4	7	757
3060	A	1	2	204	1	7	203
3061	B	2	2	187	2	3	164
3062	D	3	4	60	3	3	451
3063	C	4	8	160	4	5	223
3064	C	1	6	100	1	1	27
3065	A	2	2	892	2	3	891
3066	C	3	4	692	3	3	715
3067	C	4	8	805	4	5	858
3068	B	1	6	723	1	1	716
3069	A	2	2	227	2	3	228
3070	D	3	4	27	3	3	484
3071	C	4	8	874	4	5	789
3072	C	1	6	83	1	1	44
3073	C	2	2	378	2	3	261
3074	A	3	4	861	3	3	858
3075	A	4	8	343	4	5	336
3076	D	1	6	511	1	1	0
3077	B	2	2	784	2	3	783
3078	C	3	4	54	3	3	73
3079	A	4	8	950	4	5	945
3080	A	1	6	373	1	1	370
3081	B	2	4	269	2	1	274
3082	C	3	8	396	3	7	499
3083	D	4	2	951	4	1	584
3084	C	1	4	1009	1	5	910
3085	C	2	4	397	2	1	498
3086	B	3	8	887	3	7	872
3087	D	4	2	379	4	1	132
3088	B	1	4	768	1	5	799
3089	A	2	4	400	2	1	407
3090	A	3	8	792	3	7	799
3091	A	4	2	645	4	1	642
3092	A	1	4	949	1	5	946
3093	C	2	4	259	2	1	380
3094	C	3	8	680	3	7	727
3095	C	4	2	319	4	1	320
3096	A	1	4	736	1	5	743
3097	B	2	4	764	2	1	739
3098	B	3	8	321	3	7	350
3099	B	4	2	144	4	1	143
3100	C	1	4	840	1	5	823
3101	D	2	6	194	2	5	317
3102	D	3	6	296	3	5	215
3103	B	4	4	628	4	7	619
3104	C	1	8	13	1	3	114
3105	A	2	6	820	2	5	819
3106	C	3	6	826	3	5	837
3107	A	4	4	237	4	7	234
3108	B	1	8	712	1	3	727
3109	C	2	6	144	2	5	239
3110	D	3	6	710	3	5	825
3111	A	4	4	712	4	7	719
3112	D	1	8	553	1	3	982
3113	C	2	6	538	2	5	613
3114	C	3	6	17	3	5	110
3115	A	4	4	502	4	7	497
3116	B	1	8	825	1	3	806
3117	A	2	6	42	2	5	45
3118	D	3	6	179	3	5	332
3119	A	4	4	788	4	7	787
3120	D	1	8	583	1	3	952
3121	B	2	2	805	2	3	826
3122	A	3	2	939	3	1	940
3123	B	4	6	798	4	3	769
3124	B	1	2	509	1	7	482
3125	A	2	2	899	2	3	900
3126	D	3	2	168	3	1	343
3127	B	4	6	842	4	3	853
3128	C	1	2	468	1	7	427
3129	A	2	2	488	2	3	495
3130	B	3	2	179	3	1	172
3131	D	4	6	432	4	3	79
3132	C	1	2	837	1	7	826
3133	B	2	2	415	2	3	384
3134	D	3	2	45	3	1	466
3135	B	4	6	722	4	3	717
3136	D	1	2	295	1	7	216
3137	B	2	2	191	2	3	160
3138	A	3	2	197	3	1	194
3139	D	4	6	839	4	3	696
3140	C	1	2	602	1	7	549
3141	A	2	4	598	2	1	593
3142	C	3	4	277	3	3	362
3143	D	4	8	649	4	1	886
3144	D	1	6	825	1	3	710
3145	C	2	4	77	2	1	50
3146	B	3	4	824	3	3	807
3147	B	4	8	359	4	1	376
3148	B	1	6	963	1	3	988
3149	A	2	4	988	2	1	987
3150	B	3	4	77	3	3	82
3151	B	4	8	26	4	1	5
3152	C	1	6	653	1	3	754
3153	A	2	4	55	2	1	48
3154	C	3	4	1005	3	3	914
3155	B	4	8	130	4	1	157
3156	B	1	6	204	1	3	211
3157	B	2	4	84	2	1	75
3158	B	3	4	366	3	3	369
3159	B	4	8	834	4	1	861
3160	A	1	6	196	1	3	195
3161	B	2	8	493	2	7	498
3162	A	3	8	316	3	5	315
3163	C	4	4	46	4	7	81
3164	A	1	4	491	1	1	492
3165	C	2	8	76	2	7	51
3166	C	3	8	342	3	5	297
3167	A	4	4	130	4	7	133
3168	C	1	4	662	1	1	745
3169	A	2	8	925	2	7	922
3170	D	3	8	986	3	5	549
3171	B	4	4	70	4	7	89
3172	D	1	4	435	1	1	76
3173	D	2	8	260	2	7	251
3174	C	3	8	188	3	5	195
3175	A	4	4	553	4	7	558
3176	B	1	4	780	1	1	787
3177	C	2	8	43	2	7	84
3178	B	3	8	632	3	5	615
3179	C	4	4	199	4	7	184
3180	C	1	4	482	1	1	413
3181	A	2	6	423	2	5	416
3182	C	3	6	516	3	7	635
3183	A	4	2	785	4	5	790
3184	D	1	8	123	1	5	388
3185	B	2	6	392	2	5	407
3186	A	3	6	381	3	7	378
3187	D	4	2	615	4	5	920
3188	C	1	8	61	1	5	66
3189	A	2	6	252	2	5	251
3190	C	3	6	613	3	7	538
3191	A	4	2	127	4	5	120
3192	C	1	8	47	1	5	80
3193	D	2	6	298	2	5	213
3194	D	3	6	99	3	7	412
3195	B	4	2	192	4	5	223
3196	C	1	8	878	1	5	785
3197	D	2	6	287	2	5	224
3198	C	3	6	949	3	7	970
3199	C	4	2	784	4	5	879
3200	C	1	8	824	1	5	839
3201	B	2	2	286	2	7	257
3202	B	3	2	254	3	1	225
3203	D	4	8	480	4	5	31
3204	D	1	2	954	1	7	581
3205	A	2	2	974	2	7	969
3206	C	3	2	895	3	1	768
3207	B	4	8	236	4	5	243
3208	D	1	2	960	1	7	575
3209	C	2	2	442	2	7	453
3210	A	3	2	203	3	1	204
3211	B	4	8	516	4	5	539
3212	A	1	2	590	1	7	585
3213	C	2	2	351	2	7	288
3214	C	3	2	293	3	1	346
3215	B	4	8	410	4	5	389
3216	B	1	2	881	1	7	878
3217	B	2	2	954	2	7	933
3218	C	3	2	317	3	1	322
3219	A	4	8	494	4	5	489
3220	D	1	2	976	1	7	559
3221	A	2	4	360	2	3	367
3222	D	3	4	372	3	3	139
3223	C	4	6	78	4	3	49
3224	C	1	6	59	1	1	68
3225	C	2	4	358	2	3	281
3226	B	3	4	100	3	3	123
3227	D	4	6	205	4	3	306
3228	B	1	6	44	1	1	51
3229	D	2	4	699	2	3	836
3230	A	3	4	875	3	3	876
3231	D	4	6	861	4	3	674
3232	D	1	6	630	1	1	905
3233	A	2	4	192	2	3	199
3234	D	3	4	454	3	3	57
3235	C	4	6	826	4	3	837
3236	B	1	6	351	1	1	320
3237	A	2	4	922	2	3	925
3238	D	3	4	485	3	3	26
3239	C	4	6	216	4	3	167
3240	B	1	6	918	1	1	905
3241	C	2	8	674	2	1	733
3242	B	3	8	359	3	5	376
3243	A	4	4	122	4	7	125
3244	D	1	4	748	1	3	787
3245	A	2	8	546	2	1	549
3246	C	3	8	21	3	5	106
3247	D	4	4	989	4	7	546
3248	D	1	4	565	1	3	970
3249	C	2	8	293	2	1	346
3250	B	3	8	206	3	5	209
3251	B	4	4	348	4	7	323
3252	B	1	4	963	1	3	988
3253	C	2	8	729	2	1	678
3254	C	3	8	465	3	5	430
3255	D	4	4	708	4	7	827
3256	C	1	4	705	1	3	702
3257	C	2	8	1013	2	1	906
3258	C	3	8	236	3	5	147
3259	A	4	4	363	4	7	364
3260	A	1	4	328	1	3	335
3261	A	2	6	532	2	5	531
3262	D	3	6	888	3	7	647
3263	C	4	2	801	4	1	862
3264	D	1	8	420	1	5	91
3265	D	2	6	739	2	5	796
3266	C	3	6	22	3	7	105
3267	D	4	2	788	4	1	747
3268	B	1	8	558	1	5	561
3269	B	2	6	988	2	5	963
3270	B	3	6	183	3	7	168
3271	C	4	2	997	4	1	922
3272	A	1	8	589	1	5	586
3273	C	2	6	284	2	5	355
3274	B	3	6	876	3	7	883
3275	D	4	2	594	4	1	941
3276	C	1	8	320	1	5	319
3277	D	2	6	542	2	5	993
3278	A	3	6	594	3	7	597
3279	D	4	2	805	4	1	730
3280	D	1	8	983	1	5	552
3281	B	2	8	233	2	1	246
3282	B	3	2	848	3	1	847
3283	C	4	8	247	4	3	136
3284	B	1	2	302	1	7	305
3285	D	2	8	459	2	1	52
3286	A	3	2	875	3	1	876
3287	D	4	8	89	4	3	422
3288	A	1	2	210	1	7	213
3289	B	2	8	276	2	1	267
3290	D	3	2	978	3	1	557
3291	C	4	8	499	4	3	396
3292	D	1	2	436	1	7	75
3293	A	2	8	417	2	1	422
3294	D	3	2	653	3	1	882
3295	B	4	8	157	4	3	130
3296	D	1	2	836	1	7	699
3297	A	2	8	104	2	1	111
3298	A	3	2	58	3	1	61
3299	C	4	8	128	4	3	255
3300	B	1	2	388	1	7	411
3301	C	2	2	594	2	7	557
3302	B	3	4	249	3	3	230
3303	B	4	6	308	4	7	299
3304	B	1	6	65	1	1	94
3305	D	2	2	814	2	7	721
3306	C	3	4	631	3	3	520
3307	C	4	6	960	4	7	959
3308	B	1	6	628	1	1	619
3309	C	2	2	207	2	7	176
3310	C	3	4	512	3	3	639
3311	B	4	6	209	4	7	206
3312	A	1	6	761	1	1	766
3313	A	2	2	422	2	7	417
3314	B	3	4	2	3	3	29
3315	A	4	6	635	4	7	636
3316	D	1	6	38	1	1	473
3317	B	2	2	277	2	7	266
3318	B	3	4	613	3	3	634
3319	D	4	6	87	4	7	424
3320	C	1	6	189	1	1	194
3321	C	2	4	832	2	3	831
3322	B	3	8	643	3	5	668
3323	A	4	4	732	4	5	731
3324	D	1	4	503	1	3	8
3325	C	2	4	202	2	3	181
3326	C	3	8	959	3	5	960
3327	D	4	4	308	4	5	203
3328	A	1	4	408	1	3	415
3329	B	2	4	478	2	3	449
3330	B	3	8	794	3	5	773
3331	D	4	4	44	4	5	467
3332	A	1	4	164	1	3	163
3333	A	2	4	157	2	3	154
3334	B	3	8	841	3	5	854
3335	C	4	4	241	4	5	142
3336	B	1	4	36	1	3	59
3337	C	2	4	813	2	3	850
3338	C	3	8	390	3	5	505
3339	D	4	4	993	4	5	542
3340	D	1	4	15	1	3	496
3341	C	2	6	533	2	5	618
3342	C	3	2	95	3	1	32
3343	B	4	2	701	4	1	674
3344	D	1	8	144	1	5	367
3345	B	2	6	943	2	5	944
3346	C	3	2	361	3	1	278
3347	D	4	2	304	4	1	207
3348	B	1	8	465	1	5	462
3349	C	2	6	938	2	5	981
3350	C	3	2	216	3	1	167
3351	C	4	2	580	4	1	571
3352	B	1	8	597	1	5	586
3353	B	2	6	906	2	5	917
3354	B	3	2	318	3	1	289
3355	D	4	2	960	4	1	575
3356	C	1	8	827	1	5	836
3357	D	2	6	494	2	5	17
3358	B	3	2	586	3	1	597
3359	C	4	2	843	4	1	820
3360	B	1	8	28	1	5	3
3361	C	2	8	651	2	7	756
3362	C	3	6	110	3	7	17
3363	B	4	6	940	4	7	947
3364	B	1	2	507	1	7	484
3365	C	2	8	621	2	7	530
3366	B	3	6	323	3	7	348
3367	C	4	6	594	4	7	557
3368	B	1	2	335	1	7	336
3369	B	2	8	814	2	7	817
3370	D	3	6	36	3	7	475
3371	B	4	6	627	4	7	620
3372	B	1	2	438	1	7	425
3373	C	2	8	718	2	7	689
3374	B	3	6	428	3	7	435
3375	B	4	6	769	4	7	798
3376	A	1	2	843	1	7	844
3377	A	2	8	845	2	7	842
3378	D	3	6	683	3	7	852
3379	A	4	6	193	4	7	198
3380	D	1	2	961	1	7	574
3381	B	2	2	380	2	1	355
3382	D	3	4	134	3	3	377
3383	C	4	8	852	4	3	811
3384	C	1	6	75	1	1	52
3385	D	2	2	476	2	1	35
3386	D	3	4	337	3	3	174
3387	A	4	8	188	4	3	187
3388	B	1	6	755	1	1	748
3389	D	2	2	490	2	1	21
3390	B	3	4	486	3	3	505
3391	D	4	8	134	4	3	377
3392	A	1	6	363	1	1	364
3393	C	2	2	52	2	1	75
3394	A	3	4	798	3	3	793
3395	A	4	8	339	4	3	340
3396	B	1	6	316	1	1	291
3397	B	2	2	178	2	1	173
3398	B	3	4	747	3	3	756
3399	D	4	8	84	4	3	427
3400	D	1	6	36	1	1	475
3401	A	2	4	493	2	3	490
3402	C	3	8	139	3	5	244
3403	C	4	4	156	4	5	227
3404	A	1	4	632	1	3	639
3405	C	2	4	123	2	3	4
3406	A	3	8	872	3	5	879
3407	C	4	4	763	4	5	644
3408	C	1	4	360	1	3	279
3409	C	2	4	611	2	3	540
3410	B	3	8	906	3	5	917
3411	B	4	4	494	4	5	497
3412	D	1	4	793	1	3	742
3413	C	2	4	358	2	3	281
3414	C	3	8	128	3	5	255
3415	B	4	4	790	4	5	777
3416	B	1	4	942	1	3	945
3417	D	2	4	322	2	3	189
3418	C	3	8	133	3	5	250
3419	A	4	4	239	4	5	232
3420	B	1	4	253	1	3	226
3421	C	2	6	769	2	5	894
3422	A	3	2	285	3	1	282
3423	B	4	6	776	4	3	791
3424	D	1	8	57	1	5	454
3425	D	2	6	323	2	5	188
3426	A	3	2	386	3	1	389
3427	C	4	6	197	4	3	186
3428	C	1	8	167	1	5	216
3429	B	2	6	778	2	5	789
3430	B	3	2	599	3	1	584
3431	D	4	6	267	4	3	244
3432	D	1	8	555	1	5	980
3433	A	2	6	864	2	5	871
3434	D	3	2	926	3	1	609
3435	C	4	6	218	4	3	165
3436	B	1	8	801	1	5	830
3437	A	2	6	662	2	5	657
3438	D	3	2	466	3	1	45
3439	D	4	6	992	4	3	543
3440	A	1	8	353	1	5	358
3441	A	2	2	266	2	3	269
3442	B	3	4	104	3	3	119
3443	C	4	8	473	4	7	422
3444	B	1	2	845	1	7	850
3445	A	2	2	230	2	3	225
3446	A	3	4	701	3	3	698
3447	D	4	8	355	4	7	156
3448	C	1	2	333	1	7	306
3449	B	2	2	743	2	3	760
3450	C	3	4	603	3	3	548
3451	A	4	8	978	4	7	981
3452	D	1	2	444	1	7	67
3453	D	2	2	856	2	3	679
3454	B	3	4	647	3	3	664
3455	B	4	8	743	4	7	760
3456	A	1	2	646	1	7	641
3457	C	2	2	258	2	3	381
3458	C	3	4	464	3	3	431
3459	C	4	8	876	4	7	787
3460	C	1	2	893	1	7	770
3461	C	2	8	142	2	7	241
3462	D	3	6	319	3	7	192
3463	D	4	2	19	4	1	492
3464	C	1	6	167	1	1	216
3465	C	2	8	976	2	7	943
3466	D	3	6	685	3	7	850
3467	C	4	2	396	4	1	499
3468	B	1	6	521	1	1	534
3469	C	2	8	995	2	7	924
3470	A	3	6	738	3	7	741
3471	D	4	2	861	4	1	674
3472	A	1	6	939	1	1	940
3473	D	2	8	626	2	7	909
3474	D	3	6	585	3	7	950
3475	D	4	2	373	4	1	138
3476	D	1	6	378	1	1	133
3477	B	2	8	620	2	7	627
3478	C	3	6	25	3	7	102
3479	D	4	2	676	4	1	859
3480	B	1	6	483	1	1	508
3481	A	2	4	584	2	1	591
3482	B	3	8	219	3	5	196
3483	B	4	4	218	4	5	197
3484	C	1	4	61	1	3	66
3485	D	2	4	98	2	1	413
3486	A	3	8	67	3	5	68
3487	B	4	4	224	4	5	255
3488	A	1	4	255	1	3	248
3489	D	2	4	575	2	1	960
3490	A	3	8	209	3	5	214
3491	A	4	4	460	4	5	459
3492	A	1	4	619	1	3	620
3493	B	2	4	195	2	1	220
3494	C	3	8	862	3	5	801
3495	A	4	4	303	4	5	296
3496	A	1	4	287	1	3	280
3497	B	2	4	575	2	1	544
3498	B	3	8	522	3	5	533
3499	C	4	4	715	4	5	692
3500	A	1	4	998	1	3	993
3501	A	2	8	506	2	1	509
3502	C	3	4	875	3	7	788
3503	D	4	6	153	4	1	358
3504	C	1	8	842	1	5	821
3505	A	2	8	18	2	1	21
3506	C	3	4	622	3	7	529
3507	A	4	6	588	4	1	587
3508	A	1	8	614	1	5	609
3509	A	2	8	960	2	1	967
3510	B	3	4	816	3	7	815
3511	A	4	6	520	4	1	527
3512	B	1	8	843	1	5	852
3513	A	2	8	149	2	1	146
3514	C	3	4	849	3	7	814
3515	C	4	6	837	4	1	826
3516	D	1	8	682	1	5	853
3517	A	2	8	484	2	1	483
3518	C	3	4	172	3	7	211
3519	A	4	6	872	4	1	879
3520	C	1	8	610	1	5	541
3521	C	2	6	839	2	5	824
3522	B	3	8	935	3	5	952
3523	C	4	2	22	4	5	105
3524	C	1	2	653	1	7	754
3525	C	2	6	262	2	5	377
3526	A	3	8	405	3	5	402
3527	C	4	2	740	4	5	667
3528	A	1	2	743	1	7	736
3529	A	2	6	29	2	5	26
3530	B	3	8	278	3	5	265
3531	A	4	2	429	4	5	426
3532	C	1	2	545	1	7	606
3533	A	2	6	14	2	5	9
3534	A	3	8	162	3	5	165
3535	A	4	2	407	4	5	400
3536	A	1	2	625	1	7	630
3537	D	2	6	408	2	5	103
3538	C	3	8	572	3	5	579
3539	B	4	2	961	4	5	990
3540	B	1	2	554	1	7	565
3541	D	2	2	733	2	7	802
3542	C	3	2	71	3	1	56
3543	D	4	8	294	4	3	217
3544	A	1	4	923	1	3	924
3545	C	2	2	997	2	7	922
3546	D	3	2	448	3	1	63
3547	C	4	8	587	4	3	564
3548	B	1	4	735	1	3	704
3549	A	2	2	345	2	7	350
3550	A	3	2	494	3	1	489
3551	D	4	8	151	4	3	360
3552	B	1	4	167	1	3	184
3553	A	2	2	808	2	7	815
3554	C	3	2	628	3	1	523
3555	A	4	8	467	4	3	468
3556	D	1	4	302	1	3	209
3557	C	2	2	773	2	7	890
3558	D	3	2	137	3	1	374
3559	A	4	8	108	4	3	107
3560	B	1	4	84	1	3	75
3561	A	2	4	984	2	3	991
3562	B	3	6	271	3	3	272
3563	C	4	4	111	4	7	16
3564	C	1	6	640	1	1	767
3565	C	2	4	79	2	3	48
3566	B	3	6	268	3	3	275
3567	A	4	4	322	4	7	325
3568	A	1	6	826	1	1	829
3569	C	2	4	1020	2	3	899
3570	D	3	6	124	3	3	387
3571	A	4	4	859	4	7	860
3572	A	1	6	523	1	1	524
3573	C	2	4	129	2	3	254
3574	D	3	6	566	3	3	969
3575	C	4	4	1023	4	7	896
3576	C	1	6	223	1	1	160
3577	B	2	4	88	2	3	71
3578	D	3	6	662	3	3	873
3579	C	4	4	269	4	7	370
3580	B	1	6	734	1	1	705
3581	A	2	2	51	2	1	52
3582	D	3	2	601	3	3	934
3583	C	4	2	970	4	3	949
3584	C	1	2	553	1	5	598
3585	D	2	2	310	2	1	201
3586	C	3	2	264	3	3	375
3587	A	4	2	677	4	3	674
3588	D	1	2	925	1	5	610
3589	B	2	2	693	2	1	682
3590	C	3	2	41	3	3	86
3591	A	4	2	753	4	3	758
3592	B	1	2	388	1	5	411
3593	C	2	2	235	2	1	148
3594	A	3	2	841	3	3	846
3595	A	4	2	741	4	3	738
3596	D	1	2	844	1	5	691
3597	A	2	2	954	2	1	957
3598	A	3	2	441	3	3	446
3599	C	4	2	180	4	3	203
3600	C	1	2	289	1	5	350
3601	D	2	6	692	2	7	843
3602	A	3	6	496	3	5	503
3603	C	4	6	750	4	1	657
3604	A	1	6	430	1	3	425
3605	A	2	6	657	2	7	662
3606	D	3	6	341	3	5	170
3607	B	4	6	493	4	1	498
3608	A	1	6	790	1	3	785
3609	D	2	6	701	2	7	834
3610	B	3	6	819	3	5	812
3611	C	4	6	630	4	1	521
3612	C	1	6	665	1	3	742
3613	C	2	6	546	2	7	605
3614	A	3	6	427	3	5	428
3615	D	4	6	656	4	1	879
3616	C	1	6	236	1	3	147
3617	A	2	6	92	2	7	91
3618	C	3	6	209	3	5	174
3619	B	4	6	105	4	1	118
3620	D	1	6	440	1	3	71
3621	D	2	4	796	2	3	739
3622	C	3	4	620	3	1	531
3623	B	4	4	886	4	7	873
3624	A	1	4	800	1	1	807
3625	B	2	4	960	2	3	991
3626	B	3	4	364	3	1	371
3627	B	4	4	127	4	7	96
3628	D	1	4	688	1	1	847
3629	B	2	4	746	2	3	757
3630	D	3	4	249	3	1	262
3631	B	4	4	613	4	7	634
3632	B	1	4	926	1	1	897
3633	A	2	4	454	2	3	449
3634	D	3	4	436	3	1	75
3635	C	4	4	1005	4	7	914
3636	C	1	4	650	1	1	757
3637	A	2	4	88	2	3	95
3638	C	3	4	664	3	1	743
3639	A	4	4	1007	4	7	1000
3640	D	1	4	351	1	1	160
3641	C	2	8	518	2	5	633
3642	C	3	8	351	3	7	288
3643	A	4	8	445	4	5	442
3644	D	1	8	245	1	7	266
3645	D	2	8	912	2	5	623
3646	A	3	8	788	3	7	787
3647	B	4	8	799	4	5	768
3648	B	1	8	502	1	7	489
3649	C	2	8	172	2	5	211
3650	C	3	8	33	3	7	94
3651	B	4	8	666	4	5	645
3652	D	1	8	74	1	7	437
3653	D	2	8	693	2	5	842
3654	D	3	8	586	3	7	949
3655	B	4	8	83	4	5	76
3656	C	1	8	878	1	7	785
3657	B	2	8	260	2	5	283
3658	C	3	8	822	3	7	841
3659	C	4	8	1	4	5	126
3660	C	1	8	945	1	7	974
Total producer execution time using time(2) = 4699.000000
Total consumer execution time using time(2) = 4756.000000
job ended at Mon Apr 6 17:17:17 EDT 2020
