job started at Mon Apr 6 16:13:16 EDT 2020
0	A	1	2	292	1	1	291
1	A	2	2	580	2	1	579
2	C	3	2	336	3	1	303
3	A	4	2	348	4	1	347
4	C	1	2	182	1	1	201
5	D	2	2	713	2	1	822
6	C	3	2	553	3	1	598
7	B	4	2	27	4	1	4
8	D	1	2	50	1	1	461
9	B	2	2	306	2	1	301
10	D	3	2	86	3	1	425
11	C	4	2	686	4	1	721
12	D	1	2	428	1	1	83
13	C	2	2	817	2	1	846
14	D	3	2	19	3	1	492
15	B	4	2	331	4	1	340
16	C	1	2	347	1	1	292
17	D	2	2	850	2	1	685
18	C	3	2	255	3	1	128
19	A	4	2	669	4	1	666
20	B	1	2	787	1	1	780
21	D	2	2	253	2	1	258
22	C	3	2	122	3	1	5
23	B	4	2	591	4	1	592
24	A	1	2	922	1	1	925
25	C	2	2	93	2	1	34
26	A	3	2	280	3	1	287
27	D	4	2	218	4	1	293
28	B	1	2	957	1	1	930
29	B	2	2	657	2	1	654
30	D	3	2	653	3	1	882
31	C	4	2	433	4	1	462
32	B	1	2	661	1	1	650
33	A	2	2	5	2	1	2
34	C	3	2	47	3	1	80
35	D	4	2	797	4	1	738
36	B	1	2	222	1	1	193
37	D	2	2	898	2	1	637
38	A	3	2	499	3	1	500
39	C	4	2	322	4	1	317
40	D	1	2	955	1	1	580
41	B	2	2	509	2	1	482
42	C	3	2	699	3	1	708
43	D	4	2	74	4	1	437
44	C	1	2	39	1	1	88
45	A	2	2	250	2	1	253
46	A	3	2	987	3	1	988
47	D	4	2	595	4	1	940
48	A	1	2	123	1	1	124
49	B	2	2	733	2	1	706
50	B	3	2	990	3	1	961
51	A	4	2	511	4	1	504
52	A	1	2	325	1	1	322
53	D	2	2	305	2	1	206
54	C	3	2	36	3	1	91
55	C	4	2	352	4	1	287
56	C	1	2	398	1	1	497
57	A	2	2	945	2	1	950
58	A	3	2	547	3	1	548
59	A	4	2	631	4	1	624
60	B	1	2	648	1	1	663
61	A	2	2	318	2	1	313
62	B	3	2	304	3	1	303
63	D	4	2	293	4	1	218
64	B	1	2	816	1	1	815
65	D	2	2	853	2	1	682
66	C	3	2	160	3	1	223
67	D	4	2	124	4	1	387
68	C	1	2	937	1	1	982
69	D	2	2	314	2	1	197
70	A	3	2	676	3	1	675
71	B	4	2	423	4	1	440
72	A	1	2	706	1	1	709
73	C	2	2	397	2	1	498
74	B	3	2	961	3	1	990
75	A	4	2	236	4	1	235
76	A	1	2	940	1	1	939
77	D	2	2	387	2	1	124
78	A	3	2	662	3	1	657
79	A	4	2	965	4	1	962
80	D	1	2	799	1	1	736
81	B	2	2	579	2	1	604
82	A	3	2	134	3	1	129
83	C	4	2	884	4	1	779
84	B	1	2	812	1	1	819
85	A	2	2	586	2	1	589
86	A	3	2	688	3	1	695
87	C	4	2	22	4	1	105
88	C	1	2	685	1	1	722
89	D	2	2	900	2	1	635
90	D	3	2	353	3	1	158
91	B	4	2	151	4	1	136
92	C	1	2	63	1	1	64
93	D	2	2	919	2	1	616
94	D	3	2	446	3	1	65
95	C	4	2	684	4	1	723
96	C	1	2	895	1	1	768
97	A	2	2	552	2	1	559
98	B	3	2	609	3	1	638
99	C	4	2	488	4	1	407
100	C	1	2	1021	1	1	898
101	C	2	2	211	2	1	172
102	C	3	2	959	3	1	960
103	B	4	2	740	4	1	763
104	B	1	2	637	1	1	610
105	C	2	2	950	2	1	969
106	D	3	2	897	3	1	638
107	D	4	2	498	4	1	13
108	B	1	2	984	1	1	967
109	A	2	2	951	2	1	944
110	A	3	2	319	3	1	312
111	A	4	2	75	4	1	76
112	B	1	2	20	1	1	11
113	A	2	2	54	2	1	49
114	D	3	2	958	3	1	577
115	D	4	2	627	4	1	908
116	B	1	2	131	1	1	156
117	D	2	2	472	2	1	39
118	B	3	2	810	3	1	821
119	A	4	2	633	4	1	638
120	A	1	2	590	1	1	585
121	C	2	2	5	2	1	122
122	C	3	2	88	3	1	39
123	A	4	2	471	4	1	464
124	A	1	2	240	1	1	247
125	D	2	2	555	2	1	980
126	A	3	2	484	3	1	483
127	C	4	2	227	4	1	156
128	C	1	2	854	1	1	809
129	A	2	2	707	2	1	708
130	A	3	2	200	3	1	207
131	D	4	2	39	4	1	472
132	A	1	2	243	1	1	244
133	A	2	2	380	2	1	379
134	A	3	2	140	3	1	139
135	C	4	2	350	4	1	289
136	D	1	2	464	1	1	47
137	D	2	2	328	2	1	183
138	D	3	2	194	3	1	317
139	B	4	2	704	4	1	735
140	A	1	2	122	1	1	125
141	A	2	2	313	2	1	318
142	D	3	2	326	3	1	185
143	A	4	2	367	4	1	360
144	B	1	2	109	1	1	114
145	A	2	2	386	2	1	389
146	B	3	2	536	3	1	519
147	C	4	2	23	4	1	104
148	C	1	2	308	1	1	331
149	B	2	2	807	2	1	824
150	A	3	2	603	3	1	604
151	B	4	2	640	4	1	671
152	B	1	2	96	1	1	127
153	D	2	2	68	2	1	443
154	C	3	2	575	3	1	576
155	D	4	2	463	4	1	48
156	B	1	2	378	1	1	357
157	D	2	2	754	2	1	781
158	D	3	2	1023	3	1	512
159	A	4	2	788	4	1	787
160	D	1	2	677	1	1	858
161	D	2	2	507	2	1	4
162	C	3	2	647	3	1	760
163	A	4	2	1007	4	1	1000
164	C	1	2	774	1	1	889
165	C	2	2	169	2	1	214
166	A	3	2	206	3	1	201
167	D	4	2	222	4	1	289
168	A	1	2	595	1	1	596
169	D	2	2	109	2	1	402
170	D	3	2	739	3	1	796
171	B	4	2	687	4	1	688
172	D	1	2	593	1	1	942
173	A	2	2	847	2	1	840
174	A	3	2	699	3	1	700
175	B	4	2	481	4	1	510
176	D	1	2	573	1	1	962
177	C	2	2	679	2	1	728
178	D	3	2	247	3	1	264
179	A	4	2	686	4	1	681
180	D	1	2	345	1	1	166
181	D	2	2	381	2	1	130
182	A	3	2	218	3	1	221
183	C	4	2	392	4	1	503
184	D	1	2	964	1	1	571
185	D	2	2	1015	2	1	520
186	D	3	2	99	3	1	412
187	A	4	2	508	4	1	507
188	D	1	2	89	1	1	422
189	A	2	2	723	2	1	724
190	D	3	2	127	3	1	384
191	B	4	2	353	4	1	382
192	C	1	2	599	1	1	552
193	B	2	2	266	2	1	277
194	D	3	2	72	3	1	439
195	D	4	2	977	4	1	558
196	B	1	2	755	1	1	748
197	B	2	2	156	2	1	131
198	B	3	2	173	3	1	178
199	B	4	2	973	4	1	978
200	B	1	2	562	1	1	557
201	B	2	2	276	2	1	267
202	C	3	2	238	3	1	145
203	D	4	2	707	4	1	828
204	A	1	2	89	1	1	94
205	B	2	2	642	2	1	669
206	C	3	2	363	3	1	276
207	D	4	2	831	4	1	704
208	C	1	2	182	1	1	201
209	C	2	2	52	2	1	75
210	C	3	2	461	3	1	434
211	C	4	2	665	4	1	742
212	D	1	2	760	1	1	775
213	D	2	2	619	2	1	916
214	C	3	2	241	3	1	142
215	C	4	2	433	4	1	462
216	D	1	2	569	1	1	966
217	D	2	2	1003	2	1	532
218	A	3	2	554	3	1	557
219	A	4	2	122	4	1	125
220	B	1	2	273	1	1	270
221	D	2	2	160	2	1	351
222	C	3	2	865	3	1	798
223	D	4	2	410	4	1	101
224	B	1	2	814	1	1	817
225	D	2	2	379	2	1	132
226	A	3	2	145	3	1	150
227	B	4	2	602	4	1	581
228	C	1	2	91	1	1	36
229	A	2	2	238	2	1	233
230	D	3	2	932	3	1	603
231	D	4	2	335	4	1	176
232	A	1	2	7	1	1	0
233	A	2	2	189	2	1	186
234	D	3	2	911	3	1	624
235	A	4	2	629	4	1	626
236	A	1	2	253	1	1	250
237	A	2	2	613	2	1	610
238	B	3	2	413	3	1	386
239	A	4	2	482	4	1	485
240	A	1	2	440	1	1	447
241	C	2	2	919	2	1	1000
242	A	3	2	679	3	1	672
243	B	4	2	909	4	1	914
244	A	1	2	476	1	1	475
245	A	2	2	632	2	1	639
246	C	3	2	731	3	1	676
247	A	4	2	728	4	1	735
248	B	1	2	215	1	1	200
249	B	2	2	648	2	1	663
250	A	3	2	2	3	1	5
251	D	4	2	620	4	1	915
252	A	1	2	915	1	1	916
253	D	2	2	35	2	1	476
254	C	3	2	145	3	1	238
255	A	4	2	491	4	1	492
256	A	1	2	972	1	1	971
257	B	2	2	276	2	1	267
258	B	3	2	906	3	1	917
259	B	4	2	906	4	1	917
260	D	1	2	146	1	1	365
261	D	2	2	184	2	1	327
262	D	3	2	831	3	1	704
263	B	4	2	695	4	1	680
264	C	1	2	938	1	1	981
265	C	2	2	120	2	1	7
266	B	3	2	850	3	1	845
267	A	4	2	153	4	1	158
268	D	1	2	292	1	1	219
269	C	2	2	792	2	1	871
270	B	3	2	303	3	1	304
271	D	4	2	633	4	1	902
272	A	1	2	937	1	1	942
273	A	2	2	452	2	1	451
274	C	3	2	623	3	1	528
275	D	4	2	114	4	1	397
276	A	1	2	614	1	1	609
277	D	2	2	544	2	1	991
278	B	3	2	689	3	1	686
279	B	4	2	397	4	1	402
280	B	1	2	730	1	1	709
281	D	2	2	189	2	1	322
282	A	3	2	676	3	1	675
283	B	4	2	249	4	1	230
284	A	1	2	436	1	1	435
285	B	2	2	441	2	1	422
286	D	3	2	647	3	1	888
287	A	4	2	919	4	1	912
288	D	1	2	290	1	1	221
289	C	2	2	161	2	1	222
290	C	3	2	197	3	1	186
291	D	4	2	364	4	1	147
292	A	1	2	62	1	1	57
293	D	2	2	716	2	1	819
294	A	3	2	483	3	1	484
295	A	4	2	605	4	1	602
296	C	1	2	244	1	1	139
297	D	2	2	727	2	1	808
298	A	3	2	815	3	1	808
299	A	4	2	257	4	1	262
300	C	1	2	783	1	1	880
301	C	2	2	959	2	1	960
302	C	3	2	606	3	1	545
303	D	4	2	993	4	1	542
304	A	1	2	22	1	1	17
305	A	2	2	169	2	1	174
306	D	3	2	995	3	1	540
307	B	4	2	898	4	1	925
308	B	1	2	985	1	1	966
309	C	2	2	135	2	1	248
310	D	3	2	1001	3	1	534
311	A	4	2	518	4	1	513
312	B	1	2	307	1	1	300
313	C	2	2	10	2	1	117
314	A	3	2	746	3	1	749
315	A	4	2	859	4	1	860
316	D	1	2	974	1	1	561
317	C	2	2	307	2	1	332
318	B	3	2	159	3	1	128
319	B	4	2	527	4	1	528
320	B	1	2	204	1	1	211
321	A	2	2	11	2	1	12
322	C	3	2	932	3	1	987
323	A	4	2	955	4	1	956
324	A	1	2	927	1	1	920
325	C	2	2	880	2	1	783
326	C	3	2	59	3	1	68
327	C	4	2	811	4	1	852
328	C	1	2	147	1	1	236
329	D	2	2	729	2	1	806
330	D	3	2	149	3	1	362
331	B	4	2	862	4	1	833
332	A	1	2	682	1	1	685
333	D	2	2	293	2	1	218
334	B	3	2	935	3	1	952
335	D	4	2	64	4	1	447
336	D	1	2	242	1	1	269
337	A	2	2	975	2	1	968
338	C	3	2	315	3	1	324
339	B	4	2	887	4	1	872
340	D	1	2	365	1	1	146
341	C	2	2	729	2	1	678
342	C	3	2	15	3	1	112
343	B	4	2	658	4	1	653
344	A	1	2	366	1	1	361
345	D	2	2	13	2	1	498
346	A	3	2	770	3	1	773
347	A	4	2	298	4	1	301
348	C	1	2	2	1	1	125
349	C	2	2	667	2	1	740
350	B	3	2	973	3	1	978
351	D	4	2	393	4	1	118
352	C	1	2	180	1	1	203
353	B	2	2	145	2	1	142
354	A	3	2	299	3	1	300
355	C	4	2	678	4	1	729
356	D	1	2	204	1	1	307
357	A	2	2	807	2	1	800
358	C	3	2	722	3	1	685
359	C	4	2	745	4	1	662
360	C	1	2	296	1	1	343
361	D	2	2	697	2	1	838
362	D	3	2	110	3	1	401
363	D	4	2	898	4	1	637
364	B	1	2	526	1	1	529
365	C	2	2	705	2	1	702
366	D	3	2	951	3	1	584
367	C	4	2	1015	4	1	904
368	D	1	2	848	1	1	687
369	A	2	2	907	2	1	908
370	A	3	2	584	3	1	591
371	A	4	2	563	4	1	564
372	D	1	2	809	1	1	726
373	A	2	2	531	2	1	532
374	A	3	2	176	3	1	183
375	A	4	2	629	4	1	626
376	D	1	2	332	1	1	179
377	B	2	2	703	2	1	672
378	C	3	2	171	3	1	212
379	C	4	2	92	4	1	35
380	D	1	2	403	1	1	108
381	B	2	2	331	2	1	340
382	A	3	2	13	3	1	10
383	B	4	2	73	4	1	86
384	D	1	2	15	1	1	496
385	A	2	2	635	2	1	636
386	C	3	2	139	3	1	244
387	D	4	2	707	4	1	828
388	B	1	2	940	1	1	947
389	D	2	2	294	2	1	217
390	A	3	2	687	3	1	680
391	B	4	2	185	4	1	166
392	A	1	2	987	1	1	988
393	A	2	2	324	2	1	323
394	A	3	2	647	3	1	640
395	B	4	2	555	4	1	564
396	B	1	2	966	1	1	985
397	D	2	2	428	2	1	83
398	D	3	2	989	3	1	546
399	D	4	2	666	4	1	869
400	B	1	2	782	1	1	785
401	A	2	2	448	2	1	455
402	B	3	2	854	3	1	841
403	B	4	2	750	4	1	753
404	D	1	2	307	1	1	204
405	C	2	2	46	2	1	81
406	B	3	2	625	3	1	622
407	C	4	2	544	4	1	607
408	C	1	2	341	1	1	298
409	C	2	2	299	2	1	340
410	A	3	2	104	3	1	111
411	D	4	2	129	4	1	382
412	D	1	2	615	1	1	920
413	D	2	2	465	2	1	46
414	C	3	2	767	3	1	640
415	B	4	2	450	4	1	477
416	B	1	2	583	1	1	600
417	B	2	2	555	2	1	564
418	C	3	2	600	3	1	551
419	C	4	2	488	4	1	407
420	A	1	2	840	1	1	847
421	D	2	2	948	2	1	587
422	D	3	2	354	3	1	157
423	B	4	2	753	4	1	750
424	B	1	2	934	1	1	953
425	B	2	2	478	2	1	449
426	A	3	2	886	3	1	881
427	A	4	2	290	4	1	293
428	A	1	2	793	1	1	798
429	A	2	2	686	2	1	681
430	D	3	2	334	3	1	177
431	D	4	2	840	4	1	695
432	A	1	2	660	1	1	659
433	A	2	2	91	2	1	92
434	B	3	2	382	3	1	353
435	A	4	2	772	4	1	771
436	C	1	2	419	1	1	476
437	B	2	2	95	2	1	64
438	A	3	2	639	3	1	632
439	B	4	2	87	4	1	72
440	C	1	2	650	1	1	757
441	D	2	2	220	2	1	291
442	B	3	2	333	3	1	338
443	D	4	2	161	4	1	350
444	C	1	2	854	1	1	809
445	C	2	2	609	2	1	542
446	D	3	2	661	3	1	874
447	C	4	2	882	4	1	781
448	D	1	2	761	1	1	774
449	B	2	2	276	2	1	267
450	B	3	2	168	3	1	183
451	A	4	2	383	4	1	376
452	D	1	2	805	1	1	730
453	B	2	2	349	2	1	322
454	B	3	2	134	3	1	153
455	D	4	2	807	4	1	728
456	B	1	2	804	1	1	827
457	B	2	2	409	2	1	390
458	A	3	2	957	3	1	954
459	A	4	2	918	4	1	913
460	A	1	2	897	1	1	902
461	B	2	2	658	2	1	653
462	C	3	2	504	3	1	391
463	B	4	2	718	4	1	721
464	D	1	2	547	1	1	988
465	C	2	2	466	2	1	429
466	D	3	2	585	3	1	950
467	B	4	2	151	4	1	136
468	B	1	2	72	1	1	87
469	B	2	2	274	2	1	269
470	B	3	2	300	3	1	307
471	A	4	2	26	4	1	29
472	D	1	2	787	1	1	748
473	D	2	2	29	2	1	482
474	C	3	2	26	3	1	101
475	A	4	2	354	4	1	357
476	D	1	2	258	1	1	253
477	A	2	2	664	2	1	671
478	D	3	2	243	3	1	268
479	B	4	2	815	4	1	816
480	C	1	2	767	1	1	640
481	A	2	2	703	2	1	696
482	C	3	2	674	3	1	733
483	B	4	2	889	4	1	870
484	D	1	2	261	1	1	250
485	C	2	2	823	2	1	840
486	B	3	2	121	3	1	102
487	C	4	2	361	4	1	278
488	D	1	2	982	1	1	553
489	A	2	2	84	2	1	83
490	D	3	2	658	3	1	877
491	A	4	2	422	4	1	417
492	D	1	2	796	1	1	739
493	D	2	2	689	2	1	846
494	D	3	2	595	3	1	940
495	D	4	2	763	4	1	772
496	D	1	2	689	1	1	846
497	C	2	2	63	2	1	64
498	D	3	2	426	3	1	85
499	A	4	2	963	4	1	964
500	D	1	2	978	1	1	557
501	A	2	2	229	2	1	226
502	A	3	2	765	3	1	762
503	D	4	2	872	4	1	663
504	A	1	2	658	1	1	661
505	D	2	2	704	2	1	831
506	B	3	2	697	3	1	678
507	B	4	2	915	4	1	908
508	A	1	2	954	1	1	957
509	B	2	2	259	2	1	284
510	B	3	2	916	3	1	907
511	A	4	2	862	4	1	857
512	B	1	2	434	1	1	429
513	D	2	2	990	2	1	545
514	C	3	2	289	3	1	350
515	A	4	2	646	4	1	641
516	C	1	2	496	1	1	399
517	B	2	2	54	2	1	41
518	D	3	2	843	3	1	692
519	D	4	2	465	4	1	46
520	A	1	2	680	1	1	687
521	C	2	2	795	2	1	868
522	B	3	2	660	3	1	651
523	C	4	2	855	4	1	808
524	A	1	2	141	1	1	138
525	D	2	2	161	2	1	350
526	A	3	2	375	3	1	368
527	A	4	2	713	4	1	718
528	B	1	2	934	1	1	953
529	C	2	2	169	2	1	214
530	C	3	2	684	3	1	723
531	D	4	2	576	4	1	959
532	D	1	2	732	1	1	803
533	C	2	2	761	2	1	646
534	C	3	2	240	3	1	143
535	B	4	2	285	4	1	258
536	C	1	2	772	1	1	891
537	D	2	2	594	2	1	941
538	C	3	2	68	3	1	59
539	A	4	2	485	4	1	482
540	B	1	2	349	1	1	322
541	B	2	2	382	2	1	353
542	C	3	2	830	3	1	833
543	A	4	2	482	4	1	485
544	A	1	2	683	1	1	684
545	A	2	2	199	2	1	192
546	B	3	2	188	3	1	163
547	B	4	2	954	4	1	933
548	A	1	2	412	1	1	411
549	B	2	2	94	2	1	65
550	B	3	2	635	3	1	612
551	A	4	2	887	4	1	880
552	A	1	2	879	1	1	872
553	A	2	2	803	2	1	804
554	D	3	2	212	3	1	299
555	A	4	2	467	4	1	468
556	B	1	2	169	1	1	182
557	A	2	2	723	2	1	724
558	B	3	2	15	3	1	16
559	B	4	2	679	4	1	696
560	B	1	2	830	1	1	801
561	C	2	2	599	2	1	552
562	B	3	2	885	3	1	874
563	A	4	2	104	4	1	111
564	B	1	2	50	1	1	45
565	A	2	2	58	2	1	61
566	A	3	2	40	3	1	47
567	C	4	2	926	4	1	993
568	A	1	2	146	1	1	149
569	A	2	2	177	2	1	182
570	C	3	2	888	3	1	775
571	A	4	2	445	4	1	442
572	A	1	2	456	1	1	463
573	D	2	2	250	2	1	261
574	A	3	2	775	3	1	768
575	B	4	2	595	4	1	588
576	D	1	2	338	1	1	173
577	A	2	2	941	2	1	938
578	B	3	2	346	3	1	325
579	B	4	2	311	4	1	296
580	C	1	2	635	1	1	516
581	B	2	2	552	2	1	567
582	A	3	2	902	3	1	897
583	C	4	2	576	4	1	575
584	B	1	2	639	1	1	608
585	A	2	2	115	2	1	116
586	D	3	2	26	3	1	485
587	C	4	2	402	4	1	493
588	C	1	2	697	1	1	710
589	B	2	2	476	2	1	451
590	C	3	2	802	3	1	861
591	C	4	2	105	4	1	22
592	A	1	2	381	1	1	378
593	B	2	2	368	2	1	367
594	A	3	2	391	3	1	384
595	B	4	2	127	4	1	96
596	D	1	2	672	1	1	863
597	A	2	2	460	2	1	459
598	D	3	2	992	3	1	543
599	C	4	2	861	4	1	802
600	C	1	2	782	1	1	881
601	C	2	2	841	2	1	822
602	C	3	2	430	3	1	465
603	D	4	2	438	4	1	73
604	C	1	2	919	1	1	1000
605	D	2	2	446	2	1	65
606	B	3	2	288	3	1	319
607	C	4	2	409	4	1	486
608	D	1	2	947	1	1	588
609	B	2	2	621	2	1	626
610	D	3	2	876	3	1	659
611	C	4	2	653	4	1	754
612	D	1	2	348	1	1	163
613	B	2	2	880	2	1	879
614	D	3	2	935	3	1	600
615	B	4	2	937	4	1	950
616	A	1	2	331	1	1	332
617	C	2	2	475	2	1	420
618	A	3	2	316	3	1	315
619	B	4	2	800	4	1	831
620	C	1	2	252	1	1	131
621	A	2	2	654	2	1	649
622	D	3	2	807	3	1	728
623	C	4	2	178	4	1	205
624	C	1	2	435	1	1	460
625	B	2	2	95	2	1	64
626	B	3	2	264	3	1	279
627	D	4	2	1001	4	1	534
628	D	1	2	85	1	1	426
629	A	2	2	476	2	1	475
630	A	3	2	184	3	1	191
631	B	4	2	414	4	1	385
632	B	1	2	245	1	1	234
633	D	2	2	601	2	1	934
634	D	3	2	815	3	1	720
635	D	4	2	139	4	1	372
636	A	1	2	699	1	1	700
637	C	2	2	485	2	1	410
638	A	3	2	513	3	1	518
639	A	4	2	301	4	1	298
640	B	1	2	657	1	1	654
641	D	2	2	454	2	1	57
642	B	3	2	650	3	1	661
643	C	4	2	658	4	1	749
644	B	1	2	865	1	1	894
645	C	2	2	328	2	1	311
646	C	3	2	31	3	1	96
647	A	4	2	625	4	1	630
648	A	1	2	82	1	1	85
649	C	2	2	558	2	1	593
650	B	3	2	979	3	1	972
651	B	4	2	617	4	1	630
652	B	1	2	4	1	1	27
653	D	2	2	182	2	1	329
654	B	3	2	185	3	1	166
655	B	4	2	260	4	1	283
656	A	1	2	320	1	1	327
657	C	2	2	828	2	1	835
658	C	3	2	982	3	1	937
659	D	4	2	725	4	1	810
660	C	1	2	111	1	1	16
661	B	2	2	203	2	1	212
662	D	3	2	260	3	1	251
663	D	4	2	216	4	1	295
664	A	1	2	903	1	1	896
665	C	2	2	739	2	1	668
666	B	3	2	815	3	1	816
667	C	4	2	834	4	1	829
668	C	1	2	56	1	1	71
669	A	2	2	935	2	1	928
670	A	3	2	43	3	1	44
671	B	4	2	326	4	1	345
672	C	1	2	119	1	1	8
673	A	2	2	908	2	1	907
674	D	3	2	63	3	1	448
675	D	4	2	875	4	1	660
676	B	1	2	606	1	1	577
677	B	2	2	727	2	1	712
678	A	3	2	587	3	1	588
679	A	4	2	191	4	1	184
680	D	1	2	227	1	1	284
681	D	2	2	77	2	1	434
682	D	3	2	916	3	1	619
683	C	4	2	755	4	1	652
684	A	1	2	590	1	1	585
685	D	2	2	810	2	1	725
686	C	3	2	196	3	1	187
687	C	4	2	213	4	1	170
688	B	1	2	10	1	1	21
689	D	2	2	899	2	1	636
690	B	3	2	689	3	1	686
691	B	4	2	645	4	1	666
692	A	1	2	945	1	1	950
693	C	2	2	11	2	1	116
694	D	3	2	824	3	1	711
695	C	4	2	981	4	1	938
696	D	1	2	316	1	1	195
697	D	2	2	541	2	1	994
698	C	3	2	705	3	1	702
699	B	4	2	253	4	1	226
700	D	1	2	191	1	1	320
701	A	2	2	755	2	1	756
702	D	3	2	365	3	1	146
703	A	4	2	175	4	1	168
704	D	1	2	949	1	1	586
705	C	2	2	502	2	1	393
706	C	3	2	186	3	1	197
707	A	4	2	153	4	1	158
708	C	1	2	363	1	1	276
709	A	2	2	757	2	1	754
710	D	3	2	600	3	1	935
711	B	4	2	304	4	1	303
712	D	1	2	548	1	1	987
713	A	2	2	816	2	1	823
714	D	3	2	378	3	1	133
715	C	4	2	934	4	1	985
716	D	1	2	439	1	1	72
717	D	2	2	660	2	1	875
718	C	3	2	987	3	1	932
719	C	4	2	216	4	1	167
720	A	1	2	918	1	1	913
721	C	2	2	1015	2	1	904
722	B	3	2	848	3	1	847
723	A	4	2	657	4	1	662
724	B	1	2	651	1	1	660
725	A	2	2	807	2	1	800
726	D	3	2	672	3	1	863
727	B	4	2	542	4	1	513
728	A	1	2	357	1	1	354
729	D	2	2	805	2	1	730
730	C	3	2	788	3	1	875
731	A	4	2	122	4	1	125
732	B	1	2	31	1	1	0
733	C	2	2	613	2	1	538
734	D	3	2	1020	3	1	515
735	C	4	2	803	4	1	860
736	D	1	2	721	1	1	814
737	B	2	2	478	2	1	449
738	A	3	2	908	3	1	907
739	C	4	2	1021	4	1	898
740	C	1	2	765	1	1	642
741	C	2	2	249	2	1	134
742	A	3	2	960	3	1	967
743	D	4	2	694	4	1	841
744	A	1	2	422	1	1	417
745	D	2	2	154	2	1	357
746	B	3	2	648	3	1	663
747	B	4	2	201	4	1	214
748	A	1	2	335	1	1	328
749	A	2	2	348	2	1	347
750	A	3	2	966	3	1	961
751	D	4	2	302	4	1	209
752	D	1	2	416	1	1	95
753	B	2	2	793	2	1	774
754	D	3	2	442	3	1	69
755	C	4	2	950	4	1	969
756	B	1	2	855	1	1	840
757	D	2	2	121	2	1	390
758	D	3	2	74	3	1	437
759	D	4	2	626	4	1	909
760	C	1	2	223	1	1	160
761	A	2	2	229	2	1	226
762	D	3	2	250	3	1	261
763	D	4	2	206	4	1	305
764	C	1	2	458	1	1	437
765	A	2	2	673	2	1	678
766	A	3	2	361	3	1	366
767	B	4	2	193	4	1	222
768	D	1	2	59	1	1	452
769	A	2	2	620	2	1	619
770	C	3	2	345	3	1	294
771	B	4	2	449	4	1	478
772	A	1	2	837	1	1	834
773	A	2	2	907	2	1	908
774	D	3	2	252	3	1	259
775	C	4	2	756	4	1	651
776	D	1	2	773	1	1	762
777	C	2	2	966	2	1	953
778	D	3	2	739	3	1	796
779	B	4	2	223	4	1	192
780	C	1	2	223	1	1	160
781	B	2	2	612	2	1	635
782	C	3	2	588	3	1	563
783	C	4	2	334	4	1	305
784	C	1	2	142	1	1	241
785	D	2	2	883	2	1	652
786	A	3	2	701	3	1	698
787	D	4	2	698	4	1	837
788	B	1	2	980	1	1	971
789	D	2	2	74	2	1	437
790	D	3	2	442	3	1	69
791	A	4	2	578	4	1	581
792	B	1	2	278	1	1	265
793	B	2	2	818	2	1	813
794	C	3	2	888	3	1	775
795	C	4	2	521	4	1	630
796	C	1	2	15	1	1	112
797	C	2	2	359	2	1	280
798	D	3	2	216	3	1	295
799	B	4	2	21	4	1	10
800	C	1	2	520	1	1	631
801	D	2	2	761	2	1	774
802	B	3	2	360	3	1	375
803	D	4	2	192	4	1	319
804	D	1	2	736	1	1	799
805	B	2	2	437	2	1	426
806	C	3	2	1020	3	1	899
807	D	4	2	406	4	1	105
808	A	1	2	800	1	1	807
809	C	2	2	69	2	1	58
810	C	3	2	999	3	1	920
811	B	4	2	230	4	1	249
812	B	1	2	614	1	1	633
813	C	2	2	818	2	1	845
814	A	3	2	530	3	1	533
815	C	4	2	344	4	1	295
816	C	1	2	204	1	1	179
817	D	2	2	389	2	1	122
818	B	3	2	685	3	1	690
819	B	4	2	445	4	1	418
820	B	1	2	766	1	1	737
821	B	2	2	851	2	1	844
822	D	3	2	427	3	1	84
823	B	4	2	978	4	1	973
824	C	1	2	717	1	1	690
825	C	2	2	1015	2	1	904
826	C	3	2	195	3	1	188
827	C	4	2	613	4	1	538
828	B	1	2	719	1	1	720
829	A	2	2	201	2	1	206
830	B	3	2	644	3	1	667
831	C	4	2	146	4	1	237
832	A	1	2	57	1	1	62
833	B	2	2	557	2	1	562
834	D	3	2	172	3	1	339
835	D	4	2	321	4	1	190
836	A	1	2	4	1	1	3
837	B	2	2	889	2	1	870
838	C	3	2	1	3	1	126
839	B	4	2	733	4	1	706
840	C	1	2	16	1	1	111
841	D	2	2	363	2	1	148
842	B	3	2	18	3	1	13
843	C	4	2	716	4	1	691
844	C	1	2	271	1	1	368
845	D	2	2	107	2	1	404
846	C	3	2	931	3	1	988
847	C	4	2	37	4	1	90
848	D	1	2	251	1	1	260
849	B	2	2	517	2	1	538
850	C	3	2	670	3	1	737
851	B	4	2	477	4	1	450
852	A	1	2	522	1	1	525
853	C	2	2	572	2	1	579
854	A	3	2	675	3	1	676
855	C	4	2	285	4	1	354
856	D	1	2	335	1	1	176
857	D	2	2	31	2	1	480
858	A	3	2	420	3	1	419
859	C	4	2	252	4	1	131
860	D	1	2	968	1	1	567
861	D	2	2	813	2	1	722
862	A	3	2	509	3	1	506
863	D	4	2	709	4	1	826
864	A	1	2	121	1	1	126
865	A	2	2	514	2	1	517
866	C	3	2	4	3	1	123
867	C	4	2	62	4	1	65
868	D	1	2	869	1	1	666
869	A	2	2	71	2	1	64
870	D	3	2	496	3	1	15
871	D	4	2	588	4	1	947
872	C	1	2	159	1	1	224
873	C	2	2	209	2	1	174
874	C	3	2	490	3	1	405
875	A	4	2	101	4	1	98
876	D	1	2	313	1	1	198
877	B	2	2	1016	2	1	999
878	C	3	2	724	3	1	683
879	B	4	2	244	4	1	235
880	C	1	2	352	1	1	287
881	D	2	2	982	2	1	553
882	A	3	2	358	3	1	353
883	C	4	2	643	4	1	764
884	D	1	2	766	1	1	769
885	D	2	2	325	2	1	186
886	D	3	2	367	3	1	144
887	A	4	2	395	4	1	396
888	B	1	2	439	1	1	424
889	C	2	2	454	2	1	441
890	D	3	2	661	3	1	874
891	B	4	2	694	4	1	681
892	C	1	2	619	1	1	532
893	B	2	2	378	2	1	357
894	B	3	2	39	3	1	56
895	B	4	2	865	4	1	894
896	A	1	2	527	1	1	520
897	D	2	2	223	2	1	288
898	D	3	2	391	3	1	120
899	C	4	2	401	4	1	494
900	A	1	2	302	1	1	297
901	B	2	2	71	2	1	88
902	B	3	2	944	3	1	943
903	B	4	2	744	4	1	759
904	A	1	2	987	1	1	988
905	C	2	2	461	2	1	434
906	B	3	2	229	3	1	250
907	B	4	2	181	4	1	170
908	B	1	2	265	1	1	278
909	B	2	2	241	2	1	238
910	D	3	2	272	3	1	239
911	C	4	2	961	4	1	958
912	A	1	2	629	1	1	626
913	A	2	2	116	2	1	115
914	A	3	2	193	3	1	198
915	B	4	2	619	4	1	628
916	B	1	2	674	1	1	701
917	A	2	2	966	2	1	961
918	A	3	2	534	3	1	529
919	A	4	2	320	4	1	327
920	C	1	2	685	1	1	722
921	B	2	2	58	2	1	37
922	A	3	2	479	3	1	472
923	D	4	2	591	4	1	944
924	A	1	2	626	1	1	629
925	B	2	2	849	2	1	846
926	B	3	2	602	3	1	581
927	B	4	2	62	4	1	33
928	C	1	2	1013	1	1	906
929	B	2	2	590	2	1	593
930	C	3	2	761	3	1	646
931	B	4	2	571	4	1	548
932	A	1	2	277	1	1	274
933	A	2	2	620	2	1	619
934	A	3	2	745	3	1	750
935	D	4	2	583	4	1	952
936	B	1	2	457	1	1	470
937	A	2	2	26	2	1	29
938	D	3	2	213	3	1	298
939	D	4	2	809	4	1	726
940	A	1	2	229	1	1	226
941	A	2	2	251	2	1	252
942	B	3	2	772	3	1	795
943	C	4	2	966	4	1	953
944	C	1	2	1017	1	1	902
945	D	2	2	246	2	1	265
946	C	3	2	31	3	1	96
947	D	4	2	726	4	1	809
948	A	1	2	396	1	1	395
949	B	2	2	438	2	1	425
950	A	3	2	539	3	1	540
951	C	4	2	434	4	1	461
952	B	1	2	711	1	1	728
953	A	2	2	952	2	1	959
954	D	3	2	29	3	1	482
955	A	4	2	33	4	1	38
956	B	1	2	484	1	1	507
957	B	2	2	790	2	1	777
958	B	3	2	535	3	1	520
959	A	4	2	716	4	1	715
960	D	1	2	673	1	1	862
961	D	2	2	74	2	1	437
962	B	3	2	653	3	1	658
963	B	4	2	561	4	1	558
964	D	1	2	47	1	1	464
965	D	2	2	98	2	1	413
966	C	3	2	627	3	1	524
967	D	4	2	345	4	1	166
968	D	1	2	591	1	1	944
969	C	2	2	486	2	1	409
970	D	3	2	436	3	1	75
971	C	4	2	540	4	1	611
972	A	1	2	944	1	1	951
973	D	2	2	879	2	1	656
974	C	3	2	406	3	1	489
975	B	4	2	636	4	1	611
976	B	1	2	201	1	1	214
977	A	2	2	301	2	1	298
978	B	3	2	956	3	1	931
979	B	4	2	183	4	1	168
980	D	1	2	804	1	1	731
981	D	2	2	263	2	1	248
982	B	3	2	804	3	1	827
983	C	4	2	262	4	1	377
984	D	1	2	193	1	1	318
985	C	2	2	938	2	1	981
986	C	3	2	410	3	1	485
987	D	4	2	607	4	1	928
988	B	1	2	684	1	1	691
989	B	2	2	786	2	1	781
990	B	3	2	918	3	1	905
991	C	4	2	546	4	1	605
992	A	1	2	731	1	1	732
993	C	2	2	369	2	1	270
994	C	3	2	990	3	1	929
995	A	4	2	876	4	1	875
996	B	1	2	283	1	1	260
997	A	2	2	682	2	1	685
998	C	3	2	621	3	1	530
999	B	4	2	787	4	1	780
1000	C	1	2	837	1	1	826
1001	B	2	2	69	2	1	90
1002	A	3	2	713	3	1	718
1003	D	4	2	645	4	1	890
1004	B	1	2	485	1	1	506
1005	C	2	2	1003	2	1	916
1006	A	3	2	46	3	1	41
1007	C	4	2	607	4	1	544
1008	D	1	2	991	1	1	544
1009	C	2	2	300	2	1	339
1010	B	3	2	648	3	1	663
1011	D	4	2	33	4	1	478
1012	A	1	2	843	1	1	844
1013	B	2	2	145	2	1	142
1014	C	3	2	925	3	1	994
1015	D	4	2	278	4	1	233
1016	B	1	2	941	1	1	946
1017	D	2	2	646	2	1	889
1018	B	3	2	887	3	1	872
1019	D	4	2	773	4	1	762
1020	D	1	2	272	1	1	239
1021	B	2	2	261	2	1	282
1022	A	3	2	978	3	1	981
1023	C	4	2	115	4	1	12
1024	B	1	2	551	1	1	568
1025	B	2	2	746	2	1	757
1026	C	3	2	510	3	1	385
1027	D	4	2	590	4	1	945
1028	D	1	2	183	1	1	328
1029	B	2	2	752	2	1	751
1030	C	3	2	429	3	1	466
1031	C	4	2	632	4	1	519
1032	A	1	2	101	1	1	98
1033	C	2	2	562	2	1	589
1034	D	3	2	947	3	1	588
1035	D	4	2	777	4	1	758
1036	A	1	2	321	1	1	326
1037	C	2	2	455	2	1	440
1038	D	3	2	370	3	1	141
1039	A	4	2	416	4	1	423
1040	B	1	2	881	1	1	878
1041	B	2	2	943	2	1	944
1042	B	3	2	100	3	1	123
1043	D	4	2	409	4	1	102
1044	C	1	2	964	1	1	955
1045	B	2	2	141	2	1	146
1046	D	3	2	246	3	1	265
1047	B	4	2	496	4	1	495
1048	C	1	2	690	1	1	717
1049	A	2	2	94	2	1	89
1050	C	3	2	763	3	1	644
1051	A	4	2	202	4	1	205
1052	D	1	2	70	1	1	441
1053	C	2	2	1	2	1	126
1054	A	3	2	173	3	1	170
1055	B	4	2	150	4	1	137
1056	D	1	2	298	1	1	213
1057	A	2	2	840	2	1	847
1058	D	3	2	464	3	1	47
1059	B	4	2	681	4	1	694
1060	B	1	2	202	1	1	213
1061	C	2	2	456	2	1	439
1062	A	3	2	530	3	1	533
1063	B	4	2	735	4	1	704
1064	D	1	2	600	1	1	935
1065	A	2	2	995	2	1	996
1066	A	3	2	117	3	1	114
1067	C	4	2	423	4	1	472
1068	C	1	2	452	1	1	443
1069	C	2	2	163	2	1	220
1070	B	3	2	295	3	1	312
1071	D	4	2	996	4	1	539
1072	C	1	2	223	1	1	160
1073	A	2	2	985	2	1	990
1074	D	3	2	619	3	1	916
1075	C	4	2	160	4	1	223
1076	C	1	2	878	1	1	785
1077	B	2	2	557	2	1	562
1078	B	3	2	891	3	1	868
1079	A	4	2	120	4	1	127
1080	D	1	2	344	1	1	167
1081	D	2	2	772	2	1	763
1082	C	3	2	145	3	1	238
1083	D	4	2	760	4	1	775
1084	C	1	2	139	1	1	244
1085	D	2	2	50	2	1	461
1086	D	3	2	605	3	1	930
1087	B	4	2	948	4	1	939
1088	D	1	2	26	1	1	485
1089	D	2	2	820	2	1	715
1090	C	3	2	42	3	1	85
1091	B	4	2	104	4	1	119
1092	B	1	2	72	1	1	87
1093	D	2	2	59	2	1	452
1094	D	3	2	901	3	1	634
1095	B	4	2	943	4	1	944
1096	B	1	2	179	1	1	172
1097	B	2	2	813	2	1	818
1098	B	3	2	325	3	1	346
1099	D	4	2	1001	4	1	534
1100	A	1	2	540	1	1	539
1101	D	2	2	239	2	1	272
1102	B	3	2	800	3	1	831
1103	D	4	2	65	4	1	446
1104	C	1	2	393	1	1	502
1105	D	2	2	293	2	1	218
1106	C	3	2	746	3	1	661
1107	C	4	2	950	4	1	969
1108	D	1	2	718	1	1	817
1109	D	2	2	934	2	1	601
1110	D	3	2	652	3	1	883
1111	D	4	2	813	4	1	722
1112	A	1	2	404	1	1	403
1113	A	2	2	181	2	1	178
1114	B	3	2	956	3	1	931
1115	C	4	2	578	4	1	573
1116	A	1	2	21	1	1	18
1117	A	2	2	525	2	1	522
1118	B	3	2	247	3	1	232
1119	B	4	2	750	4	1	753
1120	C	1	2	850	1	1	813
1121	C	2	2	872	2	1	791
1122	D	3	2	867	3	1	668
1123	A	4	2	107	4	1	108
1124	B	1	2	921	1	1	902
1125	A	2	2	183	2	1	176
1126	D	3	2	576	3	1	959
1127	D	4	2	984	4	1	551
1128	D	1	2	277	1	1	234
1129	B	2	2	287	2	1	256
1130	A	3	2	3	3	1	4
1131	C	4	2	183	4	1	200
1132	B	1	2	32	1	1	63
1133	C	2	2	220	2	1	163
1134	C	3	2	19	3	1	108
1135	B	4	2	917	4	1	906
1136	A	1	2	680	1	1	687
1137	C	2	2	56	2	1	71
1138	B	3	2	249	3	1	230
1139	D	4	2	793	4	1	742
1140	D	1	2	136	1	1	375
1141	C	2	2	687	2	1	720
1142	C	3	2	160	3	1	223
1143	A	4	2	575	4	1	568
1144	B	1	2	203	1	1	212
1145	C	2	2	438	2	1	457
1146	C	3	2	416	3	1	479
1147	D	4	2	616	4	1	919
1148	D	1	2	418	1	1	93
1149	A	2	2	29	2	1	26
1150	B	3	2	5	3	1	26
1151	B	4	2	568	4	1	551
1152	B	1	2	339	1	1	332
1153	C	2	2	432	2	1	463
1154	A	3	2	343	3	1	336
1155	C	4	2	618	4	1	533
1156	D	1	2	410	1	1	101
1157	C	2	2	626	2	1	525
1158	C	3	2	18	3	1	109
1159	D	4	2	716	4	1	819
1160	B	1	2	858	1	1	837
1161	A	2	2	908	2	1	907
1162	A	3	2	601	3	1	606
1163	B	4	2	837	4	1	858
1164	A	1	2	447	1	1	440
1165	C	2	2	1011	2	1	908
1166	B	3	2	785	3	1	782
1167	B	4	2	268	4	1	275
1168	A	1	2	953	1	1	958
1169	A	2	2	488	2	1	495
1170	B	3	2	391	3	1	408
1171	A	4	2	21	4	1	18
1172	A	1	2	567	1	1	560
1173	A	2	2	356	2	1	355
1174	D	3	2	6	3	1	505
1175	C	4	2	574	4	1	577
1176	A	1	2	31	1	1	24
1177	A	2	2	233	2	1	238
1178	D	3	2	351	3	1	160
1179	A	4	2	847	4	1	840
1180	B	1	2	917	1	1	906
1181	C	2	2	189	2	1	194
1182	A	3	2	857	3	1	862
1183	A	4	2	174	4	1	169
1184	A	1	2	48	1	1	55
1185	D	2	2	823	2	1	712
1186	A	3	2	773	3	1	770
1187	B	4	2	487	4	1	504
1188	A	1	2	210	1	1	213
1189	A	2	2	722	2	1	725
1190	B	3	2	171	3	1	180
1191	B	4	2	727	4	1	712
1192	D	1	2	888	1	1	647
1193	B	2	2	494	2	1	497
1194	A	3	2	11	3	1	12
1195	B	4	2	449	4	1	478
1196	B	1	2	607	1	1	576
1197	A	2	2	332	2	1	331
1198	B	3	2	314	3	1	293
1199	C	4	2	493	4	1	402
1200	D	1	2	95	1	1	416
1201	B	2	2	10	2	1	21
1202	A	3	2	873	3	1	878
1203	B	4	2	742	4	1	761
1204	A	1	2	272	1	1	279
1205	B	2	2	587	2	1	596
1206	A	3	2	588	3	1	587
1207	A	4	2	604	4	1	603
1208	D	1	2	676	1	1	859
1209	D	2	2	45	2	1	466
1210	D	3	2	304	3	1	207
1211	B	4	2	345	4	1	326
1212	D	1	2	761	1	1	774
1213	A	2	2	434	2	1	437
1214	A	3	2	810	3	1	813
1215	D	4	2	286	4	1	225
1216	B	1	2	805	1	1	826
1217	C	2	2	1008	2	1	911
1218	D	3	2	889	3	1	646
1219	A	4	2	658	4	1	661
1220	B	1	2	430	1	1	433
1221	A	2	2	443	2	1	444
1222	D	3	2	708	3	1	827
1223	A	4	2	192	4	1	199
1224	D	1	2	352	1	1	159
1225	C	2	2	742	2	1	665
1226	D	3	2	641	3	1	894
1227	B	4	2	154	4	1	133
1228	B	1	2	408	1	1	391
1229	A	2	2	970	2	1	973
1230	B	3	2	346	3	1	325
1231	D	4	2	24	4	1	487
1232	B	1	2	819	1	1	812
1233	D	2	2	836	2	1	699
1234	B	3	2	191	3	1	160
1235	B	4	2	131	4	1	156
1236	D	1	2	869	1	1	666
1237	C	2	2	13	2	1	114
1238	C	3	2	155	3	1	228
1239	B	4	2	447	4	1	416
1240	C	1	2	114	1	1	13
1241	C	2	2	694	2	1	713
1242	B	3	2	50	3	1	45
1243	C	4	2	404	4	1	491
1244	B	1	2	848	1	1	847
1245	B	2	2	619	2	1	628
1246	C	3	2	186	3	1	197
1247	C	4	2	744	4	1	663
1248	A	1	2	380	1	1	379
1249	B	2	2	241	2	1	238
1250	B	3	2	362	3	1	373
1251	B	4	2	359	4	1	376
1252	B	1	2	88	1	1	71
1253	A	2	2	369	2	1	374
1254	D	3	2	758	3	1	777
1255	A	4	2	663	4	1	656
1256	D	1	2	885	1	1	650
1257	D	2	2	438	2	1	73
1258	A	3	2	681	3	1	686
1259	B	4	2	819	4	1	812
1260	A	1	2	427	1	1	428
1261	A	2	2	597	2	1	594
1262	D	3	2	97	3	1	414
1263	D	4	2	231	4	1	280
1264	D	1	2	348	1	1	163
1265	B	2	2	113	2	1	110
1266	B	3	2	516	3	1	539
1267	C	4	2	202	4	1	181
1268	A	1	2	320	1	1	327
1269	B	2	2	803	2	1	828
1270	D	3	2	365	3	1	146
1271	C	4	2	166	4	1	217
1272	C	1	2	661	1	1	746
1273	C	2	2	69	2	1	58
1274	C	3	2	124	3	1	3
1275	B	4	2	931	4	1	956
1276	D	1	2	746	1	1	789
1277	C	2	2	570	2	1	581
1278	D	3	2	697	3	1	838
1279	D	4	2	198	4	1	313
1280	A	1	2	276	1	1	275
1281	C	2	2	126	2	1	1
1282	A	3	2	930	3	1	933
1283	C	4	2	1006	4	1	913
1284	D	1	2	935	1	1	600
1285	B	2	2	607	2	1	576
1286	B	3	2	515	3	1	540
1287	C	4	2	689	4	1	718
1288	C	1	2	781	1	1	882
1289	D	2	2	151	2	1	360
1290	B	3	2	269	3	1	274
1291	C	4	2	326	4	1	313
1292	D	1	2	997	1	1	538
1293	A	2	2	139	2	1	140
1294	B	3	2	635	3	1	612
1295	D	4	2	543	4	1	992
1296	D	1	2	844	1	1	691
1297	B	2	2	177	2	1	174
1298	D	3	2	869	3	1	666
1299	D	4	2	664	4	1	871
1300	C	1	2	56	1	1	71
1301	D	2	2	128	2	1	383
1302	D	3	2	317	3	1	194
1303	B	4	2	138	4	1	149
1304	C	1	2	703	1	1	704
1305	A	2	2	466	2	1	469
1306	C	3	2	808	3	1	855
1307	D	4	2	155	4	1	356
1308	D	1	2	747	1	1	788
1309	C	2	2	727	2	1	680
1310	C	3	2	37	3	1	90
1311	B	4	2	20	4	1	11
1312	D	1	2	401	1	1	110
1313	C	2	2	365	2	1	274
1314	B	3	2	621	3	1	626
1315	D	4	2	132	4	1	379
1316	C	1	2	103	1	1	24
1317	D	2	2	638	2	1	897
1318	B	3	2	277	3	1	266
1319	B	4	2	338	4	1	333
1320	C	1	2	208	1	1	175
1321	D	2	2	600	2	1	935
1322	C	3	2	967	3	1	952
1323	D	4	2	675	4	1	860
1324	A	1	2	335	1	1	328
1325	A	2	2	643	2	1	644
1326	A	3	2	731	3	1	732
1327	C	4	2	989	4	1	930
1328	C	1	2	410	1	1	485
1329	C	2	2	402	2	1	493
1330	C	3	2	830	3	1	833
1331	C	4	2	120	4	1	7
1332	A	1	2	833	1	1	838
1333	A	2	2	494	2	1	489
1334	B	3	2	576	3	1	607
1335	C	4	2	364	4	1	275
1336	A	1	2	191	1	1	184
1337	A	2	2	559	2	1	552
1338	A	3	2	540	3	1	539
1339	B	4	2	171	4	1	180
1340	D	1	2	371	1	1	140
1341	D	2	2	765	2	1	770
1342	A	3	2	637	3	1	634
1343	A	4	2	338	4	1	341
1344	B	1	2	325	1	1	346
1345	C	2	2	686	2	1	721
1346	D	3	2	206	3	1	305
1347	A	4	2	854	4	1	849
1348	C	1	2	614	1	1	537
1349	C	2	2	82	2	1	45
1350	B	3	2	530	3	1	525
1351	C	4	2	467	4	1	428
1352	B	1	2	517	1	1	538
1353	A	2	2	938	2	1	941
1354	D	3	2	986	3	1	549
1355	C	4	2	397	4	1	498
1356	C	1	2	118	1	1	9
1357	C	2	2	87	2	1	40
1358	B	3	2	206	3	1	209
1359	B	4	2	552	4	1	567
1360	A	1	2	645	1	1	642
1361	B	2	2	901	2	1	922
1362	B	3	2	194	3	1	221
1363	D	4	2	838	4	1	697
1364	A	1	2	414	1	1	409
1365	A	2	2	994	2	1	997
1366	A	3	2	701	3	1	698
1367	A	4	2	523	4	1	524
1368	D	1	2	399	1	1	112
1369	C	2	2	777	2	1	886
1370	A	3	2	541	3	1	538
1371	D	4	2	949	4	1	586
1372	B	1	2	638	1	1	609
1373	B	2	2	503	2	1	488
1374	C	3	2	858	3	1	805
1375	A	4	2	993	4	1	998
1376	A	1	2	972	1	1	971
1377	C	2	2	114	2	1	13
1378	A	3	2	966	3	1	961
1379	D	4	2	243	4	1	268
1380	B	1	2	613	1	1	634
1381	A	2	2	102	2	1	97
1382	B	3	2	144	3	1	143
1383	D	4	2	559	4	1	976
1384	D	1	2	757	1	1	778
1385	C	2	2	591	2	1	560
1386	B	3	2	813	3	1	818
1387	C	4	2	958	4	1	961
1388	D	1	2	791	1	1	744
1389	D	2	2	591	2	1	944
1390	C	3	2	637	3	1	514
1391	C	4	2	853	4	1	810
1392	D	1	2	431	1	1	80
1393	B	2	2	274	2	1	269
1394	C	3	2	101	3	1	26
1395	B	4	2	570	4	1	549
1396	D	1	2	349	1	1	162
1397	D	2	2	281	2	1	230
1398	B	3	2	685	3	1	690
1399	B	4	2	971	4	1	980
1400	A	1	2	739	1	1	740
1401	A	2	2	528	2	1	535
1402	D	3	2	340	3	1	171
1403	C	4	2	1000	4	1	919
1404	A	1	2	683	1	1	684
1405	D	2	2	951	2	1	584
1406	A	3	2	328	3	1	335
1407	C	4	2	45	4	1	82
1408	C	1	2	968	1	1	951
1409	D	2	2	89	2	1	422
1410	A	3	2	549	3	1	546
1411	C	4	2	242	4	1	141
1412	A	1	2	5	1	1	2
1413	D	2	2	352	2	1	159
1414	A	3	2	696	3	1	703
1415	C	4	2	407	4	1	488
1416	B	1	2	639	1	1	608
1417	D	2	2	957	2	1	578
1418	A	3	2	303	3	1	296
1419	D	4	2	599	4	1	936
1420	D	1	2	898	1	1	637
1421	A	2	2	216	2	1	223
1422	A	3	2	225	3	1	230
1423	B	4	2	915	4	1	908
1424	A	1	2	225	1	1	230
1425	C	2	2	273	2	1	366
1426	B	3	2	788	3	1	779
1427	D	4	2	860	4	1	675
1428	B	1	2	159	1	1	128
1429	D	2	2	786	2	1	749
1430	C	3	2	935	3	1	984
1431	A	4	2	612	4	1	611
1432	A	1	2	767	1	1	760
1433	D	2	2	896	2	1	639
1434	C	3	2	828	3	1	835
1435	B	4	2	512	4	1	543
1436	A	1	2	704	1	1	711
1437	A	2	2	502	2	1	497
1438	A	3	2	211	3	1	212
1439	A	4	2	719	4	1	712
1440	C	1	2	498	1	1	397
1441	C	2	2	224	2	1	159
1442	C	3	2	262	3	1	377
1443	A	4	2	595	4	1	596
1444	B	1	2	193	1	1	222
1445	D	2	2	576	2	1	959
1446	D	3	2	919	3	1	616
1447	B	4	2	956	4	1	931
1448	B	1	2	80	1	1	79
1449	C	2	2	870	2	1	793
1450	C	3	2	621	3	1	530
1451	A	4	2	923	4	1	924
1452	D	1	2	451	1	1	60
1453	D	2	2	898	2	1	637
1454	C	3	2	398	3	1	497
1455	C	4	2	542	4	1	609
1456	C	1	2	606	1	1	545
1457	A	2	2	246	2	1	241
1458	C	3	2	644	3	1	763
1459	C	4	2	559	4	1	592
1460	C	1	2	847	1	1	816
1461	D	2	2	654	2	1	881
1462	A	3	2	356	3	1	355
1463	B	4	2	393	4	1	406
1464	A	1	2	468	1	1	467
1465	A	2	2	157	2	1	154
1466	B	3	2	495	3	1	496
1467	A	4	2	555	4	1	556
1468	B	1	2	920	1	1	903
1469	B	2	2	302	2	1	305
1470	C	3	2	663	3	1	744
1471	D	4	2	200	4	1	311
1472	B	1	2	487	1	1	504
1473	B	2	2	405	2	1	394
1474	C	3	2	893	3	1	770
1475	C	4	2	44	4	1	83
1476	A	1	2	297	1	1	302
1477	D	2	2	10	2	1	501
1478	A	3	2	965	3	1	962
1479	C	4	2	944	4	1	975
1480	A	1	2	508	1	1	507
1481	A	2	2	527	2	1	520
1482	C	3	2	387	3	1	508
1483	D	4	2	174	4	1	337
1484	A	1	2	741	1	1	738
1485	B	2	2	182	2	1	169
1486	D	3	2	33	3	1	478
1487	A	4	2	16	4	1	23
1488	D	1	2	659	1	1	876
1489	B	2	2	459	2	1	468
1490	B	3	2	593	3	1	590
1491	D	4	2	992	4	1	543
1492	C	1	2	521	1	1	630
1493	A	2	2	109	2	1	106
1494	B	3	2	5	3	1	26
1495	D	4	2	839	4	1	696
1496	D	1	2	723	1	1	812
1497	A	2	2	133	2	1	130
1498	D	3	2	297	3	1	214
1499	A	4	2	316	4	1	315
1500	A	1	2	980	1	1	979
1501	D	2	2	262	2	1	249
1502	A	3	2	491	3	1	492
1503	D	4	2	837	4	1	698
1504	B	1	2	32	1	1	63
1505	D	2	2	475	2	1	36
1506	A	3	2	624	3	1	631
1507	A	4	2	828	4	1	827
1508	B	1	2	786	1	1	781
1509	A	2	2	426	2	1	429
1510	A	3	2	477	3	1	474
1511	A	4	2	737	4	1	742
1512	B	1	2	351	1	1	320
1513	D	2	2	896	2	1	639
1514	C	3	2	887	3	1	776
1515	C	4	2	257	4	1	382
1516	A	1	2	582	1	1	577
1517	D	2	2	350	2	1	161
1518	C	3	2	28	3	1	99
1519	A	4	2	527	4	1	520
1520	B	1	2	515	1	1	540
1521	D	2	2	759	2	1	776
1522	A	3	2	418	3	1	421
1523	B	4	2	35	4	1	60
1524	B	1	2	367	1	1	368
1525	A	2	2	555	2	1	556
1526	B	3	2	520	3	1	535
1527	B	4	2	892	4	1	867
1528	B	1	2	149	1	1	138
1529	B	2	2	305	2	1	302
1530	C	3	2	807	3	1	856
1531	D	4	2	269	4	1	242
1532	D	1	2	477	1	1	34
1533	C	2	2	971	2	1	948
1534	D	3	2	276	3	1	235
1535	D	4	2	576	4	1	959
1536	C	1	2	554	1	1	597
1537	D	2	2	799	2	1	736
1538	B	3	2	916	3	1	907
1539	C	4	2	980	4	1	939
1540	B	1	2	148	1	1	139
1541	C	2	2	441	2	1	454
1542	D	3	2	189	3	1	322
1543	A	4	2	436	4	1	435
1544	C	1	2	133	1	1	250
1545	A	2	2	530	2	1	533
1546	D	3	2	949	3	1	586
1547	A	4	2	920	4	1	927
1548	B	1	2	580	1	1	603
1549	C	2	2	213	2	1	170
1550	A	3	2	317	3	1	314
1551	B	4	2	659	4	1	652
1552	A	1	2	362	1	1	365
1553	C	2	2	968	2	1	951
1554	A	3	2	334	3	1	329
1555	C	4	2	749	4	1	658
1556	D	1	2	538	1	1	997
1557	B	2	2	262	2	1	281
1558	B	3	2	947	3	1	940
1559	D	4	2	126	4	1	385
1560	A	1	2	626	1	1	629
1561	B	2	2	760	2	1	743
1562	A	3	2	277	3	1	274
1563	C	4	2	307	4	1	332
1564	D	1	2	257	1	1	254
1565	D	2	2	494	2	1	17
1566	C	3	2	946	3	1	973
1567	D	4	2	309	4	1	202
1568	A	1	2	55	1	1	48
1569	D	2	2	649	2	1	886
1570	A	3	2	559	3	1	552
1571	A	4	2	397	4	1	394
1572	C	1	2	979	1	1	940
1573	D	2	2	79	2	1	432
1574	A	3	2	208	3	1	215
1575	D	4	2	763	4	1	772
1576	D	1	2	438	1	1	73
1577	B	2	2	973	2	1	978
1578	D	3	2	93	3	1	418
1579	B	4	2	332	4	1	339
1580	D	1	2	86	1	1	425
1581	A	2	2	870	2	1	865
1582	A	3	2	735	3	1	728
1583	C	4	2	808	4	1	855
1584	D	1	2	89	1	1	422
1585	D	2	2	73	2	1	438
1586	B	3	2	357	3	1	378
1587	A	4	2	989	4	1	986
1588	C	1	2	303	1	1	336
1589	B	2	2	20	2	1	11
1590	A	3	2	420	3	1	419
1591	B	4	2	347	4	1	324
1592	A	1	2	460	1	1	459
1593	C	2	2	357	2	1	282
1594	C	3	2	779	3	1	884
1595	C	4	2	423	4	1	472
1596	D	1	2	905	1	1	630
1597	D	2	2	995	2	1	540
1598	B	3	2	1021	3	1	994
1599	A	4	2	342	4	1	337
1600	C	1	2	837	1	1	826
1601	C	2	2	831	2	1	832
1602	D	3	2	537	3	1	998
1603	B	4	2	453	4	1	474
1604	B	1	2	264	1	1	279
1605	D	2	2	655	2	1	880
1606	A	3	2	136	3	1	143
1607	A	4	2	187	4	1	188
1608	C	1	2	593	1	1	558
1609	A	2	2	685	2	1	682
1610	C	3	2	448	3	1	447
1611	C	4	2	298	4	1	341
1612	A	1	2	60	1	1	59
1613	D	2	2	401	2	1	110
1614	A	3	2	217	3	1	222
1615	D	4	2	489	4	1	22
1616	A	1	2	771	1	1	772
1617	D	2	2	29	2	1	482
1618	C	3	2	789	3	1	874
1619	D	4	2	848	4	1	687
1620	B	1	2	316	1	1	291
1621	B	2	2	335	2	1	336
1622	B	3	2	553	3	1	566
1623	C	4	2	629	4	1	522
1624	C	1	2	786	1	1	877
1625	A	2	2	560	2	1	567
1626	B	3	2	592	3	1	591
1627	B	4	2	429	4	1	434
1628	C	1	2	346	1	1	293
1629	B	2	2	365	2	1	370
1630	C	3	2	245	3	1	138
1631	A	4	2	845	4	1	842
1632	D	1	2	42	1	1	469
1633	D	2	2	478	2	1	33
1634	D	3	2	293	3	1	218
1635	C	4	2	450	4	1	445
1636	C	1	2	744	1	1	663
1637	A	2	2	783	2	1	776
1638	A	3	2	967	3	1	960
1639	D	4	2	271	4	1	240
1640	D	1	2	689	1	1	846
1641	C	2	2	866	2	1	797
1642	C	3	2	348	3	1	291
1643	B	4	2	355	4	1	380
1644	D	1	2	881	1	1	654
1645	A	2	2	614	2	1	609
1646	D	3	2	616	3	1	919
1647	C	4	2	482	4	1	413
1648	C	1	2	648	1	1	759
1649	A	2	2	348	2	1	347
1650	C	3	2	798	3	1	865
1651	D	4	2	322	4	1	189
1652	A	1	2	810	1	1	813
1653	D	2	2	400	2	1	111
1654	B	3	2	442	3	1	421
1655	B	4	2	413	4	1	386
1656	C	1	2	524	1	1	627
1657	B	2	2	83	2	1	76
1658	C	3	2	919	3	1	1000
1659	D	4	2	500	4	1	11
1660	A	1	2	933	1	1	930
1661	B	2	2	891	2	1	868
1662	A	3	2	605	3	1	602
1663	D	4	2	767	4	1	768
1664	C	1	2	472	1	1	423
1665	C	2	2	1013	2	1	906
1666	D	3	2	442	3	1	69
1667	A	4	2	756	4	1	755
1668	C	1	2	378	1	1	261
1669	D	2	2	503	2	1	8
1670	B	3	2	696	3	1	679
1671	C	4	2	677	4	1	730
1672	B	1	2	796	1	1	771
1673	C	2	2	442	2	1	453
1674	D	3	2	233	3	1	278
1675	A	4	2	745	4	1	750
1676	D	1	2	37	1	1	474
1677	C	2	2	985	2	1	934
1678	C	3	2	465	3	1	430
1679	D	4	2	59	4	1	452
1680	B	1	2	828	1	1	803
1681	A	2	2	313	2	1	318
1682	C	3	2	733	3	1	674
1683	C	4	2	3	4	1	124
1684	B	1	2	662	1	1	649
1685	B	2	2	842	2	1	853
1686	B	3	2	546	3	1	573
1687	C	4	2	485	4	1	410
1688	B	1	2	166	1	1	185
1689	B	2	2	455	2	1	472
1690	D	3	2	377	3	1	134
1691	C	4	2	146	4	1	237
1692	B	1	2	39	1	1	56
1693	A	2	2	321	2	1	326
1694	A	3	2	871	3	1	864
1695	C	4	2	326	4	1	313
1696	B	1	2	693	1	1	682
1697	A	2	2	860	2	1	859
1698	D	3	2	488	3	1	23
1699	A	4	2	994	4	1	997
1700	C	1	2	765	1	1	642
1701	A	2	2	499	2	1	500
1702	A	3	2	853	3	1	850
1703	B	4	2	703	4	1	672
1704	D	1	2	91	1	1	420
1705	A	2	2	404	2	1	403
1706	C	3	2	285	3	1	354
1707	C	4	2	170	4	1	213
1708	D	1	2	330	1	1	181
1709	B	2	2	918	2	1	905
1710	B	3	2	372	3	1	363
1711	A	4	2	224	4	1	231
1712	B	1	2	432	1	1	431
1713	C	2	2	438	2	1	457
1714	A	3	2	819	3	1	820
1715	C	4	2	8	4	1	119
1716	D	1	2	997	1	1	538
1717	D	2	2	599	2	1	936
1718	D	3	2	254	3	1	257
1719	A	4	2	109	4	1	106
1720	B	1	2	727	1	1	712
1721	A	2	2	566	2	1	561
1722	C	3	2	638	3	1	513
1723	B	4	2	345	4	1	326
1724	B	1	2	722	1	1	717
1725	C	2	2	711	2	1	696
1726	B	3	2	858	3	1	837
1727	D	4	2	308	4	1	203
1728	A	1	2	623	1	1	616
1729	D	2	2	78	2	1	433
1730	D	3	2	759	3	1	776
1731	B	4	2	121	4	1	102
1732	D	1	2	710	1	1	825
1733	A	2	2	921	2	1	926
1734	B	3	2	373	3	1	362
1735	B	4	2	176	4	1	175
1736	C	1	2	183	1	1	200
1737	D	2	2	1010	2	1	525
1738	A	3	2	130	3	1	133
1739	C	4	2	713	4	1	694
1740	A	1	2	788	1	1	787
1741	D	2	2	579	2	1	956
1742	D	3	2	479	3	1	32
1743	C	4	2	57	4	1	70
1744	A	1	2	622	1	1	617
1745	D	2	2	405	2	1	106
1746	B	3	2	38	3	1	57
1747	A	4	2	623	4	1	616
1748	A	1	2	837	1	1	834
1749	A	2	2	271	2	1	264
1750	C	3	2	489	3	1	406
1751	C	4	2	970	4	1	949
1752	B	1	2	123	1	1	100
1753	A	2	2	731	2	1	732
1754	C	3	2	529	3	1	622
1755	B	4	2	515	4	1	540
1756	D	1	2	330	1	1	181
1757	B	2	2	794	2	1	773
1758	D	3	2	970	3	1	565
1759	A	4	2	790	4	1	785
1760	C	1	2	355	1	1	284
1761	B	2	2	985	2	1	966
1762	A	3	2	883	3	1	884
1763	A	4	2	403	4	1	404
1764	C	1	2	726	1	1	681
1765	A	2	2	278	2	1	273
1766	A	3	2	901	3	1	898
1767	A	4	2	119	4	1	112
1768	A	1	2	310	1	1	305
1769	A	2	2	202	2	1	205
1770	A	3	2	8	3	1	15
1771	C	4	2	692	4	1	715
1772	D	1	2	774	1	1	761
1773	B	2	2	515	2	1	540
1774	B	3	2	781	3	1	786
1775	C	4	2	56	4	1	71
1776	C	1	2	542	1	1	609
1777	A	2	2	738	2	1	741
1778	A	3	2	511	3	1	504
1779	C	4	2	414	4	1	481
1780	D	1	2	876	1	1	659
1781	B	2	2	823	2	1	808
1782	B	3	2	628	3	1	619
1783	A	4	2	238	4	1	233
1784	C	1	2	675	1	1	732
1785	D	2	2	210	2	1	301
1786	C	3	2	357	3	1	282
1787	D	4	2	866	4	1	669
1788	D	1	2	618	1	1	917
1789	A	2	2	30	2	1	25
1790	B	3	2	717	3	1	722
1791	C	4	2	251	4	1	132
1792	A	1	2	248	1	1	255
1793	B	2	2	226	2	1	253
1794	C	3	2	462	3	1	433
1795	C	4	2	919	4	1	1000
1796	A	1	2	502	1	1	497
1797	D	2	2	969	2	1	566
1798	B	3	2	555	3	1	564
1799	C	4	2	327	4	1	312
1800	C	1	2	230	1	1	153
1801	C	2	2	720	2	1	687
1802	B	3	2	205	3	1	210
1803	A	4	2	625	4	1	630
1804	A	1	2	225	1	1	230
1805	D	2	2	767	2	1	768
1806	D	3	2	455	3	1	56
1807	D	4	2	925	4	1	610
1808	C	1	2	1000	1	1	919
1809	C	2	2	92	2	1	35
1810	C	3	2	871	3	1	792
1811	C	4	2	739	4	1	668
1812	C	1	2	780	1	1	883
1813	A	2	2	212	2	1	211
1814	D	3	2	718	3	1	817
1815	A	4	2	362	4	1	365
1816	D	1	2	74	1	1	437
1817	D	2	2	633	2	1	902
1818	D	3	2	571	3	1	964
1819	C	4	2	938	4	1	981
1820	A	1	2	267	1	1	268
1821	C	2	2	852	2	1	811
1822	A	3	2	25	3	1	30
1823	A	4	2	909	4	1	906
1824	D	1	2	294	1	1	217
1825	B	2	2	319	2	1	288
1826	A	3	2	864	3	1	871
1827	D	4	2	702	4	1	833
1828	B	1	2	947	1	1	940
1829	D	2	2	68	2	1	443
1830	C	3	2	442	3	1	453
1831	C	4	2	543	4	1	608
1832	D	1	2	637	1	1	898
1833	C	2	2	121	2	1	6
1834	B	3	2	160	3	1	191
1835	A	4	2	24	4	1	31
1836	B	1	2	353	1	1	382
1837	D	2	2	192	2	1	319
1838	A	3	2	148	3	1	147
1839	B	4	2	352	4	1	383
1840	A	1	2	361	1	1	366
1841	B	2	2	215	2	1	200
1842	B	3	2	868	3	1	891
1843	C	4	2	208	4	1	175
1844	C	1	2	579	1	1	572
1845	B	2	2	46	2	1	49
1846	C	3	2	863	3	1	800
1847	B	4	2	653	4	1	658
1848	A	1	2	724	1	1	723
1849	D	2	2	212	2	1	299
1850	A	3	2	251	3	1	252
1851	C	4	2	932	4	1	987
1852	C	1	2	456	1	1	439
1853	B	2	2	874	2	1	885
1854	D	3	2	577	3	1	958
1855	D	4	2	334	4	1	177
1856	A	1	2	474	1	1	477
1857	B	2	2	537	2	1	518
1858	A	3	2	758	3	1	753
1859	C	4	2	613	4	1	538
1860	C	1	2	0	1	1	127
1861	C	2	2	421	2	1	474
1862	A	3	2	97	3	1	102
1863	D	4	2	638	4	1	897
1864	B	1	2	358	1	1	377
1865	C	2	2	774	2	1	889
1866	A	3	2	430	3	1	425
1867	C	4	2	169	4	1	214
1868	D	1	2	864	1	1	671
1869	A	2	2	867	2	1	868
1870	C	3	2	926	3	1	993
1871	C	4	2	785	4	1	878
1872	D	1	2	157	1	1	354
1873	B	2	2	889	2	1	870
1874	B	3	2	72	3	1	87
1875	D	4	2	723	4	1	812
1876	A	1	2	508	1	1	507
1877	B	2	2	824	2	1	807
1878	A	3	2	544	3	1	551
1879	C	4	2	360	4	1	279
1880	B	1	2	848	1	1	847
1881	C	2	2	138	2	1	245
1882	B	3	2	182	3	1	169
1883	B	4	2	60	4	1	35
1884	B	1	2	336	1	1	335
1885	A	2	2	68	2	1	67
1886	B	3	2	187	3	1	164
1887	D	4	2	223	4	1	288
1888	A	1	2	375	1	1	368
1889	C	2	2	847	2	1	816
1890	D	3	2	965	3	1	570
1891	C	4	2	286	4	1	353
1892	A	1	2	501	1	1	498
1893	C	2	2	418	2	1	477
1894	A	3	2	675	3	1	676
1895	C	4	2	331	4	1	308
1896	B	1	2	754	1	1	749
1897	D	2	2	451	2	1	60
1898	B	3	2	751	3	1	752
1899	D	4	2	771	4	1	764
1900	A	1	2	424	1	1	431
1901	B	2	2	942	2	1	945
1902	D	3	2	963	3	1	572
1903	A	4	2	594	4	1	597
1904	B	1	2	464	1	1	463
1905	A	2	2	356	2	1	355
1906	B	3	2	375	3	1	360
1907	A	4	2	134	4	1	129
1908	A	1	2	806	1	1	801
1909	A	2	2	580	2	1	579
1910	C	3	2	718	3	1	689
1911	C	4	2	478	4	1	417
1912	D	1	2	815	1	1	720
1913	D	2	2	604	2	1	931
1914	A	3	2	503	3	1	496
1915	C	4	2	762	4	1	645
1916	C	1	2	815	1	1	848
1917	A	2	2	827	2	1	828
1918	D	3	2	592	3	1	943
1919	A	4	2	118	4	1	113
1920	A	1	2	63	1	1	56
1921	C	2	2	382	2	1	257
1922	C	3	2	286	3	1	353
1923	C	4	2	260	4	1	379
1924	D	1	2	231	1	1	280
1925	A	2	2	375	2	1	368
1926	D	3	2	461	3	1	50
1927	A	4	2	789	4	1	786
1928	A	1	2	925	1	1	922
1929	D	2	2	649	2	1	886
1930	C	3	2	79	3	1	48
1931	C	4	2	878	4	1	785
1932	B	1	2	546	1	1	573
1933	B	2	2	272	2	1	271
1934	C	3	2	780	3	1	883
1935	B	4	2	789	4	1	778
1936	D	1	2	759	1	1	776
1937	D	2	2	266	2	1	245
1938	A	3	2	449	3	1	454
1939	A	4	2	980	4	1	979
1940	D	1	2	364	1	1	147
1941	A	2	2	750	2	1	745
1942	B	3	2	378	3	1	357
1943	D	4	2	17	4	1	494
1944	A	1	2	409	1	1	414
1945	A	2	2	231	2	1	224
1946	D	3	2	33	3	1	478
1947	A	4	2	881	4	1	886
1948	D	1	2	961	1	1	574
1949	D	2	2	594	2	1	941
1950	C	3	2	394	3	1	501
1951	C	4	2	830	4	1	833
1952	D	1	2	297	1	1	214
1953	B	2	2	203	2	1	212
1954	B	3	2	382	3	1	353
1955	D	4	2	79	4	1	432
1956	A	1	2	878	1	1	873
1957	B	2	2	208	2	1	207
1958	C	3	2	796	3	1	867
1959	A	4	2	180	4	1	179
1960	A	1	2	290	1	1	293
1961	C	2	2	153	2	1	230
1962	B	3	2	616	3	1	631
1963	A	4	2	717	4	1	714
1964	B	1	2	621	1	1	626
1965	C	2	2	115	2	1	12
1966	B	3	2	509	3	1	482
1967	B	4	2	342	4	1	329
1968	B	1	2	884	1	1	875
1969	A	2	2	225	2	1	230
1970	A	3	2	174	3	1	169
1971	C	4	2	111	4	1	16
1972	C	1	2	923	1	1	996
1973	A	2	2	601	2	1	606
1974	B	3	2	809	3	1	822
1975	D	4	2	442	4	1	69
1976	A	1	2	937	1	1	942
1977	A	2	2	559	2	1	552
1978	C	3	2	782	3	1	881
1979	A	4	2	873	4	1	878
1980	B	1	2	4	1	1	27
1981	C	2	2	440	2	1	455
1982	A	3	2	175	3	1	168
1983	D	4	2	477	4	1	34
1984	B	1	2	247	1	1	232
1985	D	2	2	372	2	1	139
1986	C	3	2	925	3	1	994
1987	D	4	2	282	4	1	229
1988	D	1	2	237	1	1	274
1989	A	2	2	660	2	1	659
1990	B	3	2	172	3	1	179
1991	A	4	2	262	4	1	257
1992	C	1	2	536	1	1	615
1993	C	2	2	877	2	1	786
1994	B	3	2	868	3	1	891
1995	D	4	2	911	4	1	624
1996	B	1	2	603	1	1	580
1997	D	2	2	691	2	1	844
1998	C	3	2	842	3	1	821
1999	D	4	2	381	4	1	130
2000	B	1	2	871	1	1	888
2001	A	2	2	377	2	1	382
2002	A	3	2	801	3	1	806
2003	C	4	2	743	4	1	664
2004	D	1	2	698	1	1	837
2005	B	2	2	28	2	1	3
2006	D	3	2	842	3	1	693
2007	B	4	2	32	4	1	63
2008	C	1	2	518	1	1	633
2009	A	2	2	658	2	1	661
2010	D	3	2	20	3	1	491
2011	D	4	2	283	4	1	228
2012	B	1	2	120	1	1	103
2013	B	2	2	243	2	1	236
2014	B	3	2	667	3	1	644
2015	B	4	2	442	4	1	421
2016	A	1	2	381	1	1	378
2017	B	2	2	906	2	1	917
2018	D	3	2	757	3	1	778
2019	C	4	2	812	4	1	851
2020	D	1	2	94	1	1	417
2021	A	2	2	42	2	1	45
2022	C	3	2	819	3	1	844
2023	D	4	2	418	4	1	93
2024	D	1	2	225	1	1	286
2025	D	2	2	892	2	1	643
2026	A	3	2	262	3	1	257
2027	D	4	2	651	4	1	884
2028	A	1	2	403	1	1	404
2029	C	2	2	124	2	1	3
2030	A	3	2	725	3	1	722
2031	C	4	2	390	4	1	505
2032	C	1	2	276	1	1	363
2033	C	2	2	981	2	1	938
2034	D	3	2	557	3	1	978
2035	A	4	2	400	4	1	407
2036	D	1	2	803	1	1	732
2037	A	2	2	137	2	1	142
2038	D	3	2	283	3	1	228
2039	A	4	2	324	4	1	323
2040	A	1	2	855	1	1	848
2041	A	2	2	986	2	1	989
2042	D	3	2	1016	3	1	519
2043	D	4	2	370	4	1	141
2044	A	1	2	483	1	1	484
2045	D	2	2	139	2	1	372
2046	B	3	2	673	3	1	702
2047	B	4	2	172	4	1	179
2048	A	1	2	636	1	1	635
2049	B	2	2	901	2	1	922
2050	B	3	2	952	3	1	935
2051	D	4	2	75	4	1	436
2052	A	1	2	354	1	1	357
2053	C	2	2	789	2	1	874
2054	A	3	2	468	3	1	467
2055	B	4	2	432	4	1	431
2056	C	1	2	631	1	1	520
2057	A	2	2	495	2	1	488
2058	A	3	2	534	3	1	529
2059	C	4	2	483	4	1	412
2060	A	1	2	671	1	1	664
2061	B	2	2	122	2	1	101
2062	C	3	2	676	3	1	731
2063	D	4	2	973	4	1	562
2064	A	1	2	31	1	1	24
2065	C	2	2	324	2	1	315
2066	B	3	2	315	3	1	292
2067	D	4	2	199	4	1	312
2068	B	1	2	443	1	1	420
2069	A	2	2	42	2	1	45
2070	A	3	2	212	3	1	211
2071	C	4	2	797	4	1	866
2072	D	1	2	556	1	1	979
2073	B	2	2	85	2	1	74
2074	C	3	2	2	3	1	125
2075	B	4	2	286	4	1	257
2076	C	1	2	207	1	1	176
2077	B	2	2	932	2	1	955
2078	C	3	2	68	3	1	59
2079	A	4	2	456	4	1	463
2080	B	1	2	440	1	1	423
2081	B	2	2	703	2	1	672
2082	A	3	2	625	3	1	630
2083	A	4	2	611	4	1	612
2084	D	1	2	349	1	1	162
2085	C	2	2	389	2	1	506
2086	C	3	2	100	3	1	27
2087	B	4	2	640	4	1	671
2088	D	1	2	508	1	1	3
2089	A	2	2	992	2	1	999
2090	C	3	2	868	3	1	795
2091	B	4	2	663	4	1	648
2092	C	1	2	541	1	1	610
2093	D	2	2	664	2	1	871
2094	B	3	2	250	3	1	229
2095	C	4	2	192	4	1	191
2096	D	1	2	647	1	1	888
2097	D	2	2	65	2	1	446
2098	B	3	2	789	3	1	778
2099	B	4	2	980	4	1	971
2100	D	1	2	260	1	1	251
2101	D	2	2	258	2	1	253
2102	C	3	2	318	3	1	321
2103	B	4	2	761	4	1	742
2104	A	1	2	254	1	1	249
2105	B	2	2	518	2	1	537
2106	D	3	2	535	3	1	1000
2107	D	4	2	686	4	1	849
2108	B	1	2	150	1	1	137
2109	C	2	2	115	2	1	12
2110	D	3	2	138	3	1	373
2111	C	4	2	771	4	1	892
2112	A	1	2	162	1	1	165
2113	C	2	2	35	2	1	92
2114	B	3	2	336	3	1	335
2115	B	4	2	541	4	1	514
2116	B	1	2	34	1	1	61
2117	C	2	2	11	2	1	116
2118	A	3	2	468	3	1	467
2119	C	4	2	643	4	1	764
2120	C	1	2	937	1	1	982
2121	A	2	2	972	2	1	971
2122	A	3	2	637	3	1	634
2123	A	4	2	664	4	1	671
2124	C	1	2	947	1	1	972
2125	C	2	2	394	2	1	501
2126	A	3	2	995	3	1	996
2127	B	4	2	445	4	1	418
2128	D	1	2	935	1	1	600
2129	D	2	2	924	2	1	611
2130	B	3	2	571	3	1	548
2131	B	4	2	481	4	1	510
2132	A	1	2	125	1	1	122
2133	B	2	2	890	2	1	869
2134	C	3	2	99	3	1	28
2135	B	4	2	875	4	1	884
2136	A	1	2	202	1	1	205
2137	C	2	2	38	2	1	89
2138	C	3	2	475	3	1	420
2139	D	4	2	168	4	1	343
2140	D	1	2	470	1	1	41
2141	A	2	2	946	2	1	949
2142	A	3	2	908	3	1	907
2143	C	4	2	947	4	1	972
2144	D	1	2	434	1	1	77
2145	A	2	2	441	2	1	446
2146	C	3	2	126	3	1	1
2147	A	4	2	254	4	1	249
2148	D	1	2	387	1	1	124
2149	D	2	2	787	2	1	748
2150	D	3	2	959	3	1	576
2151	D	4	2	922	4	1	613
2152	C	1	2	652	1	1	755
2153	D	2	2	909	2	1	626
2154	B	3	2	534	3	1	521
2155	D	4	2	853	4	1	682
2156	B	1	2	581	1	1	602
2157	C	2	2	489	2	1	406
2158	D	3	2	297	3	1	214
2159	C	4	2	668	4	1	739
2160	C	1	2	215	1	1	168
2161	A	2	2	910	2	1	905
2162	A	3	2	612	3	1	611
2163	D	4	2	237	4	1	274
2164	A	1	2	355	1	1	356
2165	B	2	2	213	2	1	202
2166	B	3	2	284	3	1	259
2167	C	4	2	741	4	1	666
2168	B	1	2	848	1	1	847
2169	A	2	2	993	2	1	998
2170	A	3	2	456	3	1	463
2171	B	4	2	428	4	1	435
2172	C	1	2	23	1	1	104
2173	B	2	2	273	2	1	270
2174	D	3	2	139	3	1	372
2175	D	4	2	666	4	1	869
2176	B	1	2	118	1	1	105
2177	C	2	2	826	2	1	837
2178	B	3	2	3	3	1	28
2179	A	4	2	362	4	1	365
2180	D	1	2	152	1	1	359
2181	C	2	2	55	2	1	72
2182	B	3	2	733	3	1	706
2183	D	4	2	736	4	1	799
2184	D	1	2	710	1	1	825
2185	D	2	2	395	2	1	116
2186	D	3	2	424	3	1	87
2187	D	4	2	262	4	1	249
2188	A	1	2	423	1	1	416
2189	D	2	2	589	2	1	946
2190	A	3	2	938	3	1	941
2191	A	4	2	508	4	1	507
2192	D	1	2	34	1	1	477
2193	B	2	2	278	2	1	265
2194	B	3	2	948	3	1	939
2195	D	4	2	956	4	1	579
2196	D	1	2	16	1	1	495
2197	A	2	2	133	2	1	130
2198	B	3	2	517	3	1	538
2199	B	4	2	198	4	1	217
2200	A	1	2	695	1	1	688
2201	A	2	2	77	2	1	74
2202	D	3	2	817	3	1	718
2203	C	4	2	226	4	1	157
2204	B	1	2	901	1	1	922
2205	B	2	2	60	2	1	35
2206	D	3	2	291	3	1	220
2207	D	4	2	381	4	1	130
2208	A	1	2	775	1	1	768
2209	C	2	2	484	2	1	411
2210	B	3	2	478	3	1	449
2211	D	4	2	475	4	1	36
2212	C	1	2	5	1	1	122
2213	D	2	2	614	2	1	921
2214	D	3	2	779	3	1	756
2215	B	4	2	352	4	1	383
2216	B	1	2	311	1	1	296
2217	B	2	2	983	2	1	968
2218	A	3	2	911	3	1	904
2219	B	4	2	57	4	1	38
2220	A	1	2	449	1	1	454
2221	A	2	2	768	2	1	775
2222	B	3	2	372	3	1	363
2223	C	4	2	347	4	1	292
2224	A	1	2	988	1	1	987
2225	C	2	2	374	2	1	265
2226	C	3	2	127	3	1	0
2227	C	4	2	252	4	1	131
2228	C	1	2	815	1	1	848
2229	A	2	2	979	2	1	980
2230	C	3	2	109	3	1	18
2231	B	4	2	968	4	1	983
2232	C	1	2	849	1	1	814
2233	C	2	2	259	2	1	380
2234	A	3	2	309	3	1	306
2235	D	4	2	647	4	1	888
2236	D	1	2	691	1	1	844
2237	D	2	2	716	2	1	819
2238	C	3	2	830	3	1	833
2239	C	4	2	716	4	1	691
2240	B	1	2	914	1	1	909
2241	A	2	2	278	2	1	273
2242	A	3	2	645	3	1	642
2243	C	4	2	560	4	1	591
2244	B	1	2	635	1	1	612
2245	C	2	2	614	2	1	537
2246	A	3	2	328	3	1	335
2247	D	4	2	147	4	1	364
2248	A	1	2	309	1	1	306
2249	D	2	2	627	2	1	908
2250	B	3	2	252	3	1	227
2251	B	4	2	153	4	1	134
2252	A	1	2	813	1	1	810
2253	B	2	2	227	2	1	252
2254	A	3	2	379	3	1	380
2255	A	4	2	814	4	1	809
2256	A	1	2	296	1	1	303
2257	B	2	2	55	2	1	40
2258	B	3	2	619	3	1	628
2259	A	4	2	602	4	1	605
2260	D	1	2	721	1	1	814
2261	A	2	2	486	2	1	481
2262	B	3	2	203	3	1	212
2263	B	4	2	627	4	1	620
2264	A	1	2	197	1	1	194
2265	C	2	2	733	2	1	674
2266	C	3	2	208	3	1	175
2267	D	4	2	810	4	1	725
2268	A	1	2	532	1	1	531
2269	B	2	2	644	2	1	667
2270	D	3	2	375	3	1	136
2271	D	4	2	93	4	1	418
2272	B	1	2	798	1	1	769
2273	B	2	2	60	2	1	35
2274	C	3	2	666	3	1	741
2275	B	4	2	905	4	1	918
2276	A	1	2	178	1	1	181
2277	D	2	2	141	2	1	370
2278	A	3	2	871	3	1	864
2279	B	4	2	97	4	1	126
2280	B	1	2	719	1	1	720
2281	B	2	2	645	2	1	666
2282	A	3	2	113	3	1	118
2283	B	4	2	742	4	1	761
2284	D	1	2	257	1	1	254
2285	A	2	2	331	2	1	332
2286	D	3	2	886	3	1	649
2287	D	4	2	592	4	1	943
2288	A	1	2	572	1	1	571
2289	C	2	2	817	2	1	846
2290	B	3	2	684	3	1	691
2291	A	4	2	108	4	1	107
2292	D	1	2	779	1	1	756
2293	C	2	2	474	2	1	421
2294	A	3	2	399	3	1	392
2295	B	4	2	881	4	1	878
2296	A	1	2	421	1	1	418
2297	C	2	2	147	2	1	236
2298	C	3	2	639	3	1	512
2299	C	4	2	150	4	1	233
2300	A	1	2	712	1	1	719
2301	C	2	2	982	2	1	937
2302	C	3	2	62	3	1	65
2303	D	4	2	966	4	1	569
2304	D	1	2	798	1	1	737
2305	D	2	2	326	2	1	185
2306	A	3	2	286	3	1	281
2307	D	4	2	95	4	1	416
2308	B	1	2	149	1	1	138
2309	C	2	2	298	2	1	341
2310	C	3	2	698	3	1	709
2311	D	4	2	203	4	1	308
2312	A	1	2	129	1	1	134
2313	D	2	2	655	2	1	880
2314	D	3	2	76	3	1	435
2315	A	4	2	957	4	1	954
2316	A	1	2	344	1	1	351
2317	C	2	2	453	2	1	442
2318	B	3	2	841	3	1	854
2319	C	4	2	681	4	1	726
2320	B	1	2	147	1	1	140
2321	C	2	2	431	2	1	464
2322	A	3	2	35	3	1	36
2323	C	4	2	425	4	1	470
2324	B	1	2	312	1	1	295
2325	B	2	2	628	2	1	619
2326	B	3	2	706	3	1	733
2327	C	4	2	282	4	1	357
2328	A	1	2	935	1	1	928
2329	B	2	2	368	2	1	367
2330	A	3	2	286	3	1	281
2331	A	4	2	719	4	1	712
2332	C	1	2	104	1	1	23
2333	D	2	2	120	2	1	391
2334	A	3	2	847	3	1	840
2335	D	4	2	314	4	1	197
2336	D	1	2	80	1	1	431
2337	B	2	2	31	2	1	0
2338	B	3	2	321	3	1	350
2339	A	4	2	492	4	1	491
2340	B	1	2	541	1	1	514
2341	A	2	2	13	2	1	10
2342	A	3	2	202	3	1	205
2343	C	4	2	744	4	1	663
2344	D	1	2	202	1	1	309
2345	D	2	2	356	2	1	155
2346	C	3	2	715	3	1	692
2347	D	4	2	494	4	1	17
2348	C	1	2	30	1	1	97
2349	D	2	2	202	2	1	309
2350	A	3	2	774	3	1	769
2351	A	4	2	352	4	1	359
2352	B	1	2	844	1	1	851
2353	C	2	2	1023	2	1	896
2354	B	3	2	449	3	1	478
2355	C	4	2	54	4	1	73
2356	B	1	2	491	1	1	500
2357	A	2	2	393	2	1	398
2358	D	3	2	624	3	1	911
2359	A	4	2	824	4	1	831
2360	D	1	2	103	1	1	408
2361	C	2	2	107	2	1	20
2362	D	3	2	127	3	1	384
2363	A	4	2	190	4	1	185
2364	D	1	2	553	1	1	982
2365	A	2	2	153	2	1	158
2366	C	3	2	389	3	1	506
2367	C	4	2	214	4	1	169
2368	A	1	2	707	1	1	708
2369	A	2	2	868	2	1	867
2370	D	3	2	262	3	1	249
2371	C	4	2	183	4	1	200
2372	B	1	2	817	1	1	814
2373	C	2	2	282	2	1	357
2374	C	3	2	327	3	1	312
2375	A	4	2	459	4	1	460
2376	C	1	2	161	1	1	222
2377	B	2	2	810	2	1	821
2378	B	3	2	816	3	1	815
2379	D	4	2	834	4	1	701
2380	B	1	2	213	1	1	202
2381	D	2	2	636	2	1	899
2382	C	3	2	219	3	1	164
2383	B	4	2	234	4	1	245
2384	C	1	2	689	1	1	718
2385	D	2	2	256	2	1	255
2386	D	3	2	81	3	1	430
2387	D	4	2	988	4	1	547
2388	D	1	2	548	1	1	987
2389	C	2	2	373	2	1	266
2390	D	3	2	474	3	1	37
2391	A	4	2	429	4	1	426
2392	A	1	2	934	1	1	929
2393	C	2	2	110	2	1	17
2394	B	3	2	660	3	1	651
2395	A	4	2	209	4	1	214
2396	B	1	2	832	1	1	863
2397	C	2	2	701	2	1	706
2398	B	3	2	106	3	1	117
2399	C	4	2	58	4	1	69
2400	A	1	2	112	1	1	119
2401	C	2	2	681	2	1	726
2402	B	3	2	832	3	1	863
2403	B	4	2	1017	4	1	998
2404	A	1	2	887	1	1	880
2405	A	2	2	954	2	1	957
2406	A	3	2	535	3	1	528
2407	D	4	2	50	4	1	461
2408	A	1	2	561	1	1	566
2409	C	2	2	927	2	1	992
2410	B	3	2	699	3	1	676
2411	B	4	2	678	4	1	697
2412	C	1	2	297	1	1	342
2413	D	2	2	504	2	1	7
2414	B	3	2	611	3	1	636
2415	C	4	2	59	4	1	68
2416	B	1	2	41	1	1	54
2417	B	2	2	50	2	1	45
2418	D	3	2	712	3	1	823
2419	B	4	2	1	4	1	30
2420	B	1	2	42	1	1	53
2421	C	2	2	839	2	1	824
2422	B	3	2	86	3	1	73
2423	C	4	2	707	4	1	700
2424	D	1	2	485	1	1	26
2425	C	2	2	851	2	1	812
2426	B	3	2	515	3	1	540
2427	B	4	2	374	4	1	361
2428	B	1	2	270	1	1	273
2429	B	2	2	653	2	1	658
2430	D	3	2	262	3	1	249
2431	C	4	2	322	4	1	317
2432	B	1	2	978	1	1	973
2433	B	2	2	78	2	1	81
2434	B	3	2	260	3	1	283
2435	D	4	2	1016	4	1	519
2436	A	1	2	607	1	1	600
2437	B	2	2	201	2	1	214
2438	C	3	2	724	3	1	683
2439	D	4	2	97	4	1	414
2440	D	1	2	50	1	1	461
2441	C	2	2	140	2	1	243
2442	D	3	2	747	3	1	788
2443	C	4	2	438	4	1	457
2444	C	1	2	538	1	1	613
2445	B	2	2	814	2	1	817
2446	D	3	2	875	3	1	660
2447	C	4	2	750	4	1	657
2448	C	1	2	595	1	1	556
2449	A	2	2	943	2	1	936
2450	C	3	2	398	3	1	497
2451	C	4	2	969	4	1	950
2452	B	1	2	313	1	1	294
2453	B	2	2	311	2	1	296
2454	D	3	2	286	3	1	225
2455	D	4	2	459	4	1	52
2456	D	1	2	225	1	1	286
2457	C	2	2	809	2	1	854
2458	A	3	2	522	3	1	525
2459	C	4	2	1005	4	1	914
2460	B	1	2	122	1	1	101
2461	C	2	2	315	2	1	324
2462	C	3	2	528	3	1	623
2463	C	4	2	753	4	1	654
2464	A	1	2	735	1	1	728
2465	D	2	2	669	2	1	866
2466	B	3	2	620	3	1	627
2467	C	4	2	653	4	1	754
2468	D	1	2	668	1	1	867
2469	C	2	2	56	2	1	71
2470	D	3	2	801	3	1	734
2471	B	4	2	533	4	1	522
2472	D	1	2	996	1	1	539
2473	B	2	2	432	2	1	431
2474	B	3	2	774	3	1	793
2475	B	4	2	632	4	1	615
2476	A	1	2	793	1	1	798
2477	C	2	2	522	2	1	629
2478	C	3	2	696	3	1	711
2479	A	4	2	294	4	1	289
2480	A	1	2	120	1	1	127
2481	B	2	2	1022	2	1	993
2482	A	3	2	634	3	1	637
2483	C	4	2	24	4	1	103
2484	A	1	2	18	1	1	21
2485	D	2	2	673	2	1	862
2486	D	3	2	228	3	1	283
2487	C	4	2	1002	4	1	917
2488	B	1	2	453	1	1	474
2489	D	2	2	106	2	1	405
2490	C	3	2	845	3	1	818
2491	C	4	2	49	4	1	78
2492	D	1	2	742	1	1	793
2493	B	2	2	178	2	1	173
2494	A	3	2	698	3	1	701
2495	D	4	2	399	4	1	112
2496	D	1	2	120	1	1	391
2497	C	2	2	1018	2	1	901
2498	C	3	2	445	3	1	450
2499	C	4	2	260	4	1	379
2500	C	1	2	952	1	1	967
2501	A	2	2	12	2	1	11
2502	A	3	2	18	3	1	21
2503	C	4	2	529	4	1	622
2504	D	1	2	825	1	1	710
2505	A	2	2	205	2	1	202
2506	D	3	2	25	3	1	486
2507	D	4	2	73	4	1	438
2508	B	1	2	392	1	1	407
2509	A	2	2	872	2	1	879
2510	B	3	2	980	3	1	971
2511	D	4	2	1009	4	1	526
2512	D	1	2	902	1	1	633
2513	C	2	2	415	2	1	480
2514	D	3	2	852	3	1	683
2515	B	4	2	326	4	1	345
2516	D	1	2	740	1	1	795
2517	C	2	2	883	2	1	780
2518	D	3	2	384	3	1	127
2519	D	4	2	869	4	1	666
2520	D	1	2	718	1	1	817
2521	C	2	2	784	2	1	879
2522	C	3	2	118	3	1	9
2523	A	4	2	710	4	1	705
2524	A	1	2	193	1	1	198
2525	D	2	2	648	2	1	887
2526	C	3	2	16	3	1	111
2527	B	4	2	847	4	1	848
2528	C	1	2	112	1	1	15
2529	C	2	2	556	2	1	595
2530	A	3	2	139	3	1	140
2531	D	4	2	782	4	1	753
2532	C	1	2	200	1	1	183
2533	C	2	2	819	2	1	844
2534	B	3	2	386	3	1	413
2535	A	4	2	651	4	1	652
2536	A	1	2	969	1	1	974
2537	C	2	2	383	2	1	256
2538	C	3	2	329	3	1	310
2539	D	4	2	571	4	1	964
2540	B	1	2	109	1	1	114
2541	B	2	2	814	2	1	817
2542	B	3	2	344	3	1	327
2543	D	4	2	113	4	1	398
2544	A	1	2	27	1	1	28
2545	A	2	2	627	2	1	628
2546	C	3	2	947	3	1	972
2547	B	4	2	132	4	1	155
2548	D	1	2	270	1	1	241
2549	B	2	2	892	2	1	867
2550	C	3	2	1023	3	1	896
2551	A	4	2	374	4	1	369
2552	A	1	2	785	1	1	790
2553	C	2	2	332	2	1	307
2554	D	3	2	441	3	1	70
2555	A	4	2	512	4	1	519
2556	D	1	2	12	1	1	499
2557	C	2	2	727	2	1	680
2558	C	3	2	496	3	1	399
2559	A	4	2	434	4	1	437
2560	C	1	2	842	1	1	821
2561	D	2	2	227	2	1	284
2562	D	3	2	250	3	1	261
2563	D	4	2	565	4	1	970
2564	A	1	2	664	1	1	671
2565	A	2	2	490	2	1	493
2566	C	3	2	3	3	1	124
2567	A	4	2	131	4	1	132
2568	A	1	2	174	1	1	169
2569	D	2	2	970	2	1	565
2570	B	3	2	90	3	1	69
2571	C	4	2	415	4	1	480
2572	A	1	2	507	1	1	508
2573	D	2	2	437	2	1	74
2574	A	3	2	231	3	1	224
2575	D	4	2	233	4	1	278
2576	D	1	2	870	1	1	665
2577	A	2	2	814	2	1	809
2578	A	3	2	148	3	1	147
2579	C	4	2	822	4	1	841
2580	C	1	2	802	1	1	861
2581	A	2	2	340	2	1	339
2582	A	3	2	145	3	1	150
2583	D	4	2	920	4	1	615
2584	C	1	2	924	1	1	995
2585	B	2	2	270	2	1	273
2586	B	3	2	479	3	1	448
2587	C	4	2	1001	4	1	918
2588	B	1	2	853	1	1	842
2589	A	2	2	91	2	1	92
2590	B	3	2	592	3	1	591
2591	D	4	2	329	4	1	182
2592	D	1	2	27	1	1	484
2593	B	2	2	781	2	1	786
2594	C	3	2	134	3	1	249
2595	C	4	2	414	4	1	481
2596	A	1	2	462	1	1	457
2597	B	2	2	566	2	1	553
2598	C	3	2	102	3	1	25
2599	B	4	2	125	4	1	98
2600	B	1	2	669	1	1	642
2601	B	2	2	206	2	1	209
2602	B	3	2	95	3	1	64
2603	B	4	2	45	4	1	50
2604	C	1	2	275	1	1	364
2605	A	2	2	304	2	1	311
2606	C	3	2	825	3	1	838
2607	B	4	2	628	4	1	619
2608	D	1	2	403	1	1	108
2609	B	2	2	889	2	1	870
2610	C	3	2	320	3	1	319
2611	D	4	2	509	4	1	2
2612	A	1	2	285	1	1	282
2613	C	2	2	231	2	1	152
2614	B	3	2	1017	3	1	998
2615	C	4	2	283	4	1	356
2616	C	1	2	989	1	1	930
2617	D	2	2	112	2	1	399
2618	D	3	2	11	3	1	500
2619	A	4	2	912	4	1	919
2620	B	1	2	931	1	1	956
2621	C	2	2	1018	2	1	901
2622	B	3	2	45	3	1	50
2623	C	4	2	669	4	1	738
2624	C	1	2	755	1	1	652
2625	D	2	2	613	2	1	922
2626	D	3	2	703	3	1	832
2627	B	4	2	721	4	1	718
2628	D	1	2	487	1	1	24
2629	D	2	2	549	2	1	986
2630	D	3	2	755	3	1	780
2631	A	4	2	937	4	1	942
2632	B	1	2	365	1	1	370
2633	D	2	2	143	2	1	368
2634	B	3	2	589	3	1	594
2635	B	4	2	597	4	1	586
2636	C	1	2	926	1	1	993
2637	C	2	2	701	2	1	706
2638	A	3	2	635	3	1	636
2639	D	4	2	808	4	1	727
2640	B	1	2	8	1	1	23
2641	D	2	2	767	2	1	768
2642	D	3	2	252	3	1	259
2643	B	4	2	267	4	1	276
2644	B	1	2	925	1	1	898
2645	C	2	2	695	2	1	712
2646	B	3	2	256	3	1	287
2647	A	4	2	600	4	1	607
2648	D	1	2	612	1	1	923
2649	C	2	2	126	2	1	1
2650	C	3	2	549	3	1	602
2651	C	4	2	306	4	1	333
2652	C	1	2	887	1	1	776
2653	C	2	2	987	2	1	932
2654	D	3	2	742	3	1	793
2655	C	4	2	780	4	1	883
2656	D	1	2	41	1	1	470
2657	D	2	2	71	2	1	440
2658	A	3	2	76	3	1	75
2659	B	4	2	323	4	1	348
2660	C	1	2	243	1	1	140
2661	B	2	2	464	2	1	463
2662	D	3	2	683	3	1	852
2663	D	4	2	753	4	1	782
2664	D	1	2	822	1	1	713
2665	C	2	2	871	2	1	792
2666	D	3	2	918	3	1	617
2667	C	4	2	431	4	1	464
2668	A	1	2	710	1	1	705
2669	C	2	2	189	2	1	194
2670	C	3	2	329	3	1	310
2671	D	4	2	427	4	1	84
2672	C	1	2	559	1	1	592
2673	D	2	2	736	2	1	799
2674	A	3	2	347	3	1	348
2675	A	4	2	289	4	1	294
2676	B	1	2	49	1	1	46
2677	C	2	2	778	2	1	885
2678	A	3	2	598	3	1	593
2679	D	4	2	259	4	1	252
2680	D	1	2	6	1	1	505
2681	C	2	2	300	2	1	339
2682	A	3	2	79	3	1	72
2683	D	4	2	923	4	1	612
2684	B	1	2	220	1	1	195
2685	B	2	2	406	2	1	393
2686	A	3	2	506	3	1	509
2687	C	4	2	513	4	1	638
2688	B	1	2	289	1	1	318
2689	B	2	2	772	2	1	795
2690	D	3	2	190	3	1	321
2691	A	4	2	767	4	1	760
2692	B	1	2	67	1	1	92
2693	D	2	2	334	2	1	177
2694	D	3	2	127	3	1	384
2695	D	4	2	888	4	1	647
2696	C	1	2	647	1	1	760
2697	B	2	2	607	2	1	576
2698	A	3	2	561	3	1	566
2699	A	4	2	741	4	1	738
2700	B	1	2	502	1	1	489
2701	D	2	2	677	2	1	858
2702	C	3	2	254	3	1	129
2703	B	4	2	184	4	1	167
2704	C	1	2	415	1	1	480
2705	C	2	2	752	2	1	655
2706	B	3	2	111	3	1	112
2707	D	4	2	140	4	1	371
2708	C	1	2	773	1	1	890
2709	D	2	2	911	2	1	624
2710	D	3	2	511	3	1	0
2711	A	4	2	156	4	1	155
2712	D	1	2	582	1	1	953
2713	D	2	2	601	2	1	934
2714	A	3	2	746	3	1	749
2715	C	4	2	539	4	1	612
2716	A	1	2	595	1	1	596
2717	A	2	2	153	2	1	158
2718	B	3	2	982	3	1	969
2719	D	4	2	64	4	1	447
2720	C	1	2	465	1	1	430
2721	A	2	2	612	2	1	611
2722	A	3	2	442	3	1	445
2723	D	4	2	39	4	1	472
2724	A	1	2	817	1	1	822
2725	D	2	2	948	2	1	587
2726	C	3	2	134	3	1	249
2727	D	4	2	633	4	1	902
2728	C	1	2	317	1	1	322
2729	D	2	2	140	2	1	371
2730	C	3	2	548	3	1	603
2731	D	4	2	127	4	1	384
2732	D	1	2	599	1	1	936
2733	B	2	2	385	2	1	414
2734	A	3	2	141	3	1	138
2735	D	4	2	126	4	1	385
2736	D	1	2	913	1	1	622
2737	A	2	2	17	2	1	22
2738	C	3	2	710	3	1	697
2739	D	4	2	228	4	1	283
2740	B	1	2	787	1	1	780
2741	A	2	2	149	2	1	146
2742	D	3	2	420	3	1	91
2743	A	4	2	592	4	1	599
2744	B	1	2	518	1	1	537
2745	D	2	2	7	2	1	504
2746	D	3	2	716	3	1	819
2747	A	4	2	415	4	1	408
2748	A	1	2	554	1	1	557
2749	A	2	2	359	2	1	352
2750	C	3	2	624	3	1	527
2751	B	4	2	865	4	1	894
2752	B	1	2	881	1	1	878
2753	D	2	2	402	2	1	109
2754	C	3	2	214	3	1	169
2755	A	4	2	892	4	1	891
2756	B	1	2	204	1	1	211
2757	C	2	2	453	2	1	442
2758	B	3	2	25	3	1	6
2759	D	4	2	344	4	1	167
2760	A	1	2	879	1	1	872
2761	C	2	2	712	2	1	695
2762	D	3	2	277	3	1	234
2763	A	4	2	407	4	1	400
2764	A	1	2	544	1	1	551
2765	C	2	2	766	2	1	641
2766	A	3	2	173	3	1	170
2767	C	4	2	992	4	1	927
2768	B	1	2	107	1	1	116
2769	B	2	2	867	2	1	892
2770	C	3	2	555	3	1	596
2771	D	4	2	654	4	1	881
2772	A	1	2	204	1	1	203
2773	A	2	2	182	2	1	177
2774	A	3	2	358	3	1	353
2775	D	4	2	1023	4	1	512
2776	D	1	2	469	1	1	42
2777	C	2	2	636	2	1	515
2778	B	3	2	625	3	1	622
2779	A	4	2	374	4	1	369
2780	B	1	2	438	1	1	425
2781	C	2	2	841	2	1	822
2782	C	3	2	237	3	1	146
2783	D	4	2	748	4	1	787
2784	D	1	2	284	1	1	227
2785	C	2	2	254	2	1	129
2786	D	3	2	498	3	1	13
2787	A	4	2	262	4	1	257
2788	B	1	2	928	1	1	959
2789	C	2	2	111	2	1	16
2790	B	3	2	1016	3	1	999
2791	C	4	2	814	4	1	849
2792	D	1	2	412	1	1	99
2793	B	2	2	711	2	1	728
2794	C	3	2	280	3	1	359
2795	A	4	2	111	4	1	104
2796	A	1	2	171	1	1	172
2797	D	2	2	155	2	1	356
2798	B	3	2	651	3	1	660
2799	C	4	2	401	4	1	494
2800	B	1	2	320	1	1	351
2801	D	2	2	767	2	1	768
2802	C	3	2	472	3	1	423
2803	D	4	2	545	4	1	990
2804	A	1	2	877	1	1	874
2805	C	2	2	758	2	1	649
2806	C	3	2	268	3	1	371
2807	A	4	2	715	4	1	716
2808	B	1	2	55	1	1	40
2809	D	2	2	288	2	1	223
2810	C	3	2	270	3	1	369
2811	C	4	2	597	4	1	554
2812	A	1	2	203	1	1	204
2813	B	2	2	676	2	1	699
2814	D	3	2	775	3	1	760
2815	B	4	2	303	4	1	304
2816	B	1	2	298	1	1	309
2817	D	2	2	25	2	1	486
2818	B	3	2	334	3	1	337
2819	B	4	2	685	4	1	690
2820	D	1	2	395	1	1	116
2821	B	2	2	973	2	1	978
2822	D	3	2	641	3	1	894
2823	B	4	2	574	4	1	545
2824	B	1	2	437	1	1	426
2825	C	2	2	1009	2	1	910
2826	D	3	2	509	3	1	2
2827	C	4	2	16	4	1	111
2828	A	1	2	894	1	1	889
2829	D	2	2	926	2	1	609
2830	D	3	2	968	3	1	567
2831	B	4	2	87	4	1	72
2832	D	1	2	672	1	1	863
2833	B	2	2	323	2	1	348
2834	B	3	2	92	3	1	67
2835	C	4	2	170	4	1	213
2836	C	1	2	340	1	1	299
2837	D	2	2	28	2	1	483
2838	C	3	2	398	3	1	497
2839	C	4	2	937	4	1	982
2840	A	1	2	426	1	1	429
2841	D	2	2	658	2	1	877
2842	D	3	2	238	3	1	273
2843	D	4	2	122	4	1	389
2844	A	1	2	969	1	1	974
2845	C	2	2	41	2	1	86
2846	A	3	2	932	3	1	931
2847	D	4	2	995	4	1	540
2848	C	1	2	2	1	1	125
2849	B	2	2	880	2	1	879
2850	A	3	2	502	3	1	497
2851	D	4	2	150	4	1	361
2852	A	1	2	433	1	1	438
2853	B	2	2	1023	2	1	992
2854	B	3	2	216	3	1	199
2855	C	4	2	134	4	1	249
2856	D	1	2	474	1	1	37
2857	A	2	2	786	2	1	789
2858	D	3	2	235	3	1	276
2859	B	4	2	989	4	1	962
2860	C	1	2	598	1	1	553
2861	A	2	2	638	2	1	633
2862	D	3	2	215	3	1	296
2863	C	4	2	405	4	1	490
2864	B	1	2	450	1	1	477
2865	C	2	2	6	2	1	121
2866	C	3	2	11	3	1	116
2867	B	4	2	269	4	1	274
2868	D	1	2	605	1	1	930
2869	C	2	2	782	2	1	881
2870	D	3	2	146	3	1	365
2871	B	4	2	569	4	1	550
2872	B	1	2	912	1	1	911
2873	B	2	2	590	2	1	593
2874	D	3	2	781	3	1	754
2875	A	4	2	36	4	1	35
2876	A	1	2	184	1	1	191
2877	D	2	2	862	2	1	673
2878	C	3	2	508	3	1	387
2879	D	4	2	855	4	1	680
2880	B	1	2	668	1	1	643
2881	C	2	2	706	2	1	701
2882	D	3	2	412	3	1	99
2883	A	4	2	467	4	1	468
2884	C	1	2	483	1	1	412
2885	D	2	2	1007	2	1	528
2886	B	3	2	497	3	1	494
2887	D	4	2	44	4	1	467
2888	C	1	2	331	1	1	308
2889	B	2	2	86	2	1	73
2890	C	3	2	299	3	1	340
2891	B	4	2	861	4	1	834
2892	B	1	2	908	1	1	915
2893	C	2	2	730	2	1	677
2894	A	3	2	827	3	1	828
2895	D	4	2	893	4	1	642
2896	D	1	2	356	1	1	155
2897	A	2	2	800	2	1	807
2898	C	3	2	845	3	1	818
2899	C	4	2	662	4	1	745
2900	A	1	2	528	1	1	535
2901	B	2	2	416	2	1	447
2902	A	3	2	733	3	1	730
2903	B	4	2	970	4	1	981
2904	B	1	2	401	1	1	398
2905	B	2	2	187	2	1	164
2906	B	3	2	1017	3	1	998
2907	C	4	2	772	4	1	891
2908	B	1	2	108	1	1	115
2909	A	2	2	781	2	1	778
2910	D	3	2	289	3	1	222
2911	A	4	2	682	4	1	685
2912	D	1	2	803	1	1	732
2913	B	2	2	792	2	1	775
2914	C	3	2	343	3	1	296
2915	D	4	2	724	4	1	811
2916	A	1	2	449	1	1	454
2917	C	2	2	361	2	1	278
2918	C	3	2	96	3	1	31
2919	D	4	2	808	4	1	727
2920	D	1	2	495	1	1	16
2921	D	2	2	813	2	1	722
2922	C	3	2	459	3	1	436
2923	D	4	2	124	4	1	387
2924	D	1	2	730	1	1	805
2925	C	2	2	195	2	1	188
2926	D	3	2	603	3	1	932
2927	A	4	2	199	4	1	192
2928	B	1	2	506	1	1	485
2929	C	2	2	924	2	1	995
2930	B	3	2	909	3	1	914
2931	B	4	2	799	4	1	768
2932	B	1	2	661	1	1	650
2933	C	2	2	42	2	1	85
2934	C	3	2	596	3	1	555
2935	D	4	2	372	4	1	139
2936	C	1	2	209	1	1	174
2937	B	2	2	197	2	1	218
2938	D	3	2	960	3	1	575
2939	B	4	2	545	4	1	574
2940	B	1	2	82	1	1	77
2941	B	2	2	32	2	1	63
2942	A	3	2	371	3	1	372
2943	C	4	2	416	4	1	479
2944	D	1	2	865	1	1	670
2945	C	2	2	851	2	1	812
2946	D	3	2	352	3	1	159
2947	C	4	2	290	4	1	349
2948	A	1	2	928	1	1	935
2949	B	2	2	764	2	1	739
2950	A	3	2	402	3	1	405
2951	D	4	2	615	4	1	920
2952	C	1	2	135	1	1	248
2953	A	2	2	453	2	1	450
2954	A	3	2	797	3	1	794
2955	D	4	2	285	4	1	226
2956	D	1	2	621	1	1	914
2957	C	2	2	684	2	1	723
2958	A	3	2	721	3	1	726
2959	B	4	2	350	4	1	321
2960	C	1	2	818	1	1	845
2961	C	2	2	858	2	1	805
2962	B	3	2	138	3	1	149
2963	D	4	2	395	4	1	116
2964	B	1	2	878	1	1	881
2965	C	2	2	641	2	1	766
2966	D	3	2	317	3	1	194
2967	C	4	2	84	4	1	43
2968	D	1	2	273	1	1	238
2969	A	2	2	996	2	1	995
2970	B	3	2	778	3	1	789
2971	A	4	2	880	4	1	887
2972	C	1	2	634	1	1	517
2973	C	2	2	1015	2	1	904
2974	D	3	2	353	3	1	158
2975	A	4	2	827	4	1	828
2976	B	1	2	568	1	1	551
2977	B	2	2	391	2	1	408
2978	B	3	2	764	3	1	739
2979	B	4	2	637	4	1	610
2980	A	1	2	936	1	1	943
2981	B	2	2	874	2	1	885
2982	B	3	2	872	3	1	887
2983	B	4	2	772	4	1	795
2984	B	1	2	964	1	1	987
2985	A	2	2	181	2	1	178
2986	A	3	2	336	3	1	343
2987	A	4	2	152	4	1	159
2988	D	1	2	830	1	1	705
2989	D	2	2	286	2	1	225
2990	C	3	2	730	3	1	677
2991	C	4	2	70	4	1	57
2992	D	1	2	860	1	1	675
2993	C	2	2	324	2	1	315
2994	B	3	2	514	3	1	541
2995	A	4	2	924	4	1	923
2996	C	1	2	645	1	1	762
2997	B	2	2	478	2	1	449
2998	B	3	2	414	3	1	385
2999	C	4	2	774	4	1	889
3000	B	1	2	604	1	1	579
3001	A	2	2	794	2	1	797
3002	C	3	2	245	3	1	138
3003	A	4	2	438	4	1	433
3004	A	1	2	12	1	1	11
3005	C	2	2	722	2	1	685
3006	A	3	2	357	3	1	354
3007	B	4	2	423	4	1	440
3008	C	1	2	875	1	1	788
3009	A	2	2	964	2	1	963
3010	A	3	2	979	3	1	980
3011	A	4	2	115	4	1	116
3012	C	1	2	235	1	1	148
3013	B	2	2	784	2	1	783
3014	B	3	2	0	3	1	31
3015	A	4	2	913	4	1	918
3016	B	1	2	514	1	1	541
3017	A	2	2	216	2	1	223
3018	C	3	2	117	3	1	10
3019	A	4	2	213	4	1	210
3020	A	1	2	284	1	1	283
3021	A	2	2	388	2	1	387
3022	D	3	2	479	3	1	32
3023	C	4	2	352	4	1	287
3024	B	1	2	594	1	1	589
3025	A	2	2	468	2	1	467
3026	B	3	2	538	3	1	517
3027	D	4	2	552	4	1	983
3028	A	1	2	263	1	1	256
3029	D	2	2	630	2	1	905
3030	D	3	2	682	3	1	853
3031	B	4	2	424	4	1	439
3032	C	1	2	1018	1	1	901
3033	B	2	2	115	2	1	108
3034	A	3	2	785	3	1	790
3035	D	4	2	432	4	1	79
3036	A	1	2	342	1	1	337
3037	D	2	2	627	2	1	908
3038	B	3	2	1019	3	1	996
3039	B	4	2	541	4	1	514
3040	C	1	2	381	1	1	258
3041	C	2	2	474	2	1	421
3042	A	3	2	555	3	1	556
3043	D	4	2	634	4	1	901
3044	B	1	2	661	1	1	650
3045	C	2	2	142	2	1	241
3046	D	3	2	399	3	1	112
3047	A	4	2	493	4	1	490
3048	A	1	2	7	1	1	0
3049	C	2	2	708	2	1	699
3050	C	3	2	73	3	1	54
3051	A	4	2	97	4	1	102
3052	D	1	2	397	1	1	114
3053	B	2	2	152	2	1	135
3054	A	3	2	868	3	1	867
3055	D	4	2	938	4	1	597
3056	C	1	2	31	1	1	96
3057	A	2	2	378	2	1	381
3058	D	3	2	1018	3	1	517
3059	C	4	2	650	4	1	757
3060	A	1	2	204	1	1	203
3061	B	2	2	187	2	1	164
3062	D	3	2	60	3	1	451
3063	C	4	2	160	4	1	223
3064	C	1	2	100	1	1	27
3065	A	2	2	892	2	1	891
3066	C	3	2	692	3	1	715
3067	C	4	2	805	4	1	858
3068	B	1	2	723	1	1	716
3069	A	2	2	227	2	1	228
3070	D	3	2	27	3	1	484
3071	C	4	2	874	4	1	789
3072	C	1	2	83	1	1	44
3073	C	2	2	378	2	1	261
3074	A	3	2	861	3	1	858
3075	A	4	2	343	4	1	336
3076	D	1	2	511	1	1	0
3077	B	2	2	784	2	1	783
3078	C	3	2	54	3	1	73
3079	A	4	2	950	4	1	945
3080	A	1	2	373	1	1	370
3081	B	2	2	269	2	1	274
3082	C	3	2	396	3	1	499
3083	D	4	2	951	4	1	584
3084	C	1	2	1009	1	1	910
3085	C	2	2	397	2	1	498
3086	B	3	2	887	3	1	872
3087	D	4	2	379	4	1	132
3088	B	1	2	768	1	1	799
3089	A	2	2	400	2	1	407
3090	A	3	2	792	3	1	799
3091	A	4	2	645	4	1	642
3092	A	1	2	949	1	1	946
3093	C	2	2	259	2	1	380
3094	C	3	2	680	3	1	727
3095	C	4	2	319	4	1	320
3096	A	1	2	736	1	1	743
3097	B	2	2	764	2	1	739
3098	B	3	2	321	3	1	350
3099	B	4	2	144	4	1	143
3100	C	1	2	840	1	1	823
3101	D	2	2	194	2	1	317
3102	D	3	2	296	3	1	215
3103	B	4	2	628	4	1	619
3104	C	1	2	13	1	1	114
3105	A	2	2	820	2	1	819
3106	C	3	2	826	3	1	837
3107	A	4	2	237	4	1	234
3108	B	1	2	712	1	1	727
3109	C	2	2	144	2	1	239
3110	D	3	2	710	3	1	825
3111	A	4	2	712	4	1	719
3112	D	1	2	553	1	1	982
3113	C	2	2	538	2	1	613
3114	C	3	2	17	3	1	110
3115	A	4	2	502	4	1	497
3116	B	1	2	825	1	1	806
3117	A	2	2	42	2	1	45
3118	D	3	2	179	3	1	332
3119	A	4	2	788	4	1	787
3120	D	1	2	583	1	1	952
3121	B	2	2	805	2	1	826
3122	A	3	2	939	3	1	940
3123	B	4	2	798	4	1	769
3124	B	1	2	509	1	1	482
3125	A	2	2	899	2	1	900
3126	D	3	2	168	3	1	343
3127	B	4	2	842	4	1	853
3128	C	1	2	468	1	1	427
3129	A	2	2	488	2	1	495
3130	B	3	2	179	3	1	172
3131	D	4	2	432	4	1	79
3132	C	1	2	837	1	1	826
3133	B	2	2	415	2	1	384
3134	D	3	2	45	3	1	466
3135	B	4	2	722	4	1	717
3136	D	1	2	295	1	1	216
3137	B	2	2	191	2	1	160
3138	A	3	2	197	3	1	194
3139	D	4	2	839	4	1	696
3140	C	1	2	602	1	1	549
3141	A	2	2	598	2	1	593
3142	C	3	2	277	3	1	362
3143	D	4	2	649	4	1	886
3144	D	1	2	825	1	1	710
3145	C	2	2	77	2	1	50
3146	B	3	2	824	3	1	807
3147	B	4	2	359	4	1	376
3148	B	1	2	963	1	1	988
3149	A	2	2	988	2	1	987
3150	B	3	2	77	3	1	82
3151	B	4	2	26	4	1	5
3152	C	1	2	653	1	1	754
3153	A	2	2	55	2	1	48
3154	C	3	2	1005	3	1	914
3155	B	4	2	130	4	1	157
3156	B	1	2	204	1	1	211
3157	B	2	2	84	2	1	75
3158	B	3	2	366	3	1	369
3159	B	4	2	834	4	1	861
3160	A	1	2	196	1	1	195
3161	B	2	2	493	2	1	498
3162	A	3	2	316	3	1	315
3163	C	4	2	46	4	1	81
3164	A	1	2	491	1	1	492
3165	C	2	2	76	2	1	51
3166	C	3	2	342	3	1	297
3167	A	4	2	130	4	1	133
3168	C	1	2	662	1	1	745
3169	A	2	2	925	2	1	922
3170	D	3	2	986	3	1	549
3171	B	4	2	70	4	1	89
3172	D	1	2	435	1	1	76
3173	D	2	2	260	2	1	251
3174	C	3	2	188	3	1	195
3175	A	4	2	553	4	1	558
3176	B	1	2	780	1	1	787
3177	C	2	2	43	2	1	84
3178	B	3	2	632	3	1	615
3179	C	4	2	199	4	1	184
3180	C	1	2	482	1	1	413
3181	A	2	2	423	2	1	416
3182	C	3	2	516	3	1	635
3183	A	4	2	785	4	1	790
3184	D	1	2	123	1	1	388
3185	B	2	2	392	2	1	407
3186	A	3	2	381	3	1	378
3187	D	4	2	615	4	1	920
3188	C	1	2	61	1	1	66
3189	A	2	2	252	2	1	251
3190	C	3	2	613	3	1	538
3191	A	4	2	127	4	1	120
3192	C	1	2	47	1	1	80
3193	D	2	2	298	2	1	213
3194	D	3	2	99	3	1	412
3195	B	4	2	192	4	1	223
3196	C	1	2	878	1	1	785
3197	D	2	2	287	2	1	224
3198	C	3	2	949	3	1	970
3199	C	4	2	784	4	1	879
3200	C	1	2	824	1	1	839
3201	B	2	2	286	2	1	257
3202	B	3	2	254	3	1	225
3203	D	4	2	480	4	1	31
3204	D	1	2	954	1	1	581
3205	A	2	2	974	2	1	969
3206	C	3	2	895	3	1	768
3207	B	4	2	236	4	1	243
3208	D	1	2	960	1	1	575
3209	C	2	2	442	2	1	453
3210	A	3	2	203	3	1	204
3211	B	4	2	516	4	1	539
3212	A	1	2	590	1	1	585
3213	C	2	2	351	2	1	288
3214	C	3	2	293	3	1	346
3215	B	4	2	410	4	1	389
3216	B	1	2	881	1	1	878
3217	B	2	2	954	2	1	933
3218	C	3	2	317	3	1	322
3219	A	4	2	494	4	1	489
3220	D	1	2	976	1	1	559
3221	A	2	2	360	2	1	367
3222	D	3	2	372	3	1	139
3223	C	4	2	78	4	1	49
3224	C	1	2	59	1	1	68
3225	C	2	2	358	2	1	281
3226	B	3	2	100	3	1	123
3227	D	4	2	205	4	1	306
3228	B	1	2	44	1	1	51
3229	D	2	2	699	2	1	836
3230	A	3	2	875	3	1	876
3231	D	4	2	861	4	1	674
3232	D	1	2	630	1	1	905
3233	A	2	2	192	2	1	199
3234	D	3	2	454	3	1	57
3235	C	4	2	826	4	1	837
3236	B	1	2	351	1	1	320
3237	A	2	2	922	2	1	925
3238	D	3	2	485	3	1	26
3239	C	4	2	216	4	1	167
3240	B	1	2	918	1	1	905
3241	C	2	2	674	2	1	733
3242	B	3	2	359	3	1	376
3243	A	4	2	122	4	1	125
3244	D	1	2	748	1	1	787
3245	A	2	2	546	2	1	549
3246	C	3	2	21	3	1	106
3247	D	4	2	989	4	1	546
3248	D	1	2	565	1	1	970
3249	C	2	2	293	2	1	346
3250	B	3	2	206	3	1	209
3251	B	4	2	348	4	1	323
3252	B	1	2	963	1	1	988
3253	C	2	2	729	2	1	678
3254	C	3	2	465	3	1	430
3255	D	4	2	708	4	1	827
3256	C	1	2	705	1	1	702
3257	C	2	2	1013	2	1	906
3258	C	3	2	236	3	1	147
3259	A	4	2	363	4	1	364
3260	A	1	2	328	1	1	335
3261	A	2	2	532	2	1	531
3262	D	3	2	888	3	1	647
3263	C	4	2	801	4	1	862
3264	D	1	2	420	1	1	91
3265	D	2	2	739	2	1	796
3266	C	3	2	22	3	1	105
3267	D	4	2	788	4	1	747
3268	B	1	2	558	1	1	561
3269	B	2	2	988	2	1	963
3270	B	3	2	183	3	1	168
3271	C	4	2	997	4	1	922
3272	A	1	2	589	1	1	586
3273	C	2	2	284	2	1	355
3274	B	3	2	876	3	1	883
3275	D	4	2	594	4	1	941
3276	C	1	2	320	1	1	319
3277	D	2	2	542	2	1	993
3278	A	3	2	594	3	1	597
3279	D	4	2	805	4	1	730
3280	D	1	2	983	1	1	552
3281	B	2	2	233	2	1	246
3282	B	3	2	848	3	1	847
3283	C	4	2	247	4	1	136
3284	B	1	2	302	1	1	305
3285	D	2	2	459	2	1	52
3286	A	3	2	875	3	1	876
3287	D	4	2	89	4	1	422
3288	A	1	2	210	1	1	213
3289	B	2	2	276	2	1	267
3290	D	3	2	978	3	1	557
3291	C	4	2	499	4	1	396
3292	D	1	2	436	1	1	75
3293	A	2	2	417	2	1	422
3294	D	3	2	653	3	1	882
3295	B	4	2	157	4	1	130
3296	D	1	2	836	1	1	699
3297	A	2	2	104	2	1	111
3298	A	3	2	58	3	1	61
3299	C	4	2	128	4	1	255
3300	B	1	2	388	1	1	411
3301	C	2	2	594	2	1	557
3302	B	3	2	249	3	1	230
3303	B	4	2	308	4	1	299
3304	B	1	2	65	1	1	94
3305	D	2	2	814	2	1	721
3306	C	3	2	631	3	1	520
3307	C	4	2	960	4	1	959
3308	B	1	2	628	1	1	619
3309	C	2	2	207	2	1	176
3310	C	3	2	512	3	1	639
3311	B	4	2	209	4	1	206
3312	A	1	2	761	1	1	766
3313	A	2	2	422	2	1	417
3314	B	3	2	2	3	1	29
3315	A	4	2	635	4	1	636
3316	D	1	2	38	1	1	473
3317	B	2	2	277	2	1	266
3318	B	3	2	613	3	1	634
3319	D	4	2	87	4	1	424
3320	C	1	2	189	1	1	194
3321	C	2	2	832	2	1	831
3322	B	3	2	643	3	1	668
3323	A	4	2	732	4	1	731
3324	D	1	2	503	1	1	8
3325	C	2	2	202	2	1	181
3326	C	3	2	959	3	1	960
3327	D	4	2	308	4	1	203
3328	A	1	2	408	1	1	415
3329	B	2	2	478	2	1	449
3330	B	3	2	794	3	1	773
3331	D	4	2	44	4	1	467
3332	A	1	2	164	1	1	163
3333	A	2	2	157	2	1	154
3334	B	3	2	841	3	1	854
3335	C	4	2	241	4	1	142
3336	B	1	2	36	1	1	59
3337	C	2	2	813	2	1	850
3338	C	3	2	390	3	1	505
3339	D	4	2	993	4	1	542
3340	D	1	2	15	1	1	496
3341	C	2	2	533	2	1	618
3342	C	3	2	95	3	1	32
3343	B	4	2	701	4	1	674
3344	D	1	2	144	1	1	367
3345	B	2	2	943	2	1	944
3346	C	3	2	361	3	1	278
3347	D	4	2	304	4	1	207
3348	B	1	2	465	1	1	462
3349	C	2	2	938	2	1	981
3350	C	3	2	216	3	1	167
3351	C	4	2	580	4	1	571
3352	B	1	2	597	1	1	586
3353	B	2	2	906	2	1	917
3354	B	3	2	318	3	1	289
3355	D	4	2	960	4	1	575
3356	C	1	2	827	1	1	836
3357	D	2	2	494	2	1	17
3358	B	3	2	586	3	1	597
3359	C	4	2	843	4	1	820
3360	B	1	2	28	1	1	3
3361	C	2	2	651	2	1	756
3362	C	3	2	110	3	1	17
3363	B	4	2	940	4	1	947
3364	B	1	2	507	1	1	484
3365	C	2	2	621	2	1	530
3366	B	3	2	323	3	1	348
3367	C	4	2	594	4	1	557
3368	B	1	2	335	1	1	336
3369	B	2	2	814	2	1	817
3370	D	3	2	36	3	1	475
3371	B	4	2	627	4	1	620
3372	B	1	2	438	1	1	425
3373	C	2	2	718	2	1	689
3374	B	3	2	428	3	1	435
3375	B	4	2	769	4	1	798
3376	A	1	2	843	1	1	844
3377	A	2	2	845	2	1	842
3378	D	3	2	683	3	1	852
3379	A	4	2	193	4	1	198
3380	D	1	2	961	1	1	574
3381	B	2	2	380	2	1	355
3382	D	3	2	134	3	1	377
3383	C	4	2	852	4	1	811
3384	C	1	2	75	1	1	52
3385	D	2	2	476	2	1	35
3386	D	3	2	337	3	1	174
3387	A	4	2	188	4	1	187
3388	B	1	2	755	1	1	748
3389	D	2	2	490	2	1	21
3390	B	3	2	486	3	1	505
3391	D	4	2	134	4	1	377
3392	A	1	2	363	1	1	364
3393	C	2	2	52	2	1	75
3394	A	3	2	798	3	1	793
3395	A	4	2	339	4	1	340
3396	B	1	2	316	1	1	291
3397	B	2	2	178	2	1	173
3398	B	3	2	747	3	1	756
3399	D	4	2	84	4	1	427
3400	D	1	2	36	1	1	475
3401	A	2	2	493	2	1	490
3402	C	3	2	139	3	1	244
3403	C	4	2	156	4	1	227
3404	A	1	2	632	1	1	639
3405	C	2	2	123	2	1	4
3406	A	3	2	872	3	1	879
3407	C	4	2	763	4	1	644
3408	C	1	2	360	1	1	279
3409	C	2	2	611	2	1	540
3410	B	3	2	906	3	1	917
3411	B	4	2	494	4	1	497
3412	D	1	2	793	1	1	742
3413	C	2	2	358	2	1	281
3414	C	3	2	128	3	1	255
3415	B	4	2	790	4	1	777
3416	B	1	2	942	1	1	945
3417	D	2	2	322	2	1	189
3418	C	3	2	133	3	1	250
3419	A	4	2	239	4	1	232
3420	B	1	2	253	1	1	226
3421	C	2	2	769	2	1	894
3422	A	3	2	285	3	1	282
3423	B	4	2	776	4	1	791
3424	D	1	2	57	1	1	454
3425	D	2	2	323	2	1	188
3426	A	3	2	386	3	1	389
3427	C	4	2	197	4	1	186
3428	C	1	2	167	1	1	216
3429	B	2	2	778	2	1	789
3430	B	3	2	599	3	1	584
3431	D	4	2	267	4	1	244
3432	D	1	2	555	1	1	980
3433	A	2	2	864	2	1	871
3434	D	3	2	926	3	1	609
3435	C	4	2	218	4	1	165
3436	B	1	2	801	1	1	830
3437	A	2	2	662	2	1	657
3438	D	3	2	466	3	1	45
3439	D	4	2	992	4	1	543
3440	A	1	2	353	1	1	358
3441	A	2	2	266	2	1	269
3442	B	3	2	104	3	1	119
3443	C	4	2	473	4	1	422
3444	B	1	2	845	1	1	850
3445	A	2	2	230	2	1	225
3446	A	3	2	701	3	1	698
3447	D	4	2	355	4	1	156
3448	C	1	2	333	1	1	306
3449	B	2	2	743	2	1	760
3450	C	3	2	603	3	1	548
3451	A	4	2	978	4	1	981
3452	D	1	2	444	1	1	67
3453	D	2	2	856	2	1	679
3454	B	3	2	647	3	1	664
3455	B	4	2	743	4	1	760
3456	A	1	2	646	1	1	641
3457	C	2	2	258	2	1	381
3458	C	3	2	464	3	1	431
3459	C	4	2	876	4	1	787
3460	C	1	2	893	1	1	770
3461	C	2	2	142	2	1	241
3462	D	3	2	319	3	1	192
3463	D	4	2	19	4	1	492
3464	C	1	2	167	1	1	216
3465	C	2	2	976	2	1	943
3466	D	3	2	685	3	1	850
3467	C	4	2	396	4	1	499
3468	B	1	2	521	1	1	534
3469	C	2	2	995	2	1	924
3470	A	3	2	738	3	1	741
3471	D	4	2	861	4	1	674
3472	A	1	2	939	1	1	940
3473	D	2	2	626	2	1	909
3474	D	3	2	585	3	1	950
3475	D	4	2	373	4	1	138
3476	D	1	2	378	1	1	133
3477	B	2	2	620	2	1	627
3478	C	3	2	25	3	1	102
3479	D	4	2	676	4	1	859
3480	B	1	2	483	1	1	508
3481	A	2	2	584	2	1	591
3482	B	3	2	219	3	1	196
3483	B	4	2	218	4	1	197
3484	C	1	2	61	1	1	66
3485	D	2	2	98	2	1	413
3486	A	3	2	67	3	1	68
3487	B	4	2	224	4	1	255
3488	A	1	2	255	1	1	248
3489	D	2	2	575	2	1	960
3490	A	3	2	209	3	1	214
3491	A	4	2	460	4	1	459
3492	A	1	2	619	1	1	620
3493	B	2	2	195	2	1	220
3494	C	3	2	862	3	1	801
3495	A	4	2	303	4	1	296
3496	A	1	2	287	1	1	280
3497	B	2	2	575	2	1	544
3498	B	3	2	522	3	1	533
3499	C	4	2	715	4	1	692
3500	A	1	2	998	1	1	993
3501	A	2	2	506	2	1	509
3502	C	3	2	875	3	1	788
3503	D	4	2	153	4	1	358
3504	C	1	2	842	1	1	821
3505	A	2	2	18	2	1	21
3506	C	3	2	622	3	1	529
3507	A	4	2	588	4	1	587
3508	A	1	2	614	1	1	609
3509	A	2	2	960	2	1	967
3510	B	3	2	816	3	1	815
3511	A	4	2	520	4	1	527
3512	B	1	2	843	1	1	852
3513	A	2	2	149	2	1	146
3514	C	3	2	849	3	1	814
3515	C	4	2	837	4	1	826
3516	D	1	2	682	1	1	853
3517	A	2	2	484	2	1	483
3518	C	3	2	172	3	1	211
3519	A	4	2	872	4	1	879
3520	C	1	2	610	1	1	541
3521	C	2	2	839	2	1	824
3522	B	3	2	935	3	1	952
3523	C	4	2	22	4	1	105
3524	C	1	2	653	1	1	754
3525	C	2	2	262	2	1	377
3526	A	3	2	405	3	1	402
3527	C	4	2	740	4	1	667
3528	A	1	2	743	1	1	736
3529	A	2	2	29	2	1	26
3530	B	3	2	278	3	1	265
3531	A	4	2	429	4	1	426
3532	C	1	2	545	1	1	606
3533	A	2	2	14	2	1	9
3534	A	3	2	162	3	1	165
3535	A	4	2	407	4	1	400
3536	A	1	2	625	1	1	630
3537	D	2	2	408	2	1	103
3538	C	3	2	572	3	1	579
3539	B	4	2	961	4	1	990
3540	B	1	2	554	1	1	565
3541	D	2	2	733	2	1	802
3542	C	3	2	71	3	1	56
3543	D	4	2	294	4	1	217
3544	A	1	2	923	1	1	924
3545	C	2	2	997	2	1	922
3546	D	3	2	448	3	1	63
3547	C	4	2	587	4	1	564
3548	B	1	2	735	1	1	704
3549	A	2	2	345	2	1	350
3550	A	3	2	494	3	1	489
3551	D	4	2	151	4	1	360
3552	B	1	2	167	1	1	184
3553	A	2	2	808	2	1	815
3554	C	3	2	628	3	1	523
3555	A	4	2	467	4	1	468
3556	D	1	2	302	1	1	209
3557	C	2	2	773	2	1	890
3558	D	3	2	137	3	1	374
3559	A	4	2	108	4	1	107
3560	B	1	2	84	1	1	75
3561	A	2	2	984	2	1	991
3562	B	3	2	271	3	1	272
3563	C	4	2	111	4	1	16
3564	C	1	2	640	1	1	767
3565	C	2	2	79	2	1	48
3566	B	3	2	268	3	1	275
3567	A	4	2	322	4	1	325
3568	A	1	2	826	1	1	829
3569	C	2	2	1020	2	1	899
3570	D	3	2	124	3	1	387
3571	A	4	2	859	4	1	860
3572	A	1	2	523	1	1	524
3573	C	2	2	129	2	1	254
3574	D	3	2	566	3	1	969
3575	C	4	2	1023	4	1	896
3576	C	1	2	223	1	1	160
3577	B	2	2	88	2	1	71
3578	D	3	2	662	3	1	873
3579	C	4	2	269	4	1	370
3580	B	1	2	734	1	1	705
3581	A	2	2	51	2	1	52
3582	D	3	2	601	3	1	934
3583	C	4	2	970	4	1	949
3584	C	1	2	553	1	1	598
3585	D	2	2	310	2	1	201
3586	C	3	2	264	3	1	375
3587	A	4	2	677	4	1	674
3588	D	1	2	925	1	1	610
3589	B	2	2	693	2	1	682
3590	C	3	2	41	3	1	86
3591	A	4	2	753	4	1	758
3592	B	1	2	388	1	1	411
3593	C	2	2	235	2	1	148
3594	A	3	2	841	3	1	846
3595	A	4	2	741	4	1	738
3596	D	1	2	844	1	1	691
3597	A	2	2	954	2	1	957
3598	A	3	2	441	3	1	446
3599	C	4	2	180	4	1	203
3600	C	1	2	289	1	1	350
3601	D	2	2	692	2	1	843
3602	A	3	2	496	3	1	503
3603	C	4	2	750	4	1	657
3604	A	1	2	430	1	1	425
3605	A	2	2	657	2	1	662
3606	D	3	2	341	3	1	170
3607	B	4	2	493	4	1	498
3608	A	1	2	790	1	1	785
3609	D	2	2	701	2	1	834
3610	B	3	2	819	3	1	812
3611	C	4	2	630	4	1	521
3612	C	1	2	665	1	1	742
3613	C	2	2	546	2	1	605
3614	A	3	2	427	3	1	428
3615	D	4	2	656	4	1	879
3616	C	1	2	236	1	1	147
3617	A	2	2	92	2	1	91
3618	C	3	2	209	3	1	174
3619	B	4	2	105	4	1	118
3620	D	1	2	440	1	1	71
3621	D	2	2	796	2	1	739
3622	C	3	2	620	3	1	531
3623	B	4	2	886	4	1	873
3624	A	1	2	800	1	1	807
3625	B	2	2	960	2	1	991
3626	B	3	2	364	3	1	371
3627	B	4	2	127	4	1	96
3628	D	1	2	688	1	1	847
3629	B	2	2	746	2	1	757
3630	D	3	2	249	3	1	262
3631	B	4	2	613	4	1	634
3632	B	1	2	926	1	1	897
3633	A	2	2	454	2	1	449
3634	D	3	2	436	3	1	75
3635	C	4	2	1005	4	1	914
3636	C	1	2	650	1	1	757
3637	A	2	2	88	2	1	95
3638	C	3	2	664	3	1	743
3639	A	4	2	1007	4	1	1000
3640	D	1	2	351	1	1	160
3641	C	2	2	518	2	1	633
3642	C	3	2	351	3	1	288
3643	A	4	2	445	4	1	442
3644	D	1	2	245	1	1	266
3645	D	2	2	912	2	1	623
3646	A	3	2	788	3	1	787
3647	B	4	2	799	4	1	768
3648	B	1	2	502	1	1	489
3649	C	2	2	172	2	1	211
3650	C	3	2	33	3	1	94
3651	B	4	2	666	4	1	645
3652	D	1	2	74	1	1	437
3653	D	2	2	693	2	1	842
3654	D	3	2	586	3	1	949
3655	B	4	2	83	4	1	76
3656	C	1	2	878	1	1	785
3657	B	2	2	260	2	1	283
3658	C	3	2	822	3	1	841
3659	C	4	2	1	4	1	126
3660	C	1	2	945	1	1	974
Total producer execution time using time(2) = 1176.000000
Total consumer execution time using time(2) = 1181.000000
job ended at Mon Apr 6 16:18:16 EDT 2020
