job started at Mon Apr 6 17:58:57 EDT 2020
0	A	1	14	292	1	13	291
1	A	2	24	580	2	3	579
2	C	3	6	336	3	23	303
3	A	4	6	348	4	3	347
4	C	1	12	182	1	7	201
5	D	2	24	713	2	3	822
6	C	3	6	553	3	23	598
7	B	4	6	27	4	3	4
8	D	1	12	50	1	7	461
9	B	2	24	306	2	3	301
10	D	3	6	86	3	23	425
11	C	4	6	686	4	3	721
12	D	1	12	428	1	7	83
13	C	2	24	817	2	3	846
14	D	3	6	19	3	23	492
15	B	4	6	331	4	3	340
16	C	1	12	347	1	7	292
17	D	2	24	850	2	3	685
18	C	3	6	255	3	23	128
19	A	4	6	669	4	3	666
20	B	1	12	787	1	7	780
21	D	2	4	253	2	7	258
22	C	3	22	122	3	3	5
23	B	4	14	591	4	5	592
24	A	1	10	922	1	5	925
25	C	2	4	93	2	7	34
26	A	3	22	280	3	3	287
27	D	4	14	218	4	5	293
28	B	1	10	957	1	5	930
29	B	2	4	657	2	7	654
30	D	3	22	653	3	3	882
31	C	4	14	433	4	5	462
32	B	1	10	661	1	5	650
33	A	2	4	5	2	7	2
34	C	3	22	47	3	3	80
35	D	4	14	797	4	5	738
36	B	1	10	222	1	5	193
37	D	2	4	898	2	7	637
38	A	3	22	499	3	3	500
39	C	4	14	322	4	5	317
40	D	1	10	955	1	5	580
41	B	2	22	509	2	23	482
42	C	3	12	699	3	7	708
43	D	4	10	74	4	17	437
44	C	1	16	39	1	21	88
45	A	2	22	250	2	23	253
46	A	3	12	987	3	7	988
47	D	4	10	595	4	17	940
48	A	1	16	123	1	21	124
49	B	2	22	733	2	23	706
50	B	3	12	990	3	7	961
51	A	4	10	511	4	17	504
52	A	1	16	325	1	21	322
53	D	2	22	305	2	23	206
54	C	3	12	36	3	7	91
55	C	4	10	352	4	17	287
56	C	1	16	398	1	21	497
57	A	2	22	945	2	23	950
58	A	3	12	547	3	7	548
59	A	4	10	631	4	17	624
60	B	1	16	648	1	21	663
61	A	2	12	318	2	21	313
62	B	3	2	304	3	21	303
63	D	4	4	293	4	7	218
64	B	1	8	816	1	23	815
65	D	2	12	853	2	21	682
66	C	3	2	160	3	21	223
67	D	4	4	124	4	7	387
68	C	1	8	937	1	23	982
69	D	2	12	314	2	21	197
70	A	3	2	676	3	21	675
71	B	4	4	423	4	7	440
72	A	1	8	706	1	23	709
73	C	2	12	397	2	21	498
74	B	3	2	961	3	21	990
75	A	4	4	236	4	7	235
76	A	1	8	940	1	23	939
77	D	2	12	387	2	21	124
78	A	3	2	662	3	21	657
79	A	4	4	965	4	7	962
80	D	1	8	799	1	23	736
81	B	2	16	579	2	15	604
82	A	3	18	134	3	9	129
83	C	4	18	884	4	9	779
84	B	1	18	812	1	11	819
85	A	2	16	586	2	15	589
86	A	3	18	688	3	9	695
87	C	4	18	22	4	9	105
88	C	1	18	685	1	11	722
89	D	2	16	900	2	15	635
90	D	3	18	353	3	9	158
91	B	4	18	151	4	9	136
92	C	1	18	63	1	11	64
93	D	2	16	919	2	15	616
94	D	3	18	446	3	9	65
95	C	4	18	684	4	9	723
96	C	1	18	895	1	11	768
97	A	2	16	552	2	15	559
98	B	3	18	609	3	9	638
99	C	4	18	488	4	9	407
100	C	1	18	1021	1	11	898
101	C	2	2	211	2	17	172
102	C	3	14	959	3	1	960
103	B	4	24	740	4	23	763
104	B	1	4	637	1	19	610
105	C	2	2	950	2	17	969
106	D	3	14	897	3	1	638
107	D	4	24	498	4	23	13
108	B	1	4	984	1	19	967
109	A	2	2	951	2	17	944
110	A	3	14	319	3	1	312
111	A	4	24	75	4	23	76
112	B	1	4	20	1	19	11
113	A	2	2	54	2	17	49
114	D	3	14	958	3	1	577
115	D	4	24	627	4	23	908
116	B	1	4	131	1	19	156
117	D	2	2	472	2	17	39
118	B	3	14	810	3	1	821
119	A	4	24	633	4	23	638
120	A	1	4	590	1	19	585
121	C	2	10	5	2	13	122
122	C	3	10	88	3	5	39
123	A	4	16	471	4	11	464
124	A	1	20	240	1	3	247
125	D	2	10	555	2	13	980
126	A	3	10	484	3	5	483
127	C	4	16	227	4	11	156
128	C	1	20	854	1	3	809
129	A	2	10	707	2	13	708
130	A	3	10	200	3	5	207
131	D	4	16	39	4	11	472
132	A	1	20	243	1	3	244
133	A	2	10	380	2	13	379
134	A	3	10	140	3	5	139
135	C	4	16	350	4	11	289
136	D	1	20	464	1	3	47
137	D	2	10	328	2	13	183
138	D	3	10	194	3	5	317
139	B	4	16	704	4	11	735
140	A	1	20	122	1	3	125
141	A	2	20	313	2	11	318
142	D	3	20	326	3	11	185
143	A	4	22	367	4	13	360
144	B	1	22	109	1	17	114
145	A	2	20	386	2	11	389
146	B	3	20	536	3	11	519
147	C	4	22	23	4	13	104
148	C	1	22	308	1	17	331
149	B	2	20	807	2	11	824
150	A	3	20	603	3	11	604
151	B	4	22	640	4	13	671
152	B	1	22	96	1	17	127
153	D	2	20	68	2	11	443
154	C	3	20	575	3	11	576
155	D	4	22	463	4	13	48
156	B	1	22	378	1	17	357
157	D	2	20	754	2	11	781
158	D	3	20	1023	3	11	512
159	A	4	22	788	4	13	787
160	D	1	22	677	1	17	858
161	D	2	18	507	2	9	4
162	C	3	4	647	3	17	760
163	A	4	8	1007	4	1	1000
164	C	1	2	774	1	1	889
165	C	2	18	169	2	9	214
166	A	3	4	206	3	17	201
167	D	4	8	222	4	1	289
168	A	1	2	595	1	1	596
169	D	2	18	109	2	9	402
170	D	3	4	739	3	17	796
171	B	4	8	687	4	1	688
172	D	1	2	593	1	1	942
173	A	2	18	847	2	9	840
174	A	3	4	699	3	17	700
175	B	4	8	481	4	1	510
176	D	1	2	573	1	1	962
177	C	2	18	679	2	9	728
178	D	3	4	247	3	17	264
179	A	4	8	686	4	1	681
180	D	1	2	345	1	1	166
181	D	2	6	381	2	1	130
182	A	3	8	218	3	15	221
183	C	4	2	392	4	19	503
184	D	1	6	964	1	13	571
185	D	2	6	1015	2	1	520
186	D	3	8	99	3	15	412
187	A	4	2	508	4	19	507
188	D	1	6	89	1	13	422
189	A	2	6	723	2	1	724
190	D	3	8	127	3	15	384
191	B	4	2	353	4	19	382
192	C	1	6	599	1	13	552
193	B	2	6	266	2	1	277
194	D	3	8	72	3	15	439
195	D	4	2	977	4	19	558
196	B	1	6	755	1	13	748
197	B	2	6	156	2	1	131
198	B	3	8	173	3	15	178
199	B	4	2	973	4	19	978
200	B	1	6	562	1	13	557
201	B	2	8	276	2	3	267
202	C	3	16	238	3	13	145
203	D	4	20	707	4	21	828
204	A	1	24	89	1	9	94
205	B	2	8	642	2	3	669
206	C	3	16	363	3	13	276
207	D	4	20	831	4	21	704
208	C	1	24	182	1	9	201
209	C	2	8	52	2	3	75
210	C	3	16	461	3	13	434
211	C	4	20	665	4	21	742
212	D	1	24	760	1	9	775
213	D	2	8	619	2	3	916
214	C	3	16	241	3	13	142
215	C	4	20	433	4	21	462
216	D	1	24	569	1	9	966
217	D	2	8	1003	2	3	532
218	A	3	16	554	3	13	557
219	A	4	20	122	4	21	125
220	B	1	24	273	1	9	270
221	D	2	4	160	2	21	351
222	C	3	24	865	3	19	798
223	D	4	12	410	4	15	101
224	B	1	14	814	1	15	817
225	D	2	4	379	2	21	132
226	A	3	24	145	3	19	150
227	B	4	12	602	4	15	581
228	C	1	14	91	1	15	36
229	A	2	4	238	2	21	233
230	D	3	24	932	3	19	603
231	D	4	12	335	4	15	176
232	A	1	14	7	1	15	0
233	A	2	4	189	2	21	186
234	D	3	24	911	3	19	624
235	A	4	12	629	4	15	626
236	A	1	14	253	1	15	250
237	A	2	4	613	2	21	610
238	B	3	24	413	3	19	386
239	A	4	12	482	4	15	485
240	A	1	14	440	1	15	447
241	C	2	22	919	2	23	1000
242	A	3	6	679	3	9	672
243	B	4	14	909	4	3	914
244	A	1	12	476	1	5	475
245	A	2	22	632	2	23	639
246	C	3	6	731	3	9	676
247	A	4	14	728	4	3	735
248	B	1	12	215	1	5	200
249	B	2	22	648	2	23	663
250	A	3	6	2	3	9	5
251	D	4	14	620	4	3	915
252	A	1	12	915	1	5	916
253	D	2	22	35	2	23	476
254	C	3	6	145	3	9	238
255	A	4	14	491	4	3	492
256	A	1	12	972	1	5	971
257	B	2	22	276	2	23	267
258	B	3	6	906	3	9	917
259	B	4	14	906	4	3	917
260	D	1	12	146	1	5	365
261	D	2	24	184	2	19	327
262	D	3	22	831	3	3	704
263	B	4	6	695	4	5	680
264	C	1	16	938	1	23	981
265	C	2	24	120	2	19	7
266	B	3	22	850	3	3	845
267	A	4	6	153	4	5	158
268	D	1	16	292	1	23	219
269	C	2	24	792	2	19	871
270	B	3	22	303	3	3	304
271	D	4	6	633	4	5	902
272	A	1	16	937	1	23	942
273	A	2	24	452	2	19	451
274	C	3	22	623	3	3	528
275	D	4	6	114	4	5	397
276	A	1	16	614	1	23	609
277	D	2	24	544	2	19	991
278	B	3	22	689	3	3	686
279	B	4	6	397	4	5	402
280	B	1	16	730	1	23	709
281	D	2	14	189	2	5	322
282	A	3	2	676	3	21	675
283	B	4	10	249	4	17	230
284	A	1	10	436	1	7	435
285	B	2	14	441	2	5	422
286	D	3	2	647	3	21	888
287	A	4	10	919	4	17	912
288	D	1	10	290	1	7	221
289	C	2	14	161	2	5	222
290	C	3	2	197	3	21	186
291	D	4	10	364	4	17	147
292	A	1	10	62	1	7	57
293	D	2	14	716	2	5	819
294	A	3	2	483	3	21	484
295	A	4	10	605	4	17	602
296	C	1	10	244	1	7	139
297	D	2	14	727	2	5	808
298	A	3	2	815	3	21	808
299	A	4	10	257	4	17	262
300	C	1	10	783	1	7	880
301	C	2	12	959	2	7	960
302	C	3	12	606	3	23	545
303	D	4	24	993	4	13	542
304	A	1	20	22	1	17	17
305	A	2	12	169	2	7	174
306	D	3	12	995	3	23	540
307	B	4	24	898	4	13	925
308	B	1	20	985	1	17	966
309	C	2	12	135	2	7	248
310	D	3	12	1001	3	23	534
311	A	4	24	518	4	13	513
312	B	1	20	307	1	17	300
313	C	2	12	10	2	7	117
314	A	3	12	746	3	23	749
315	A	4	24	859	4	13	860
316	D	1	20	974	1	17	561
317	C	2	12	307	2	7	332
318	B	3	12	159	3	23	128
319	B	4	24	527	4	13	528
320	B	1	20	204	1	17	211
321	A	2	16	11	2	15	12
322	C	3	18	932	3	7	987
323	A	4	4	955	4	11	956
324	A	1	8	927	1	21	920
325	C	2	16	880	2	15	783
326	C	3	18	59	3	7	68
327	C	4	4	811	4	11	852
328	C	1	8	147	1	21	236
329	D	2	16	729	2	15	806
330	D	3	18	149	3	7	362
331	B	4	4	862	4	11	833
332	A	1	8	682	1	21	685
333	D	2	16	293	2	15	218
334	B	3	18	935	3	7	952
335	D	4	4	64	4	11	447
336	D	1	8	242	1	21	269
337	A	2	16	975	2	15	968
338	C	3	18	315	3	7	324
339	B	4	4	887	4	11	872
340	D	1	8	365	1	21	146
341	C	2	2	729	2	13	678
342	C	3	10	15	3	11	112
343	B	4	18	658	4	7	653
344	A	1	18	366	1	3	361
345	D	2	2	13	2	13	498
346	A	3	10	770	3	11	773
347	A	4	18	298	4	7	301
348	C	1	18	2	1	3	125
349	C	2	2	667	2	13	740
350	B	3	10	973	3	11	978
351	D	4	18	393	4	7	118
352	C	1	18	180	1	3	203
353	B	2	2	145	2	13	142
354	A	3	10	299	3	11	300
355	C	4	18	678	4	7	729
356	D	1	18	204	1	3	307
357	A	2	2	807	2	13	800
358	C	3	10	722	3	11	685
359	C	4	18	745	4	7	662
360	C	1	18	296	1	3	343
361	D	2	10	697	2	9	838
362	D	3	14	110	3	1	401
363	D	4	16	898	4	9	637
364	B	1	4	526	1	11	529
365	C	2	10	705	2	9	702
366	D	3	14	951	3	1	584
367	C	4	16	1015	4	9	904
368	D	1	4	848	1	11	687
369	A	2	10	907	2	9	908
370	A	3	14	584	3	1	591
371	A	4	16	563	4	9	564
372	D	1	4	809	1	11	726
373	A	2	10	531	2	9	532
374	A	3	14	176	3	1	183
375	A	4	16	629	4	9	626
376	D	1	4	332	1	11	179
377	B	2	10	703	2	9	672
378	C	3	14	171	3	1	212
379	C	4	16	92	4	9	35
380	D	1	4	403	1	11	108
381	B	2	18	331	2	11	340
382	A	3	20	13	3	15	10
383	B	4	22	73	4	23	86
384	D	1	6	15	1	15	496
385	A	2	18	635	2	11	636
386	C	3	20	139	3	15	244
387	D	4	22	707	4	23	828
388	B	1	6	940	1	15	947
389	D	2	18	294	2	11	217
390	A	3	20	687	3	15	680
391	B	4	22	185	4	23	166
392	A	1	6	987	1	15	988
393	A	2	18	324	2	11	323
394	A	3	20	647	3	15	640
395	B	4	22	555	4	23	564
396	B	1	6	966	1	15	985
397	D	2	18	428	2	11	83
398	D	3	20	989	3	15	546
399	D	4	22	666	4	23	869
400	B	1	6	782	1	15	785
401	A	2	20	448	2	17	455
402	B	3	16	854	3	13	841
403	B	4	8	750	4	19	753
404	D	1	22	307	1	19	204
405	C	2	20	46	2	17	81
406	B	3	16	625	3	13	622
407	C	4	8	544	4	19	607
408	C	1	22	341	1	19	298
409	C	2	20	299	2	17	340
410	A	3	16	104	3	13	111
411	D	4	8	129	4	19	382
412	D	1	22	615	1	19	920
413	D	2	20	465	2	17	46
414	C	3	16	767	3	13	640
415	B	4	8	450	4	19	477
416	B	1	22	583	1	19	600
417	B	2	20	555	2	17	564
418	C	3	16	600	3	13	551
419	C	4	8	488	4	19	407
420	A	1	22	840	1	19	847
421	D	2	6	948	2	3	587
422	D	3	24	354	3	19	157
423	B	4	20	753	4	1	750
424	B	1	12	934	1	5	953
425	B	2	6	478	2	3	449
426	A	3	24	886	3	19	881
427	A	4	20	290	4	1	293
428	A	1	12	793	1	5	798
429	A	2	6	686	2	3	681
430	D	3	24	334	3	19	177
431	D	4	20	840	4	1	695
432	A	1	12	660	1	5	659
433	A	2	6	91	2	3	92
434	B	3	24	382	3	19	353
435	A	4	20	772	4	1	771
436	C	1	12	419	1	5	476
437	B	2	6	95	2	3	64
438	A	3	24	639	3	19	632
439	B	4	20	87	4	1	72
440	C	1	12	650	1	5	757
441	D	2	22	220	2	21	291
442	B	3	22	333	3	21	338
443	D	4	2	161	4	21	350
444	C	1	14	854	1	13	809
445	C	2	22	609	2	21	542
446	D	3	22	661	3	21	874
447	C	4	2	882	4	21	781
448	D	1	14	761	1	13	774
449	B	2	22	276	2	21	267
450	B	3	22	168	3	21	183
451	A	4	2	383	4	21	376
452	D	1	14	805	1	13	730
453	B	2	22	349	2	21	322
454	B	3	22	134	3	21	153
455	D	4	2	807	4	21	728
456	B	1	14	804	1	13	827
457	B	2	22	409	2	21	390
458	A	3	22	957	3	21	954
459	A	4	2	918	4	21	913
460	A	1	14	897	1	13	902
461	B	2	24	658	2	23	653
462	C	3	8	504	3	5	391
463	B	4	10	718	4	13	721
464	D	1	24	547	1	9	988
465	C	2	24	466	2	23	429
466	D	3	8	585	3	5	950
467	B	4	10	151	4	13	136
468	B	1	24	72	1	9	87
469	B	2	24	274	2	23	269
470	B	3	8	300	3	5	307
471	A	4	10	26	4	13	29
472	D	1	24	787	1	9	748
473	D	2	24	29	2	23	482
474	C	3	8	26	3	5	101
475	A	4	10	354	4	13	357
476	D	1	24	258	1	9	253
477	A	2	24	664	2	23	671
478	D	3	8	243	3	5	268
479	B	4	10	815	4	13	816
480	C	1	24	767	1	9	640
481	A	2	4	703	2	5	696
482	C	3	4	674	3	17	733
483	B	4	12	889	4	15	870
484	D	1	2	261	1	1	250
485	C	2	4	823	2	5	840
486	B	3	4	121	3	17	102
487	C	4	12	361	4	15	278
488	D	1	2	982	1	1	553
489	A	2	4	84	2	5	83
490	D	3	4	658	3	17	877
491	A	4	12	422	4	15	417
492	D	1	2	796	1	1	739
493	D	2	4	689	2	5	846
494	D	3	4	595	3	17	940
495	D	4	12	763	4	15	772
496	D	1	2	689	1	1	846
497	C	2	4	63	2	5	64
498	D	3	4	426	3	17	85
499	A	4	12	963	4	15	964
500	D	1	2	978	1	1	557
501	A	2	14	229	2	7	226
502	A	3	6	765	3	9	762
503	D	4	14	872	4	3	663
504	A	1	10	658	1	21	661
505	D	2	14	704	2	7	831
506	B	3	6	697	3	9	678
507	B	4	14	915	4	3	908
508	A	1	10	954	1	21	957
509	B	2	14	259	2	7	284
510	B	3	6	916	3	9	907
511	A	4	14	862	4	3	857
512	B	1	10	434	1	21	429
513	D	2	14	990	2	7	545
514	C	3	6	289	3	9	350
515	A	4	14	646	4	3	641
516	C	1	10	496	1	21	399
517	B	2	14	54	2	7	41
518	D	3	6	843	3	9	692
519	D	4	14	465	4	3	46
520	A	1	10	680	1	21	687
521	C	2	8	795	2	1	868
522	B	3	2	660	3	3	651
523	C	4	6	855	4	17	808
524	A	1	16	141	1	23	138
525	D	2	8	161	2	1	350
526	A	3	2	375	3	3	368
527	A	4	6	713	4	17	718
528	B	1	16	934	1	23	953
529	C	2	8	169	2	1	214
530	C	3	2	684	3	3	723
531	D	4	6	576	4	17	959
532	D	1	16	732	1	23	803
533	C	2	8	761	2	1	646
534	C	3	2	240	3	3	143
535	B	4	6	285	4	17	258
536	C	1	16	772	1	23	891
537	D	2	8	594	2	1	941
538	C	3	2	68	3	3	59
539	A	4	6	485	4	17	482
540	B	1	16	349	1	23	322
541	B	2	16	382	2	17	353
542	C	3	12	830	3	7	833
543	A	4	22	482	4	21	485
544	A	1	4	683	1	1	684
545	A	2	16	199	2	17	192
546	B	3	12	188	3	7	163
547	B	4	22	954	4	21	933
548	A	1	4	412	1	1	411
549	B	2	16	94	2	17	65
550	B	3	12	635	3	7	612
551	A	4	22	887	4	21	880
552	A	1	4	879	1	1	872
553	A	2	16	803	2	17	804
554	D	3	12	212	3	7	299
555	A	4	22	467	4	21	468
556	B	1	4	169	1	1	182
557	A	2	16	723	2	17	724
558	B	3	12	15	3	7	16
559	B	4	22	679	4	21	696
560	B	1	4	830	1	1	801
561	C	2	12	599	2	15	552
562	B	3	14	885	3	17	874
563	A	4	4	104	4	9	111
564	B	1	18	50	1	17	45
565	A	2	12	58	2	15	61
566	A	3	14	40	3	17	47
567	C	4	4	926	4	9	993
568	A	1	18	146	1	17	149
569	A	2	12	177	2	15	182
570	C	3	14	888	3	17	775
571	A	4	4	445	4	9	442
572	A	1	18	456	1	17	463
573	D	2	12	250	2	15	261
574	A	3	14	775	3	17	768
575	B	4	4	595	4	9	588
576	D	1	18	338	1	17	173
577	A	2	12	941	2	15	938
578	B	3	14	346	3	17	325
579	B	4	4	311	4	9	296
580	C	1	18	635	1	17	516
581	B	2	18	552	2	3	567
582	A	3	18	902	3	23	897
583	C	4	24	576	4	5	575
584	B	1	8	639	1	3	608
585	A	2	18	115	2	3	116
586	D	3	18	26	3	23	485
587	C	4	24	402	4	5	493
588	C	1	8	697	1	3	710
589	B	2	18	476	2	3	451
590	C	3	18	802	3	23	861
591	C	4	24	105	4	5	22
592	A	1	8	381	1	3	378
593	B	2	18	368	2	3	367
594	A	3	18	391	3	23	384
595	B	4	24	127	4	5	96
596	D	1	8	672	1	3	863
597	A	2	18	460	2	3	459
598	D	3	18	992	3	23	543
599	C	4	24	861	4	5	802
600	C	1	8	782	1	3	881
601	C	2	10	841	2	9	822
602	C	3	10	430	3	11	465
603	D	4	18	438	4	11	73
604	C	1	20	919	1	7	1000
605	D	2	10	446	2	9	65
606	B	3	10	288	3	11	319
607	C	4	18	409	4	11	486
608	D	1	20	947	1	7	588
609	B	2	10	621	2	9	626
610	D	3	10	876	3	11	659
611	C	4	18	653	4	11	754
612	D	1	20	348	1	7	163
613	B	2	10	880	2	9	879
614	D	3	10	935	3	11	600
615	B	4	18	937	4	11	950
616	A	1	20	331	1	7	332
617	C	2	10	475	2	9	420
618	A	3	10	316	3	11	315
619	B	4	18	800	4	11	831
620	C	1	20	252	1	7	131
621	A	2	6	654	2	11	649
622	D	3	16	807	3	5	728
623	C	4	16	178	4	7	205
624	C	1	6	435	1	19	460
625	B	2	6	95	2	11	64
626	B	3	16	264	3	5	279
627	D	4	16	1001	4	7	534
628	D	1	6	85	1	19	426
629	A	2	6	476	2	11	475
630	A	3	16	184	3	5	191
631	B	4	16	414	4	7	385
632	B	1	6	245	1	19	234
633	D	2	6	601	2	11	934
634	D	3	16	815	3	5	720
635	D	4	16	139	4	7	372
636	A	1	6	699	1	19	700
637	C	2	6	485	2	11	410
638	A	3	16	513	3	5	518
639	A	4	16	301	4	7	298
640	B	1	6	657	1	19	654
641	D	2	2	454	2	19	57
642	B	3	22	650	3	21	661
643	C	4	8	658	4	1	749
644	B	1	24	865	1	23	894
645	C	2	2	328	2	19	311
646	C	3	22	31	3	21	96
647	A	4	8	625	4	1	630
648	A	1	24	82	1	23	85
649	C	2	2	558	2	19	593
650	B	3	22	979	3	21	972
651	B	4	8	617	4	1	630
652	B	1	24	4	1	23	27
653	D	2	2	182	2	19	329
654	B	3	22	185	3	21	166
655	B	4	8	260	4	1	283
656	A	1	24	320	1	23	327
657	C	2	2	828	2	19	835
658	C	3	22	982	3	21	937
659	D	4	8	725	4	1	810
660	C	1	24	111	1	23	16
661	B	2	24	203	2	7	212
662	D	3	8	260	3	9	251
663	D	4	20	216	4	23	295
664	A	1	12	903	1	15	896
665	C	2	24	739	2	7	668
666	B	3	8	815	3	9	816
667	C	4	20	834	4	23	829
668	C	1	12	56	1	15	71
669	A	2	24	935	2	7	928
670	A	3	8	43	3	9	44
671	B	4	20	326	4	23	345
672	C	1	12	119	1	15	8
673	A	2	24	908	2	7	907
674	D	3	8	63	3	9	448
675	D	4	20	875	4	23	660
676	B	1	12	606	1	15	577
677	B	2	24	727	2	7	712
678	A	3	8	587	3	9	588
679	A	4	20	191	4	23	184
680	D	1	12	227	1	15	284
681	D	2	20	77	2	13	434
682	D	3	24	916	3	15	619
683	C	4	2	755	4	15	652
684	A	1	14	590	1	13	585
685	D	2	20	810	2	13	725
686	C	3	24	196	3	15	187
687	C	4	2	213	4	15	170
688	B	1	14	10	1	13	21
689	D	2	20	899	2	13	636
690	B	3	24	689	3	15	686
691	B	4	2	645	4	15	666
692	A	1	14	945	1	13	950
693	C	2	20	11	2	13	116
694	D	3	24	824	3	15	711
695	C	4	2	981	4	15	938
696	D	1	14	316	1	13	195
697	D	2	20	541	2	13	994
698	C	3	24	705	3	15	702
699	B	4	2	253	4	15	226
700	D	1	14	191	1	13	320
701	A	2	4	755	2	23	756
702	D	3	20	365	3	1	146
703	A	4	12	175	4	3	168
704	D	1	22	949	1	11	586
705	C	2	4	502	2	23	393
706	C	3	20	186	3	1	197
707	A	4	12	153	4	3	158
708	C	1	22	363	1	11	276
709	A	2	4	757	2	23	754
710	D	3	20	600	3	1	935
711	B	4	12	304	4	3	303
712	D	1	22	548	1	11	987
713	A	2	4	816	2	23	823
714	D	3	20	378	3	1	133
715	C	4	12	934	4	3	985
716	D	1	22	439	1	11	72
717	D	2	4	660	2	23	875
718	C	3	20	987	3	1	932
719	C	4	12	216	4	3	167
720	A	1	22	918	1	11	913
721	C	2	22	1015	2	1	904
722	B	3	6	848	3	19	847
723	A	4	14	657	4	13	662
724	B	1	2	651	1	5	660
725	A	2	22	807	2	1	800
726	D	3	6	672	3	19	863
727	B	4	14	542	4	13	513
728	A	1	2	357	1	5	354
729	D	2	22	805	2	1	730
730	C	3	6	788	3	19	875
731	A	4	14	122	4	13	125
732	B	1	2	31	1	5	0
733	C	2	22	613	2	1	538
734	D	3	6	1020	3	19	515
735	C	4	14	803	4	13	860
736	D	1	2	721	1	5	814
737	B	2	22	478	2	1	449
738	A	3	6	908	3	19	907
739	C	4	14	1021	4	13	898
740	C	1	2	765	1	5	642
741	C	2	14	249	2	21	134
742	A	3	2	960	3	7	967
743	D	4	10	694	4	19	841
744	A	1	16	422	1	21	417
745	D	2	14	154	2	21	357
746	B	3	2	648	3	7	663
747	B	4	10	201	4	19	214
748	A	1	16	335	1	21	328
749	A	2	14	348	2	21	347
750	A	3	2	966	3	7	961
751	D	4	10	302	4	19	209
752	D	1	16	416	1	21	95
753	B	2	14	793	2	21	774
754	D	3	2	442	3	7	69
755	C	4	10	950	4	19	969
756	B	1	16	855	1	21	840
757	D	2	14	121	2	21	390
758	D	3	2	74	3	7	437
759	D	4	10	626	4	19	909
760	C	1	16	223	1	21	160
761	A	2	12	229	2	9	226
762	D	3	4	250	3	13	261
763	D	4	22	206	4	9	305
764	C	1	10	458	1	9	437
765	A	2	12	673	2	9	678
766	A	3	4	361	3	13	366
767	B	4	22	193	4	9	222
768	D	1	10	59	1	9	452
769	A	2	12	620	2	9	619
770	C	3	4	345	3	13	294
771	B	4	22	449	4	9	478
772	A	1	10	837	1	9	834
773	A	2	12	907	2	9	908
774	D	3	4	252	3	13	259
775	C	4	22	756	4	9	651
776	D	1	10	773	1	9	762
777	C	2	12	966	2	9	953
778	D	3	4	739	3	13	796
779	B	4	22	223	4	9	192
780	C	1	10	223	1	9	160
781	B	2	16	612	2	15	635
782	C	3	12	588	3	3	563
783	C	4	6	334	4	17	305
784	C	1	4	142	1	3	241
785	D	2	16	883	2	15	652
786	A	3	12	701	3	3	698
787	D	4	6	698	4	17	837
788	B	1	4	980	1	3	971
789	D	2	16	74	2	15	437
790	D	3	12	442	3	3	69
791	A	4	6	578	4	17	581
792	B	1	4	278	1	3	265
793	B	2	16	818	2	15	813
794	C	3	12	888	3	3	775
795	C	4	6	521	4	17	630
796	C	1	4	15	1	3	112
797	C	2	16	359	2	15	280
798	D	3	12	216	3	3	295
799	B	4	6	21	4	17	10
800	C	1	4	520	1	3	631
801	D	2	8	761	2	5	774
802	B	3	18	360	3	17	375
803	D	4	4	192	4	5	319
804	D	1	18	736	1	17	799
805	B	2	8	437	2	5	426
806	C	3	18	1020	3	17	899
807	D	4	4	406	4	5	105
808	A	1	18	800	1	17	807
809	C	2	8	69	2	5	58
810	C	3	18	999	3	17	920
811	B	4	4	230	4	5	249
812	B	1	18	614	1	17	633
813	C	2	8	818	2	5	845
814	A	3	18	530	3	17	533
815	C	4	4	344	4	5	295
816	C	1	18	204	1	17	179
817	D	2	8	389	2	5	122
818	B	3	18	685	3	17	690
819	B	4	4	445	4	5	418
820	B	1	18	766	1	17	737
821	B	2	2	851	2	11	844
822	D	3	14	427	3	23	84
823	B	4	24	978	4	11	973
824	C	1	8	717	1	19	690
825	C	2	2	1015	2	11	904
826	C	3	14	195	3	23	188
827	C	4	24	613	4	11	538
828	B	1	8	719	1	19	720
829	A	2	2	201	2	11	206
830	B	3	14	644	3	23	667
831	C	4	24	146	4	11	237
832	A	1	8	57	1	19	62
833	B	2	2	557	2	11	562
834	D	3	14	172	3	23	339
835	D	4	24	321	4	11	190
836	A	1	8	4	1	19	3
837	B	2	2	889	2	11	870
838	C	3	14	1	3	23	126
839	B	4	24	733	4	11	706
840	C	1	8	16	1	19	111
841	D	2	18	363	2	17	148
842	B	3	22	18	3	15	13
843	C	4	18	716	4	7	691
844	C	1	20	271	1	7	368
845	D	2	18	107	2	17	404
846	C	3	22	931	3	15	988
847	C	4	18	37	4	7	90
848	D	1	20	251	1	7	260
849	B	2	18	517	2	17	538
850	C	3	22	670	3	15	737
851	B	4	18	477	4	7	450
852	A	1	20	522	1	7	525
853	C	2	18	572	2	17	579
854	A	3	22	675	3	15	676
855	C	4	18	285	4	7	354
856	D	1	20	335	1	7	176
857	D	2	18	31	2	17	480
858	A	3	22	420	3	15	419
859	C	4	18	252	4	7	131
860	D	1	20	968	1	7	567
861	D	2	6	813	2	13	722
862	A	3	10	509	3	1	506
863	D	4	16	709	4	21	826
864	A	1	6	121	1	1	126
865	A	2	6	514	2	13	517
866	C	3	10	4	3	1	123
867	C	4	16	62	4	21	65
868	D	1	6	869	1	1	666
869	A	2	6	71	2	13	64
870	D	3	10	496	3	1	15
871	D	4	16	588	4	21	947
872	C	1	6	159	1	1	224
873	C	2	6	209	2	13	174
874	C	3	10	490	3	1	405
875	A	4	16	101	4	21	98
876	D	1	6	313	1	1	198
877	B	2	6	1016	2	13	999
878	C	3	10	724	3	1	683
879	B	4	16	244	4	21	235
880	C	1	6	352	1	1	287
881	D	2	10	982	2	19	553
882	A	3	16	358	3	11	353
883	C	4	8	643	4	23	764
884	D	1	24	766	1	13	769
885	D	2	10	325	2	19	186
886	D	3	16	367	3	11	144
887	A	4	8	395	4	23	396
888	B	1	24	439	1	13	424
889	C	2	10	454	2	19	441
890	D	3	16	661	3	11	874
891	B	4	8	694	4	23	681
892	C	1	24	619	1	13	532
893	B	2	10	378	2	19	357
894	B	3	16	39	3	11	56
895	B	4	8	865	4	23	894
896	A	1	24	527	1	13	520
897	D	2	10	223	2	19	288
898	D	3	16	391	3	11	120
899	C	4	8	401	4	23	494
900	A	1	24	302	1	13	297
901	B	2	20	71	2	21	88
902	B	3	24	944	3	19	943
903	B	4	20	744	4	19	759
904	A	1	12	987	1	5	988
905	C	2	20	461	2	21	434
906	B	3	24	229	3	19	250
907	B	4	20	181	4	19	170
908	B	1	12	265	1	5	278
909	B	2	20	241	2	21	238
910	D	3	24	272	3	19	239
911	C	4	20	961	4	19	958
912	A	1	12	629	1	5	626
913	A	2	20	116	2	21	115
914	A	3	24	193	3	19	198
915	B	4	20	619	4	19	628
916	B	1	12	674	1	5	701
917	A	2	20	966	2	21	961
918	A	3	24	534	3	19	529
919	A	4	20	320	4	19	327
920	C	1	12	685	1	5	722
921	B	2	22	58	2	15	37
922	A	3	8	479	3	13	472
923	D	4	2	591	4	15	944
924	A	1	22	626	1	21	629
925	B	2	22	849	2	15	846
926	B	3	8	602	3	13	581
927	B	4	2	62	4	15	33
928	C	1	22	1013	1	21	906
929	B	2	22	590	2	15	593
930	C	3	8	761	3	13	646
931	B	4	2	571	4	15	548
932	A	1	22	277	1	21	274
933	A	2	22	620	2	15	619
934	A	3	8	745	3	13	750
935	D	4	2	583	4	15	952
936	B	1	22	457	1	21	470
937	A	2	22	26	2	15	29
938	D	3	8	213	3	13	298
939	D	4	2	809	4	15	726
940	A	1	22	229	1	21	226
941	A	2	4	251	2	7	252
942	B	3	20	772	3	21	795
943	C	4	14	966	4	3	953
944	C	1	2	1017	1	9	902
945	D	2	4	246	2	7	265
946	C	3	20	31	3	21	96
947	D	4	14	726	4	3	809
948	A	1	2	396	1	9	395
949	B	2	4	438	2	7	425
950	A	3	20	539	3	21	540
951	C	4	14	434	4	3	461
952	B	1	2	711	1	9	728
953	A	2	4	952	2	7	959
954	D	3	20	29	3	21	482
955	A	4	14	33	4	3	38
956	B	1	2	484	1	9	507
957	B	2	4	790	2	7	777
958	B	3	20	535	3	21	520
959	A	4	14	716	4	3	715
960	D	1	2	673	1	9	862
961	D	2	24	74	2	3	437
962	B	3	6	653	3	9	658
963	B	4	6	561	4	9	558
964	D	1	14	47	1	11	464
965	D	2	24	98	2	3	413
966	C	3	6	627	3	9	524
967	D	4	6	345	4	9	166
968	D	1	14	591	1	11	944
969	C	2	24	486	2	3	409
970	D	3	6	436	3	9	75
971	C	4	6	540	4	9	611
972	A	1	14	944	1	11	951
973	D	2	24	879	2	3	656
974	C	3	6	406	3	9	489
975	B	4	6	636	4	9	611
976	B	1	14	201	1	11	214
977	A	2	24	301	2	3	298
978	B	3	6	956	3	9	931
979	B	4	6	183	4	9	168
980	D	1	14	804	1	11	731
981	D	2	14	263	2	1	248
982	B	3	2	804	3	7	827
983	C	4	10	262	4	17	377
984	D	1	18	193	1	17	318
985	C	2	14	938	2	1	981
986	C	3	2	410	3	7	485
987	D	4	10	607	4	17	928
988	B	1	18	684	1	17	691
989	B	2	14	786	2	1	781
990	B	3	2	918	3	7	905
991	C	4	10	546	4	17	605
992	A	1	18	731	1	17	732
993	C	2	14	369	2	1	270
994	C	3	2	990	3	7	929
995	A	4	10	876	4	17	875
996	B	1	18	283	1	17	260
997	A	2	14	682	2	1	685
998	C	3	2	621	3	7	530
999	B	4	10	787	4	17	780
1000	C	1	18	837	1	17	826
1001	B	2	12	69	2	23	90
1002	A	3	12	713	3	17	718
1003	D	4	12	645	4	1	890
1004	B	1	4	485	1	3	506
1005	C	2	12	1003	2	23	916
1006	A	3	12	46	3	17	41
1007	C	4	12	607	4	1	544
1008	D	1	4	991	1	3	544
1009	C	2	12	300	2	23	339
1010	B	3	12	648	3	17	663
1011	D	4	12	33	4	1	478
1012	A	1	4	843	1	3	844
1013	B	2	12	145	2	23	142
1014	C	3	12	925	3	17	994
1015	D	4	12	278	4	1	233
1016	B	1	4	941	1	3	946
1017	D	2	12	646	2	23	889
1018	B	3	12	887	3	17	872
1019	D	4	12	773	4	1	762
1020	D	1	4	272	1	3	239
1021	B	2	8	261	2	17	282
1022	A	3	4	978	3	5	981
1023	C	4	22	115	4	13	12
1024	B	1	8	551	1	19	568
1025	B	2	8	746	2	17	757
1026	C	3	4	510	3	5	385
1027	D	4	22	590	4	13	945
1028	D	1	8	183	1	19	328
1029	B	2	8	752	2	17	751
1030	C	3	4	429	3	5	466
1031	C	4	22	632	4	13	519
1032	A	1	8	101	1	19	98
1033	C	2	8	562	2	17	589
1034	D	3	4	947	3	5	588
1035	D	4	22	777	4	13	758
1036	A	1	8	321	1	19	326
1037	C	2	8	455	2	17	440
1038	D	3	4	370	3	5	141
1039	A	4	22	416	4	13	423
1040	B	1	8	881	1	19	878
1041	B	2	6	943	2	11	944
1042	B	3	18	100	3	3	123
1043	D	4	24	409	4	23	102
1044	C	1	16	964	1	15	955
1045	B	2	6	141	2	11	146
1046	D	3	18	246	3	3	265
1047	B	4	24	496	4	23	495
1048	C	1	16	690	1	15	717
1049	A	2	6	94	2	11	89
1050	C	3	18	763	3	3	644
1051	A	4	24	202	4	23	205
1052	D	1	16	70	1	15	441
1053	C	2	6	1	2	11	126
1054	A	3	18	173	3	3	170
1055	B	4	24	150	4	23	137
1056	D	1	16	298	1	15	213
1057	A	2	6	840	2	11	847
1058	D	3	18	464	3	3	47
1059	B	4	24	681	4	23	694
1060	B	1	16	202	1	15	213
1061	C	2	18	456	2	13	439
1062	A	3	22	530	3	11	533
1063	B	4	4	735	4	11	704
1064	D	1	10	600	1	23	935
1065	A	2	18	995	2	13	996
1066	A	3	22	117	3	11	114
1067	C	4	4	423	4	11	472
1068	C	1	10	452	1	23	443
1069	C	2	18	163	2	13	220
1070	B	3	22	295	3	11	312
1071	D	4	4	996	4	11	539
1072	C	1	10	223	1	23	160
1073	A	2	18	985	2	13	990
1074	D	3	22	619	3	11	916
1075	C	4	4	160	4	11	223
1076	C	1	10	878	1	23	785
1077	B	2	18	557	2	13	562
1078	B	3	22	891	3	11	868
1079	A	4	4	120	4	11	127
1080	D	1	10	344	1	23	167
1081	D	2	16	772	2	5	763
1082	C	3	14	145	3	23	238
1083	D	4	18	760	4	7	775
1084	C	1	20	139	1	1	244
1085	D	2	16	50	2	5	461
1086	D	3	14	605	3	23	930
1087	B	4	18	948	4	7	939
1088	D	1	20	26	1	1	485
1089	D	2	16	820	2	5	715
1090	C	3	14	42	3	23	85
1091	B	4	18	104	4	7	119
1092	B	1	20	72	1	1	87
1093	D	2	16	59	2	5	452
1094	D	3	14	901	3	23	634
1095	B	4	18	943	4	7	944
1096	B	1	20	179	1	1	172
1097	B	2	16	813	2	5	818
1098	B	3	14	325	3	23	346
1099	D	4	18	1001	4	7	534
1100	A	1	20	540	1	1	539
1101	D	2	2	239	2	9	272
1102	B	3	16	800	3	15	831
1103	D	4	16	65	4	5	446
1104	C	1	6	393	1	7	502
1105	D	2	2	293	2	9	218
1106	C	3	16	746	3	15	661
1107	C	4	16	950	4	5	969
1108	D	1	6	718	1	7	817
1109	D	2	2	934	2	9	601
1110	D	3	16	652	3	15	883
1111	D	4	16	813	4	5	722
1112	A	1	6	404	1	7	403
1113	A	2	2	181	2	9	178
1114	B	3	16	956	3	15	931
1115	C	4	16	578	4	5	573
1116	A	1	6	21	1	7	18
1117	A	2	2	525	2	9	522
1118	B	3	16	247	3	15	232
1119	B	4	16	750	4	5	753
1120	C	1	6	850	1	7	813
1121	C	2	20	872	2	3	791
1122	D	3	10	867	3	1	668
1123	A	4	20	107	4	19	108
1124	B	1	24	921	1	13	902
1125	A	2	20	183	2	3	176
1126	D	3	10	576	3	1	959
1127	D	4	20	984	4	19	551
1128	D	1	24	277	1	13	234
1129	B	2	20	287	2	3	256
1130	A	3	10	3	3	1	4
1131	C	4	20	183	4	19	200
1132	B	1	24	32	1	13	63
1133	C	2	20	220	2	3	163
1134	C	3	10	19	3	1	108
1135	B	4	20	917	4	19	906
1136	A	1	24	680	1	13	687
1137	C	2	20	56	2	3	71
1138	B	3	10	249	3	1	230
1139	D	4	20	793	4	19	742
1140	D	1	24	136	1	13	375
1141	C	2	10	687	2	19	720
1142	C	3	24	160	3	13	223
1143	A	4	8	575	4	21	568
1144	B	1	12	203	1	11	212
1145	C	2	10	438	2	19	457
1146	C	3	24	416	3	13	479
1147	D	4	8	616	4	21	919
1148	D	1	12	418	1	11	93
1149	A	2	10	29	2	19	26
1150	B	3	24	5	3	13	26
1151	B	4	8	568	4	21	551
1152	B	1	12	339	1	11	332
1153	C	2	10	432	2	19	463
1154	A	3	24	343	3	13	336
1155	C	4	8	618	4	21	533
1156	D	1	12	410	1	11	101
1157	C	2	10	626	2	19	525
1158	C	3	24	18	3	13	109
1159	D	4	8	716	4	21	819
1160	B	1	12	858	1	11	837
1161	A	2	4	908	2	1	907
1162	A	3	8	601	3	9	606
1163	B	4	2	837	4	3	858
1164	A	1	4	447	1	19	440
1165	C	2	4	1011	2	1	908
1166	B	3	8	785	3	9	782
1167	B	4	2	268	4	3	275
1168	A	1	4	953	1	19	958
1169	A	2	4	488	2	1	495
1170	B	3	8	391	3	9	408
1171	A	4	2	21	4	3	18
1172	A	1	4	567	1	19	560
1173	A	2	4	356	2	1	355
1174	D	3	8	6	3	9	505
1175	C	4	2	574	4	3	577
1176	A	1	4	31	1	19	24
1177	A	2	4	233	2	1	238
1178	D	3	8	351	3	9	160
1179	A	4	2	847	4	3	840
1180	B	1	4	917	1	19	906
1181	C	2	22	189	2	21	194
1182	A	3	4	857	3	3	862
1183	A	4	14	174	4	13	169
1184	A	1	22	48	1	9	55
1185	D	2	22	823	2	21	712
1186	A	3	4	773	3	3	770
1187	B	4	14	487	4	13	504
1188	A	1	22	210	1	9	213
1189	A	2	22	722	2	21	725
1190	B	3	4	171	3	3	180
1191	B	4	14	727	4	13	712
1192	D	1	22	888	1	9	647
1193	B	2	22	494	2	21	497
1194	A	3	4	11	3	3	12
1195	B	4	14	449	4	13	478
1196	B	1	22	607	1	9	576
1197	A	2	22	332	2	21	331
1198	B	3	4	314	3	3	293
1199	C	4	14	493	4	13	402
1200	D	1	22	95	1	9	416
1201	B	2	24	10	2	7	21
1202	A	3	6	873	3	7	878
1203	B	4	22	742	4	23	761
1204	A	1	2	272	1	15	279
1205	B	2	24	587	2	7	596
1206	A	3	6	588	3	7	587
1207	A	4	22	604	4	23	603
1208	D	1	2	676	1	15	859
1209	D	2	24	45	2	7	466
1210	D	3	6	304	3	7	207
1211	B	4	22	345	4	23	326
1212	D	1	2	761	1	15	774
1213	A	2	24	434	2	7	437
1214	A	3	6	810	3	7	813
1215	D	4	22	286	4	23	225
1216	B	1	2	805	1	15	826
1217	C	2	24	1008	2	7	911
1218	D	3	6	889	3	7	646
1219	A	4	22	658	4	23	661
1220	B	1	2	430	1	15	433
1221	A	2	14	443	2	15	444
1222	D	3	20	708	3	21	827
1223	A	4	12	192	4	17	199
1224	D	1	14	352	1	21	159
1225	C	2	14	742	2	15	665
1226	D	3	20	641	3	21	894
1227	B	4	12	154	4	17	133
1228	B	1	14	408	1	21	391
1229	A	2	14	970	2	15	973
1230	B	3	20	346	3	21	325
1231	D	4	12	24	4	17	487
1232	B	1	14	819	1	21	812
1233	D	2	14	836	2	15	699
1234	B	3	20	191	3	21	160
1235	B	4	12	131	4	17	156
1236	D	1	14	869	1	21	666
1237	C	2	14	13	2	15	114
1238	C	3	20	155	3	21	228
1239	B	4	12	447	4	17	416
1240	C	1	14	114	1	21	13
1241	C	2	8	694	2	5	713
1242	B	3	12	50	3	5	45
1243	C	4	24	404	4	11	491
1244	B	1	10	848	1	1	847
1245	B	2	8	619	2	5	628
1246	C	3	12	186	3	5	197
1247	C	4	24	744	4	11	663
1248	A	1	10	380	1	1	379
1249	B	2	8	241	2	5	238
1250	B	3	12	362	3	5	373
1251	B	4	24	359	4	11	376
1252	B	1	10	88	1	1	71
1253	A	2	8	369	2	5	374
1254	D	3	12	758	3	5	777
1255	A	4	24	663	4	11	656
1256	D	1	10	885	1	1	650
1257	D	2	8	438	2	5	73
1258	A	3	12	681	3	5	686
1259	B	4	24	819	4	11	812
1260	A	1	10	427	1	1	428
1261	A	2	18	597	2	13	594
1262	D	3	2	97	3	19	414
1263	D	4	6	231	4	1	280
1264	D	1	16	348	1	3	163
1265	B	2	18	113	2	13	110
1266	B	3	2	516	3	19	539
1267	C	4	6	202	4	1	181
1268	A	1	16	320	1	3	327
1269	B	2	18	803	2	13	828
1270	D	3	2	365	3	19	146
1271	C	4	6	166	4	1	217
1272	C	1	16	661	1	3	746
1273	C	2	18	69	2	13	58
1274	C	3	2	124	3	19	3
1275	B	4	6	931	4	1	956
1276	D	1	16	746	1	3	789
1277	C	2	18	570	2	13	581
1278	D	3	2	697	3	19	838
1279	D	4	6	198	4	1	313
1280	A	1	16	276	1	3	275
1281	C	2	6	126	2	17	1
1282	A	3	22	930	3	1	933
1283	C	4	10	1006	4	15	913
1284	D	1	18	935	1	5	600
1285	B	2	6	607	2	17	576
1286	B	3	22	515	3	1	540
1287	C	4	10	689	4	15	718
1288	C	1	18	781	1	5	882
1289	D	2	6	151	2	17	360
1290	B	3	22	269	3	1	274
1291	C	4	10	326	4	15	313
1292	D	1	18	997	1	5	538
1293	A	2	6	139	2	17	140
1294	B	3	22	635	3	1	612
1295	D	4	10	543	4	15	992
1296	D	1	18	844	1	5	691
1297	B	2	6	177	2	17	174
1298	D	3	22	869	3	1	666
1299	D	4	10	664	4	15	871
1300	C	1	18	56	1	5	71
1301	D	2	12	128	2	23	383
1302	D	3	18	317	3	17	194
1303	B	4	18	138	4	21	149
1304	C	1	8	703	1	23	704
1305	A	2	12	466	2	23	469
1306	C	3	18	808	3	17	855
1307	D	4	18	155	4	21	356
1308	D	1	8	747	1	23	788
1309	C	2	12	727	2	23	680
1310	C	3	18	37	3	17	90
1311	B	4	18	20	4	21	11
1312	D	1	8	401	1	23	110
1313	C	2	12	365	2	23	274
1314	B	3	18	621	3	17	626
1315	D	4	18	132	4	21	379
1316	C	1	8	103	1	23	24
1317	D	2	12	638	2	23	897
1318	B	3	18	277	3	17	266
1319	B	4	18	338	4	21	333
1320	C	1	8	208	1	23	175
1321	D	2	2	600	2	19	935
1322	C	3	16	967	3	15	952
1323	D	4	4	675	4	9	860
1324	A	1	6	335	1	7	328
1325	A	2	2	643	2	19	644
1326	A	3	16	731	3	15	732
1327	C	4	4	989	4	9	930
1328	C	1	6	410	1	7	485
1329	C	2	2	402	2	19	493
1330	C	3	16	830	3	15	833
1331	C	4	4	120	4	9	7
1332	A	1	6	833	1	7	838
1333	A	2	2	494	2	19	489
1334	B	3	16	576	3	15	607
1335	C	4	4	364	4	9	275
1336	A	1	6	191	1	7	184
1337	A	2	2	559	2	19	552
1338	A	3	16	540	3	15	539
1339	B	4	4	171	4	9	180
1340	D	1	6	371	1	7	140
1341	D	2	16	765	2	9	770
1342	A	3	14	637	3	11	634
1343	A	4	2	338	4	3	341
1344	B	1	24	325	1	13	346
1345	C	2	16	686	2	9	721
1346	D	3	14	206	3	11	305
1347	A	4	2	854	4	3	849
1348	C	1	24	614	1	13	537
1349	C	2	16	82	2	9	45
1350	B	3	14	530	3	11	525
1351	C	4	2	467	4	3	428
1352	B	1	24	517	1	13	538
1353	A	2	16	938	2	9	941
1354	D	3	14	986	3	11	549
1355	C	4	2	397	4	3	498
1356	C	1	24	118	1	13	9
1357	C	2	16	87	2	9	40
1358	B	3	14	206	3	11	209
1359	B	4	2	552	4	3	567
1360	A	1	24	645	1	13	642
1361	B	2	20	901	2	1	922
1362	B	3	24	194	3	13	221
1363	D	4	16	838	4	7	697
1364	A	1	12	414	1	15	409
1365	A	2	20	994	2	1	997
1366	A	3	24	701	3	13	698
1367	A	4	16	523	4	7	524
1368	D	1	12	399	1	15	112
1369	C	2	20	777	2	1	886
1370	A	3	24	541	3	13	538
1371	D	4	16	949	4	7	586
1372	B	1	12	638	1	15	609
1373	B	2	20	503	2	1	488
1374	C	3	24	858	3	13	805
1375	A	4	16	993	4	7	998
1376	A	1	12	972	1	15	971
1377	C	2	20	114	2	1	13
1378	A	3	24	966	3	13	961
1379	D	4	16	243	4	7	268
1380	B	1	12	613	1	15	634
1381	A	2	4	102	2	3	97
1382	B	3	8	144	3	9	143
1383	D	4	8	559	4	19	976
1384	D	1	20	757	1	17	778
1385	C	2	4	591	2	3	560
1386	B	3	8	813	3	9	818
1387	C	4	8	958	4	19	961
1388	D	1	20	791	1	17	744
1389	D	2	4	591	2	3	944
1390	C	3	8	637	3	9	514
1391	C	4	8	853	4	19	810
1392	D	1	20	431	1	17	80
1393	B	2	4	274	2	3	269
1394	C	3	8	101	3	9	26
1395	B	4	8	570	4	19	549
1396	D	1	20	349	1	17	162
1397	D	2	4	281	2	3	230
1398	B	3	8	685	3	9	690
1399	B	4	8	971	4	19	980
1400	A	1	20	739	1	17	740
1401	A	2	10	528	2	11	535
1402	D	3	6	340	3	19	171
1403	C	4	20	1000	4	5	919
1404	A	1	4	683	1	9	684
1405	D	2	10	951	2	11	584
1406	A	3	6	328	3	19	335
1407	C	4	20	45	4	5	82
1408	C	1	4	968	1	9	951
1409	D	2	10	89	2	11	422
1410	A	3	6	549	3	19	546
1411	C	4	20	242	4	5	141
1412	A	1	4	5	1	9	2
1413	D	2	10	352	2	11	159
1414	A	3	6	696	3	19	703
1415	C	4	20	407	4	5	488
1416	B	1	4	639	1	9	608
1417	D	2	10	957	2	11	578
1418	A	3	6	303	3	19	296
1419	D	4	20	599	4	5	936
1420	D	1	4	898	1	9	637
1421	A	2	22	216	2	21	223
1422	A	3	4	225	3	21	230
1423	B	4	14	915	4	13	908
1424	A	1	2	225	1	19	230
1425	C	2	22	273	2	21	366
1426	B	3	4	788	3	21	779
1427	D	4	14	860	4	13	675
1428	B	1	2	159	1	19	128
1429	D	2	22	786	2	21	749
1430	C	3	4	935	3	21	984
1431	A	4	14	612	4	13	611
1432	A	1	2	767	1	19	760
1433	D	2	22	896	2	21	639
1434	C	3	4	828	3	21	835
1435	B	4	14	512	4	13	543
1436	A	1	2	704	1	19	711
1437	A	2	22	502	2	21	497
1438	A	3	4	211	3	21	212
1439	A	4	14	719	4	13	712
1440	C	1	2	498	1	19	397
1441	C	2	24	224	2	7	159
1442	C	3	10	262	3	23	377
1443	A	4	22	595	4	1	596
1444	B	1	22	193	1	11	222
1445	D	2	24	576	2	7	959
1446	D	3	10	919	3	23	616
1447	B	4	22	956	4	1	931
1448	B	1	22	80	1	11	79
1449	C	2	24	870	2	7	793
1450	C	3	10	621	3	23	530
1451	A	4	22	923	4	1	924
1452	D	1	22	451	1	11	60
1453	D	2	24	898	2	7	637
1454	C	3	10	398	3	23	497
1455	C	4	22	542	4	1	609
1456	C	1	22	606	1	11	545
1457	A	2	24	246	2	7	241
1458	C	3	10	644	3	23	763
1459	C	4	22	559	4	1	592
1460	C	1	22	847	1	11	816
1461	D	2	8	654	2	17	881
1462	A	3	20	356	3	5	355
1463	B	4	12	393	4	17	406
1464	A	1	16	468	1	7	467
1465	A	2	8	157	2	17	154
1466	B	3	20	495	3	5	496
1467	A	4	12	555	4	17	556
1468	B	1	16	920	1	7	903
1469	B	2	8	302	2	17	305
1470	C	3	20	663	3	5	744
1471	D	4	12	200	4	17	311
1472	B	1	16	487	1	7	504
1473	B	2	8	405	2	17	394
1474	C	3	20	893	3	5	770
1475	C	4	12	44	4	17	83
1476	A	1	16	297	1	7	302
1477	D	2	8	10	2	17	501
1478	A	3	20	965	3	5	962
1479	C	4	12	944	4	17	975
1480	A	1	16	508	1	7	507
1481	A	2	20	527	2	21	520
1482	C	3	12	387	3	7	508
1483	D	4	24	174	4	15	337
1484	A	1	14	741	1	21	738
1485	B	2	20	182	2	21	169
1486	D	3	12	33	3	7	478
1487	A	4	24	16	4	15	23
1488	D	1	14	659	1	21	876
1489	B	2	20	459	2	21	468
1490	B	3	12	593	3	7	590
1491	D	4	24	992	4	15	543
1492	C	1	14	521	1	21	630
1493	A	2	20	109	2	21	106
1494	B	3	12	5	3	7	26
1495	D	4	24	839	4	15	696
1496	D	1	14	723	1	21	812
1497	A	2	20	133	2	21	130
1498	D	3	12	297	3	7	214
1499	A	4	24	316	4	15	315
1500	A	1	14	980	1	21	979
1501	D	2	14	262	2	15	249
1502	A	3	22	491	3	17	492
1503	D	4	10	837	4	9	698
1504	B	1	24	32	1	9	63
1505	D	2	14	475	2	15	36
1506	A	3	22	624	3	17	631
1507	A	4	10	828	4	9	827
1508	B	1	24	786	1	9	781
1509	A	2	14	426	2	15	429
1510	A	3	22	477	3	17	474
1511	A	4	10	737	4	9	742
1512	B	1	24	351	1	9	320
1513	D	2	14	896	2	15	639
1514	C	3	22	887	3	17	776
1515	C	4	10	257	4	9	382
1516	A	1	24	582	1	9	577
1517	D	2	14	350	2	15	161
1518	C	3	22	28	3	17	99
1519	A	4	10	527	4	9	520
1520	B	1	24	515	1	9	540
1521	D	2	18	759	2	23	776
1522	A	3	2	418	3	3	421
1523	B	4	6	35	4	23	60
1524	B	1	18	367	1	1	368
1525	A	2	18	555	2	23	556
1526	B	3	2	520	3	3	535
1527	B	4	6	892	4	23	867
1528	B	1	18	149	1	1	138
1529	B	2	18	305	2	23	302
1530	C	3	2	807	3	3	856
1531	D	4	6	269	4	23	242
1532	D	1	18	477	1	1	34
1533	C	2	18	971	2	23	948
1534	D	3	2	276	3	3	235
1535	D	4	6	576	4	23	959
1536	C	1	18	554	1	1	597
1537	D	2	18	799	2	23	736
1538	B	3	2	916	3	3	907
1539	C	4	6	980	4	23	939
1540	B	1	18	148	1	1	139
1541	C	2	12	441	2	9	454
1542	D	3	18	189	3	1	322
1543	A	4	18	436	4	21	435
1544	C	1	8	133	1	17	250
1545	A	2	12	530	2	9	533
1546	D	3	18	949	3	1	586
1547	A	4	18	920	4	21	927
1548	B	1	8	580	1	17	603
1549	C	2	12	213	2	9	170
1550	A	3	18	317	3	1	314
1551	B	4	18	659	4	21	652
1552	A	1	8	362	1	17	365
1553	C	2	12	968	2	9	951
1554	A	3	18	334	3	1	329
1555	C	4	18	749	4	21	658
1556	D	1	8	538	1	17	997
1557	B	2	12	262	2	9	281
1558	B	3	18	947	3	1	940
1559	D	4	18	126	4	21	385
1560	A	1	8	626	1	17	629
1561	B	2	6	760	2	5	743
1562	A	3	16	277	3	23	274
1563	C	4	4	307	4	11	332
1564	D	1	10	257	1	5	254
1565	D	2	6	494	2	5	17
1566	C	3	16	946	3	23	973
1567	D	4	4	309	4	11	202
1568	A	1	10	55	1	5	48
1569	D	2	6	649	2	5	886
1570	A	3	16	559	3	23	552
1571	A	4	4	397	4	11	394
1572	C	1	10	979	1	5	940
1573	D	2	6	79	2	5	432
1574	A	3	16	208	3	23	215
1575	D	4	4	763	4	11	772
1576	D	1	10	438	1	5	73
1577	B	2	6	973	2	5	978
1578	D	3	16	93	3	23	418
1579	B	4	4	332	4	11	339
1580	D	1	10	86	1	5	425
1581	A	2	2	870	2	19	865
1582	A	3	4	735	3	5	728
1583	C	4	16	808	4	3	855
1584	D	1	6	89	1	23	422
1585	D	2	2	73	2	19	438
1586	B	3	4	357	3	5	378
1587	A	4	16	989	4	3	986
1588	C	1	6	303	1	23	336
1589	B	2	2	20	2	19	11
1590	A	3	4	420	3	5	419
1591	B	4	16	347	4	3	324
1592	A	1	6	460	1	23	459
1593	C	2	2	357	2	19	282
1594	C	3	4	779	3	5	884
1595	C	4	16	423	4	3	472
1596	D	1	6	905	1	23	630
1597	D	2	2	995	2	19	540
1598	B	3	4	1021	3	5	994
1599	A	4	16	342	4	3	337
1600	C	1	6	837	1	23	826
1601	C	2	16	831	2	13	832
1602	D	3	14	537	3	15	998
1603	B	4	2	453	4	7	474
1604	B	1	2	264	1	21	279
1605	D	2	16	655	2	13	880
1606	A	3	14	136	3	15	143
1607	A	4	2	187	4	7	188
1608	C	1	2	593	1	21	558
1609	A	2	16	685	2	13	682
1610	C	3	14	448	3	15	447
1611	C	4	2	298	4	7	341
1612	A	1	2	60	1	21	59
1613	D	2	16	401	2	13	110
1614	A	3	14	217	3	15	222
1615	D	4	2	489	4	7	22
1616	A	1	2	771	1	21	772
1617	D	2	16	29	2	13	482
1618	C	3	14	789	3	15	874
1619	D	4	2	848	4	7	687
1620	B	1	2	316	1	21	291
1621	B	2	22	335	2	7	336
1622	B	3	8	553	3	13	566
1623	C	4	8	629	4	19	522
1624	C	1	12	786	1	3	877
1625	A	2	22	560	2	7	567
1626	B	3	8	592	3	13	591
1627	B	4	8	429	4	19	434
1628	C	1	12	346	1	3	293
1629	B	2	22	365	2	7	370
1630	C	3	8	245	3	13	138
1631	A	4	8	845	4	19	842
1632	D	1	12	42	1	3	469
1633	D	2	22	478	2	7	33
1634	D	3	8	293	3	13	218
1635	C	4	8	450	4	19	445
1636	C	1	12	744	1	3	663
1637	A	2	22	783	2	7	776
1638	A	3	8	967	3	13	960
1639	D	4	8	271	4	19	240
1640	D	1	12	689	1	3	846
1641	C	2	10	866	2	3	797
1642	C	3	24	348	3	11	291
1643	B	4	20	355	4	5	380
1644	D	1	20	881	1	15	654
1645	A	2	10	614	2	3	609
1646	D	3	24	616	3	11	919
1647	C	4	20	482	4	5	413
1648	C	1	20	648	1	15	759
1649	A	2	10	348	2	3	347
1650	C	3	24	798	3	11	865
1651	D	4	20	322	4	5	189
1652	A	1	20	810	1	15	813
1653	D	2	10	400	2	3	111
1654	B	3	24	442	3	11	421
1655	B	4	20	413	4	5	386
1656	C	1	20	524	1	15	627
1657	B	2	10	83	2	3	76
1658	C	3	24	919	3	11	1000
1659	D	4	20	500	4	5	11
1660	A	1	20	933	1	15	930
1661	B	2	4	891	2	1	868
1662	A	3	6	605	3	9	602
1663	D	4	14	767	4	13	768
1664	C	1	4	472	1	13	423
1665	C	2	4	1013	2	1	906
1666	D	3	6	442	3	9	69
1667	A	4	14	756	4	13	755
1668	C	1	4	378	1	13	261
1669	D	2	4	503	2	1	8
1670	B	3	6	696	3	9	679
1671	C	4	14	677	4	13	730
1672	B	1	4	796	1	13	771
1673	C	2	4	442	2	1	453
1674	D	3	6	233	3	9	278
1675	A	4	14	745	4	13	750
1676	D	1	4	37	1	13	474
1677	C	2	4	985	2	1	934
1678	C	3	6	465	3	9	430
1679	D	4	14	59	4	13	452
1680	B	1	4	828	1	13	803
1681	A	2	20	313	2	21	318
1682	C	3	10	733	3	21	674
1683	C	4	22	3	4	1	124
1684	B	1	16	662	1	5	649
1685	B	2	20	842	2	21	853
1686	B	3	10	546	3	21	573
1687	C	4	22	485	4	1	410
1688	B	1	16	166	1	5	185
1689	B	2	20	455	2	21	472
1690	D	3	10	377	3	21	134
1691	C	4	22	146	4	1	237
1692	B	1	16	39	1	5	56
1693	A	2	20	321	2	21	326
1694	A	3	10	871	3	21	864
1695	C	4	22	326	4	1	313
1696	B	1	16	693	1	5	682
1697	A	2	20	860	2	21	859
1698	D	3	10	488	3	21	23
1699	A	4	22	994	4	1	997
1700	C	1	16	765	1	5	642
1701	A	2	14	499	2	5	500
1702	A	3	20	853	3	7	850
1703	B	4	24	703	4	23	672
1704	D	1	22	91	1	11	420
1705	A	2	14	404	2	5	403
1706	C	3	20	285	3	7	354
1707	C	4	24	170	4	23	213
1708	D	1	22	330	1	11	181
1709	B	2	14	918	2	5	905
1710	B	3	20	372	3	7	363
1711	A	4	24	224	4	23	231
1712	B	1	22	432	1	11	431
1713	C	2	14	438	2	5	457
1714	A	3	20	819	3	7	820
1715	C	4	24	8	4	23	119
1716	D	1	22	997	1	11	538
1717	D	2	14	599	2	5	936
1718	D	3	20	254	3	7	257
1719	A	4	24	109	4	23	106
1720	B	1	22	727	1	11	712
1721	A	2	24	566	2	11	561
1722	C	3	22	638	3	3	513
1723	B	4	12	345	4	17	326
1724	B	1	24	722	1	7	717
1725	C	2	24	711	2	11	696
1726	B	3	22	858	3	3	837
1727	D	4	12	308	4	17	203
1728	A	1	24	623	1	7	616
1729	D	2	24	78	2	11	433
1730	D	3	22	759	3	3	776
1731	B	4	12	121	4	17	102
1732	D	1	24	710	1	7	825
1733	A	2	24	921	2	11	926
1734	B	3	22	373	3	3	362
1735	B	4	12	176	4	17	175
1736	C	1	24	183	1	7	200
1737	D	2	24	1010	2	11	525
1738	A	3	22	130	3	3	133
1739	C	4	12	713	4	17	694
1740	A	1	24	788	1	7	787
1741	D	2	8	579	2	15	956
1742	D	3	12	479	3	19	32
1743	C	4	10	57	4	21	70
1744	A	1	18	622	1	23	617
1745	D	2	8	405	2	15	106
1746	B	3	12	38	3	19	57
1747	A	4	10	623	4	21	616
1748	A	1	18	837	1	23	834
1749	A	2	8	271	2	15	264
1750	C	3	12	489	3	19	406
1751	C	4	10	970	4	21	949
1752	B	1	18	123	1	23	100
1753	A	2	8	731	2	15	732
1754	C	3	12	529	3	19	622
1755	B	4	10	515	4	21	540
1756	D	1	18	330	1	23	181
1757	B	2	8	794	2	15	773
1758	D	3	12	970	3	19	565
1759	A	4	10	790	4	21	785
1760	C	1	18	355	1	23	284
1761	B	2	2	985	2	19	966
1762	A	3	16	883	3	13	884
1763	A	4	6	403	4	9	404
1764	C	1	14	726	1	19	681
1765	A	2	2	278	2	19	273
1766	A	3	16	901	3	13	898
1767	A	4	6	119	4	9	112
1768	A	1	14	310	1	19	305
1769	A	2	2	202	2	19	205
1770	A	3	16	8	3	13	15
1771	C	4	6	692	4	9	715
1772	D	1	14	774	1	19	761
1773	B	2	2	515	2	19	540
1774	B	3	16	781	3	13	786
1775	C	4	6	56	4	9	71
1776	C	1	14	542	1	19	609
1777	A	2	2	738	2	19	741
1778	A	3	16	511	3	13	504
1779	C	4	6	414	4	9	481
1780	D	1	14	876	1	19	659
1781	B	2	12	823	2	9	808
1782	B	3	18	628	3	1	619
1783	A	4	18	238	4	15	233
1784	C	1	8	675	1	1	732
1785	D	2	12	210	2	9	301
1786	C	3	18	357	3	1	282
1787	D	4	18	866	4	15	669
1788	D	1	8	618	1	1	917
1789	A	2	12	30	2	9	25
1790	B	3	18	717	3	1	722
1791	C	4	18	251	4	15	132
1792	A	1	8	248	1	1	255
1793	B	2	12	226	2	9	253
1794	C	3	18	462	3	1	433
1795	C	4	18	919	4	15	1000
1796	A	1	8	502	1	1	497
1797	D	2	12	969	2	9	566
1798	B	3	18	555	3	1	564
1799	C	4	18	327	4	15	312
1800	C	1	8	230	1	1	153
1801	C	2	18	720	2	17	687
1802	B	3	2	205	3	17	210
1803	A	4	4	625	4	11	630
1804	A	1	10	225	1	17	230
1805	D	2	18	767	2	17	768
1806	D	3	2	455	3	17	56
1807	D	4	4	925	4	11	610
1808	C	1	10	1000	1	17	919
1809	C	2	18	92	2	17	35
1810	C	3	2	871	3	17	792
1811	C	4	4	739	4	11	668
1812	C	1	10	780	1	17	883
1813	A	2	18	212	2	17	211
1814	D	3	2	718	3	17	817
1815	A	4	4	362	4	11	365
1816	D	1	10	74	1	17	437
1817	D	2	18	633	2	17	902
1818	D	3	2	571	3	17	964
1819	C	4	4	938	4	11	981
1820	A	1	10	267	1	17	268
1821	C	2	6	852	2	23	811
1822	A	3	14	25	3	5	30
1823	A	4	8	909	4	13	906
1824	D	1	6	294	1	3	217
1825	B	2	6	319	2	23	288
1826	A	3	14	864	3	5	871
1827	D	4	8	702	4	13	833
1828	B	1	6	947	1	3	940
1829	D	2	6	68	2	23	443
1830	C	3	14	442	3	5	453
1831	C	4	8	543	4	13	608
1832	D	1	6	637	1	3	898
1833	C	2	6	121	2	23	6
1834	B	3	14	160	3	5	191
1835	A	4	8	24	4	13	31
1836	B	1	6	353	1	3	382
1837	D	2	6	192	2	23	319
1838	A	3	14	148	3	5	147
1839	B	4	8	352	4	13	383
1840	A	1	6	361	1	3	366
1841	B	2	10	215	2	7	200
1842	B	3	4	868	3	15	891
1843	C	4	16	208	4	3	175
1844	C	1	2	579	1	9	572
1845	B	2	10	46	2	7	49
1846	C	3	4	863	3	15	800
1847	B	4	16	653	4	3	658
1848	A	1	2	724	1	9	723
1849	D	2	10	212	2	7	299
1850	A	3	4	251	3	15	252
1851	C	4	16	932	4	3	987
1852	C	1	2	456	1	9	439
1853	B	2	10	874	2	7	885
1854	D	3	4	577	3	15	958
1855	D	4	16	334	4	3	177
1856	A	1	2	474	1	9	477
1857	B	2	10	537	2	7	518
1858	A	3	4	758	3	15	753
1859	C	4	16	613	4	3	538
1860	C	1	2	0	1	9	127
1861	C	2	22	421	2	3	474
1862	A	3	10	97	3	19	102
1863	D	4	2	638	4	7	897
1864	B	1	12	358	1	15	377
1865	C	2	22	774	2	3	889
1866	A	3	10	430	3	19	425
1867	C	4	2	169	4	7	214
1868	D	1	12	864	1	15	671
1869	A	2	22	867	2	3	868
1870	C	3	10	926	3	19	993
1871	C	4	2	785	4	7	878
1872	D	1	12	157	1	15	354
1873	B	2	22	889	2	3	870
1874	B	3	10	72	3	19	87
1875	D	4	2	723	4	7	812
1876	A	1	12	508	1	15	507
1877	B	2	22	824	2	3	807
1878	A	3	10	544	3	19	551
1879	C	4	2	360	4	7	279
1880	B	1	12	848	1	15	847
1881	C	2	16	138	2	13	245
1882	B	3	6	182	3	21	169
1883	B	4	20	60	4	5	35
1884	B	1	22	336	1	7	335
1885	A	2	16	68	2	13	67
1886	B	3	6	187	3	21	164
1887	D	4	20	223	4	5	288
1888	A	1	22	375	1	7	368
1889	C	2	16	847	2	13	816
1890	D	3	6	965	3	21	570
1891	C	4	20	286	4	5	353
1892	A	1	22	501	1	7	498
1893	C	2	16	418	2	13	477
1894	A	3	6	675	3	21	676
1895	C	4	20	331	4	5	308
1896	B	1	22	754	1	7	749
1897	D	2	16	451	2	13	60
1898	B	3	6	751	3	21	752
1899	D	4	20	771	4	5	764
1900	A	1	22	424	1	7	431
1901	B	2	4	942	2	11	945
1902	D	3	24	963	3	11	572
1903	A	4	24	594	4	17	597
1904	B	1	4	464	1	11	463
1905	A	2	4	356	2	11	355
1906	B	3	24	375	3	11	360
1907	A	4	24	134	4	17	129
1908	A	1	4	806	1	11	801
1909	A	2	4	580	2	11	579
1910	C	3	24	718	3	11	689
1911	C	4	24	478	4	17	417
1912	D	1	4	815	1	11	720
1913	D	2	4	604	2	11	931
1914	A	3	24	503	3	11	496
1915	C	4	24	762	4	17	645
1916	C	1	4	815	1	11	848
1917	A	2	4	827	2	11	828
1918	D	3	24	592	3	11	943
1919	A	4	24	118	4	17	113
1920	A	1	4	63	1	11	56
1921	C	2	20	382	2	1	257
1922	C	3	8	286	3	23	353
1923	C	4	12	260	4	23	379
1924	D	1	20	231	1	13	280
1925	A	2	20	375	2	1	368
1926	D	3	8	461	3	23	50
1927	A	4	12	789	4	23	786
1928	A	1	20	925	1	13	922
1929	D	2	20	649	2	1	886
1930	C	3	8	79	3	23	48
1931	C	4	12	878	4	23	785
1932	B	1	20	546	1	13	573
1933	B	2	20	272	2	1	271
1934	C	3	8	780	3	23	883
1935	B	4	12	789	4	23	778
1936	D	1	20	759	1	13	776
1937	D	2	20	266	2	1	245
1938	A	3	8	449	3	23	454
1939	A	4	12	980	4	23	979
1940	D	1	20	364	1	13	147
1941	A	2	24	750	2	23	745
1942	B	3	20	378	3	9	357
1943	D	4	22	17	4	1	494
1944	A	1	16	409	1	21	414
1945	A	2	24	231	2	23	224
1946	D	3	20	33	3	9	478
1947	A	4	22	881	4	1	886
1948	D	1	16	961	1	21	574
1949	D	2	24	594	2	23	941
1950	C	3	20	394	3	9	501
1951	C	4	22	830	4	1	833
1952	D	1	16	297	1	21	214
1953	B	2	24	203	2	23	212
1954	B	3	20	382	3	9	353
1955	D	4	22	79	4	1	432
1956	A	1	16	878	1	21	873
1957	B	2	24	208	2	23	207
1958	C	3	20	796	3	9	867
1959	A	4	22	180	4	1	179
1960	A	1	16	290	1	21	293
1961	C	2	8	153	2	19	230
1962	B	3	16	616	3	1	631
1963	A	4	10	717	4	9	714
1964	B	1	24	621	1	23	626
1965	C	2	8	115	2	19	12
1966	B	3	16	509	3	1	482
1967	B	4	10	342	4	9	329
1968	B	1	24	884	1	23	875
1969	A	2	8	225	2	19	230
1970	A	3	16	174	3	1	169
1971	C	4	10	111	4	9	16
1972	C	1	24	923	1	23	996
1973	A	2	8	601	2	19	606
1974	B	3	16	809	3	1	822
1975	D	4	10	442	4	9	69
1976	A	1	24	937	1	23	942
1977	A	2	8	559	2	19	552
1978	C	3	16	782	3	1	881
1979	A	4	10	873	4	9	878
1980	B	1	24	4	1	23	27
1981	C	2	14	440	2	15	455
1982	A	3	18	175	3	17	168
1983	D	4	14	477	4	19	34
1984	B	1	14	247	1	17	232
1985	D	2	14	372	2	15	139
1986	C	3	18	925	3	17	994
1987	D	4	14	282	4	19	229
1988	D	1	14	237	1	17	274
1989	A	2	14	660	2	15	659
1990	B	3	18	172	3	17	179
1991	A	4	14	262	4	19	257
1992	C	1	14	536	1	17	615
1993	C	2	14	877	2	15	786
1994	B	3	18	868	3	17	891
1995	D	4	14	911	4	19	624
1996	B	1	14	603	1	17	580
1997	D	2	14	691	2	15	844
1998	C	3	18	842	3	17	821
1999	D	4	14	381	4	19	130
2000	B	1	14	871	1	17	888
2001	A	2	10	377	2	11	382
2002	A	3	22	801	3	7	806
2003	C	4	6	743	4	21	664
2004	D	1	18	698	1	19	837
2005	B	2	10	28	2	11	3
2006	D	3	22	842	3	7	693
2007	B	4	6	32	4	21	63
2008	C	1	18	518	1	19	633
2009	A	2	10	658	2	11	661
2010	D	3	22	20	3	7	491
2011	D	4	6	283	4	21	228
2012	B	1	18	120	1	19	103
2013	B	2	10	243	2	11	236
2014	B	3	22	667	3	7	644
2015	B	4	6	442	4	21	421
2016	A	1	18	381	1	19	378
2017	B	2	10	906	2	11	917
2018	D	3	22	757	3	7	778
2019	C	4	6	812	4	21	851
2020	D	1	18	94	1	19	417
2021	A	2	2	42	2	21	45
2022	C	3	12	819	3	3	844
2023	D	4	18	418	4	15	93
2024	D	1	8	225	1	1	286
2025	D	2	2	892	2	21	643
2026	A	3	12	262	3	3	257
2027	D	4	18	651	4	15	884
2028	A	1	8	403	1	1	404
2029	C	2	2	124	2	21	3
2030	A	3	12	725	3	3	722
2031	C	4	18	390	4	15	505
2032	C	1	8	276	1	1	363
2033	C	2	2	981	2	21	938
2034	D	3	12	557	3	3	978
2035	A	4	18	400	4	15	407
2036	D	1	8	803	1	1	732
2037	A	2	2	137	2	21	142
2038	D	3	12	283	3	3	228
2039	A	4	18	324	4	15	323
2040	A	1	8	855	1	1	848
2041	A	2	12	986	2	9	989
2042	D	3	14	1016	3	5	519
2043	D	4	4	370	4	11	141
2044	A	1	2	483	1	11	484
2045	D	2	12	139	2	9	372
2046	B	3	14	673	3	5	702
2047	B	4	4	172	4	11	179
2048	A	1	2	636	1	11	635
2049	B	2	12	901	2	9	922
2050	B	3	14	952	3	5	935
2051	D	4	4	75	4	11	436
2052	A	1	2	354	1	11	357
2053	C	2	12	789	2	9	874
2054	A	3	14	468	3	5	467
2055	B	4	4	432	4	11	431
2056	C	1	2	631	1	11	520
2057	A	2	12	495	2	9	488
2058	A	3	14	534	3	5	529
2059	C	4	4	483	4	11	412
2060	A	1	2	671	1	11	664
2061	B	2	22	122	2	7	101
2062	C	3	2	676	3	13	731
2063	D	4	8	973	4	3	562
2064	A	1	22	31	1	13	24
2065	C	2	22	324	2	7	315
2066	B	3	2	315	3	13	292
2067	D	4	8	199	4	3	312
2068	B	1	22	443	1	13	420
2069	A	2	22	42	2	7	45
2070	A	3	2	212	3	13	211
2071	C	4	8	797	4	3	866
2072	D	1	22	556	1	13	979
2073	B	2	22	85	2	7	74
2074	C	3	2	2	3	13	125
2075	B	4	8	286	4	3	257
2076	C	1	22	207	1	13	176
2077	B	2	22	932	2	7	955
2078	C	3	2	68	3	13	59
2079	A	4	8	456	4	3	463
2080	B	1	22	440	1	13	423
2081	B	2	6	703	2	5	672
2082	A	3	10	625	3	11	630
2083	A	4	2	611	4	17	612
2084	D	1	10	349	1	5	162
2085	C	2	6	389	2	5	506
2086	C	3	10	100	3	11	27
2087	B	4	2	640	4	17	671
2088	D	1	10	508	1	5	3
2089	A	2	6	992	2	5	999
2090	C	3	10	868	3	11	795
2091	B	4	2	663	4	17	648
2092	C	1	10	541	1	5	610
2093	D	2	6	664	2	5	871
2094	B	3	10	250	3	11	229
2095	C	4	2	192	4	17	191
2096	D	1	10	647	1	5	888
2097	D	2	6	65	2	5	446
2098	B	3	10	789	3	11	778
2099	B	4	2	980	4	17	971
2100	D	1	10	260	1	5	251
2101	D	2	18	258	2	17	253
2102	C	3	4	318	3	15	321
2103	B	4	16	761	4	13	742
2104	A	1	16	254	1	23	249
2105	B	2	18	518	2	17	537
2106	D	3	4	535	3	15	1000
2107	D	4	16	686	4	13	849
2108	B	1	16	150	1	23	137
2109	C	2	18	115	2	17	12
2110	D	3	4	138	3	15	373
2111	C	4	16	771	4	13	892
2112	A	1	16	162	1	23	165
2113	C	2	18	35	2	17	92
2114	B	3	4	336	3	15	335
2115	B	4	16	541	4	13	514
2116	B	1	16	34	1	23	61
2117	C	2	18	11	2	17	116
2118	A	3	4	468	3	15	467
2119	C	4	16	643	4	13	764
2120	C	1	16	937	1	23	982
2121	A	2	16	972	2	3	971
2122	A	3	24	637	3	19	634
2123	A	4	10	664	4	9	671
2124	C	1	6	947	1	9	972
2125	C	2	16	394	2	3	501
2126	A	3	24	995	3	19	996
2127	B	4	10	445	4	9	418
2128	D	1	6	935	1	9	600
2129	D	2	16	924	2	3	611
2130	B	3	24	571	3	19	548
2131	B	4	10	481	4	9	510
2132	A	1	6	125	1	9	122
2133	B	2	16	890	2	3	869
2134	C	3	24	99	3	19	28
2135	B	4	10	875	4	9	884
2136	A	1	6	202	1	9	205
2137	C	2	16	38	2	3	89
2138	C	3	24	475	3	19	420
2139	D	4	10	168	4	9	343
2140	D	1	6	470	1	9	41
2141	A	2	4	946	2	13	949
2142	A	3	6	908	3	23	907
2143	C	4	20	947	4	7	972
2144	D	1	12	434	1	3	77
2145	A	2	4	441	2	13	446
2146	C	3	6	126	3	23	1
2147	A	4	20	254	4	7	249
2148	D	1	12	387	1	3	124
2149	D	2	4	787	2	13	748
2150	D	3	6	959	3	23	576
2151	D	4	20	922	4	7	613
2152	C	1	12	652	1	3	755
2153	D	2	4	909	2	13	626
2154	B	3	6	534	3	23	521
2155	D	4	20	853	4	7	682
2156	B	1	12	581	1	3	602
2157	C	2	4	489	2	13	406
2158	D	3	6	297	3	23	214
2159	C	4	20	668	4	7	739
2160	C	1	12	215	1	3	168
2161	A	2	24	910	2	21	905
2162	A	3	20	612	3	9	611
2163	D	4	22	237	4	5	274
2164	A	1	20	355	1	7	356
2165	B	2	24	213	2	21	202
2166	B	3	20	284	3	9	259
2167	C	4	22	741	4	5	666
2168	B	1	20	848	1	7	847
2169	A	2	24	993	2	21	998
2170	A	3	20	456	3	9	463
2171	B	4	22	428	4	5	435
2172	C	1	20	23	1	7	104
2173	B	2	24	273	2	21	270
2174	D	3	20	139	3	9	372
2175	D	4	22	666	4	5	869
2176	B	1	20	118	1	7	105
2177	C	2	24	826	2	21	837
2178	B	3	20	3	3	9	28
2179	A	4	22	362	4	5	365
2180	D	1	20	152	1	7	359
2181	C	2	20	55	2	1	72
2182	B	3	16	733	3	17	706
2183	D	4	24	736	4	19	799
2184	D	1	4	710	1	15	825
2185	D	2	20	395	2	1	116
2186	D	3	16	424	3	17	87
2187	D	4	24	262	4	19	249
2188	A	1	4	423	1	15	416
2189	D	2	20	589	2	1	946
2190	A	3	16	938	3	17	941
2191	A	4	24	508	4	19	507
2192	D	1	4	34	1	15	477
2193	B	2	20	278	2	1	265
2194	B	3	16	948	3	17	939
2195	D	4	24	956	4	19	579
2196	D	1	4	16	1	15	495
2197	A	2	20	133	2	1	130
2198	B	3	16	517	3	17	538
2199	B	4	24	198	4	19	217
2200	A	1	4	695	1	15	688
2201	A	2	8	77	2	19	74
2202	D	3	8	817	3	21	718
2203	C	4	12	226	4	1	157
2204	B	1	14	901	1	19	922
2205	B	2	8	60	2	19	35
2206	D	3	8	291	3	21	220
2207	D	4	12	381	4	1	130
2208	A	1	14	775	1	19	768
2209	C	2	8	484	2	19	411
2210	B	3	8	478	3	21	449
2211	D	4	12	475	4	1	36
2212	C	1	14	5	1	19	122
2213	D	2	8	614	2	19	921
2214	D	3	8	779	3	21	756
2215	B	4	12	352	4	1	383
2216	B	1	14	311	1	19	296
2217	B	2	8	983	2	19	968
2218	A	3	8	911	3	21	904
2219	B	4	12	57	4	1	38
2220	A	1	14	449	1	19	454
2221	A	2	14	768	2	23	775
2222	B	3	18	372	3	7	363
2223	C	4	14	347	4	23	292
2224	A	1	24	988	1	21	987
2225	C	2	14	374	2	23	265
2226	C	3	18	127	3	7	0
2227	C	4	14	252	4	23	131
2228	C	1	24	815	1	21	848
2229	A	2	14	979	2	23	980
2230	C	3	18	109	3	7	18
2231	B	4	14	968	4	23	983
2232	C	1	24	849	1	21	814
2233	C	2	14	259	2	23	380
2234	A	3	18	309	3	7	306
2235	D	4	14	647	4	23	888
2236	D	1	24	691	1	21	844
2237	D	2	14	716	2	23	819
2238	C	3	18	830	3	7	833
2239	C	4	14	716	4	23	691
2240	B	1	24	914	1	21	909
2241	A	2	10	278	2	17	273
2242	A	3	14	645	3	5	642
2243	C	4	6	560	4	15	591
2244	B	1	18	635	1	1	612
2245	C	2	10	614	2	17	537
2246	A	3	14	328	3	5	335
2247	D	4	6	147	4	15	364
2248	A	1	18	309	1	1	306
2249	D	2	10	627	2	17	908
2250	B	3	14	252	3	5	227
2251	B	4	6	153	4	15	134
2252	A	1	18	813	1	1	810
2253	B	2	10	227	2	17	252
2254	A	3	14	379	3	5	380
2255	A	4	6	814	4	15	809
2256	A	1	18	296	1	1	303
2257	B	2	10	55	2	17	40
2258	B	3	14	619	3	5	628
2259	A	4	6	602	4	15	605
2260	D	1	18	721	1	1	814
2261	A	2	12	486	2	5	481
2262	B	3	22	203	3	3	212
2263	B	4	4	627	4	11	620
2264	A	1	2	197	1	11	194
2265	C	2	12	733	2	5	674
2266	C	3	22	208	3	3	175
2267	D	4	4	810	4	11	725
2268	A	1	2	532	1	11	531
2269	B	2	12	644	2	5	667
2270	D	3	22	375	3	3	136
2271	D	4	4	93	4	11	418
2272	B	1	2	798	1	11	769
2273	B	2	12	60	2	5	35
2274	C	3	22	666	3	3	741
2275	B	4	4	905	4	11	918
2276	A	1	2	178	1	11	181
2277	D	2	12	141	2	5	370
2278	A	3	22	871	3	3	864
2279	B	4	4	97	4	11	126
2280	B	1	2	719	1	11	720
2281	B	2	6	645	2	11	666
2282	A	3	2	113	3	15	118
2283	B	4	8	742	4	13	761
2284	D	1	8	257	1	17	254
2285	A	2	6	331	2	11	332
2286	D	3	2	886	3	15	649
2287	D	4	8	592	4	13	943
2288	A	1	8	572	1	17	571
2289	C	2	6	817	2	11	846
2290	B	3	2	684	3	15	691
2291	A	4	8	108	4	13	107
2292	D	1	8	779	1	17	756
2293	C	2	6	474	2	11	421
2294	A	3	2	399	3	15	392
2295	B	4	8	881	4	13	878
2296	A	1	8	421	1	17	418
2297	C	2	6	147	2	11	236
2298	C	3	2	639	3	15	512
2299	C	4	8	150	4	13	233
2300	A	1	8	712	1	17	719
2301	C	2	2	982	2	15	937
2302	C	3	12	62	3	1	65
2303	D	4	18	966	4	21	569
2304	D	1	6	798	1	23	737
2305	D	2	2	326	2	15	185
2306	A	3	12	286	3	1	281
2307	D	4	18	95	4	21	416
2308	B	1	6	149	1	23	138
2309	C	2	2	298	2	15	341
2310	C	3	12	698	3	1	709
2311	D	4	18	203	4	21	308
2312	A	1	6	129	1	23	134
2313	D	2	2	655	2	15	880
2314	D	3	12	76	3	1	435
2315	A	4	18	957	4	21	954
2316	A	1	6	344	1	23	351
2317	C	2	2	453	2	15	442
2318	B	3	12	841	3	1	854
2319	C	4	18	681	4	21	726
2320	B	1	6	147	1	23	140
2321	C	2	16	431	2	3	464
2322	A	3	16	35	3	9	36
2323	C	4	2	425	4	3	470
2324	B	1	10	312	1	9	295
2325	B	2	16	628	2	3	619
2326	B	3	16	706	3	9	733
2327	C	4	2	282	4	3	357
2328	A	1	10	935	1	9	928
2329	B	2	16	368	2	3	367
2330	A	3	16	286	3	9	281
2331	A	4	2	719	4	3	712
2332	C	1	10	104	1	9	23
2333	D	2	16	120	2	3	391
2334	A	3	16	847	3	9	840
2335	D	4	2	314	4	3	197
2336	D	1	10	80	1	9	431
2337	B	2	16	31	2	3	0
2338	B	3	16	321	3	9	350
2339	A	4	2	492	4	3	491
2340	B	1	10	541	1	9	514
2341	A	2	18	13	2	7	10
2342	A	3	4	202	3	19	205
2343	C	4	16	744	4	17	663
2344	D	1	22	202	1	5	309
2345	D	2	18	356	2	7	155
2346	C	3	4	715	3	19	692
2347	D	4	16	494	4	17	17
2348	C	1	22	30	1	5	97
2349	D	2	18	202	2	7	309
2350	A	3	4	774	3	19	769
2351	A	4	16	352	4	17	359
2352	B	1	22	844	1	5	851
2353	C	2	18	1023	2	7	896
2354	B	3	4	449	3	19	478
2355	C	4	16	54	4	17	73
2356	B	1	22	491	1	5	500
2357	A	2	18	393	2	7	398
2358	D	3	4	624	3	19	911
2359	A	4	16	824	4	17	831
2360	D	1	22	103	1	5	408
2361	C	2	4	107	2	1	20
2362	D	3	10	127	3	13	384
2363	A	4	10	190	4	7	185
2364	D	1	12	553	1	15	982
2365	A	2	4	153	2	1	158
2366	C	3	10	389	3	13	506
2367	C	4	10	214	4	7	169
2368	A	1	12	707	1	15	708
2369	A	2	4	868	2	1	867
2370	D	3	10	262	3	13	249
2371	C	4	10	183	4	7	200
2372	B	1	12	817	1	15	814
2373	C	2	4	282	2	1	357
2374	C	3	10	327	3	13	312
2375	A	4	10	459	4	7	460
2376	C	1	12	161	1	15	222
2377	B	2	4	810	2	1	821
2378	B	3	10	816	3	13	815
2379	D	4	10	834	4	7	701
2380	B	1	12	213	1	15	202
2381	D	2	22	636	2	9	899
2382	C	3	24	219	3	23	164
2383	B	4	20	234	4	9	245
2384	C	1	16	689	1	13	718
2385	D	2	22	256	2	9	255
2386	D	3	24	81	3	23	430
2387	D	4	20	988	4	9	547
2388	D	1	16	548	1	13	987
2389	C	2	22	373	2	9	266
2390	D	3	24	474	3	23	37
2391	A	4	20	429	4	9	426
2392	A	1	16	934	1	13	929
2393	C	2	22	110	2	9	17
2394	B	3	24	660	3	23	651
2395	A	4	20	209	4	9	214
2396	B	1	16	832	1	13	863
2397	C	2	22	701	2	9	706
2398	B	3	24	106	3	23	117
2399	C	4	20	58	4	9	69
2400	A	1	16	112	1	13	119
2401	C	2	24	681	2	13	726
2402	B	3	8	832	3	17	863
2403	B	4	14	1017	4	23	998
2404	A	1	4	887	1	21	880
2405	A	2	24	954	2	13	957
2406	A	3	8	535	3	17	528
2407	D	4	14	50	4	23	461
2408	A	1	4	561	1	21	566
2409	C	2	24	927	2	13	992
2410	B	3	8	699	3	17	676
2411	B	4	14	678	4	23	697
2412	C	1	4	297	1	21	342
2413	D	2	24	504	2	13	7
2414	B	3	8	611	3	17	636
2415	C	4	14	59	4	23	68
2416	B	1	4	41	1	21	54
2417	B	2	24	50	2	13	45
2418	D	3	8	712	3	17	823
2419	B	4	14	1	4	23	30
2420	B	1	4	42	1	21	53
2421	C	2	20	839	2	19	824
2422	B	3	20	86	3	21	73
2423	C	4	22	707	4	1	700
2424	D	1	20	485	1	3	26
2425	C	2	20	851	2	19	812
2426	B	3	20	515	3	21	540
2427	B	4	22	374	4	1	361
2428	B	1	20	270	1	3	273
2429	B	2	20	653	2	19	658
2430	D	3	20	262	3	21	249
2431	C	4	22	322	4	1	317
2432	B	1	20	978	1	3	973
2433	B	2	20	78	2	19	81
2434	B	3	20	260	3	21	283
2435	D	4	22	1016	4	1	519
2436	A	1	20	607	1	3	600
2437	B	2	20	201	2	19	214
2438	C	3	20	724	3	21	683
2439	D	4	22	97	4	1	414
2440	D	1	20	50	1	3	461
2441	C	2	14	140	2	5	243
2442	D	3	6	747	3	11	788
2443	C	4	24	438	4	19	457
2444	C	1	14	538	1	7	613
2445	B	2	14	814	2	5	817
2446	D	3	6	875	3	11	660
2447	C	4	24	750	4	19	657
2448	C	1	14	595	1	7	556
2449	A	2	14	943	2	5	936
2450	C	3	6	398	3	11	497
2451	C	4	24	969	4	19	950
2452	B	1	14	313	1	7	294
2453	B	2	14	311	2	5	296
2454	D	3	6	286	3	11	225
2455	D	4	24	459	4	19	52
2456	D	1	14	225	1	7	286
2457	C	2	14	809	2	5	854
2458	A	3	6	522	3	11	525
2459	C	4	24	1005	4	19	914
2460	B	1	14	122	1	7	101
2461	C	2	8	315	2	21	324
2462	C	3	18	528	3	1	623
2463	C	4	6	753	4	15	654
2464	A	1	24	735	1	1	728
2465	D	2	8	669	2	21	866
2466	B	3	18	620	3	1	627
2467	C	4	6	653	4	15	754
2468	D	1	24	668	1	1	867
2469	C	2	8	56	2	21	71
2470	D	3	18	801	3	1	734
2471	B	4	6	533	4	15	522
2472	D	1	24	996	1	1	539
2473	B	2	8	432	2	21	431
2474	B	3	18	774	3	1	793
2475	B	4	6	632	4	15	615
2476	A	1	24	793	1	1	798
2477	C	2	8	522	2	21	629
2478	C	3	18	696	3	1	711
2479	A	4	6	294	4	15	289
2480	A	1	24	120	1	1	127
2481	B	2	12	1022	2	15	993
2482	A	3	14	634	3	5	637
2483	C	4	12	24	4	5	103
2484	A	1	2	18	1	17	21
2485	D	2	12	673	2	15	862
2486	D	3	14	228	3	5	283
2487	C	4	12	1002	4	5	917
2488	B	1	2	453	1	17	474
2489	D	2	12	106	2	15	405
2490	C	3	14	845	3	5	818
2491	C	4	12	49	4	5	78
2492	D	1	2	742	1	17	793
2493	B	2	12	178	2	15	173
2494	A	3	14	698	3	5	701
2495	D	4	12	399	4	5	112
2496	D	1	2	120	1	17	391
2497	C	2	12	1018	2	15	901
2498	C	3	14	445	3	5	450
2499	C	4	12	260	4	5	379
2500	C	1	2	952	1	17	967
2501	A	2	18	12	2	3	11
2502	A	3	22	18	3	7	21
2503	C	4	4	529	4	21	622
2504	D	1	18	825	1	19	710
2505	A	2	18	205	2	3	202
2506	D	3	22	25	3	7	486
2507	D	4	4	73	4	21	438
2508	B	1	18	392	1	19	407
2509	A	2	18	872	2	3	879
2510	B	3	22	980	3	7	971
2511	D	4	4	1009	4	21	526
2512	D	1	18	902	1	19	633
2513	C	2	18	415	2	3	480
2514	D	3	22	852	3	7	683
2515	B	4	4	326	4	21	345
2516	D	1	18	740	1	19	795
2517	C	2	18	883	2	3	780
2518	D	3	22	384	3	7	127
2519	D	4	4	869	4	21	666
2520	D	1	18	718	1	19	817
2521	C	2	10	784	2	23	879
2522	C	3	12	118	3	15	9
2523	A	4	18	710	4	3	705
2524	A	1	6	193	1	15	198
2525	D	2	10	648	2	23	887
2526	C	3	12	16	3	15	111
2527	B	4	18	847	4	3	848
2528	C	1	6	112	1	15	15
2529	C	2	10	556	2	23	595
2530	A	3	12	139	3	15	140
2531	D	4	18	782	4	3	753
2532	C	1	6	200	1	15	183
2533	C	2	10	819	2	23	844
2534	B	3	12	386	3	15	413
2535	A	4	18	651	4	3	652
2536	A	1	6	969	1	15	974
2537	C	2	10	383	2	23	256
2538	C	3	12	329	3	15	310
2539	D	4	18	571	4	3	964
2540	B	1	6	109	1	15	114
2541	B	2	4	814	2	1	817
2542	B	3	2	344	3	3	327
2543	D	4	16	113	4	7	398
2544	A	1	8	27	1	11	28
2545	A	2	4	627	2	1	628
2546	C	3	2	947	3	3	972
2547	B	4	16	132	4	7	155
2548	D	1	8	270	1	11	241
2549	B	2	4	892	2	1	867
2550	C	3	2	1023	3	3	896
2551	A	4	16	374	4	7	369
2552	A	1	8	785	1	11	790
2553	C	2	4	332	2	1	307
2554	D	3	2	441	3	3	70
2555	A	4	16	512	4	7	519
2556	D	1	8	12	1	11	499
2557	C	2	4	727	2	1	680
2558	C	3	2	496	3	3	399
2559	A	4	16	434	4	7	437
2560	C	1	8	842	1	11	821
2561	D	2	2	227	2	11	284
2562	D	3	16	250	3	19	261
2563	D	4	8	565	4	11	970
2564	A	1	12	664	1	3	671
2565	A	2	2	490	2	11	493
2566	C	3	16	3	3	19	124
2567	A	4	8	131	4	11	132
2568	A	1	12	174	1	3	169
2569	D	2	2	970	2	11	565
2570	B	3	16	90	3	19	69
2571	C	4	8	415	4	11	480
2572	A	1	12	507	1	3	508
2573	D	2	2	437	2	11	74
2574	A	3	16	231	3	19	224
2575	D	4	8	233	4	11	278
2576	D	1	12	870	1	3	665
2577	A	2	2	814	2	11	809
2578	A	3	16	148	3	19	147
2579	C	4	8	822	4	11	841
2580	C	1	12	802	1	3	861
2581	A	2	20	340	2	21	339
2582	A	3	10	145	3	21	150
2583	D	4	2	920	4	13	615
2584	C	1	20	924	1	7	995
2585	B	2	20	270	2	21	273
2586	B	3	10	479	3	21	448
2587	C	4	2	1001	4	13	918
2588	B	1	20	853	1	7	842
2589	A	2	20	91	2	21	92
2590	B	3	10	592	3	21	591
2591	D	4	2	329	4	13	182
2592	D	1	20	27	1	7	484
2593	B	2	20	781	2	21	786
2594	C	3	10	134	3	21	249
2595	C	4	2	414	4	13	481
2596	A	1	20	462	1	7	457
2597	B	2	20	566	2	21	553
2598	C	3	10	102	3	21	25
2599	B	4	2	125	4	13	98
2600	B	1	20	669	1	7	642
2601	B	2	24	206	2	13	209
2602	B	3	4	95	3	13	64
2603	B	4	20	45	4	1	50
2604	C	1	22	275	1	13	364
2605	A	2	24	304	2	13	311
2606	C	3	4	825	3	13	838
2607	B	4	20	628	4	1	619
2608	D	1	22	403	1	13	108
2609	B	2	24	889	2	13	870
2610	C	3	4	320	3	13	319
2611	D	4	20	509	4	1	2
2612	A	1	22	285	1	13	282
2613	C	2	24	231	2	13	152
2614	B	3	4	1017	3	13	998
2615	C	4	20	283	4	1	356
2616	C	1	22	989	1	13	930
2617	D	2	24	112	2	13	399
2618	D	3	4	11	3	13	500
2619	A	4	20	912	4	1	919
2620	B	1	22	931	1	13	956
2621	C	2	6	1018	2	17	901
2622	B	3	8	45	3	9	50
2623	C	4	14	669	4	5	738
2624	C	1	4	755	1	23	652
2625	D	2	6	613	2	17	922
2626	D	3	8	703	3	9	832
2627	B	4	14	721	4	5	718
2628	D	1	4	487	1	23	24
2629	D	2	6	549	2	17	986
2630	D	3	8	755	3	9	780
2631	A	4	14	937	4	5	942
2632	B	1	4	365	1	23	370
2633	D	2	6	143	2	17	368
2634	B	3	8	589	3	9	594
2635	B	4	14	597	4	5	586
2636	C	1	4	926	1	23	993
2637	C	2	6	701	2	17	706
2638	A	3	8	635	3	9	636
2639	D	4	14	808	4	5	727
2640	B	1	4	8	1	23	23
2641	D	2	16	767	2	9	768
2642	D	3	24	252	3	23	259
2643	B	4	22	267	4	15	276
2644	B	1	10	925	1	5	898
2645	C	2	16	695	2	9	712
2646	B	3	24	256	3	23	287
2647	A	4	22	600	4	15	607
2648	D	1	10	612	1	5	923
2649	C	2	16	126	2	9	1
2650	C	3	24	549	3	23	602
2651	C	4	22	306	4	15	333
2652	C	1	10	887	1	5	776
2653	C	2	16	987	2	9	932
2654	D	3	24	742	3	23	793
2655	C	4	22	780	4	15	883
2656	D	1	10	41	1	5	470
2657	D	2	16	71	2	9	440
2658	A	3	24	76	3	23	75
2659	B	4	22	323	4	15	348
2660	C	1	10	243	1	5	140
2661	B	2	22	464	2	7	463
2662	D	3	20	683	3	11	852
2663	D	4	10	753	4	17	782
2664	D	1	16	822	1	9	713
2665	C	2	22	871	2	7	792
2666	D	3	20	918	3	11	617
2667	C	4	10	431	4	17	464
2668	A	1	16	710	1	9	705
2669	C	2	22	189	2	7	194
2670	C	3	20	329	3	11	310
2671	D	4	10	427	4	17	84
2672	C	1	16	559	1	9	592
2673	D	2	22	736	2	7	799
2674	A	3	20	347	3	11	348
2675	A	4	10	289	4	17	294
2676	B	1	16	49	1	9	46
2677	C	2	22	778	2	7	885
2678	A	3	20	598	3	11	593
2679	D	4	10	259	4	17	252
2680	D	1	16	6	1	9	505
2681	C	2	14	300	2	5	339
2682	A	3	6	79	3	17	72
2683	D	4	24	923	4	19	612
2684	B	1	24	220	1	19	195
2685	B	2	14	406	2	5	393
2686	A	3	6	506	3	17	509
2687	C	4	24	513	4	19	638
2688	B	1	24	289	1	19	318
2689	B	2	14	772	2	5	795
2690	D	3	6	190	3	17	321
2691	A	4	24	767	4	19	760
2692	B	1	24	67	1	19	92
2693	D	2	14	334	2	5	177
2694	D	3	6	127	3	17	384
2695	D	4	24	888	4	19	647
2696	C	1	24	647	1	19	760
2697	B	2	14	607	2	5	576
2698	A	3	6	561	3	17	566
2699	A	4	24	741	4	19	738
2700	B	1	24	502	1	19	489
2701	D	2	8	677	2	19	858
2702	C	3	18	254	3	7	129
2703	B	4	12	184	4	23	167
2704	C	1	14	415	1	21	480
2705	C	2	8	752	2	19	655
2706	B	3	18	111	3	7	112
2707	D	4	12	140	4	23	371
2708	C	1	14	773	1	21	890
2709	D	2	8	911	2	19	624
2710	D	3	18	511	3	7	0
2711	A	4	12	156	4	23	155
2712	D	1	14	582	1	21	953
2713	D	2	8	601	2	19	934
2714	A	3	18	746	3	7	749
2715	C	4	12	539	4	23	612
2716	A	1	14	595	1	21	596
2717	A	2	8	153	2	19	158
2718	B	3	18	982	3	7	969
2719	D	4	12	64	4	23	447
2720	C	1	14	465	1	21	430
2721	A	2	4	612	2	9	611
2722	A	3	12	442	3	19	445
2723	D	4	6	39	4	9	472
2724	A	1	2	817	1	1	822
2725	D	2	4	948	2	9	587
2726	C	3	12	134	3	19	249
2727	D	4	6	633	4	9	902
2728	C	1	2	317	1	1	322
2729	D	2	4	140	2	9	371
2730	C	3	12	548	3	19	603
2731	D	4	6	127	4	9	384
2732	D	1	2	599	1	1	936
2733	B	2	4	385	2	9	414
2734	A	3	12	141	3	19	138
2735	D	4	6	126	4	9	385
2736	D	1	2	913	1	1	622
2737	A	2	4	17	2	9	22
2738	C	3	12	710	3	19	697
2739	D	4	6	228	4	9	283
2740	B	1	2	787	1	1	780
2741	A	2	18	149	2	17	146
2742	D	3	14	420	3	1	91
2743	A	4	16	592	4	13	599
2744	B	1	8	518	1	7	537
2745	D	2	18	7	2	17	504
2746	D	3	14	716	3	1	819
2747	A	4	16	415	4	13	408
2748	A	1	8	554	1	7	557
2749	A	2	18	359	2	17	352
2750	C	3	14	624	3	1	527
2751	B	4	16	865	4	13	894
2752	B	1	8	881	1	7	878
2753	D	2	18	402	2	17	109
2754	C	3	14	214	3	1	169
2755	A	4	16	892	4	13	891
2756	B	1	8	204	1	7	211
2757	C	2	18	453	2	17	442
2758	B	3	14	25	3	1	6
2759	D	4	16	344	4	13	167
2760	A	1	8	879	1	7	872
2761	C	2	20	712	2	3	695
2762	D	3	4	277	3	23	234
2763	A	4	4	407	4	21	400
2764	A	1	20	544	1	13	551
2765	C	2	20	766	2	3	641
2766	A	3	4	173	3	23	170
2767	C	4	4	992	4	21	927
2768	B	1	20	107	1	13	116
2769	B	2	20	867	2	3	892
2770	C	3	4	555	3	23	596
2771	D	4	4	654	4	21	881
2772	A	1	20	204	1	13	203
2773	A	2	20	182	2	3	177
2774	A	3	4	358	3	23	353
2775	D	4	4	1023	4	21	512
2776	D	1	20	469	1	13	42
2777	C	2	20	636	2	3	515
2778	B	3	4	625	3	23	622
2779	A	4	4	374	4	21	369
2780	B	1	20	438	1	13	425
2781	C	2	10	841	2	15	822
2782	C	3	10	237	3	21	146
2783	D	4	18	748	4	3	787
2784	D	1	6	284	1	11	227
2785	C	2	10	254	2	15	129
2786	D	3	10	498	3	21	13
2787	A	4	18	262	4	3	257
2788	B	1	6	928	1	11	959
2789	C	2	10	111	2	15	16
2790	B	3	10	1016	3	21	999
2791	C	4	18	814	4	3	849
2792	D	1	6	412	1	11	99
2793	B	2	10	711	2	15	728
2794	C	3	10	280	3	21	359
2795	A	4	18	111	4	3	104
2796	A	1	6	171	1	11	172
2797	D	2	10	155	2	15	356
2798	B	3	10	651	3	21	660
2799	C	4	18	401	4	3	494
2800	B	1	6	320	1	11	351
2801	D	2	12	767	2	23	768
2802	C	3	16	472	3	15	423
2803	D	4	2	545	4	7	990
2804	A	1	22	877	1	23	874
2805	C	2	12	758	2	23	649
2806	C	3	16	268	3	15	371
2807	A	4	2	715	4	7	716
2808	B	1	22	55	1	23	40
2809	D	2	12	288	2	23	223
2810	C	3	16	270	3	15	369
2811	C	4	2	597	4	7	554
2812	A	1	22	203	1	23	204
2813	B	2	12	676	2	23	699
2814	D	3	16	775	3	15	760
2815	B	4	2	303	4	7	304
2816	B	1	22	298	1	23	309
2817	D	2	12	25	2	23	486
2818	B	3	16	334	3	15	337
2819	B	4	2	685	4	7	690
2820	D	1	22	395	1	23	116
2821	B	2	2	973	2	11	978
2822	D	3	22	641	3	5	894
2823	B	4	20	574	4	17	545
2824	B	1	12	437	1	15	426
2825	C	2	2	1009	2	11	910
2826	D	3	22	509	3	5	2
2827	C	4	20	16	4	17	111
2828	A	1	12	894	1	15	889
2829	D	2	2	926	2	11	609
2830	D	3	22	968	3	5	567
2831	B	4	20	87	4	17	72
2832	D	1	12	672	1	15	863
2833	B	2	2	323	2	11	348
2834	B	3	22	92	3	5	67
2835	C	4	20	170	4	17	213
2836	C	1	12	340	1	15	299
2837	D	2	2	28	2	11	483
2838	C	3	22	398	3	5	497
2839	C	4	20	937	4	17	982
2840	A	1	12	426	1	15	429
2841	D	2	6	658	2	21	877
2842	D	3	8	238	3	9	273
2843	D	4	8	122	4	11	389
2844	A	1	18	969	1	17	974
2845	C	2	6	41	2	21	86
2846	A	3	8	932	3	9	931
2847	D	4	8	995	4	11	540
2848	C	1	18	2	1	17	125
2849	B	2	6	880	2	21	879
2850	A	3	8	502	3	9	497
2851	D	4	8	150	4	11	361
2852	A	1	18	433	1	17	438
2853	B	2	6	1023	2	21	992
2854	B	3	8	216	3	9	199
2855	C	4	8	134	4	11	249
2856	D	1	18	474	1	17	37
2857	A	2	6	786	2	21	789
2858	D	3	8	235	3	9	276
2859	B	4	8	989	4	11	962
2860	C	1	18	598	1	17	553
2861	A	2	24	638	2	1	633
2862	D	3	2	215	3	3	296
2863	C	4	14	405	4	15	490
2864	B	1	10	450	1	9	477
2865	C	2	24	6	2	1	121
2866	C	3	2	11	3	3	116
2867	B	4	14	269	4	15	274
2868	D	1	10	605	1	9	930
2869	C	2	24	782	2	1	881
2870	D	3	2	146	3	3	365
2871	B	4	14	569	4	15	550
2872	B	1	10	912	1	9	911
2873	B	2	24	590	2	1	593
2874	D	3	2	781	3	3	754
2875	A	4	14	36	4	15	35
2876	A	1	10	184	1	9	191
2877	D	2	24	862	2	1	673
2878	C	3	2	508	3	3	387
2879	D	4	14	855	4	15	680
2880	B	1	10	668	1	9	643
2881	C	2	16	706	2	13	701
2882	D	3	6	412	3	17	99
2883	A	4	22	467	4	1	468
2884	C	1	4	483	1	5	412
2885	D	2	16	1007	2	13	528
2886	B	3	6	497	3	17	494
2887	D	4	22	44	4	1	467
2888	C	1	4	331	1	5	308
2889	B	2	16	86	2	13	73
2890	C	3	6	299	3	17	340
2891	B	4	22	861	4	1	834
2892	B	1	4	908	1	5	915
2893	C	2	16	730	2	13	677
2894	A	3	6	827	3	17	828
2895	D	4	22	893	4	1	642
2896	D	1	4	356	1	5	155
2897	A	2	16	800	2	13	807
2898	C	3	6	845	3	17	818
2899	C	4	22	662	4	1	745
2900	A	1	4	528	1	5	535
2901	B	2	14	416	2	19	447
2902	A	3	20	733	3	11	730
2903	B	4	10	970	4	5	981
2904	B	1	16	401	1	3	398
2905	B	2	14	187	2	19	164
2906	B	3	20	1017	3	11	998
2907	C	4	10	772	4	5	891
2908	B	1	16	108	1	3	115
2909	A	2	14	781	2	19	778
2910	D	3	20	289	3	11	222
2911	A	4	10	682	4	5	685
2912	D	1	16	803	1	3	732
2913	B	2	14	792	2	19	775
2914	C	3	20	343	3	11	296
2915	D	4	10	724	4	5	811
2916	A	1	16	449	1	3	454
2917	C	2	14	361	2	19	278
2918	C	3	20	96	3	11	31
2919	D	4	10	808	4	5	727
2920	D	1	16	495	1	3	16
2921	D	2	22	813	2	7	722
2922	C	3	24	459	3	13	436
2923	D	4	24	124	4	23	387
2924	D	1	24	730	1	21	805
2925	C	2	22	195	2	7	188
2926	D	3	24	603	3	13	932
2927	A	4	24	199	4	23	192
2928	B	1	24	506	1	21	485
2929	C	2	22	924	2	7	995
2930	B	3	24	909	3	13	914
2931	B	4	24	799	4	23	768
2932	B	1	24	661	1	21	650
2933	C	2	22	42	2	7	85
2934	C	3	24	596	3	13	555
2935	D	4	24	372	4	23	139
2936	C	1	24	209	1	21	174
2937	B	2	22	197	2	7	218
2938	D	3	24	960	3	13	575
2939	B	4	24	545	4	23	574
2940	B	1	24	82	1	21	77
2941	B	2	8	32	2	23	63
2942	A	3	4	371	3	15	372
2943	C	4	12	416	4	19	479
2944	D	1	14	865	1	19	670
2945	C	2	8	851	2	23	812
2946	D	3	4	352	3	15	159
2947	C	4	12	290	4	19	349
2948	A	1	14	928	1	19	935
2949	B	2	8	764	2	23	739
2950	A	3	4	402	3	15	405
2951	D	4	12	615	4	19	920
2952	C	1	14	135	1	19	248
2953	A	2	8	453	2	23	450
2954	A	3	4	797	3	15	794
2955	D	4	12	285	4	19	226
2956	D	1	14	621	1	19	914
2957	C	2	8	684	2	23	723
2958	A	3	4	721	3	15	726
2959	B	4	12	350	4	19	321
2960	C	1	14	818	1	19	845
2961	C	2	4	858	2	5	805
2962	B	3	18	138	3	5	149
2963	D	4	6	395	4	9	116
2964	B	1	8	878	1	11	881
2965	C	2	4	641	2	5	766
2966	D	3	18	317	3	5	194
2967	C	4	6	84	4	9	43
2968	D	1	8	273	1	11	238
2969	A	2	4	996	2	5	995
2970	B	3	18	778	3	5	789
2971	A	4	6	880	4	9	887
2972	C	1	8	634	1	11	517
2973	C	2	4	1015	2	5	904
2974	D	3	18	353	3	5	158
2975	A	4	6	827	4	9	828
2976	B	1	8	568	1	11	551
2977	B	2	4	391	2	5	408
2978	B	3	18	764	3	5	739
2979	B	4	6	637	4	9	610
2980	A	1	8	936	1	11	943
2981	B	2	20	874	2	17	885
2982	B	3	8	872	3	17	887
2983	B	4	4	772	4	11	795
2984	B	1	2	964	1	1	987
2985	A	2	20	181	2	17	178
2986	A	3	8	336	3	17	343
2987	A	4	4	152	4	11	159
2988	D	1	2	830	1	1	705
2989	D	2	20	286	2	17	225
2990	C	3	8	730	3	17	677
2991	C	4	4	70	4	11	57
2992	D	1	2	860	1	1	675
2993	C	2	20	324	2	17	315
2994	B	3	8	514	3	17	541
2995	A	4	4	924	4	11	923
2996	C	1	2	645	1	1	762
2997	B	2	20	478	2	17	449
2998	B	3	8	414	3	17	385
2999	C	4	4	774	4	11	889
3000	B	1	2	604	1	1	579
3001	A	2	12	794	2	7	797
3002	C	3	10	245	3	21	138
3003	A	4	14	438	4	1	433
3004	A	1	12	12	1	23	11
3005	C	2	12	722	2	7	685
3006	A	3	10	357	3	21	354
3007	B	4	14	423	4	1	440
3008	C	1	12	875	1	23	788
3009	A	2	12	964	2	7	963
3010	A	3	10	979	3	21	980
3011	A	4	14	115	4	1	116
3012	C	1	12	235	1	23	148
3013	B	2	12	784	2	7	783
3014	B	3	10	0	3	21	31
3015	A	4	14	913	4	1	918
3016	B	1	12	514	1	23	541
3017	A	2	12	216	2	7	223
3018	C	3	10	117	3	21	10
3019	A	4	14	213	4	1	210
3020	A	1	12	284	1	23	283
3021	A	2	18	388	2	15	387
3022	D	3	16	479	3	3	32
3023	C	4	16	352	4	21	287
3024	B	1	10	594	1	9	589
3025	A	2	18	468	2	15	467
3026	B	3	16	538	3	3	517
3027	D	4	16	552	4	21	983
3028	A	1	10	263	1	9	256
3029	D	2	18	630	2	15	905
3030	D	3	16	682	3	3	853
3031	B	4	16	424	4	21	439
3032	C	1	10	1018	1	9	901
3033	B	2	18	115	2	15	108
3034	A	3	16	785	3	3	790
3035	D	4	16	432	4	21	79
3036	A	1	10	342	1	9	337
3037	D	2	18	627	2	15	908
3038	B	3	16	1019	3	3	996
3039	B	4	16	541	4	21	514
3040	C	1	10	381	1	9	258
3041	C	2	10	474	2	11	421
3042	A	3	22	555	3	19	556
3043	D	4	18	634	4	3	901
3044	B	1	22	661	1	13	650
3045	C	2	10	142	2	11	241
3046	D	3	22	399	3	19	112
3047	A	4	18	493	4	3	490
3048	A	1	22	7	1	13	0
3049	C	2	10	708	2	11	699
3050	C	3	22	73	3	19	54
3051	A	4	18	97	4	3	102
3052	D	1	22	397	1	13	114
3053	B	2	10	152	2	11	135
3054	A	3	22	868	3	19	867
3055	D	4	18	938	4	3	597
3056	C	1	22	31	1	13	96
3057	A	2	10	378	2	11	381
3058	D	3	22	1018	3	19	517
3059	C	4	18	650	4	3	757
3060	A	1	22	204	1	13	203
3061	B	2	16	187	2	1	164
3062	D	3	12	60	3	7	451
3063	C	4	20	160	4	7	223
3064	C	1	6	100	1	15	27
3065	A	2	16	892	2	1	891
3066	C	3	12	692	3	7	715
3067	C	4	20	805	4	7	858
3068	B	1	6	723	1	15	716
3069	A	2	16	227	2	1	228
3070	D	3	12	27	3	7	484
3071	C	4	20	874	4	7	789
3072	C	1	6	83	1	15	44
3073	C	2	16	378	2	1	261
3074	A	3	12	861	3	7	858
3075	A	4	20	343	4	7	336
3076	D	1	6	511	1	15	0
3077	B	2	16	784	2	1	783
3078	C	3	12	54	3	7	73
3079	A	4	20	950	4	7	945
3080	A	1	6	373	1	15	370
3081	B	2	6	269	2	21	274
3082	C	3	6	396	3	11	499
3083	D	4	2	951	4	13	584
3084	C	1	4	1009	1	3	910
3085	C	2	6	397	2	21	498
3086	B	3	6	887	3	11	872
3087	D	4	2	379	4	13	132
3088	B	1	4	768	1	3	799
3089	A	2	6	400	2	21	407
3090	A	3	6	792	3	11	799
3091	A	4	2	645	4	13	642
3092	A	1	4	949	1	3	946
3093	C	2	6	259	2	21	380
3094	C	3	6	680	3	11	727
3095	C	4	2	319	4	13	320
3096	A	1	4	736	1	3	743
3097	B	2	6	764	2	21	739
3098	B	3	6	321	3	11	350
3099	B	4	2	144	4	13	143
3100	C	1	4	840	1	3	823
3101	D	2	2	194	2	9	317
3102	D	3	14	296	3	1	215
3103	B	4	22	628	4	15	619
3104	C	1	20	13	1	17	114
3105	A	2	2	820	2	9	819
3106	C	3	14	826	3	1	837
3107	A	4	22	237	4	15	234
3108	B	1	20	712	1	17	727
3109	C	2	2	144	2	9	239
3110	D	3	14	710	3	1	825
3111	A	4	22	712	4	15	719
3112	D	1	20	553	1	17	982
3113	C	2	2	538	2	9	613
3114	C	3	14	17	3	1	110
3115	A	4	22	502	4	15	497
3116	B	1	20	825	1	17	806
3117	A	2	2	42	2	9	45
3118	D	3	14	179	3	1	332
3119	A	4	22	788	4	15	787
3120	D	1	20	583	1	17	952
3121	B	2	22	805	2	19	826
3122	A	3	2	939	3	13	940
3123	B	4	8	798	4	17	769
3124	B	1	18	509	1	7	482
3125	A	2	22	899	2	19	900
3126	D	3	2	168	3	13	343
3127	B	4	8	842	4	17	853
3128	C	1	18	468	1	7	427
3129	A	2	22	488	2	19	495
3130	B	3	2	179	3	13	172
3131	D	4	8	432	4	17	79
3132	C	1	18	837	1	7	826
3133	B	2	22	415	2	19	384
3134	D	3	2	45	3	13	466
3135	B	4	8	722	4	17	717
3136	D	1	18	295	1	7	216
3137	B	2	22	191	2	19	160
3138	A	3	2	197	3	13	194
3139	D	4	8	839	4	17	696
3140	C	1	18	602	1	7	549
3141	A	2	14	598	2	13	593
3142	C	3	20	277	3	23	362
3143	D	4	24	649	4	9	886
3144	D	1	24	825	1	21	710
3145	C	2	14	77	2	13	50
3146	B	3	20	824	3	23	807
3147	B	4	24	359	4	9	376
3148	B	1	24	963	1	21	988
3149	A	2	14	988	2	13	987
3150	B	3	20	77	3	23	82
3151	B	4	24	26	4	9	5
3152	C	1	24	653	1	21	754
3153	A	2	14	55	2	13	48
3154	C	3	20	1005	3	23	914
3155	B	4	24	130	4	9	157
3156	B	1	24	204	1	21	211
3157	B	2	14	84	2	13	75
3158	B	3	20	366	3	23	369
3159	B	4	24	834	4	9	861
3160	A	1	24	196	1	21	195
3161	B	2	24	493	2	3	498
3162	A	3	24	316	3	9	315
3163	C	4	10	46	4	23	81
3164	A	1	16	491	1	5	492
3165	C	2	24	76	2	3	51
3166	C	3	24	342	3	9	297
3167	A	4	10	130	4	23	133
3168	C	1	16	662	1	5	745
3169	A	2	24	925	2	3	922
3170	D	3	24	986	3	9	549
3171	B	4	10	70	4	23	89
3172	D	1	16	435	1	5	76
3173	D	2	24	260	2	3	251
3174	C	3	24	188	3	9	195
3175	A	4	10	553	4	23	558
3176	B	1	16	780	1	5	787
3177	C	2	24	43	2	3	84
3178	B	3	24	632	3	9	615
3179	C	4	10	199	4	23	184
3180	C	1	16	482	1	5	413
3181	A	2	8	423	2	23	416
3182	C	3	4	516	3	5	635
3183	A	4	4	785	4	11	790
3184	D	1	14	123	1	19	388
3185	B	2	8	392	2	23	407
3186	A	3	4	381	3	5	378
3187	D	4	4	615	4	11	920
3188	C	1	14	61	1	19	66
3189	A	2	8	252	2	23	251
3190	C	3	4	613	3	5	538
3191	A	4	4	127	4	11	120
3192	C	1	14	47	1	19	80
3193	D	2	8	298	2	23	213
3194	D	3	4	99	3	5	412
3195	B	4	4	192	4	11	223
3196	C	1	14	878	1	19	785
3197	D	2	8	287	2	23	224
3198	C	3	4	949	3	5	970
3199	C	4	4	784	4	11	879
3200	C	1	14	824	1	19	839
3201	B	2	4	286	2	15	257
3202	B	3	10	254	3	15	225
3203	D	4	2	480	4	15	31
3204	D	1	8	954	1	1	581
3205	A	2	4	974	2	15	969
3206	C	3	10	895	3	15	768
3207	B	4	2	236	4	15	243
3208	D	1	8	960	1	1	575
3209	C	2	4	442	2	15	453
3210	A	3	10	203	3	15	204
3211	B	4	2	516	4	15	539
3212	A	1	8	590	1	1	585
3213	C	2	4	351	2	15	288
3214	C	3	10	293	3	15	346
3215	B	4	2	410	4	15	389
3216	B	1	8	881	1	1	878
3217	B	2	4	954	2	15	933
3218	C	3	10	317	3	15	322
3219	A	4	2	494	4	15	489
3220	D	1	8	976	1	1	559
3221	A	2	12	360	2	9	367
3222	D	3	18	372	3	7	139
3223	C	4	12	78	4	5	49
3224	C	1	10	59	1	13	68
3225	C	2	12	358	2	9	281
3226	B	3	18	100	3	7	123
3227	D	4	12	205	4	5	306
3228	B	1	10	44	1	13	51
3229	D	2	12	699	2	9	836
3230	A	3	18	875	3	7	876
3231	D	4	12	861	4	5	674
3232	D	1	10	630	1	13	905
3233	A	2	12	192	2	9	199
3234	D	3	18	454	3	7	57
3235	C	4	12	826	4	5	837
3236	B	1	10	351	1	13	320
3237	A	2	12	922	2	9	925
3238	D	3	18	485	3	7	26
3239	C	4	12	216	4	5	167
3240	B	1	10	918	1	13	905
3241	C	2	20	674	2	5	733
3242	B	3	8	359	3	1	376
3243	A	4	18	122	4	7	125
3244	D	1	2	748	1	11	787
3245	A	2	20	546	2	5	549
3246	C	3	8	21	3	1	106
3247	D	4	18	989	4	7	546
3248	D	1	2	565	1	11	970
3249	C	2	20	293	2	5	346
3250	B	3	8	206	3	1	209
3251	B	4	18	348	4	7	323
3252	B	1	2	963	1	11	988
3253	C	2	20	729	2	5	678
3254	C	3	8	465	3	1	430
3255	D	4	18	708	4	7	827
3256	C	1	2	705	1	11	702
3257	C	2	20	1013	2	5	906
3258	C	3	8	236	3	1	147
3259	A	4	18	363	4	7	364
3260	A	1	2	328	1	11	335
3261	A	2	18	532	2	17	531
3262	D	3	16	888	3	21	647
3263	C	4	6	801	4	19	862
3264	D	1	12	420	1	17	91
3265	D	2	18	739	2	17	796
3266	C	3	16	22	3	21	105
3267	D	4	6	788	4	19	747
3268	B	1	12	558	1	17	561
3269	B	2	18	988	2	17	963
3270	B	3	16	183	3	21	168
3271	C	4	6	997	4	19	922
3272	A	1	12	589	1	17	586
3273	C	2	18	284	2	17	355
3274	B	3	16	876	3	21	883
3275	D	4	6	594	4	19	941
3276	C	1	12	320	1	17	319
3277	D	2	18	542	2	17	993
3278	A	3	16	594	3	21	597
3279	D	4	6	805	4	19	730
3280	D	1	12	983	1	17	552
3281	B	2	24	233	2	19	246
3282	B	3	22	848	3	19	847
3283	C	4	16	247	4	3	136
3284	B	1	22	302	1	15	305
3285	D	2	24	459	2	19	52
3286	A	3	22	875	3	19	876
3287	D	4	16	89	4	3	422
3288	A	1	22	210	1	15	213
3289	B	2	24	276	2	19	267
3290	D	3	22	978	3	19	557
3291	C	4	16	499	4	3	396
3292	D	1	22	436	1	15	75
3293	A	2	24	417	2	19	422
3294	D	3	22	653	3	19	882
3295	B	4	16	157	4	3	130
3296	D	1	22	836	1	15	699
3297	A	2	24	104	2	19	111
3298	A	3	22	58	3	19	61
3299	C	4	16	128	4	3	255
3300	B	1	22	388	1	15	411
3301	C	2	16	594	2	7	557
3302	B	3	14	249	3	9	230
3303	B	4	22	308	4	1	299
3304	B	1	6	65	1	23	94
3305	D	2	16	814	2	7	721
3306	C	3	14	631	3	9	520
3307	C	4	22	960	4	1	959
3308	B	1	6	628	1	23	619
3309	C	2	16	207	2	7	176
3310	C	3	14	512	3	9	639
3311	B	4	22	209	4	1	206
3312	A	1	6	761	1	23	766
3313	A	2	16	422	2	7	417
3314	B	3	14	2	3	9	29
3315	A	4	22	635	4	1	636
3316	D	1	6	38	1	23	473
3317	B	2	16	277	2	7	266
3318	B	3	14	613	3	9	634
3319	D	4	22	87	4	1	424
3320	C	1	6	189	1	23	194
3321	C	2	2	832	2	1	831
3322	B	3	2	643	3	11	668
3323	A	4	14	732	4	21	731
3324	D	1	4	503	1	9	8
3325	C	2	2	202	2	1	181
3326	C	3	2	959	3	11	960
3327	D	4	14	308	4	21	203
3328	A	1	4	408	1	9	415
3329	B	2	2	478	2	1	449
3330	B	3	2	794	3	11	773
3331	D	4	14	44	4	21	467
3332	A	1	4	164	1	9	163
3333	A	2	2	157	2	1	154
3334	B	3	2	841	3	11	854
3335	C	4	14	241	4	21	142
3336	B	1	4	36	1	9	59
3337	C	2	2	813	2	1	850
3338	C	3	2	390	3	11	505
3339	D	4	14	993	4	21	542
3340	D	1	4	15	1	9	496
3341	C	2	6	533	2	3	618
3342	C	3	12	95	3	3	32
3343	B	4	20	701	4	13	674
3344	D	1	20	144	1	7	367
3345	B	2	6	943	2	3	944
3346	C	3	12	361	3	3	278
3347	D	4	20	304	4	13	207
3348	B	1	20	465	1	7	462
3349	C	2	6	938	2	3	981
3350	C	3	12	216	3	3	167
3351	C	4	20	580	4	13	571
3352	B	1	20	597	1	7	586
3353	B	2	6	906	2	3	917
3354	B	3	12	318	3	3	289
3355	D	4	20	960	4	13	575
3356	C	1	20	827	1	7	836
3357	D	2	6	494	2	3	17
3358	B	3	12	586	3	3	597
3359	C	4	20	843	4	13	820
3360	B	1	20	28	1	7	3
3361	C	2	14	651	2	13	756
3362	C	3	6	110	3	17	17
3363	B	4	10	940	4	5	947
3364	B	1	16	507	1	21	484
3365	C	2	14	621	2	13	530
3366	B	3	6	323	3	17	348
3367	C	4	10	594	4	5	557
3368	B	1	16	335	1	21	336
3369	B	2	14	814	2	13	817
3370	D	3	6	36	3	17	475
3371	B	4	10	627	4	5	620
3372	B	1	16	438	1	21	425
3373	C	2	14	718	2	13	689
3374	B	3	6	428	3	17	435
3375	B	4	10	769	4	5	798
3376	A	1	16	843	1	21	844
3377	A	2	14	845	2	13	842
3378	D	3	6	683	3	17	852
3379	A	4	10	193	4	5	198
3380	D	1	16	961	1	21	574
3381	B	2	10	380	2	11	355
3382	D	3	20	134	3	13	377
3383	C	4	8	852	4	17	811
3384	C	1	18	75	1	3	52
3385	D	2	10	476	2	11	35
3386	D	3	20	337	3	13	174
3387	A	4	8	188	4	17	187
3388	B	1	18	755	1	3	748
3389	D	2	10	490	2	11	21
3390	B	3	20	486	3	13	505
3391	D	4	8	134	4	17	377
3392	A	1	18	363	1	3	364
3393	C	2	10	52	2	11	75
3394	A	3	20	798	3	13	793
3395	A	4	8	339	4	17	340
3396	B	1	18	316	1	3	291
3397	B	2	10	178	2	11	173
3398	B	3	20	747	3	13	756
3399	D	4	8	84	4	17	427
3400	D	1	18	36	1	3	475
3401	A	2	22	493	2	21	490
3402	C	3	24	139	3	23	244
3403	C	4	24	156	4	23	227
3404	A	1	24	632	1	5	639
3405	C	2	22	123	2	21	4
3406	A	3	24	872	3	23	879
3407	C	4	24	763	4	23	644
3408	C	1	24	360	1	5	279
3409	C	2	22	611	2	21	540
3410	B	3	24	906	3	23	917
3411	B	4	24	494	4	23	497
3412	D	1	24	793	1	5	742
3413	C	2	22	358	2	21	281
3414	C	3	24	128	3	23	255
3415	B	4	24	790	4	23	777
3416	B	1	24	942	1	5	945
3417	D	2	22	322	2	21	189
3418	C	3	24	133	3	23	250
3419	A	4	24	239	4	23	232
3420	B	1	24	253	1	5	226
3421	C	2	2	769	2	7	894
3422	A	3	2	285	3	17	282
3423	B	4	2	776	4	19	791
3424	D	1	2	57	1	11	454
3425	D	2	2	323	2	7	188
3426	A	3	2	386	3	17	389
3427	C	4	2	197	4	19	186
3428	C	1	2	167	1	11	216
3429	B	2	2	778	2	7	789
3430	B	3	2	599	3	17	584
3431	D	4	2	267	4	19	244
3432	D	1	2	555	1	11	980
3433	A	2	2	864	2	7	871
3434	D	3	2	926	3	17	609
3435	C	4	2	218	4	19	165
3436	B	1	2	801	1	11	830
3437	A	2	2	662	2	7	657
3438	D	3	2	466	3	17	45
3439	D	4	2	992	4	19	543
3440	A	1	2	353	1	11	358
3441	A	2	6	266	2	21	269
3442	B	3	6	104	3	23	119
3443	C	4	6	473	4	13	422
3444	B	1	6	845	1	23	850
3445	A	2	6	230	2	21	225
3446	A	3	6	701	3	23	698
3447	D	4	6	355	4	13	156
3448	C	1	6	333	1	23	306
3449	B	2	6	743	2	21	760
3450	C	3	6	603	3	23	548
3451	A	4	6	978	4	13	981
3452	D	1	6	444	1	23	67
3453	D	2	6	856	2	21	679
3454	B	3	6	647	3	23	664
3455	B	4	6	743	4	13	760
3456	A	1	6	646	1	23	641
3457	C	2	6	258	2	21	381
3458	C	3	6	464	3	23	431
3459	C	4	6	876	4	13	787
3460	C	1	6	893	1	23	770
3461	C	2	4	142	2	15	241
3462	D	3	4	319	3	5	192
3463	D	4	4	19	4	9	492
3464	C	1	4	167	1	7	216
3465	C	2	4	976	2	15	943
3466	D	3	4	685	3	5	850
3467	C	4	4	396	4	9	499
3468	B	1	4	521	1	7	534
3469	C	2	4	995	2	15	924
3470	A	3	4	738	3	5	741
3471	D	4	4	861	4	9	674
3472	A	1	4	939	1	7	940
3473	D	2	4	626	2	15	909
3474	D	3	4	585	3	5	950
3475	D	4	4	373	4	9	138
3476	D	1	4	378	1	7	133
3477	B	2	4	620	2	15	627
3478	C	3	4	25	3	5	102
3479	D	4	4	676	4	9	859
3480	B	1	4	483	1	7	508
3481	A	2	24	584	2	3	591
3482	B	3	24	219	3	11	196
3483	B	4	24	218	4	7	197
3484	C	1	24	61	1	5	66
3485	D	2	24	98	2	3	413
3486	A	3	24	67	3	11	68
3487	B	4	24	224	4	7	255
3488	A	1	24	255	1	5	248
3489	D	2	24	575	2	3	960
3490	A	3	24	209	3	11	214
3491	A	4	24	460	4	7	459
3492	A	1	24	619	1	5	620
3493	B	2	24	195	2	3	220
3494	C	3	24	862	3	11	801
3495	A	4	24	303	4	7	296
3496	A	1	24	287	1	5	280
3497	B	2	24	575	2	3	544
3498	B	3	24	522	3	11	533
3499	C	4	24	715	4	7	692
3500	A	1	24	998	1	5	993
3501	A	2	22	506	2	19	509
3502	C	3	22	875	3	19	788
3503	D	4	22	153	4	15	358
3504	C	1	22	842	1	13	821
3505	A	2	22	18	2	19	21
3506	C	3	22	622	3	19	529
3507	A	4	22	588	4	15	587
3508	A	1	22	614	1	13	609
3509	A	2	22	960	2	19	967
3510	B	3	22	816	3	19	815
3511	A	4	22	520	4	15	527
3512	B	1	22	843	1	13	852
3513	A	2	22	149	2	19	146
3514	C	3	22	849	3	19	814
3515	C	4	22	837	4	15	826
3516	D	1	22	682	1	13	853
3517	A	2	22	484	2	19	483
3518	C	3	22	172	3	19	211
3519	A	4	22	872	4	15	879
3520	C	1	22	610	1	13	541
3521	C	2	20	839	2	17	824
3522	B	3	20	935	3	13	952
3523	C	4	20	22	4	1	105
3524	C	1	20	653	1	9	754
3525	C	2	20	262	2	17	377
3526	A	3	20	405	3	13	402
3527	C	4	20	740	4	1	667
3528	A	1	20	743	1	9	736
3529	A	2	20	29	2	17	26
3530	B	3	20	278	3	13	265
3531	A	4	20	429	4	1	426
3532	C	1	20	545	1	9	606
3533	A	2	20	14	2	17	9
3534	A	3	20	162	3	13	165
3535	A	4	20	407	4	1	400
3536	A	1	20	625	1	9	630
3537	D	2	20	408	2	17	103
3538	C	3	20	572	3	13	579
3539	B	4	20	961	4	1	990
3540	B	1	20	554	1	9	565
3541	D	2	18	733	2	9	802
3542	C	3	18	71	3	1	56
3543	D	4	18	294	4	11	217
3544	A	1	18	923	1	21	924
3545	C	2	18	997	2	9	922
3546	D	3	18	448	3	1	63
3547	C	4	18	587	4	11	564
3548	B	1	18	735	1	21	704
3549	A	2	18	345	2	9	350
3550	A	3	18	494	3	1	489
3551	D	4	18	151	4	11	360
3552	B	1	18	167	1	21	184
3553	A	2	18	808	2	9	815
3554	C	3	18	628	3	1	523
3555	A	4	18	467	4	11	468
3556	D	1	18	302	1	21	209
3557	C	2	18	773	2	9	890
3558	D	3	18	137	3	1	374
3559	A	4	18	108	4	11	107
3560	B	1	18	84	1	21	75
3561	A	2	16	984	2	11	991
3562	B	3	16	271	3	21	272
3563	C	4	16	111	4	3	16
3564	C	1	16	640	1	3	767
3565	C	2	16	79	2	11	48
3566	B	3	16	268	3	21	275
3567	A	4	16	322	4	3	325
3568	A	1	16	826	1	3	829
3569	C	2	16	1020	2	11	899
3570	D	3	16	124	3	21	387
3571	A	4	16	859	4	3	860
3572	A	1	16	523	1	3	524
3573	C	2	16	129	2	11	254
3574	D	3	16	566	3	21	969
3575	C	4	16	1023	4	3	896
3576	C	1	16	223	1	3	160
3577	B	2	16	88	2	11	71
3578	D	3	16	662	3	21	873
3579	C	4	16	269	4	3	370
3580	B	1	16	734	1	3	705
3581	A	2	14	51	2	13	52
3582	D	3	14	601	3	3	934
3583	C	4	14	970	4	17	949
3584	C	1	14	553	1	19	598
3585	D	2	14	310	2	13	201
3586	C	3	14	264	3	3	375
3587	A	4	14	677	4	17	674
3588	D	1	14	925	1	19	610
3589	B	2	14	693	2	13	682
3590	C	3	14	41	3	3	86
3591	A	4	14	753	4	17	758
3592	B	1	14	388	1	19	411
3593	C	2	14	235	2	13	148
3594	A	3	14	841	3	3	846
3595	A	4	14	741	4	17	738
3596	D	1	14	844	1	19	691
3597	A	2	14	954	2	13	957
3598	A	3	14	441	3	3	446
3599	C	4	14	180	4	17	203
3600	C	1	14	289	1	19	350
3601	D	2	12	692	2	5	843
3602	A	3	12	496	3	9	503
3603	C	4	12	750	4	21	657
3604	A	1	12	430	1	15	425
3605	A	2	12	657	2	5	662
3606	D	3	12	341	3	9	170
3607	B	4	12	493	4	21	498
3608	A	1	12	790	1	15	785
3609	D	2	12	701	2	5	834
3610	B	3	12	819	3	9	812
3611	C	4	12	630	4	21	521
3612	C	1	12	665	1	15	742
3613	C	2	12	546	2	5	605
3614	A	3	12	427	3	9	428
3615	D	4	12	656	4	21	879
3616	C	1	12	236	1	15	147
3617	A	2	12	92	2	5	91
3618	C	3	12	209	3	9	174
3619	B	4	12	105	4	21	118
3620	D	1	12	440	1	15	71
3621	D	2	10	796	2	1	739
3622	C	3	10	620	3	7	531
3623	B	4	10	886	4	23	873
3624	A	1	10	800	1	17	807
3625	B	2	10	960	2	1	991
3626	B	3	10	364	3	7	371
3627	B	4	10	127	4	23	96
3628	D	1	10	688	1	17	847
3629	B	2	10	746	2	1	757
3630	D	3	10	249	3	7	262
3631	B	4	10	613	4	23	634
3632	B	1	10	926	1	17	897
3633	A	2	10	454	2	1	449
3634	D	3	10	436	3	7	75
3635	C	4	10	1005	4	23	914
3636	C	1	10	650	1	17	757
3637	A	2	10	88	2	1	95
3638	C	3	10	664	3	7	743
3639	A	4	10	1007	4	23	1000
3640	D	1	10	351	1	17	160
3641	C	2	8	518	2	23	633
3642	C	3	8	351	3	15	288
3643	A	4	8	445	4	5	442
3644	D	1	8	245	1	1	266
3645	D	2	8	912	2	23	623
3646	A	3	8	788	3	15	787
3647	B	4	8	799	4	5	768
3648	B	1	8	502	1	1	489
3649	C	2	8	172	2	23	211
3650	C	3	8	33	3	15	94
3651	B	4	8	666	4	5	645
3652	D	1	8	74	1	1	437
3653	D	2	8	693	2	23	842
3654	D	3	8	586	3	15	949
3655	B	4	8	83	4	5	76
3656	C	1	8	878	1	1	785
3657	B	2	8	260	2	23	283
3658	C	3	8	822	3	15	841
3659	C	4	8	1	4	5	126
3660	C	1	8	945	1	1	974
Total producer execution time using time(2) = 14043.000000
Total consumer execution time using time(2) = 14530.000000
job ended at Mon Apr 6 18:04:04 EDT 2020
